Log file open, 08/16/14 23:09:34
LogInit:Display: Running engine for game: WhiteBoard
LogInit: Version: 4.4.0-2255576+++depot+UE4-Releases+4.4
LogInit: API Version: 2255576
LogInit: Compiled (64-bit): Aug 13 2014 22:39:32
LogInit: Build Configuration: Development
LogInit: Branch Name: ++depot+UE4-Releases+4.4
LogInit: Command line:  
LogInit: Base directory: C:/Program Files/Unreal Engine/4.4/Engine/Binaries/Win64/
LogInit: Rocket: 1
[2014.08.16-22.09.34:255][  0]LogTaskGraph: Started task graph with 3 named threads and 4 total threads.
[2014.08.16-22.09.34:279][  0]LogOnline:Warning: No default platform service specified for OnlineSubsystem
[2014.08.16-22.09.34:284][  0]LogInit: Presizing for 0 objects not considered by GC, pre-allocating 0 bytes.
[2014.08.16-22.09.34:290][  0]LogInit: Object subsystem initialized
[2014.08.16-22.09.34:291][  0]LogInit: Selected Device Profile: [Windows]
[2014.08.16-22.09.34:291][  0]LogInit: Applying CVar settings loaded from the selected device profile: [Windows]
[2014.08.16-22.09.34:294][  0]LogInit: Computer: CRAIG-DEV-PC
[2014.08.16-22.09.34:294][  0]LogInit: User: CraigDev
[2014.08.16-22.09.34:295][  0]LogInit: CPU Page size=4096, Cores=4
[2014.08.16-22.09.34:295][  0]LogInit: High frequency timer resolution =3.419960 MHz
[2014.08.16-22.09.34:295][  0]LogMemory: Memory total: Physical=7.9GB (8GB approx) Virtual=8192.0GB
[2014.08.16-22.09.34:295][  0]LogMemory: Platform Memory Stats for Windows
[2014.08.16-22.09.34:295][  0]LogMemory: Process Physical Memory: 60.85 MB used, 60.85 MB peak
[2014.08.16-22.09.34:295][  0]LogMemory: Process Virtual Memory: 36.92 MB used, 36.92 MB peak
[2014.08.16-22.09.34:295][  0]LogMemory: Physical Memory: 3797.78 MB used, 8137.07 MB total
[2014.08.16-22.09.34:295][  0]LogMemory: Virtual Memory: 248.25 MB used, 8388608.00 MB total
[2014.08.16-22.09.34:309][  0]LogD3D11RHI: Found D3D11 adapter 0: AMD Radeon HD 7800 Series (Feature Level 11_0)
[2014.08.16-22.09.34:309][  0]LogD3D11RHI: Adapter has 2030MB of dedicated video memory, 0MB of dedicated system memory, and 3812MB of shared system memory, 1 output[s]
[2014.08.16-22.09.34:309][  0]LogD3D11RHI: Chosen D3D11 Adapter Id = 0
[2014.08.16-22.09.34:312][  0]LogRHI: Texture pool is 1361 MB (70% of 1945 MB)
[2014.08.16-22.09.34:316][  0]LogD3D11RHI: Async texture creation disabled: no driver support
[2014.08.16-22.09.34:396][  0]LogContentStreaming: Texture pool size is 0.000000MB
[2014.08.16-22.09.35:496][  0]LogTargetPlatformManager:Display: Building Assets For Windows
[2014.08.16-22.09.35:763][  0]LogTargetPlatformManager:Display: Building Assets For Windows
[2014.08.16-22.09.35:787][  0]LogDerivedDataCache:Display: Max Cache Size: 512 MB
[2014.08.16-22.09.35:818][  0]LogDerivedDataCache: Loaded boot cache 0.03s 39MB C:/Users/Craig-Dev/AppData/Local/UnrealEngine/4.4/DerivedDataCache/Boot.ddc.
[2014.08.16-22.09.35:818][  0]LogDerivedDataCache:Display: Loaded Boot cache: C:/Users/Craig-Dev/AppData/Local/UnrealEngine/4.4/DerivedDataCache/Boot.ddc
[2014.08.16-22.09.35:819][  0]LogDerivedDataCache: FDerivedDataBackendGraph:  Pak pak cache file ../../../../../../Users/Craig-Dev/Documents/Unreal Projects/WhiteBoard/DerivedDataCache/DDC.ddp not found, will not use a pak cache.
[2014.08.16-22.09.35:819][  0]LogDerivedDataCache: Unable to find inner node Pak for hierarchical cache Hierarchy.
[2014.08.16-22.09.35:832][  0]LogDerivedDataCache:Display: Pak cache opened for reading ../../../Engine/DerivedDataCache/DDC.ddp.
[2014.08.16-22.09.35:843][  0]LogDerivedDataCache: Using Local data cache path C:/Users/Craig-Dev/AppData/Local/UnrealEngine/4.4/DerivedDataCache: Writable
[2014.08.16-22.09.35:952][  0]LogMeshUtilities: No automatic mesh reduction module available
[2014.08.16-22.09.35:952][  0]LogMeshUtilities: No automatic mesh merging module available
[2014.08.16-22.09.36:162][  0]LogInit: WinSock: version 1.1 (2.2), MaxSocks=32767, MaxUdp=65467
[2014.08.16-22.09.36:625][  0]LogStats:Warning: MetaData mismatch. Did you assign a stat to two groups? New //STATGROUP_Threads//FMonitoredProcess///Thread_1950_0///////STATCAT_Advanced//// old //STATGROUP_Threads//FMonitoredProcess///Thread_bdc_0///////STATCAT_Advanced////
[2014.08.16-22.09.36:625][  0]UdpMessaging: Initializing bridge on interface 0.0.0.0:0 to multicast group 230.0.0.1:6666.
[2014.08.16-22.09.36:705][  0]SourceControl: Info Source control is disabled
[2014.08.16-22.09.36:705][  0]SourceControl: Info Source control is disabled
[2014.08.16-22.09.36:708][  0]SourceControl: Info Source control is disabled
[2014.08.16-22.09.36:808][  0]BlueprintLog: New page: Editor Load
[2014.08.16-22.09.36:864][  0]LogObj: 21438 objects as part of root set at end of initial load.
[2014.08.16-22.09.36:864][  0]LogUObjectAllocator: 4218648 out of 0 bytes used by permanent object pool.
[2014.08.16-22.09.37:024][  0]LogEngine: Initializing Engine...
[2014.08.16-22.09.37:099][  0]LogInit: XAudio2 using 'DFX Speakers (DFX Audio Enhancer 11.1)' : 2 channels at 48 kHz using 24 bits per sample (channel mask 0x3)
[2014.08.16-22.09.37:102][  0]LogInit: FAudioDevice initialized.
[2014.08.16-22.09.37:111][  0]LogAIModule: Creating AISystem for world NewWorld
[2014.08.16-22.09.37:130][  0]LogDerivedDataCache: Saved boot cache 0.02s 39MB C:/Users/Craig-Dev/AppData/Local/UnrealEngine/4.4/DerivedDataCache/Boot.ddc.
[2014.08.16-22.09.37:132][  0]LogInit: Texture streaming: Enabled
[2014.08.16-22.09.37:148][  0]LogInit: Transaction tracking system initialized
[2014.08.16-22.09.37:210][  0]LogAssetRegistry: FAssetRegistry took 0.0095 seconds to start up
[2014.08.16-22.09.37:499][  0]LogTargetPlatformManager:Display: Building Assets For Windows
[2014.08.16-22.09.37:712][  0]LogTargetPlatformManager:Display: Building Assets For Windows
[2014.08.16-22.09.37:779][  0]LogConsoleResponse:Display: 
[2014.08.16-22.09.37:875][  0]LogStats:Warning: MetaData mismatch. Did you assign a stat to two groups? New //STATGROUP_Threads//FMonitoredProcess///Thread_b18_0///////STATCAT_Advanced//// old //STATGROUP_Threads//FMonitoredProcess///Thread_bdc_0///////STATCAT_Advanced////
[2014.08.16-22.09.37:875][  0]LogStats:Warning: MetaData mismatch. Did you assign a stat to two groups? New //STATGROUP_Threads//FMonitoredProcess///Thread_1128_0///////STATCAT_Advanced//// old //STATGROUP_Threads//FMonitoredProcess///Thread_bdc_0///////STATCAT_Advanced////
[2014.08.16-22.09.37:875][  0]SourceControl: Info Source control is disabled
[2014.08.16-22.09.37:875][  0]Cmd: MAP LOAD FILE="../../../../../../Users/Craig-Dev/Documents/Unreal Projects/WhiteBoard/Content/Maps/Example_Map.umap" TEMPLATE=0 SHOWPROGRESS=1
[2014.08.16-22.09.37:875][  0]LightingResults: New page: Lighting Build
[2014.08.16-22.09.37:880][  0]MapCheck: New page: Map Check
[2014.08.16-22.09.37:880][  0]LightingResults: New page: Lighting Build
[2014.08.16-22.09.37:890][  0]LogParticles: Destroying 0 GPU particle simulations for FXSystem 0x00000000118BD1C0
[2014.08.16-22.09.38:118][  0]LogEditorServer: Finished looking for orphan Actors (0.000 secs)
[2014.08.16-22.09.38:119][  0]LogAIModule: Creating AISystem for world Example_Map
[2014.08.16-22.09.38:119][  0]Cmd: MAP CHECKDEP
[2014.08.16-22.09.38:119][  0]MapCheck: New page: Example_Map - 17 Aug 2014 00:09:38
[2014.08.16-22.09.38:154][  0]MapCheck: Info ========== Map Check: 0 Error(s), 0 Warning(s), [35.079ms] ==========
[2014.08.16-22.09.38:154][  0]LogFileHelpers: Loading map 'Example_Map' took 0.279
[2014.08.16-22.09.38:228][  0]LogCollectionManager: Loaded 0 collections in 0.000678 seconds
[2014.08.16-22.09.38:284][  0]LogCrashTracker: Crashtracker disabled due to settings.
[2014.08.16-22.09.38:320][  0]LogLoad: Full Startup: 4.53 seconds (BP compile: 0.08 seconds)
[2014.08.16-22.09.38:335][  0]LogContentBrowser:Verbose: The content browser source was changed by the sources view to '/Game/Props/clock'
[2014.08.16-22.09.38:418][  0]LogRenderer:Warning: Reallocating scene render targets to support 32x32.
[2014.08.16-22.09.38:460][  0]LogRenderer:Warning: Reallocating scene render targets to support 1128x896.
[2014.08.16-22.09.38:637][  1]LogAssetRegistry: Asset discovery search completed in 1.4370 seconds
[2014.08.16-22.09.47:639][817]LogPlayLevel: PIE:  No blueprints needed recompiling
[2014.08.16-22.09.47:640][817]PIE: New page: PIE session: Example_Map (17 Aug 2014 00:09:47)
[2014.08.16-22.09.47:662][817]LogPlayLevel: PIE: StaticDuplicateObject took: (0.021500s)
[2014.08.16-22.09.47:662][817]LogPlayLevel: PIE: World Init took: (0.000553s)
[2014.08.16-22.09.47:662][817]LogPlayLevel: PIE: Created PIE world by copying editor world from /Game/Maps/Example_Map.Example_Map to /Game/Maps/UEDPIE_0_Example_Map.Example_Map (0.022678s)
[2014.08.16-22.09.47:870][817]BlueprintLog:Warning: Warning Blueprint MyProjectile has been migrated and requires re-saving to avoid import errors
[2014.08.16-22.09.47:870][817]BlueprintLog:Warning: Warning Blueprint MyCharacter has been migrated and requires re-saving to avoid import errors
[2014.08.16-22.09.47:870][817]BlueprintLog:Warning: Warning Blueprint MyGame has been migrated and requires re-saving to avoid import errors
[2014.08.16-22.09.47:871][817]LogWorld: Game class is 'MyGame_C'
[2014.08.16-22.09.47:872][817]LogAIModule: Creating AISystem for world Example_Map
[2014.08.16-22.09.47:874][817]LogWorld: Bringing World /Game/Maps/UEDPIE_0_Example_Map.Example_Map up for play (max tick rate 0) at 2014.08.16-23.09.47
[2014.08.16-22.09.47:874][817]LogWorld: Bringing up level for play took: 0.001919
[2014.08.16-22.09.47:876][817]PIE: Info Play in editor start time for /Game/Maps/UEDPIE_0_Example_Map -0.394
[2014.08.16-22.09.47:925][818]LogRenderer:Warning: Reallocating scene render targets to support 1128x904.
[2014.08.16-22.11.15:118][153]LogEditorViewport: Clicking on Actor (LMB): BP_WhiteBoard_C (BP_WhiteBoard)
[2014.08.16-22.11.15:118][153]LogSelection:Warning: PIE object was selected: "BP_WhiteBoard_C /Game/Maps/UEDPIE_0_Example_Map.Example_Map:PersistentLevel.BP_WhiteBoard_C_1"
[2014.08.16-22.11.31:413][835]LogParticles: Destroying 0 GPU particle simulations for FXSystem 0x000000000BEF76A0
[2014.08.16-22.11.32:163][877]LogEditorViewport: Clicking on Actor (LMB): BP_WhiteBoard_C (BP_WhiteBoard)
[2014.08.16-22.11.44:239][630]LogContentBrowser:Verbose: The content browser source was changed by the sources view to '/Game/WhiteBoard'
[2014.08.16-22.11.45:016][675]LogContentBrowser:Verbose: The content browser source was changed by the sources view to '/Game/Meshes'
[2014.08.16-22.11.45:462][708]LogContentBrowser:Verbose: The content browser source was changed by the sources view to '/Game/Props'
[2014.08.16-22.11.46:835][806]LogContentBrowser:Verbose: The content browser source was changed by the sources view to '/Game/WhiteBoard'
[2014.08.16-22.14.34:780][232]LogPlayLevel: PIE:  No blueprints needed recompiling
[2014.08.16-22.14.34:780][232]PIE: New page: PIE session: Example_Map (17 Aug 2014 00:14:34)
[2014.08.16-22.14.34:797][232]LogPlayLevel: PIE: StaticDuplicateObject took: (0.016893s)
[2014.08.16-22.14.34:798][232]LogPlayLevel: PIE: World Init took: (0.001466s)
[2014.08.16-22.14.34:798][232]LogPlayLevel: PIE: Created PIE world by copying editor world from /Game/Maps/Example_Map.Example_Map to /Game/Maps/UEDPIE_0_Example_Map.Example_Map (0.018556s)
[2014.08.16-22.14.34:845][232]LogWorld: Game class is 'MyGame_C'
[2014.08.16-22.14.34:847][232]LogAIModule: Creating AISystem for world Example_Map
[2014.08.16-22.14.34:848][232]LogWorld: Bringing World /Game/Maps/UEDPIE_0_Example_Map.Example_Map up for play (max tick rate 0) at 2014.08.16-23.14.34
[2014.08.16-22.14.34:849][232]LogWorld: Bringing up level for play took: 0.001918
[2014.08.16-22.14.34:850][232]PIE: Info Play in editor start time for /Game/Maps/UEDPIE_0_Example_Map 0.577
[2014.08.16-22.14.36:293][401]LogCharacterMovement: MyCharacter_C_1 is stuck and failed to move!
[2014.08.16-22.14.36:301][402]LogCharacterMovement: MyCharacter_C_1 is stuck and failed to move!
[2014.08.16-22.16.01:129][513]LogParticles: Destroying 0 GPU particle simulations for FXSystem 0x000000000D7C7380
[2014.08.16-22.16.10:297][ 39]LogRenderer:Warning: Reallocating scene render targets to support 1440x904.
[2014.08.16-22.17.31:082][525]BlueprintLog: New page: Compile BP_WhiteBoard
[2014.08.16-22.17.31:248][525]BlueprintEditorCompileResults: Info [0477.32] Compile of BP_WhiteBoard successful! [in 7 ms]
[2014.08.16-22.17.32:456][574]Cmd: OBJ SAVEPACKAGE PACKAGE="/Game/WhiteBoard/BP_WhiteBoard" FILE="../../../../../../Users/Craig-Dev/Documents/Unreal Projects/WhiteBoard/Content/WhiteBoard/BP_WhiteBoard.uasset" SILENT=true
[2014.08.16-22.17.32:806][574]LogSavePackage: Save=339.803375ms
[2014.08.16-22.17.32:806][574]LogSavePackage: Moving '../../../../../../Users/Craig-Dev/Documents/Unreal Projects/WhiteBoard/Saved/BP_WhiteBoardCD927831447C9BDCC01ADAA4CD2DD9A1.tmp' to '../../../../../../Users/Craig-Dev/Documents/Unreal Projects/WhiteBoard/Content/WhiteBoard/BP_WhiteBoard.uasset'
[2014.08.16-22.17.43:120][977]BlueprintLog: New page: Compile BP_WhiteBoard
[2014.08.16-22.17.43:262][977]BlueprintEditorCompileResults: Info [0489.36] Compile of BP_WhiteBoard successful! [in 8 ms]
[2014.08.16-22.18.10:145][344]LogSlate:Warning: GetFontFace failed to load or process 'Roboto-Regular'
[2014.08.16-22.18.10:145][344]LogSlate:Warning: GetFontFace failed to load or process 'Roboto-Regular'
[2014.08.16-22.18.10:147][344]LogSlate:Warning: GetFontFace failed to load or process 'Roboto-Regular'
[2014.08.16-22.18.10:147][344]LogSlate:Warning: GetFontFace failed to load or process 'Roboto-Regular'
[2014.08.16-22.18.10:147][344]LogSlate:Warning: GetFontFace failed to load or process 'Roboto-Regular'
[2014.08.16-22.18.10:148][344]LogSlate:Warning: GetFontFace failed to load or process 'Roboto-Regular'
[2014.08.16-22.18.10:148][344]LogSlate:Warning: GetFontFace failed to load or process 'Roboto-Regular'
[2014.08.16-22.18.10:148][344]LogSlate:Warning: GetFontFace failed to load or process 'Roboto-Regular'
[2014.08.16-22.18.10:148][344]LogSlate:Warning: GetFontFace failed to load or process 'Roboto-Regular'
[2014.08.16-22.18.10:148][344]LogSlate:Warning: GetFontFace failed to load or process 'Roboto-Regular'
[2014.08.16-22.18.10:148][344]LogSlate:Warning: GetFontFace failed to load or process 'Roboto-Regular'
[2014.08.16-22.18.10:148][344]LogSlate:Warning: GetFontFace failed to load or process 'Roboto-Regular'
[2014.08.16-22.18.10:148][344]LogSlate:Warning: GetFontFace failed to load or process 'Roboto-Regular'
[2014.08.16-22.18.10:148][344]LogSlate:Warning: GetFontFace failed to load or process 'Roboto-Regular'
[2014.08.16-22.18.10:148][344]LogSlate:Warning: GetFontFace failed to load or process 'Roboto-Regular'
[2014.08.16-22.18.10:148][344]LogSlate:Warning: GetFontFace failed to load or process 'Roboto-Regular'
[2014.08.16-22.18.10:148][344]LogSlate:Warning: GetFontFace failed to load or process 'Roboto-Regular'
[2014.08.16-22.18.10:148][344]LogSlate:Warning: GetFontFace failed to load or process 'Roboto-Regular'
[2014.08.16-22.18.10:148][344]LogSlate:Warning: GetFontFace failed to load or process 'Roboto-Regular'
[2014.08.16-22.18.10:148][344]LogSlate:Warning: GetFontFace failed to load or process 'Roboto-Regular'
[2014.08.16-22.18.10:148][344]LogSlate:Warning: GetFontFace failed to load or process 'Roboto-Regular'
[2014.08.16-22.18.10:148][344]LogSlate:Warning: GetFontFace failed to load or process 'Roboto-Regular'
[2014.08.16-22.18.10:148][344]LogSlate:Warning: GetFontFace failed to load or process 'Roboto-Regular'
[2014.08.16-22.18.10:148][344]LogSlate:Warning: GetFontFace failed to load or process 'Roboto-Regular'
[2014.08.16-22.18.10:148][344]LogSlate:Warning: GetFontFace failed to load or process 'Roboto-Regular'
[2014.08.16-22.18.10:149][344]LogSlate:Warning: GetFontFace failed to load or process 'Roboto-Regular'
[2014.08.16-22.18.23:918][128]LogSlate:Warning: GetFontFace failed to load or process 'Roboto-Regular'
[2014.08.16-22.18.23:919][128]LogSlate:Warning: GetFontFace failed to load or process 'Roboto-Regular'
[2014.08.16-22.18.23:919][128]LogSlate:Warning: GetFontFace failed to load or process 'Roboto-Regular'
[2014.08.16-22.18.32:334][585]LogUObjectGlobals:Warning: Failed to find object 'Object None.'
[2014.08.16-22.19.46:353][597]BlueprintLog: New page: Compile BP_WhiteBoard
[2014.08.16-22.19.46:505][597]BlueprintEditorCompileResults: Info [0612.60] Compile of BP_WhiteBoard successful! [in 8 ms]
[2014.08.16-22.19.47:198][613]Cmd: OBJ SAVEPACKAGE PACKAGE="/Game/WhiteBoard/BP_WhiteBoard" FILE="../../../../../../Users/Craig-Dev/Documents/Unreal Projects/WhiteBoard/Content/WhiteBoard/BP_WhiteBoard.uasset" SILENT=true
[2014.08.16-22.19.47:560][613]LogSavePackage: Save=345.221283ms
[2014.08.16-22.19.47:560][613]LogSavePackage: Moving '../../../../../../Users/Craig-Dev/Documents/Unreal Projects/WhiteBoard/Saved/BP_WhiteBoardB81B82A44B30CC33828CFC98487F38D7.tmp' to '../../../../../../Users/Craig-Dev/Documents/Unreal Projects/WhiteBoard/Content/WhiteBoard/BP_WhiteBoard.uasset'
[2014.08.16-22.19.49:185][703]LogPlayLevel: PIE:  No blueprints needed recompiling
[2014.08.16-22.19.49:185][703]PIE: New page: PIE session: Example_Map (17 Aug 2014 00:19:49)
[2014.08.16-22.19.49:201][703]LogPlayLevel: PIE: StaticDuplicateObject took: (0.015878s)
[2014.08.16-22.19.49:202][703]LogPlayLevel: PIE: World Init took: (0.000628s)
[2014.08.16-22.19.49:202][703]LogPlayLevel: PIE: Created PIE world by copying editor world from /Game/Maps/Example_Map.Example_Map to /Game/Maps/UEDPIE_0_Example_Map.Example_Map (0.016666s)
[2014.08.16-22.19.49:251][703]LogWorld: Game class is 'MyGame_C'
[2014.08.16-22.19.49:253][703]LogAIModule: Creating AISystem for world Example_Map
[2014.08.16-22.19.49:255][703]LogWorld: Bringing World /Game/Maps/UEDPIE_0_Example_Map.Example_Map up for play (max tick rate 0) at 2014.08.16-23.19.49
[2014.08.16-22.19.49:255][703]LogWorld: Bringing up level for play took: 0.002702
[2014.08.16-22.19.49:257][703]PIE: Info Play in editor start time for /Game/Maps/UEDPIE_0_Example_Map 0.981
[2014.08.16-22.19.55:114][346]LogParticles: Destroying 0 GPU particle simulations for FXSystem 0x000000000A63E200
[2014.08.16-22.20.00:238][606]BlueprintLog: New page: Compile BP_WhiteBoard
[2014.08.16-22.20.00:372][606]BlueprintEditorCompileResults: Info [0626.48] Compile of BP_WhiteBoard successful! [in 7 ms]
[2014.08.16-22.20.02:752][726]LogPlayLevel: PIE:  No blueprints needed recompiling
[2014.08.16-22.20.02:752][726]PIE: New page: PIE session: Example_Map (17 Aug 2014 00:20:02)
[2014.08.16-22.20.02:768][726]LogPlayLevel: PIE: StaticDuplicateObject took: (0.016445s)
[2014.08.16-22.20.02:769][726]LogPlayLevel: PIE: World Init took: (0.001016s)
[2014.08.16-22.20.02:769][726]LogPlayLevel: PIE: Created PIE world by copying editor world from /Game/Maps/Example_Map.Example_Map to /Game/Maps/UEDPIE_0_Example_Map.Example_Map (0.017611s)
[2014.08.16-22.20.02:817][726]LogWorld: Game class is 'MyGame_C'
[2014.08.16-22.20.02:818][726]LogAIModule: Creating AISystem for world Example_Map
[2014.08.16-22.20.02:820][726]LogWorld: Bringing World /Game/Maps/UEDPIE_0_Example_Map.Example_Map up for play (max tick rate 0) at 2014.08.16-23.20.02
[2014.08.16-22.20.02:820][726]LogWorld: Bringing up level for play took: 0.001954
[2014.08.16-22.20.02:822][726]PIE: Info Play in editor start time for /Game/Maps/UEDPIE_0_Example_Map 0.545
[2014.08.16-22.20.21:887][786]LogParticles: Destroying 0 GPU particle simulations for FXSystem 0x000000001B813920
[2014.08.16-22.20.25:477][967]LogSlate:Warning: GetFontFace failed to load or process 'Roboto-Regular'
[2014.08.16-22.20.25:477][967]LogSlate:Warning: GetFontFace failed to load or process 'Roboto-Regular'
[2014.08.16-22.20.25:477][967]LogSlate:Warning: GetFontFace failed to load or process 'Roboto-Regular'
[2014.08.16-22.20.34:811][464]LogSlate:Warning: GetFontFace failed to load or process 'Roboto-Regular'
[2014.08.16-22.21.01:244][866]LogSlate:Warning: GetFontFace failed to load or process 'Roboto-Regular'
[2014.08.16-22.21.18:551][781]BlueprintLog: New page: Compile BP_WhiteBoard
[2014.08.16-22.21.18:698][781]BlueprintEditorCompileResults: Info [0704.80] Compile of BP_WhiteBoard successful! [in 8 ms]
[2014.08.16-22.21.19:452][803]Cmd: OBJ SAVEPACKAGE PACKAGE="/Game/WhiteBoard/BP_WhiteBoard" FILE="../../../../../../Users/Craig-Dev/Documents/Unreal Projects/WhiteBoard/Content/WhiteBoard/BP_WhiteBoard.uasset" SILENT=true
[2014.08.16-22.21.19:831][803]LogSavePackage: Save=347.326569ms
[2014.08.16-22.21.19:831][803]LogSavePackage: Moving '../../../../../../Users/Craig-Dev/Documents/Unreal Projects/WhiteBoard/Saved/BP_WhiteBoardF1F5CDF84BAE8E584656A89031AB2B32.tmp' to '../../../../../../Users/Craig-Dev/Documents/Unreal Projects/WhiteBoard/Content/WhiteBoard/BP_WhiteBoard.uasset'
[2014.08.16-22.21.27:854][265]LogPlayLevel: PIE:  No blueprints needed recompiling
[2014.08.16-22.21.27:854][265]PIE: New page: PIE session: Example_Map (17 Aug 2014 00:21:27)
[2014.08.16-22.21.27:870][265]LogPlayLevel: PIE: StaticDuplicateObject took: (0.016128s)
[2014.08.16-22.21.27:871][265]LogPlayLevel: PIE: World Init took: (0.000739s)
[2014.08.16-22.21.27:871][265]LogPlayLevel: PIE: Created PIE world by copying editor world from /Game/Maps/Example_Map.Example_Map to /Game/Maps/UEDPIE_0_Example_Map.Example_Map (0.017024s)
[2014.08.16-22.21.27:918][265]LogWorld: Game class is 'MyGame_C'
[2014.08.16-22.21.27:920][265]LogAIModule: Creating AISystem for world Example_Map
[2014.08.16-22.21.27:922][265]LogWorld: Bringing World /Game/Maps/UEDPIE_0_Example_Map.Example_Map up for play (max tick rate 0) at 2014.08.16-23.21.27
[2014.08.16-22.21.27:922][265]LogWorld: Bringing up level for play took: 0.002125
[2014.08.16-22.21.27:923][265]PIE: Info Play in editor start time for /Game/Maps/UEDPIE_0_Example_Map -0.355
[2014.08.16-22.21.29:160][408]LogCharacterMovement: MyCharacter_C_4 is stuck and failed to move!
[2014.08.16-22.22.29:455][502]LogParticles: Destroying 0 GPU particle simulations for FXSystem 0x000000000AA527A0
[2014.08.16-22.22.30:854][580]LogSavePackage: Save=83.679634ms
[2014.08.16-22.22.30:854][580]LogSavePackage: Moving '../../../../../../Users/Craig-Dev/Documents/Unreal Projects/WhiteBoard/Saved/Example_Map698F74584B9C335FA2D406AD9FBE0201.tmp' to '../../../../../../Users/Craig-Dev/Documents/Unreal Projects/WhiteBoard/Content/Maps/Example_Map.umap'
[2014.08.16-22.22.33:488][709]Cmd: QUIT_EDITOR
[2014.08.16-22.22.33:588][709]LogWindowsTextInputMethodSystem:Error: Terminating failed while unadvising the language notification sink from the TSF source.
[2014.08.16-22.22.33:588][709]LogExit: Preparing to exit.
[2014.08.16-22.22.34:756][709]LogExit: Editor shut down
[2014.08.16-22.22.34:757][709]LogExit: Transaction tracking system shut down
[2014.08.16-22.22.34:757][709]LogParticles: Destroying 0 GPU particle simulations for FXSystem 0x00000000187F7A60
[2014.08.16-22.22.34:758][709]LogParticles: Destroying 0 GPU particle simulations for FXSystem 0x00000000123000E0
[2014.08.16-22.22.34:758][709]LogParticles: Destroying 0 GPU particle simulations for FXSystem 0x000000000C0FBBA0
[2014.08.16-22.22.34:758][709]LogParticles: Destroying 0 GPU particle simulations for FXSystem 0x000000000C5A6A20
[2014.08.16-22.22.34:775][709]LogExit: Object subsystem successfully closed.
[2014.08.16-22.22.34:797][709]LogModuleManager: Shutting down and abandoning module AndroidDeviceDetection (161)
[2014.08.16-22.22.35:094][709]LogModuleManager: Shutting down and abandoning module HTTP (160)
[2014.08.16-22.22.35:094][709]LogModuleManager: Shutting down and abandoning module CrashTracker (159)
[2014.08.16-22.22.35:094][709]LogModuleManager: Shutting down and abandoning module SuperSearch (158)
[2014.08.16-22.22.35:094][709]LogModuleManager: Shutting down and abandoning module SceneOutliner (157)
[2014.08.16-22.22.35:094][709]LogModuleManager: Shutting down and abandoning module EditorWidgets (156)
[2014.08.16-22.22.35:094][709]LogModuleManager: Shutting down and abandoning module CollectionManager (155)
[2014.08.16-22.22.35:094][709]LogModuleManager: Shutting down and abandoning module StatsViewer (154)
[2014.08.16-22.22.35:094][709]LogModuleManager: Shutting down and abandoning module FoliageEdit (153)
[2014.08.16-22.22.35:094][709]LogModuleManager: Shutting down and abandoning module LandscapeEditor (152)
[2014.08.16-22.22.35:094][709]LogModuleManager: Shutting down and abandoning module MeshPaint (151)
[2014.08.16-22.22.35:094][709]LogModuleManager: Shutting down and abandoning module ActorPickerMode (150)
[2014.08.16-22.22.35:094][709]LogModuleManager: Shutting down and abandoning module GeometryMode (149)
[2014.08.16-22.22.35:094][709]LogModuleManager: Shutting down and abandoning module TextureAlignMode (148)
[2014.08.16-22.22.35:094][709]LogModuleManager: Shutting down and abandoning module BspMode (147)
[2014.08.16-22.22.35:094][709]LogModuleManager: Shutting down and abandoning module PlacementMode (146)
[2014.08.16-22.22.35:094][709]LogModuleManager: Shutting down and abandoning module DesktopPlatform (145)
[2014.08.16-22.22.35:094][709]LogModuleManager: Shutting down and abandoning module AutomationWorker (144)
[2014.08.16-22.22.35:094][709]LogModuleManager: Shutting down and abandoning module EditorLiveStreaming (143)
[2014.08.16-22.22.35:094][709]LogModuleManager: Shutting down and abandoning module BehaviorTreeEditor (142)
[2014.08.16-22.22.35:094][709]LogModuleManager: Shutting down and abandoning module DeviceProfileEditor (141)
[2014.08.16-22.22.35:094][709]LogModuleManager: Shutting down and abandoning module UndoHistory (140)
[2014.08.16-22.22.35:094][709]LogModuleManager: Shutting down and abandoning module GameplayTagsEditor (139)
[2014.08.16-22.22.35:094][709]LogModuleManager: Shutting down and abandoning module UserFeedback (138)
[2014.08.16-22.22.35:094][709]LogModuleManager: Shutting down and abandoning module XmlParser (137)
[2014.08.16-22.22.35:094][709]LogModuleManager: Shutting down and abandoning module Blutility (136)
[2014.08.16-22.22.35:094][709]LogModuleManager: Shutting down and abandoning module IOSPlatformEditor (135)
[2014.08.16-22.22.35:094][709]LogModuleManager: Shutting down and abandoning module IOSRuntimeSettings (134)
[2014.08.16-22.22.35:094][709]LogModuleManager: Shutting down and abandoning module AndroidPlatformEditor (133)
[2014.08.16-22.22.35:094][709]LogModuleManager: Shutting down and abandoning module AndroidRuntimeSettings (132)
[2014.08.16-22.22.35:094][709]LogModuleManager: Shutting down and abandoning module ProjectTargetPlatformEditor (131)
[2014.08.16-22.22.35:094][709]LogModuleManager: Shutting down and abandoning module ProjectSettingsViewer (130)
[2014.08.16-22.22.35:094][709]LogModuleManager: Shutting down and abandoning module InputBindingEditor (129)
[2014.08.16-22.22.35:094][709]LogModuleManager: Shutting down and abandoning module EditorSettingsViewer (128)
[2014.08.16-22.22.35:094][709]LogModuleManager: Shutting down and abandoning module SettingsEditor (127)
[2014.08.16-22.22.35:094][709]LogModuleManager: Shutting down and abandoning module SessionLauncher (126)
[2014.08.16-22.22.35:094][709]LogModuleManager: Shutting down and abandoning module SessionFrontend (125)
[2014.08.16-22.22.35:094][709]LogModuleManager: Shutting down and abandoning module ProfilerClient (124)
[2014.08.16-22.22.35:094][709]LogModuleManager: Shutting down and abandoning module TargetDeviceServices (123)
[2014.08.16-22.22.35:094][709]LogModuleManager: Shutting down and abandoning module DeviceManager (122)
[2014.08.16-22.22.35:095][709]LogModuleManager: Shutting down and abandoning module AutomationController (121)
[2014.08.16-22.22.35:095][709]LogModuleManager: Shutting down and abandoning module AutomationWindow (120)
[2014.08.16-22.22.35:095][709]LogModuleManager: Shutting down and abandoning module Layers (119)
[2014.08.16-22.22.35:095][709]LogModuleManager: Shutting down and abandoning module ComponentVisualizers (118)
[2014.08.16-22.22.35:095][709]LogModuleManager: Shutting down and abandoning module DetailCustomizations (117)
[2014.08.16-22.22.35:095][709]LogModuleManager: Shutting down and abandoning module PackagesDialog (116)
[2014.08.16-22.22.35:095][709]LogModuleManager: Shutting down and abandoning module DirectoryWatcher (115)
[2014.08.16-22.22.35:095][709]LogModuleManager: Shutting down and abandoning module AssetRegistry (114)
[2014.08.16-22.22.35:196][709]LogModuleManager: Shutting down and abandoning module Persona (113)
[2014.08.16-22.22.35:196][709]LogModuleManager: Shutting down and abandoning module GraphEditor (112)
[2014.08.16-22.22.35:196][709]LogModuleManager: Shutting down and abandoning module ClassViewer (111)
[2014.08.16-22.22.35:196][709]LogModuleManager: Shutting down and abandoning module Toolbox (110)
[2014.08.16-22.22.35:196][709]LogModuleManager: Shutting down and abandoning module ModuleUI (109)
[2014.08.16-22.22.35:196][709]LogModuleManager: Shutting down and abandoning module Sequencer (108)
[2014.08.16-22.22.35:196][709]LogModuleManager: Shutting down and abandoning module MovieSceneTools (107)
[2014.08.16-22.22.35:196][709]LogModuleManager: Shutting down and abandoning module OutputLog (106)
[2014.08.16-22.22.35:196][709]LogModuleManager: Shutting down and abandoning module GammaUI (105)
[2014.08.16-22.22.35:196][709]LogModuleManager: Shutting down and abandoning module Documentation (104)
[2014.08.16-22.22.35:196][709]LogModuleManager: Shutting down and abandoning module GameLiveStreaming (103)
[2014.08.16-22.22.35:196][709]LogModuleManager: Shutting down and abandoning module StreamingPauseRendering (102)
[2014.08.16-22.22.35:196][709]LogModuleManager: Shutting down and abandoning module AnalyticsET (101)
[2014.08.16-22.22.35:196][709]LogModuleManager: Shutting down and abandoning module Analytics (100)
[2014.08.16-22.22.35:196][709]LogModuleManager: Shutting down and abandoning module GameplayDebugger (99)
[2014.08.16-22.22.35:196][709]LogModuleManager: Shutting down and abandoning module AIModule (98)
[2014.08.16-22.22.35:196][709]LogModuleManager: Shutting down and abandoning module ProfilerService (97)
[2014.08.16-22.22.35:420][709]LogModuleManager: Shutting down and abandoning module TaskGraph (96)
[2014.08.16-22.22.35:420][709]LogModuleManager: Shutting down and abandoning module SlateRemote (95)
[2014.08.16-22.22.35:420][709]LogModuleManager: Shutting down and abandoning module ScriptEditorPlugin (94)
[2014.08.16-22.22.35:420][709]LogModuleManager: Shutting down and abandoning module CustomMeshComponent (93)
[2014.08.16-22.22.35:420][709]LogModuleManager: Shutting down and abandoning module CableComponent (92)
[2014.08.16-22.22.35:420][709]LogModuleManager: Shutting down and abandoning module OculusRift (91)
[2014.08.16-22.22.35:420][709]LogModuleManager: Shutting down and abandoning module MessagingDebugger (90)
[2014.08.16-22.22.35:420][709]LogModuleManager: Shutting down and abandoning module ViewportSnapping (89)
[2014.08.16-22.22.35:420][709]LogModuleManager: Shutting down and abandoning module SmartSnapping (88)
[2014.08.16-22.22.35:420][709]LogModuleManager: Shutting down and abandoning module PaperTiledImporter (87)
[2014.08.16-22.22.35:420][709]LogModuleManager: Shutting down and abandoning module PaperJsonImporter (86)
[2014.08.16-22.22.35:420][709]LogModuleManager: Shutting down and abandoning module GameProjectGeneration (85)
[2014.08.16-22.22.35:420][709]LogModuleManager: Shutting down and abandoning module Matinee (84)
[2014.08.16-22.22.35:420][709]LogModuleManager: Shutting down and abandoning module Kismet (83)
[2014.08.16-22.22.35:420][709]LogModuleManager: Shutting down and abandoning module SlateReflector (82)
[2014.08.16-22.22.35:420][709]LogModuleManager: Shutting down and abandoning module LevelEditor (81)
[2014.08.16-22.22.35:421][709]LogModuleManager: Shutting down and abandoning module IntroTutorials (80)
[2014.08.16-22.22.35:421][709]LogModuleManager: Shutting down and abandoning module ContentBrowser (79)
[2014.08.16-22.22.35:421][709]LogModuleManager: Shutting down and abandoning module PropertyEditor (78)
[2014.08.16-22.22.35:421][709]LogModuleManager: Shutting down and abandoning module AssetTools (77)
[2014.08.16-22.22.35:421][709]LogModuleManager: Shutting down and abandoning module Paper2DEditor (76)
[2014.08.16-22.22.35:421][709]LogModuleManager: Shutting down and abandoning module SpeedTreeImporter (75)
[2014.08.16-22.22.35:421][709]LogModuleManager: Shutting down and abandoning module PluginsEditor (74)
[2014.08.16-22.22.35:421][709]LogModuleManager: Shutting down and abandoning module MainFrame (73)
[2014.08.16-22.22.35:421][709]LogModuleManager: Shutting down and abandoning module EpicSurvey (72)
[2014.08.16-22.22.35:421][709]LogModuleManager: Shutting down and abandoning module VisualStudioSourceCodeAccess (71)
[2014.08.16-22.22.35:421][709]LogModuleManager: Shutting down and abandoning module UObjectPlugin (70)
[2014.08.16-22.22.35:421][709]LogModuleManager: Shutting down and abandoning module SubversionSourceControl (69)
[2014.08.16-22.22.35:421][709]LogModuleManager: Shutting down and abandoning module SourceControl (68)
[2014.08.16-22.22.35:421][709]LogModuleManager: Shutting down and abandoning module PerforceSourceControl (67)
[2014.08.16-22.22.35:421][709]LogModuleManager: Shutting down and abandoning module BlankPlugin (66)
[2014.08.16-22.22.35:421][709]LogModuleManager: Shutting down and abandoning module ScriptPlugin (65)
[2014.08.16-22.22.35:421][709]LogModuleManager: Shutting down and abandoning module UdpMessaging (64)
[2014.08.16-22.22.35:521][709]LogModuleManager: Shutting down and abandoning module Paper2D (63)
[2014.08.16-22.22.35:521][709]LogModuleManager: Shutting down and abandoning module WindowsMoviePlayer (62)
[2014.08.16-22.22.35:524][709]LogModuleManager: Shutting down and abandoning module ImageWrapper (61)
[2014.08.16-22.22.35:524][709]LogModuleManager: Shutting down and abandoning module OnlineBlueprintSupport (60)
[2014.08.16-22.22.35:524][709]LogModuleManager: Shutting down and abandoning module FunctionalTesting (59)
[2014.08.16-22.22.35:524][709]LogModuleManager: Shutting down and abandoning module CollisionAnalyzer (58)
[2014.08.16-22.22.35:524][709]LogModuleManager: Shutting down and abandoning module WorkspaceMenuStructure (57)
[2014.08.16-22.22.35:524][709]LogModuleManager: Shutting down and abandoning module MessageLog (56)
[2014.08.16-22.22.35:524][709]LogModuleManager: Shutting down and abandoning module UMGEditor (55)
[2014.08.16-22.22.35:524][709]LogModuleManager: Shutting down and abandoning module UMG (54)
[2014.08.16-22.22.35:524][709]LogModuleManager: Shutting down and abandoning module Slate (53)
[2014.08.16-22.22.35:524][709]LogModuleManager: Shutting down and abandoning module EditorStyle (52)
[2014.08.16-22.22.35:525][709]LogModuleManager: Shutting down and abandoning module SessionServices (51)
[2014.08.16-22.22.35:525][709]LogModuleManager: Shutting down and abandoning module SourceCodeAccess (50)
[2014.08.16-22.22.35:525][709]LogModuleManager: Shutting down and abandoning module HeadMountedDisplay (49)
[2014.08.16-22.22.35:525][709]LogModuleManager: Shutting down and abandoning module XAudio2 (48)
[2014.08.16-22.22.35:525][709]LogModuleManager: Shutting down and abandoning module Networking (46)
[2014.08.16-22.22.35:525][709]LogModuleManager: Shutting down and abandoning module Core (45)
[2014.08.16-22.22.35:525][709]LogModuleManager: Shutting down and abandoning module KismetCompiler (44)
[2014.08.16-22.22.35:525][709]LogModuleManager: Shutting down and abandoning module PhysXFormats (43)
[2014.08.16-22.22.35:525][709]LogModuleManager: Shutting down and abandoning module MeshUtilities (42)
[2014.08.16-22.22.35:525][709]LogModuleManager: Shutting down and abandoning module DerivedDataCache (41)
[2014.08.16-22.22.35:572][709]LogDerivedDataCache: Shutdown
[2014.08.16-22.22.35:572][709]LogModuleManager: Shutting down and abandoning module ShaderFormatOpenGL (40)
[2014.08.16-22.22.35:572][709]LogModuleManager: Shutting down and abandoning module ShaderFormatD3D (39)
[2014.08.16-22.22.35:572][709]LogModuleManager: Shutting down and abandoning module MetalShaderFormat (38)
[2014.08.16-22.22.35:572][709]LogModuleManager: Shutting down and abandoning module TextureFormatUncompressed (37)
[2014.08.16-22.22.35:572][709]LogModuleManager: Shutting down and abandoning module TextureFormatPVR (36)
[2014.08.16-22.22.35:572][709]LogModuleManager: Shutting down and abandoning module TextureFormatDXT (35)
[2014.08.16-22.22.35:572][709]LogModuleManager: Shutting down and abandoning module TextureFormatAndroid (34)
[2014.08.16-22.22.35:572][709]LogModuleManager: Shutting down and abandoning module AudioFormatOpus (33)
[2014.08.16-22.22.35:572][709]LogModuleManager: Shutting down and abandoning module AudioFormatOgg (32)
[2014.08.16-22.22.35:572][709]LogModuleManager: Shutting down and abandoning module AudioFormatADPCM (31)
[2014.08.16-22.22.35:572][709]LogModuleManager: Shutting down and abandoning module Messaging (30)
[2014.08.16-22.22.35:572][709]LogModuleManager: Shutting down and abandoning module IOSTargetPlatform (29)
[2014.08.16-22.22.35:572][709]LogModuleManager: Shutting down and abandoning module Android_PVRTCTargetPlatform (28)
[2014.08.16-22.22.35:572][709]LogModuleManager: Shutting down and abandoning module Android_ETC2TargetPlatform (27)
[2014.08.16-22.22.35:572][709]LogModuleManager: Shutting down and abandoning module Android_ETC1TargetPlatform (26)
[2014.08.16-22.22.35:572][709]LogModuleManager: Shutting down and abandoning module Android_DXTTargetPlatform (25)
[2014.08.16-22.22.35:572][709]LogModuleManager: Shutting down and abandoning module Android_ATCTargetPlatform (24)
[2014.08.16-22.22.35:572][709]LogModuleManager: Shutting down and abandoning module AndroidTargetPlatform (23)
[2014.08.16-22.22.35:572][709]LogModuleManager: Shutting down and abandoning module WindowsTargetPlatform (22)
[2014.08.16-22.22.35:572][709]LogModuleManager: Shutting down and abandoning module WindowsServerTargetPlatform (21)
[2014.08.16-22.22.35:572][709]LogModuleManager: Shutting down and abandoning module WindowsNoEditorTargetPlatform (20)
[2014.08.16-22.22.35:572][709]LogModuleManager: Shutting down and abandoning module WindowsClientTargetPlatform (19)
[2014.08.16-22.22.35:572][709]LogModuleManager: Shutting down and abandoning module TargetPlatform (18)
[2014.08.16-22.22.35:572][709]LogModuleManager: Shutting down and abandoning module InputCore (17)
[2014.08.16-22.22.35:572][709]LogModuleManager: Shutting down and abandoning module Settings (16)
[2014.08.16-22.22.35:572][709]LogModuleManager: Shutting down and abandoning module ExampleDeviceProfileSelector (13)
[2014.08.16-22.22.35:572][709]LogModuleManager: Shutting down and abandoning module TextureCompressor (12)
[2014.08.16-22.22.35:572][709]LogModuleManager: Shutting down and abandoning module ShaderCore (11)
[2014.08.16-22.22.35:572][709]LogModuleManager: Shutting down and abandoning module OpenGLDrv (10)
[2014.08.16-22.22.35:572][709]LogModuleManager: Shutting down and abandoning module D3D11RHI (9)
[2014.08.16-22.22.35:572][709]LogModuleManager: Shutting down and abandoning module SlateRHIRenderer (8)
[2014.08.16-22.22.35:572][709]LogModuleManager: Shutting down and abandoning module Renderer (7)
[2014.08.16-22.22.35:572][709]LogModuleManager: Shutting down and abandoning module Engine (6)
[2014.08.16-22.22.35:572][709]LogModuleManager: Shutting down and abandoning module CoreUObject (5)
[2014.08.16-22.22.35:572][709]LogModuleManager: Shutting down and abandoning module NetworkFile (4)
[2014.08.16-22.22.35:572][709]LogModuleManager: Shutting down and abandoning module StreamingFile (3)
[2014.08.16-22.22.35:572][709]LogModuleManager: Shutting down and abandoning module SandboxFile (2)
[2014.08.16-22.22.35:572][709]LogModuleManager: Shutting down and abandoning module PakFile (1)
[2014.08.16-22.22.35:572][709]LogExit: Exiting.
[2014.08.16-22.22.35:574][709]Log file closed, 08/16/14 23:22:35
