Log file open, 08/17/14 12:58:57
LogInit:Display: Running engine for game: WhiteBoard
LogInit: Version: 4.4.0-2255576+++depot+UE4-Releases+4.4
LogInit: API Version: 2255576
LogInit: Compiled (64-bit): Aug 13 2014 22:39:32
LogInit: Build Configuration: Development
LogInit: Branch Name: ++depot+UE4-Releases+4.4
LogInit: Command line:  
LogInit: Base directory: C:/Program Files/Unreal Engine/4.4/Engine/Binaries/Win64/
LogInit: Rocket: 1
[2014.08.17-11.58.57:860][  0]LogTaskGraph: Started task graph with 3 named threads and 4 total threads.
[2014.08.17-11.58.57:884][  0]LogOnline:Warning: No default platform service specified for OnlineSubsystem
[2014.08.17-11.58.57:889][  0]LogInit: Presizing for 0 objects not considered by GC, pre-allocating 0 bytes.
[2014.08.17-11.58.57:894][  0]LogInit: Object subsystem initialized
[2014.08.17-11.58.57:895][  0]LogInit: Selected Device Profile: [Windows]
[2014.08.17-11.58.57:895][  0]LogInit: Applying CVar settings loaded from the selected device profile: [Windows]
[2014.08.17-11.58.57:924][  0]LogInit: Computer: CRAIG-DEV-PC
[2014.08.17-11.58.57:924][  0]LogInit: User: CraigDev
[2014.08.17-11.58.57:924][  0]LogInit: CPU Page size=4096, Cores=4
[2014.08.17-11.58.57:924][  0]LogInit: High frequency timer resolution =3.419970 MHz
[2014.08.17-11.58.57:925][  0]LogMemory: Memory total: Physical=7.9GB (8GB approx) Virtual=8192.0GB
[2014.08.17-11.58.57:925][  0]LogMemory: Platform Memory Stats for Windows
[2014.08.17-11.58.57:925][  0]LogMemory: Process Physical Memory: 60.77 MB used, 60.77 MB peak
[2014.08.17-11.58.57:925][  0]LogMemory: Process Virtual Memory: 36.89 MB used, 36.89 MB peak
[2014.08.17-11.58.57:925][  0]LogMemory: Physical Memory: 2214.18 MB used, 8137.07 MB total
[2014.08.17-11.58.57:925][  0]LogMemory: Virtual Memory: 248.25 MB used, 8388608.00 MB total
[2014.08.17-11.58.57:940][  0]LogD3D11RHI: Found D3D11 adapter 0: AMD Radeon HD 7800 Series (Feature Level 11_0)
[2014.08.17-11.58.57:940][  0]LogD3D11RHI: Adapter has 2030MB of dedicated video memory, 0MB of dedicated system memory, and 3812MB of shared system memory, 1 output[s]
[2014.08.17-11.58.57:940][  0]LogD3D11RHI: Chosen D3D11 Adapter Id = 0
[2014.08.17-11.58.57:942][  0]LogRHI: Texture pool is 1361 MB (70% of 1945 MB)
[2014.08.17-11.58.57:946][  0]LogD3D11RHI: Async texture creation disabled: no driver support
[2014.08.17-11.58.58:052][  0]LogContentStreaming: Texture pool size is 0.000000MB
[2014.08.17-11.59.00:515][  0]LogTargetPlatformManager:Display: Building Assets For Windows
[2014.08.17-11.59.00:820][  0]LogTargetPlatformManager:Display: Building Assets For Windows
[2014.08.17-11.59.00:844][  0]LogDerivedDataCache:Display: Max Cache Size: 512 MB
[2014.08.17-11.59.01:307][  0]LogDerivedDataCache: Loaded boot cache 0.46s 39MB C:/Users/Craig-Dev/AppData/Local/UnrealEngine/4.4/DerivedDataCache/Boot.ddc.
[2014.08.17-11.59.01:307][  0]LogDerivedDataCache:Display: Loaded Boot cache: C:/Users/Craig-Dev/AppData/Local/UnrealEngine/4.4/DerivedDataCache/Boot.ddc
[2014.08.17-11.59.01:307][  0]LogDerivedDataCache: FDerivedDataBackendGraph:  Pak pak cache file ../../../../../../Users/Craig-Dev/Documents/Unreal Projects/WhiteBoard/DerivedDataCache/DDC.ddp not found, will not use a pak cache.
[2014.08.17-11.59.01:307][  0]LogDerivedDataCache: Unable to find inner node Pak for hierarchical cache Hierarchy.
[2014.08.17-11.59.01:419][  0]LogDerivedDataCache:Display: Pak cache opened for reading ../../../Engine/DerivedDataCache/DDC.ddp.
[2014.08.17-11.59.01:430][  0]LogDerivedDataCache: Using Local data cache path C:/Users/Craig-Dev/AppData/Local/UnrealEngine/4.4/DerivedDataCache: Writable
[2014.08.17-11.59.01:539][  0]LogMeshUtilities: No automatic mesh reduction module available
[2014.08.17-11.59.01:539][  0]LogMeshUtilities: No automatic mesh merging module available
[2014.08.17-11.59.01:872][  0]LogInit: WinSock: version 1.1 (2.2), MaxSocks=32767, MaxUdp=65467
[2014.08.17-11.59.17:699][  0]LogStats:Warning: MetaData mismatch. Did you assign a stat to two groups? New //STATGROUP_Threads//FMonitoredProcess///Thread_ec8_0///////STATCAT_Advanced//// old //STATGROUP_Threads//FMonitoredProcess///Thread_de8_0///////STATCAT_Advanced////
[2014.08.17-11.59.17:699][  0]UdpMessaging: Initializing bridge on interface 0.0.0.0:0 to multicast group 230.0.0.1:6666.
[2014.08.17-11.59.17:779][  0]SourceControl: Info Source control is disabled
[2014.08.17-11.59.17:779][  0]SourceControl: Info Source control is disabled
[2014.08.17-11.59.17:782][  0]SourceControl: Info Source control is disabled
[2014.08.17-11.59.18:002][  0]BlueprintLog: New page: Editor Load
[2014.08.17-11.59.18:085][  0]LogObj: 21438 objects as part of root set at end of initial load.
[2014.08.17-11.59.18:085][  0]LogUObjectAllocator: 4218648 out of 0 bytes used by permanent object pool.
[2014.08.17-11.59.18:284][  0]LogEngine: Initializing Engine...
[2014.08.17-11.59.18:357][  0]LogInit: XAudio2 using 'Digital Audio (S/PDIF) (High Definition Audio Device)' : 2 channels at 48 kHz using 16 bits per sample (channel mask 0x3)
[2014.08.17-11.59.18:362][  0]LogInit: FAudioDevice initialized.
[2014.08.17-11.59.18:371][  0]LogAIModule: Creating AISystem for world NewWorld
[2014.08.17-11.59.18:389][  0]LogDerivedDataCache: Saved boot cache 0.02s 39MB C:/Users/Craig-Dev/AppData/Local/UnrealEngine/4.4/DerivedDataCache/Boot.ddc.
[2014.08.17-11.59.18:391][  0]LogInit: Texture streaming: Enabled
[2014.08.17-11.59.18:407][  0]LogInit: Transaction tracking system initialized
[2014.08.17-11.59.18:469][  0]LogAssetRegistry: FAssetRegistry took 0.0099 seconds to start up
[2014.08.17-11.59.18:756][  0]LogTargetPlatformManager:Display: Building Assets For Windows
[2014.08.17-11.59.18:980][  0]LogTargetPlatformManager:Display: Building Assets For Windows
[2014.08.17-11.59.19:046][  0]LogConsoleResponse:Display: 
[2014.08.17-11.59.20:008][  0]LogStats:Warning: MetaData mismatch. Did you assign a stat to two groups? New //STATGROUP_Threads//FMonitoredProcess///Thread_c98_0///////STATCAT_Advanced//// old //STATGROUP_Threads//FMonitoredProcess///Thread_de8_0///////STATCAT_Advanced////
[2014.08.17-11.59.20:008][  0]LogStats:Warning: MetaData mismatch. Did you assign a stat to two groups? New //STATGROUP_Threads//FMonitoredProcess///Thread_b50_0///////STATCAT_Advanced//// old //STATGROUP_Threads//FMonitoredProcess///Thread_de8_0///////STATCAT_Advanced////
[2014.08.17-11.59.20:008][  0]SourceControl: Info Source control is disabled
[2014.08.17-11.59.20:008][  0]Cmd: MAP LOAD FILE="../../../../../../Users/Craig-Dev/Documents/Unreal Projects/WhiteBoard/Content/Maps/Example_Map.umap" TEMPLATE=0 SHOWPROGRESS=1
[2014.08.17-11.59.20:026][  0]LightingResults: New page: Lighting Build
[2014.08.17-11.59.20:030][  0]MapCheck: New page: Map Check
[2014.08.17-11.59.20:030][  0]LightingResults: New page: Lighting Build
[2014.08.17-11.59.20:041][  0]LogParticles: Destroying 0 GPU particle simulations for FXSystem 0x00000000102B11C0
[2014.08.17-11.59.22:877][  0]LogEditorServer: Finished looking for orphan Actors (0.000 secs)
[2014.08.17-11.59.22:877][  0]LogAIModule: Creating AISystem for world Example_Map
[2014.08.17-11.59.22:877][  0]Cmd: MAP CHECKDEP
[2014.08.17-11.59.22:877][  0]MapCheck: New page: Example_Map - 17 Aug 2014 13:59:22
[2014.08.17-11.59.22:916][  0]MapCheck: Info ========== Map Check: 0 Error(s), 0 Warning(s), [38.778ms] ==========
[2014.08.17-11.59.22:916][  0]LogFileHelpers: Loading map 'Example_Map' took 2.908
[2014.08.17-11.59.23:020][  0]LogCollectionManager: Loaded 0 collections in 0.000617 seconds
[2014.08.17-11.59.23:107][  0]LogCrashTracker: Crashtracker disabled due to settings.
[2014.08.17-11.59.23:147][  0]LogLoad: Full Startup: 26.42 seconds (BP compile: 0.09 seconds)
[2014.08.17-11.59.23:162][  0]LogContentBrowser:Verbose: The content browser source was changed by the sources view to '/Game/CCTV_Cam'
[2014.08.17-11.59.23:511][  0]LogRenderer:Warning: Reallocating scene render targets to support 32x32.
[2014.08.17-11.59.23:592][  0]LogRenderer:Warning: Reallocating scene render targets to support 1128x872.
[2014.08.17-11.59.23:810][  1]LogAssetRegistry: Asset discovery search completed in 5.3515 seconds
[2014.08.17-12.00.00:314][148]AssetRegistry: New page: Content migration completed successfully!
[2014.08.17-12.00.00:315][148]AssetRegistry: Info /Game/CCTV_Cam/cctv_AO
[2014.08.17-12.00.00:315][148]AssetRegistry: Info /Game/CCTV_Cam/cctv_LED_Mask
[2014.08.17-12.00.00:315][148]AssetRegistry: Info /Game/CCTV_Cam/cctv_Nrm
[2014.08.17-12.00.00:315][148]AssetRegistry: Info /Game/CCTV_Cam/cctv_spec
[2014.08.17-12.00.00:315][148]AssetRegistry: Info /Game/CCTV_Cam/CCTV_Cam_Mat
[2014.08.17-12.00.00:315][148]AssetRegistry: Info /Game/CCTV_Cam/cctv_Base
[2014.08.17-12.00.00:315][148]AssetRegistry: Info /Game/CCTV_Cam/Glass
[2014.08.17-12.00.00:315][148]AssetRegistry: Info /Game/CCTV_Cam/cctv_Camera
[2014.08.17-12.00.00:315][148]AssetRegistry: Info /Game/CCTV_Cam/BP_cctv_Camera
[2014.08.17-12.00.08:776][691]LogMaterial: Missing cached shader map for material CCTV_Cam_Mat, compiling.
[2014.08.17-12.00.08:776][691]LogMaterial:Warning: Failed to compile Material /Game/CCTV_Cam/CCTV_Cam_Mat.CCTV_Cam_Mat for platform PCD3D_SM5, Default Material will be used in game.
[2014.08.17-12.00.08:776][691]LogMaterial:Warning: 	(Node TextureSample) TextureSample> Missing input texture
[2014.08.17-12.00.08:777][691]LogMaterial: Missing cached shader map for material CCTV_Cam_Mat, compiling.
[2014.08.17-12.00.08:777][691]LogMaterial:Warning: Failed to compile Material /Game/CCTV_Cam/CCTV_Cam_Mat.CCTV_Cam_Mat for platform PCD3D_SM5, Default Material will be used in game.
[2014.08.17-12.00.08:777][691]LogMaterial:Warning: 	(Node TextureSample) TextureSample> Missing input texture
[2014.08.17-12.00.08:778][691]LogMaterial: Missing cached shader map for material CCTV_Cam_Mat, compiling.
[2014.08.17-12.00.08:778][691]LogMaterial:Warning: Failed to compile Material /Game/CCTV_Cam/CCTV_Cam_Mat.CCTV_Cam_Mat for platform PCD3D_SM5, Default Material will be used in game.
[2014.08.17-12.00.08:778][691]LogMaterial:Warning: 	(Node TextureSample) TextureSample> Missing input texture
[2014.08.17-12.00.08:779][691]LogMaterial: Missing cached shader map for material CCTV_Cam_Mat, compiling.
[2014.08.17-12.00.08:779][691]LogMaterial:Warning: Failed to compile Material /Game/CCTV_Cam/CCTV_Cam_Mat.CCTV_Cam_Mat for platform PCD3D_SM5, Default Material will be used in game.
[2014.08.17-12.00.08:779][691]LogMaterial:Warning: 	(Node TextureSample) TextureSample> Missing input texture
[2014.08.17-12.00.08:834][691]LogObjectTools:Warning: ForceReplaceReferences replaced references for a transient object 'SKEL_BP_cctv_Camera_C' or package '/Game/CCTV_Cam/BP_cctv_Camera'.
[2014.08.17-12.00.09:305][691]LogContentBrowser:Verbose: The content browser source was changed by the sources view to 'None'
[2014.08.17-12.00.09:317][691]LogWindows:Error: appError called: Cast of NULL to Blueprint failed
[2014.08.17-12.00.09:317][691]LogWindows:Error: Windows GetLastError: The operation completed successfully. (0)
[2014.08.17-12.00.09:540][691]LogCrashTracker: 


[2014.08.17-12.00.15:983][691]LogCrashTracker: 


[2014.08.17-12.00.15:983][691]LogWindows: === Critical error: ===
Unhandled Exception: 0x00000001

[2014.08.17-12.00.15:984][691]LogWindows: Cast of NULL to Blueprint failed

Address = 0xfcfc940d (filename not found) [in C:\Windows\system32\KERNELBASE.dll]
Address = 0xdffc3a6c (filename not found) [in C:\Program Files\Unreal Engine\4.4\Engine\Binaries\Win64\UE4Editor-Core.dll]
Address = 0xdfe65b1a (filename not found) [in C:\Program Files\Unreal Engine\4.4\Engine\Binaries\Win64\UE4Editor-Core.dll]
Address = 0xdf64765b (filename not found) [in C:\Program Files\Unreal Engine\4.4\Engine\Binaries\Win64\UE4Editor-CoreUObject.dll]
Address = 0xd22f086e (filename not found) [in C:\Program Files\Unreal Engine\4.4\Engine\Binaries\Win64\UE4Editor-AssetTools.dll]
Address = 0xd23ae084 (filename not found) [in C:\Program Files\Unreal Engine\4.4\Engine\Binaries\Win64\UE4Editor-AssetTools.dll]
Address = 0xd20f25e6 (filename not found) [in C:\Program Files\Unreal Engine\4.4\Engine\Binaries\Win64\UE4Editor-ContentBrowser.dll]
Address = 0xd20955f1 (filename not found) [in C:\Program Files\Unreal Engine\4.4\Engine\Binaries\Win64\UE4Editor-ContentBrowser.dll]
Address = 0xd204e81e (filename not found) [in C:\Program Files\Unreal Engine\4.4\Engine\Binaries\Win64\UE4Editor-ContentBrowser.dll]
Address = 0xd207d199 (filename not found) [in C:\Program Files\Unreal Engine\4.4\Engine\Binaries\Win64\UE4Editor-ContentBrowser.dll]
Address = 0xd204cf4a (filename not found) [in C:\Program Files\Unreal Engine\4.4\Engine\Binaries\Win64\UE4Editor-ContentBrowser.dll]
Address = 0xd21273ca (filename not found) [in C:\Program Files\Unreal Engine\4.4\Engine\Binaries\Win64\UE4Editor-ContentBrowser.dll]
Address = 0xd20c0f90 (filename not found) [in C:\Program Files\Unreal Engine\4.4\Engine\Binaries\Win64\UE4Editor-ContentBrowser.dll]
Address = 0xd20ba7a1 (filename not found) [in C:\Program Files\Unreal Engine\4.4\Engine\Binaries\Win64\UE4Editor-ContentBrowser.dll]
Address = 0xd20d6837 (filename not found) [in C:\Program Files\Unreal Engine\4.4\Engine\Binaries\Win64\UE4Editor-ContentBrowser.dll]
Address = 0xd20da0d6 (filename not found) [in C:\Program Files\Unreal Engine\4.4\Engine\Binaries\Win64\UE4Editor-ContentBrowser.dll]
Address = 0xd214e425 (filename not found) [in C:\Program Files\Unreal Engine\4.4\Engine\Binaries\Win64\UE4Editor-ContentBrowser.dll]
Address = 0xdcb82806 (filename not found) [in C:\Program Files\Unreal Engine\4.4\Engine\Binaries\Win64\UE4Editor-Slate.dll]
Address = 0xdcec5022 (filename not found) [in C:\Program Files\Unreal Engine\4.4\Engine\Binaries\Win64\UE4Editor-SlateCore.dll]
Address = 0xdcec50b2 (filename not found) [in C:\Program Files\Unreal Engine\4.4\Engine\Binaries\Win64\UE4Editor-SlateCore.dll]
Address = 0xdcec50b2 (filename not found) [in C:\Program Files\Unreal Engine\4.4\Engine\Binaries\Win64\UE4Editor-SlateCore.dll]
Address = 0xdcec50b2 (filename not found) [in C:\Program Files\Unreal Engine\4.4\Engine\Binaries\Win64\UE4Editor-SlateCore.dll]
Address = 0xdcec50b2 (filename not found) [in C:\Program Files\Unreal Engine\4.4\Engine\Binaries\Win64\UE4Editor-SlateCore.dll]
Address = 0xdcec50b2 (filename not found) [in C:\Program Files\Unreal Engine\4.4\Engine\Binaries\Win64\UE4Editor-SlateCore.dll]
Address = 0xdcec50b2 (filename not found) [in C:\Program Files\Unreal Engine\4.4\Engine\Binaries\Win64\UE4Editor-SlateCore.dll]
Address = 0xdcec50b2 (filename not found) [in C:\Program Files\Unreal Engine\4.4\Engine\Binaries\Win64\UE4Editor-SlateCore.dll]
Address = 0xdcec50b2 (filename not found) [in C:\Program Files\Unreal Engine\4.4\Engine\Binaries\Win64\UE4Editor-SlateCore.dll]
Address = 0xdcec50b2 (filename not found) [in C:\Program Files\Unreal Engine\4.4\Engine\Binaries\Win64\UE4Editor-SlateCore.dll]
Address = 0xdcec50b2 (filename not found) [in C:\Program Files\Unreal Engine\4.4\Engine\Binaries\Win64\UE4Editor-SlateCore.dll]
Address = 0xdcec50b2 (filename not found) [in C:\Program Files\Unreal Engine\4.4\Engine\Binaries\Win64\UE4Editor-SlateCore.dll]
Address = 0xdcec50b2 (filename not found) [in C:\Program Files\Unreal Engine\4.4\Engine\Binaries\Win64\UE4Editor-SlateCore.dll]
Address = 0xdcec50b2 (filename not found) [in C:\Program Files\Unreal Engine\4.4\Engine\Binaries\Win64\UE4Editor-SlateCore.dll]
Address = 0xdcec50b2 (filename not found) [in C:\Program Files\Unreal Engine\4.4\Engine\Binaries\Win64\UE4Editor-SlateCore.dll]
Address = 0xdcec50b2 (filename not found) [in C:\Program Files\Unreal Engine\4.4\Engine\Binaries\Win64\UE4Editor-SlateCore.dll]
Address = 0xdcec50b2 (filename not found) [in C:\Program Files\Unreal Engine\4.4\Engine\Binaries\Win64\UE4Editor-SlateCore.dll]
Address = 0xdcec50b2 (filename not found) [in C:\Program Files\Unreal Engine\4.4\Engine\Binaries\Win64\UE4Editor-SlateCore.dll]
Address = 0xdcec50b2 (filename not found) [in C:\Program Files\Unreal Engine\4.4\Engine\Binaries\Win64\UE4Editor-SlateCore.dll]
Address = 0xdcec50b2 (filename not found) [in C:\Program Files\Unreal Engine\4.4\Engine\Binaries\Win64\UE4Editor-SlateCore.dll]
Address = 0xdcec50b2 (filename not found) [in C:\Program Files\Unreal Engine\4.4\Engine\Binaries\Win64\UE4Editor-SlateCore.dll]
Address = 0xdcec50b2 (filename not found) [in C:\Program Files\Unreal Engine\4.4\Engine\Binaries\Win64\UE4Editor-SlateCore.dll]
Address = 0xdcec50b2 (filename not found) [in C:\Program Files\Unreal Engine\4.4\Engine\Binaries\Win64\UE4Editor-SlateCore.dll]
Address = 0xdcec50b2 (filename not found) [in C:\Program Files\Unreal Engine\4.4\Engine\Binaries\Win64\UE4Editor-SlateCore.dll]
Address = 0xdcec50b2 (filename not found) [in C:\Program Files\Unreal Engine\4.4\Engine\Binaries\Win64\UE4Editor-SlateCore.dll]
Address = 0xdcec50b2 (filename not found) [in C:\Program Files\Unreal Engine\4.4\Engine\Binaries\Win64\UE4Editor-SlateCore.dll]
Address = 0xdcec50b2 (filename not found) [in C:\Program Files\Unreal Engine\4.4\Engine\Binaries\Win64\UE4Editor-SlateCore.dll]
Address = 0xdcec50b2 (filename not found) [in C:\Program Files\Unreal Engine\4.4\Engine\Binaries\Win64\UE4Editor-SlateCore.dll]
Address = 0xdcec50b2 (filename not found) [in C:\Program Files\Unreal Engine\4.4\Engine\Binaries\Win64\UE4Editor-SlateCore.dll]
Address = 0xdcec50b2 (filename not found) [in C:\Program Files\Unreal Engine\4.4\Engine\Binaries\Win64\UE4Editor-SlateCore.dll]
Address = 0xdcec50b2 (filename not found) [in C:\Program Files\Unreal Engine\4.4\Engine\Binaries\Win64\UE4Editor-SlateCore.dll]
Address = 0xdcec50b2 (filename not found) [in C:\Program Files\Unreal Engine\4.4\Engine\Binaries\Win64\UE4Editor-SlateCore.dll]
Address = 0xdcec50b2 (filename not found) [in C:\Program Files\Unreal Engine\4.4\Engine\Binaries\Win64\UE4Editor-SlateCore.dll]
Address = 0xdcec50b2 (filename not found) [in C:\Program Files\Unreal Engine\4.4\Engine\Binaries\Win64\UE4Editor-SlateCore.dll]
Address = 0xdcec50b2 (filename not found) [in C:\Program Files\Unreal Engine\4.4\Engine\Binaries\Win64\UE4Editor-SlateCore.dll]
Address = 0xdcec50b2 (filename not found) [in C:\Program Files\Unreal Engine\4.4\Engine\Binaries\Win64\UE4Editor-SlateCore.dll]
Address = 0xdcec50b2 (filename not found) [in C:\Program Files\Unreal Engine\4.4\Engine\Binaries\Win64\UE4Editor-SlateCore.dll]
Address = 0xdc8fc60d (filename not found) [in C:\Program Files\Unreal Engine\4.4\Engine\Binaries\Win64\UE4Editor-Slate.dll]
Address = 0xdc8fc039 (filename not found) [in C:\Program Files\Unreal Engine\4.4\Engine\Binaries\Win64\UE4Editor-Slate.dll]
FEngineLoop::Tick() 0x3f266bc5 + 0 bytes [File=d:\buildfarm\buildmachine_++depot+ue4-releases+4.4\engine\source\runtime\launch\private\launchengineloop.cpp:2115] [in C:\Program Files\Unreal Engine\4.4\Engine\Binaries\Win64\UE4Editor.exe]
GuardedMain() 0x3f25c47c + 0 bytes [File=d:\buildfarm\buildmachine_++depot+ue4-releases+4.4\engine\source\runtime\launch\private\launch.cpp:133] [in C:\Program Files\Unreal Engine\4.4\Engine\Binaries\Win64\UE4Editor.exe]
GuardedMainWrapper() 0x3f25c4ea + 5 bytes [File=d:\buildfarm\buildmachine_++depot+ue4-releases+4.4\engine\source\runtime\launch\private\windows\launchwindows.cpp:125] [in C:\Program Files\Unreal Engine\4.4\Engine\Binaries\Win64\UE4Editor.exe]
WinMain() 0x3f2681d9 + 17 bytes [File=d:\buildfarm\buildmachine_++depot+ue4-releases+4.4\engine\source\runtime\launch\private\windows\launchwindows.cpp:201] [in C:\Program Files\Unreal Engine\4.4\Engine\Binaries\Win64\UE4Editor.exe]
__tmainCRTStartup() 0x3f269009 + 21 bytes [File=f:\dd\vctools\crt\crtw32\dllstuff\crtexe.c:618] [in C:\Program Files\Unreal Engine\4.4\Engine\Binaries\Win64\UE4Editor.exe]
Address = 0x76cc59ed (filename not found) [in C:\Windows\system32\kernel32.dll]
Address = 0x76efc541 (filename not found) [in C:\Windows\SYSTEM32\ntdll.dll]
Address = 0x76efc541 (filename not found) [in C:\Windows\SYSTEM32\ntdll.dll]

[2014.08.17-12.00.16:059][691]LogExit: Executing StaticShutdownAfterError
[2014.08.17-12.00.16:103][691]LogWindows: FPlatformMisc::RequestExit(1)
[2014.08.17-12.00.16:103][691]Log file closed, 08/17/14 13:00:16
