Log file open, 08/16/14 01:47:31
LogInit:Display: Running engine for game: WhiteBoard
LogInit: Version: 4.4.0-2255576+++depot+UE4-Releases+4.4
LogInit: API Version: 2255576
LogInit: Compiled (64-bit): Aug 13 2014 22:39:32
LogInit: Build Configuration: Development
LogInit: Branch Name: ++depot+UE4-Releases+4.4
LogInit: Command line: 
LogInit: Base directory: C:/Program Files/Unreal Engine/4.4/Engine/Binaries/Win64/
LogInit: Rocket: 1
[2014.08.16-00.47.31:763][  0]LogTaskGraph: Started task graph with 3 named threads and 4 total threads.
[2014.08.16-00.47.31:788][  0]LogOnline:Warning: No default platform service specified for OnlineSubsystem
[2014.08.16-00.47.31:793][  0]LogInit: Presizing for 0 objects not considered by GC, pre-allocating 0 bytes.
[2014.08.16-00.47.31:798][  0]LogInit: Object subsystem initialized
[2014.08.16-00.47.31:800][  0]LogInit: Selected Device Profile: [Windows]
[2014.08.16-00.47.31:800][  0]LogInit: Applying CVar settings loaded from the selected device profile: [Windows]
[2014.08.16-00.47.31:802][  0]LogInit: Computer: CRAIG-DEV-PC
[2014.08.16-00.47.31:802][  0]LogInit: User: CraigDev
[2014.08.16-00.47.31:803][  0]LogInit: CPU Page size=4096, Cores=4
[2014.08.16-00.47.31:803][  0]LogInit: High frequency timer resolution =3.419980 MHz
[2014.08.16-00.47.31:803][  0]LogMemory: Memory total: Physical=7.9GB (8GB approx) Virtual=8192.0GB
[2014.08.16-00.47.31:803][  0]LogMemory: Platform Memory Stats for Windows
[2014.08.16-00.47.31:803][  0]LogMemory: Process Physical Memory: 60.80 MB used, 60.80 MB peak
[2014.08.16-00.47.31:803][  0]LogMemory: Process Virtual Memory: 36.88 MB used, 36.88 MB peak
[2014.08.16-00.47.31:803][  0]LogMemory: Physical Memory: 3509.54 MB used, 8137.07 MB total
[2014.08.16-00.47.31:803][  0]LogMemory: Virtual Memory: 248.25 MB used, 8388608.00 MB total
[2014.08.16-00.47.31:817][  0]LogD3D11RHI: Found D3D11 adapter 0: AMD Radeon HD 7800 Series (Feature Level 11_0)
[2014.08.16-00.47.31:817][  0]LogD3D11RHI: Adapter has 2030MB of dedicated video memory, 0MB of dedicated system memory, and 3812MB of shared system memory, 1 output[s]
[2014.08.16-00.47.31:817][  0]LogD3D11RHI: Chosen D3D11 Adapter Id = 0
[2014.08.16-00.47.31:820][  0]LogRHI: Texture pool is 1361 MB (70% of 1945 MB)
[2014.08.16-00.47.31:823][  0]LogD3D11RHI: Async texture creation disabled: no driver support
[2014.08.16-00.47.31:899][  0]LogContentStreaming: Texture pool size is 0.000000MB
[2014.08.16-00.47.32:927][  0]LogTargetPlatformManager:Display: Building Assets For Windows
[2014.08.16-00.47.33:184][  0]LogTargetPlatformManager:Display: Building Assets For Windows
[2014.08.16-00.47.33:208][  0]LogDerivedDataCache:Display: Max Cache Size: 512 MB
[2014.08.16-00.47.33:239][  0]LogDerivedDataCache: Loaded boot cache 0.03s 39MB C:/Users/Craig-Dev/AppData/Local/UnrealEngine/4.4/DerivedDataCache/Boot.ddc.
[2014.08.16-00.47.33:239][  0]LogDerivedDataCache:Display: Loaded Boot cache: C:/Users/Craig-Dev/AppData/Local/UnrealEngine/4.4/DerivedDataCache/Boot.ddc
[2014.08.16-00.47.33:239][  0]LogDerivedDataCache: FDerivedDataBackendGraph:  Pak pak cache file ../../../../../../Users/Craig-Dev/Documents/Unreal Projects/WhiteBoard/DerivedDataCache/DDC.ddp not found, will not use a pak cache.
[2014.08.16-00.47.33:239][  0]LogDerivedDataCache: Unable to find inner node Pak for hierarchical cache Hierarchy.
[2014.08.16-00.47.33:251][  0]LogDerivedDataCache:Display: Pak cache opened for reading ../../../Engine/DerivedDataCache/DDC.ddp.
[2014.08.16-00.47.33:262][  0]LogDerivedDataCache: Using Local data cache path C:/Users/Craig-Dev/AppData/Local/UnrealEngine/4.4/DerivedDataCache: Writable
[2014.08.16-00.47.33:369][  0]LogMeshUtilities: No automatic mesh reduction module available
[2014.08.16-00.47.33:369][  0]LogMeshUtilities: No automatic mesh merging module available
[2014.08.16-00.47.33:574][  0]LogInit: WinSock: version 1.1 (2.2), MaxSocks=32767, MaxUdp=65467
[2014.08.16-00.47.34:022][  0]LogStats:Warning: MetaData mismatch. Did you assign a stat to two groups? New //STATGROUP_Threads//FMonitoredProcess///Thread_b24_0///////STATCAT_Advanced//// old //STATGROUP_Threads//FMonitoredProcess///Thread_13c0_0///////STATCAT_Advanced////
[2014.08.16-00.47.34:022][  0]UdpMessaging: Initializing bridge on interface 0.0.0.0:0 to multicast group 230.0.0.1:6666.
[2014.08.16-00.47.34:111][  0]SourceControl: Info Source control is disabled
[2014.08.16-00.47.34:111][  0]SourceControl: Info Source control is disabled
[2014.08.16-00.47.34:115][  0]SourceControl: Info Source control is disabled
[2014.08.16-00.47.34:215][  0]BlueprintLog: New page: Editor Load
[2014.08.16-00.47.34:270][  0]LogObj: 21438 objects as part of root set at end of initial load.
[2014.08.16-00.47.34:270][  0]LogUObjectAllocator: 4218648 out of 0 bytes used by permanent object pool.
[2014.08.16-00.47.34:426][  0]LogEngine: Initializing Engine...
[2014.08.16-00.47.34:497][  0]LogInit: XAudio2 using 'Digital Audio (S/PDIF) (High Definition Audio Device)' : 2 channels at 48 kHz using 16 bits per sample (channel mask 0x3)
[2014.08.16-00.47.34:511][  0]LogInit: FAudioDevice initialized.
[2014.08.16-00.47.34:520][  0]LogAIModule: Creating AISystem for world NewWorld
[2014.08.16-00.47.34:537][  0]LogDerivedDataCache: Saved boot cache 0.02s 39MB C:/Users/Craig-Dev/AppData/Local/UnrealEngine/4.4/DerivedDataCache/Boot.ddc.
[2014.08.16-00.47.34:539][  0]LogInit: Texture streaming: Enabled
[2014.08.16-00.47.34:555][  0]LogInit: Transaction tracking system initialized
[2014.08.16-00.47.34:617][  0]LogAssetRegistry: FAssetRegistry took 0.0093 seconds to start up
[2014.08.16-00.47.34:895][  0]LogTargetPlatformManager:Display: Building Assets For Windows
[2014.08.16-00.47.35:108][  0]LogTargetPlatformManager:Display: Building Assets For Windows
[2014.08.16-00.47.35:176][  0]LogConsoleResponse:Display: 
[2014.08.16-00.47.35:271][  0]LogStats:Warning: MetaData mismatch. Did you assign a stat to two groups? New //STATGROUP_Threads//FMonitoredProcess///Thread_14b4_0///////STATCAT_Advanced//// old //STATGROUP_Threads//FMonitoredProcess///Thread_13c0_0///////STATCAT_Advanced////
[2014.08.16-00.47.35:271][  0]LogStats:Warning: MetaData mismatch. Did you assign a stat to two groups? New //STATGROUP_Threads//FMonitoredProcess///Thread_144c_0///////STATCAT_Advanced//// old //STATGROUP_Threads//FMonitoredProcess///Thread_13c0_0///////STATCAT_Advanced////
[2014.08.16-00.47.35:271][  0]SourceControl: Info Source control is disabled
[2014.08.16-00.47.45:358][  0]Cmd: MAP LOAD FILE="../../../../../../Users/Craig-Dev/Documents/Unreal Projects/WhiteBoard/Content/Maps/Example_Map.umap" TEMPLATE=0 SHOWPROGRESS=1
[2014.08.16-00.47.45:359][  0]LightingResults: New page: Lighting Build
[2014.08.16-00.47.45:363][  0]MapCheck: New page: Map Check
[2014.08.16-00.47.45:363][  0]LightingResults: New page: Lighting Build
[2014.08.16-00.47.45:374][  0]LogParticles: Destroying 0 GPU particle simulations for FXSystem 0x0000000011F4D1C0
[2014.08.16-00.47.45:488][  0]LogLinker:Warning: Can't find file '/Game/WhiteBoard/pendecal'
[2014.08.16-00.47.45:488][  0]LogLinker:Warning: Can't find file for asset '/Game/WhiteBoard/pendecal' while loading ../../../../../../Users/Craig-Dev/Documents/Unreal Projects/WhiteBoard/Content/WhiteBoard/Pen_Black.uasset.
[2014.08.16-00.47.45:488][  0]LoadErrors:Error: Error /Game/WhiteBoard/Pen_Black : Can't find file for asset. /Game/WhiteBoard/pendecal
[2014.08.16-00.47.45:488][  0]LogLinker:Warning: Can't find file '/Game/WhiteBoard/pendecalMask'
[2014.08.16-00.47.45:488][  0]LogLinker:Warning: Can't find file for asset '/Game/WhiteBoard/pendecalMask' while loading ../../../../../../Users/Craig-Dev/Documents/Unreal Projects/WhiteBoard/Content/WhiteBoard/Pen_Black.uasset.
[2014.08.16-00.47.45:488][  0]LoadErrors:Error: Error /Game/WhiteBoard/Pen_Black : Can't find file for asset. /Game/WhiteBoard/pendecalMask
[2014.08.16-00.47.45:488][  0]LogLinker:Warning: Can't find file '/Game/WhiteBoard/pendecal'
[2014.08.16-00.47.45:489][  0]LogLinker:Warning: Can't find file for asset '/Game/WhiteBoard/pendecal' while loading ../../../../../../Users/Craig-Dev/Documents/Unreal Projects/WhiteBoard/Content/WhiteBoard/Pen_Black.uasset.
[2014.08.16-00.47.45:489][  0]LoadErrors:Error: Error /Game/WhiteBoard/Pen_Black : Can't find file for asset. /Game/WhiteBoard/pendecal
[2014.08.16-00.47.45:489][  0]LogLinker:Warning: Can't find file '/Game/WhiteBoard/pendecalMask'
[2014.08.16-00.47.45:489][  0]LogLinker:Warning: Can't find file for asset '/Game/WhiteBoard/pendecalMask' while loading ../../../../../../Users/Craig-Dev/Documents/Unreal Projects/WhiteBoard/Content/WhiteBoard/Pen_Black.uasset.
[2014.08.16-00.47.45:489][  0]LoadErrors:Error: Error /Game/WhiteBoard/Pen_Black : Can't find file for asset. /Game/WhiteBoard/pendecalMask
[2014.08.16-00.47.45:528][  0]LogLinker:Warning: Can't find file '/Game/WhiteBoard/pendecal'
[2014.08.16-00.47.45:528][  0]LoadErrors: Info Failed to load /Game/WhiteBoard/pendecal.pendecal Referenced by MaterialExpressionTextureSample_7 Property /Script/Engine.MaterialExpressionTextureBase:Texture
[2014.08.16-00.47.45:529][  0]LogLinker:Warning: Can't find file for asset '/Game/WhiteBoard/pendecal' while loading NULL.
[2014.08.16-00.47.45:529][  0]LoadErrors: Info Failed to load /Game/WhiteBoard/pendecal.pendecal Referenced by MaterialExpressionTextureSample_7 Property /Script/Engine.MaterialExpressionTextureBase:Texture
[2014.08.16-00.47.45:529][  0]LogLinker:Warning: Can't find file '/Game/WhiteBoard/pendecalMask'
[2014.08.16-00.47.45:529][  0]LoadErrors: Info Failed to load /Game/WhiteBoard/pendecalMask.pendecalMask Referenced by MaterialExpressionTextureSample_8 Property /Script/Engine.MaterialExpressionTextureBase:Texture
[2014.08.16-00.47.45:529][  0]LogLinker:Warning: Can't find file for asset '/Game/WhiteBoard/pendecalMask' while loading NULL.
[2014.08.16-00.47.45:529][  0]LoadErrors: Info Failed to load /Game/WhiteBoard/pendecalMask.pendecalMask Referenced by MaterialExpressionTextureSample_8 Property /Script/Engine.MaterialExpressionTextureBase:Texture
[2014.08.16-00.47.45:537][  0]LogMaterial: Missing cached shader map for material Pen_Black, compiling.
[2014.08.16-00.47.45:537][  0]LogMaterial:Warning: Failed to compile Material /Game/WhiteBoard/Pen_Black.Pen_Black for platform PCD3D_SM5, Default Material will be used in game.
[2014.08.16-00.47.45:537][  0]LogMaterial:Warning: 	(Node TextureSample) TextureSample> Missing input texture
[2014.08.16-00.47.45:554][  0]LogEditorServer: Finished looking for orphan Actors (0.000 secs)
[2014.08.16-00.47.45:554][  0]LogAIModule: Creating AISystem for world Example_Map
[2014.08.16-00.47.45:554][  0]Cmd: MAP CHECKDEP
[2014.08.16-00.47.45:554][  0]MapCheck: New page: Example_Map - 16 Aug 2014 02:47:45
[2014.08.16-00.47.45:588][  0]MapCheck: Info ========== Map Check: 0 Error(s), 0 Warning(s), [33.588ms] ==========
[2014.08.16-00.47.45:588][  0]LogFileHelpers: Loading map 'Example_Map' took 0.229
[2014.08.16-00.47.45:619][  0]LogStats:Warning: MetaData mismatch. Did you assign a stat to two groups? New //STATGROUP_Threads//SplashScreenThread///Thread_179c_0///////STATCAT_Advanced//// old //STATGROUP_Threads//SplashScreenThread///Thread_13dc_0///////STATCAT_Advanced////
[2014.08.16-00.47.45:619][  0]LogCollectionManager: Loaded 0 collections in 0.000641 seconds
[2014.08.16-00.47.45:665][  0]LogCrashTracker: Crashtracker disabled due to settings.
[2014.08.16-00.47.45:696][  0]LogLoad: Full Startup: 14.38 seconds (BP compile: 0.06 seconds)
[2014.08.16-00.47.45:797][  0]LogRenderer:Warning: Reallocating scene render targets to support 32x32.
[2014.08.16-00.47.45:835][  0]LogRenderer:Warning: Reallocating scene render targets to support 1136x896.
[2014.08.16-00.47.45:999][  1]LogAssetRegistry: Asset discovery search completed in 11.3920 seconds
[2014.08.16-00.47.51:657][496]LogPlayLevel: PIE:  No blueprints needed recompiling
[2014.08.16-00.47.51:658][496]PIE: New page: PIE session: Example_Map (16 Aug 2014 02:47:51)
[2014.08.16-00.47.51:678][496]LogPlayLevel: PIE: StaticDuplicateObject took: (0.019841s)
[2014.08.16-00.47.51:679][496]LogPlayLevel: PIE: World Init took: (0.000564s)
[2014.08.16-00.47.51:679][496]LogPlayLevel: PIE: Created PIE world by copying editor world from /Game/Maps/Example_Map.Example_Map to /Game/Maps/UEDPIE_0_Example_Map.Example_Map (0.021103s)
[2014.08.16-00.47.51:889][496]BlueprintLog:Warning: Warning Blueprint MyProjectile has been migrated and requires re-saving to avoid import errors
[2014.08.16-00.47.51:889][496]BlueprintLog:Warning: Warning Blueprint MyCharacter has been migrated and requires re-saving to avoid import errors
[2014.08.16-00.47.51:890][496]BlueprintLog:Warning: Warning Blueprint MyHUD has been migrated and requires re-saving to avoid import errors
[2014.08.16-00.47.51:890][496]BlueprintLog:Warning: Warning Blueprint MyGame has been migrated and requires re-saving to avoid import errors
[2014.08.16-00.47.51:890][496]LogWorld: Game class is 'MyGame_C'
[2014.08.16-00.47.51:891][496]LogAIModule: Creating AISystem for world Example_Map
[2014.08.16-00.47.51:893][496]LogWorld: Bringing World /Game/Maps/UEDPIE_0_Example_Map.Example_Map up for play (max tick rate 0) at 2014.08.16-01.47.51
[2014.08.16-00.47.51:893][496]LogWorld: Bringing up level for play took: 0.002140
[2014.08.16-00.47.51:895][496]PIE: Info Play in editor start time for /Game/Maps/UEDPIE_0_Example_Map 0.296
[2014.08.16-00.47.51:945][497]LogRenderer:Warning: Reallocating scene render targets to support 1136x904.
[2014.08.16-00.48.03:218][687]LogParticles: Destroying 0 GPU particle simulations for FXSystem 0x000000001975DC60
[2014.08.16-00.48.05:626][904]LogContentBrowser:Verbose: The content browser source was changed by the sources view to '/Game/WhiteBoard'
[2014.08.16-00.48.08:167][ 17]LogMaterial: Missing cached shader map for material PreviewMaterial_0, compiling.
[2014.08.16-00.48.08:167][ 17]LogMaterial:Warning: Failed to compile Material /Engine/Transient.PreviewMaterial_0 for platform PCD3D_SM5, Default Material will be used in game.
[2014.08.16-00.48.08:167][ 17]LogMaterial:Warning: 	(Node TextureSample) TextureSample> Missing input texture
[2014.08.16-00.48.08:171][ 17]LogActorComponent: UnregisterComponent: (/Engine/Transient.SkeletalMeshComponent_0) Not registered. Aborting.
[2014.08.16-00.48.08:198][ 17]LogActorComponent: UnregisterComponent: (/Engine/Transient.SkeletalMeshComponent_0) Not registered. Aborting.
[2014.08.16-00.48.08:198][ 17]LogActorComponent: RegisterComponentWithWorld: (/Engine/Transient.MaterialEditorMeshComponent_0) Already registered. Aborting.
[2014.08.16-00.48.08:198][ 17]LogActorComponent: UnregisterComponent: (/Engine/Transient.SkeletalMeshComponent_0) Not registered. Aborting.
[2014.08.16-00.48.08:198][ 17]LogActorComponent: RegisterComponentWithWorld: (/Engine/Transient.MaterialEditorMeshComponent_0) Already registered. Aborting.
[2014.08.16-00.48.08:199][ 17]LogMaterial: Missing cached shader map for material PreviewMaterial_0, compiling.
[2014.08.16-00.48.08:199][ 17]LogMaterial:Warning: Failed to compile Material /Engine/Transient.PreviewMaterial_0 for platform PCD3D_SM5, Default Material will be used in game.
[2014.08.16-00.48.08:199][ 17]LogMaterial:Warning: 	(Node TextureSample) TextureSample> Missing input texture
[2014.08.16-00.48.08:224][ 17]LogMaterial: Missing cached shader map for material FMatExpressionPreview MaterialExpressionTextureSample_7, compiling.
[2014.08.16-00.48.08:224][ 17]LogMaterial: Missing cached shader map for material FMatExpressionPreview MaterialExpressionTextureSample_8, compiling.
[2014.08.16-00.48.08:226][ 17]MaterialEditorStats:Error: Error [SM5] (Node TextureSample) TextureSample> Missing input texture
[2014.08.16-00.48.17:019][402]LogFactory: FactoryCreateBinary: Texture with TextureFactory (0 0 ../../../../../../Users/Craig-Dev/Desktop/pendecal.tga)
[2014.08.16-00.48.17:019][402]0.000007 seconds to analyze Texture2D /Game/WhiteBoard/pendecal.pendecal

[2014.08.16-00.48.17:028][402]LogTexture:Display: Building textures: pendecal (AutoDXT)
[2014.08.16-00.48.17:032][402]LogContentBrowser:Verbose: The content browser source was changed by the sources view to 'None'
[2014.08.16-00.48.17:032][402]LogContentBrowser:Verbose: The content browser source was changed by the sources view to '/Game/WhiteBoard'
[2014.08.16-00.48.19:193][556]LogMaterial: Missing cached shader map for material PreviewMaterial_0, compiling.
[2014.08.16-00.48.19:193][556]LogMaterial:Warning: Failed to compile Material /Engine/Transient.PreviewMaterial_0 for platform PCD3D_SM5, Default Material will be used in game.
[2014.08.16-00.48.19:193][556]LogMaterial:Warning: 	(Node TextureSample) TextureSample> Missing input texture
[2014.08.16-00.48.19:194][556]LogMaterial: Missing cached shader map for material FMatExpressionPreview MaterialExpressionTextureSample_0, compiling.
[2014.08.16-00.48.19:221][556]LogMaterial: Missing cached shader map for material FMatExpressionPreview MaterialExpressionTextureSample_7, compiling.
[2014.08.16-00.48.19:221][556]LogMaterial: Missing cached shader map for material FMatExpressionPreview MaterialExpressionTextureSample_8, compiling.
[2014.08.16-00.48.19:222][556]LogMaterial: Missing cached shader map for material FMatExpressionPreview MaterialExpressionTextureSample_0, compiling.
[2014.08.16-00.48.22:169][786]LogMaterial: Missing cached shader map for material PreviewMaterial_0, compiling.
[2014.08.16-00.48.22:853][838]MaterialEditorStats: Info Base pass shader with only dynamic lighting: 64 instructions
[2014.08.16-00.48.22:853][838]MaterialEditorStats: Info Vertex shader: 31 instructions
[2014.08.16-00.48.22:853][838]MaterialEditorStats: Info Texture samplers: 3/16
[2014.08.16-00.48.25:972][135]LogMaterial: Missing cached shader map for material PreviewMaterial_0, compiling.
[2014.08.16-00.48.25:997][135]LogMaterial: Missing cached shader map for material FMatExpressionPreview MaterialExpressionTextureSample_0, compiling.
[2014.08.16-00.48.26:757][198]MaterialEditorStats: Info Base pass shader with only dynamic lighting: 68 instructions
[2014.08.16-00.48.26:757][198]MaterialEditorStats: Info Vertex shader: 33 instructions
[2014.08.16-00.48.26:757][198]MaterialEditorStats: Info Texture samplers: 4/16
[2014.08.16-00.48.31:376][391]LogFactory: FactoryCreateBinary: Texture with TextureFactory (0 0 ../../../../../../Users/Craig-Dev/Desktop/pendecalMask.tga)
[2014.08.16-00.48.31:377][391]0.000009 seconds to analyze Texture2D /Game/WhiteBoard/pendecalMask.pendecalMask

[2014.08.16-00.48.31:379][391]LogTexture:Display: Building textures: pendecalMask (AutoDXT)
[2014.08.16-00.48.31:384][391]LogContentBrowser:Verbose: The content browser source was changed by the sources view to 'None'
[2014.08.16-00.48.31:385][391]LogContentBrowser:Verbose: The content browser source was changed by the sources view to '/Game/WhiteBoard'
[2014.08.16-00.48.34:741][626]LogMaterial: Missing cached shader map for material PreviewMaterial_0, compiling.
[2014.08.16-00.48.34:743][626]LogMaterial: Missing cached shader map for material FMatExpressionPreview MaterialExpressionTextureSample_1, compiling.
[2014.08.16-00.48.34:770][626]LogMaterial: Missing cached shader map for material FMatExpressionPreview MaterialExpressionTextureSample_0, compiling.
[2014.08.16-00.48.34:771][626]LogMaterial: Missing cached shader map for material FMatExpressionPreview MaterialExpressionTextureSample_1, compiling.
[2014.08.16-00.48.35:419][669]MaterialEditorStats: Info Base pass shader with only dynamic lighting: 68 instructions
[2014.08.16-00.48.35:419][669]MaterialEditorStats: Info Vertex shader: 33 instructions
[2014.08.16-00.48.35:419][669]MaterialEditorStats: Info Texture samplers: 4/16
[2014.08.16-00.48.37:884][881]LogMaterial: Missing cached shader map for material PreviewMaterial_0, compiling.
[2014.08.16-00.48.37:912][881]LogMaterial: Missing cached shader map for material FMatExpressionPreview MaterialExpressionTextureSample_1, compiling.
[2014.08.16-00.48.38:642][931]MaterialEditorStats: Info Base pass shader with only dynamic lighting: 68 instructions
[2014.08.16-00.48.38:642][931]MaterialEditorStats: Info Vertex shader: 33 instructions
[2014.08.16-00.48.38:642][931]MaterialEditorStats: Info Texture samplers: 4/16
[2014.08.16-00.48.39:161][969]LogMaterialEditor: Saving and Compiling material Pen_Black
[2014.08.16-00.48.39:423][969]LogMaterial: Missing cached shader map for material PreviewMaterial_0, compiling.
[2014.08.16-00.48.39:467][969]LogMaterial: Missing cached shader map for material Pen_Black, compiling.
[2014.08.16-00.48.39:476][969]LogMaterial: Missing cached shader map for material Pen_Black, compiling.
[2014.08.16-00.48.39:485][969]LogMaterial: 0.006147 seconds spent updating 1 materials, 1 interfaces, 0 instances, 0 with static permutations.
[2014.08.16-00.48.40:819][969]Cmd: OBJ SAVEPACKAGE PACKAGE="/Game/WhiteBoard/Pen_Black" FILE="../../../../../../Users/Craig-Dev/Documents/Unreal Projects/WhiteBoard/Content/WhiteBoard/Pen_Black.uasset" SILENT=true
[2014.08.16-00.48.41:008][969]LogSavePackage: Save=185.834427ms
[2014.08.16-00.48.41:008][969]LogSavePackage: Moving '../../../../../../Users/Craig-Dev/Documents/Unreal Projects/WhiteBoard/Saved/Pen_Black257D8CBE4C39F6358405D4850757F4D5.tmp' to '../../../../../../Users/Craig-Dev/Documents/Unreal Projects/WhiteBoard/Content/WhiteBoard/Pen_Black.uasset'
[2014.08.16-00.48.43:222][125]LogPlayLevel: PIE:  No blueprints needed recompiling
[2014.08.16-00.48.43:222][125]PIE: New page: PIE session: Example_Map (16 Aug 2014 02:48:43)
[2014.08.16-00.48.43:239][125]LogPlayLevel: PIE: StaticDuplicateObject took: (0.017552s)
[2014.08.16-00.48.43:240][125]LogPlayLevel: PIE: World Init took: (0.001027s)
[2014.08.16-00.48.43:241][125]LogPlayLevel: PIE: Created PIE world by copying editor world from /Game/Maps/Example_Map.Example_Map to /Game/Maps/UEDPIE_0_Example_Map.Example_Map (0.018792s)
[2014.08.16-00.48.43:267][125]LogWorld: Game class is 'MyGame_C'
[2014.08.16-00.48.43:269][125]LogAIModule: Creating AISystem for world Example_Map
[2014.08.16-00.48.43:270][125]LogWorld: Bringing World /Game/Maps/UEDPIE_0_Example_Map.Example_Map up for play (max tick rate 0) at 2014.08.16-01.48.43
[2014.08.16-00.48.43:271][125]LogWorld: Bringing up level for play took: 0.002055
[2014.08.16-00.48.43:272][125]PIE: Info Play in editor start time for /Game/Maps/UEDPIE_0_Example_Map -0.328
[2014.08.16-00.48.49:343][801]LogParticles: Destroying 0 GPU particle simulations for FXSystem 0x0000000020015760
[2014.08.16-00.48.54:728][177]LogEditorViewport: Clicking on Actor (LMB): BP_WhiteBoard_C (BP_WhiteBoard)
[2014.08.16-00.49.01:434][516]LogEditorViewport: Clicking on Actor (LMB): BP_Sky_Sphere_C (BP_Sky_Sphere)
[2014.08.16-00.49.02:064][557]LogEditorViewport: Clicking on Actor (LMB): LightmassImportanceVolume (LightmassImportanceVolume)
[2014.08.16-00.49.04:628][729]LogEditorViewport: Clicking on Actor (LMB): LightmassImportanceVolume (LightmassImportanceVolume)
[2014.08.16-00.49.05:214][768]LogEditorViewport: Clicking on Actor (LMB): DirectionalLight (DirectionalLightStationary)
[2014.08.16-00.49.11:450][125]Cmd: OBJ SAVEPACKAGE PACKAGE="/Game/WhiteBoard/pendecal" FILE="../../../../../../Users/Craig-Dev/Documents/Unreal Projects/WhiteBoard/Content/WhiteBoard/pendecal.uasset" SILENT=true
[2014.08.16-00.49.11:455][125]LogSavePackage: Save=3.646805ms
[2014.08.16-00.49.11:456][125]LogSavePackage: Moving '../../../../../../Users/Craig-Dev/Documents/Unreal Projects/WhiteBoard/Saved/pendecalB5269C87448B0CE781818D84D85FD75F.tmp' to '../../../../../../Users/Craig-Dev/Documents/Unreal Projects/WhiteBoard/Content/WhiteBoard/pendecal.uasset'
[2014.08.16-00.49.11:461][125]Cmd: OBJ SAVEPACKAGE PACKAGE="/Game/WhiteBoard/pendecalMask" FILE="../../../../../../Users/Craig-Dev/Documents/Unreal Projects/WhiteBoard/Content/WhiteBoard/pendecalMask.uasset" SILENT=true
[2014.08.16-00.49.11:477][125]LogSavePackage: Save=15.336932ms
[2014.08.16-00.49.11:477][125]LogSavePackage: Moving '../../../../../../Users/Craig-Dev/Documents/Unreal Projects/WhiteBoard/Saved/pendecalMaskE5C7DF8743898460DC7F2783748647B3.tmp' to '../../../../../../Users/Craig-Dev/Documents/Unreal Projects/WhiteBoard/Content/WhiteBoard/pendecalMask.uasset'
[2014.08.16-00.49.12:927][220]LogSavePackage: Save=93.180954ms
[2014.08.16-00.49.12:927][220]LogSavePackage: Moving '../../../../../../Users/Craig-Dev/Documents/Unreal Projects/WhiteBoard/Saved/Example_Map97B6AA374ACBD7676F5D279E72E0C98E.tmp' to '../../../../../../Users/Craig-Dev/Documents/Unreal Projects/WhiteBoard/Content/Maps/Example_Map.umap'
[2014.08.16-00.49.13:929][292]LogPlayLevel: PIE:  No blueprints needed recompiling
[2014.08.16-00.49.13:929][292]PIE: New page: PIE session: Example_Map (16 Aug 2014 02:49:13)
[2014.08.16-00.49.13:945][292]LogPlayLevel: PIE: StaticDuplicateObject took: (0.016331s)
[2014.08.16-00.49.13:946][292]LogPlayLevel: PIE: World Init took: (0.000935s)
[2014.08.16-00.49.13:946][292]LogPlayLevel: PIE: Created PIE world by copying editor world from /Game/Maps/Example_Map.Example_Map to /Game/Maps/UEDPIE_0_Example_Map.Example_Map (0.017444s)
[2014.08.16-00.49.13:972][292]LogWorld: Game class is 'MyGame_C'
[2014.08.16-00.49.13:974][292]LogAIModule: Creating AISystem for world Example_Map
[2014.08.16-00.49.13:976][292]LogWorld: Bringing World /Game/Maps/UEDPIE_0_Example_Map.Example_Map up for play (max tick rate 0) at 2014.08.16-01.49.13
[2014.08.16-00.49.13:976][292]LogWorld: Bringing up level for play took: 0.002359
[2014.08.16-00.49.13:977][292]PIE: Info Play in editor start time for /Game/Maps/UEDPIE_0_Example_Map 0.378
[2014.08.16-00.49.54:120][780]LogParticles: Destroying 0 GPU particle simulations for FXSystem 0x000000001065AA20
[2014.08.16-00.51.57:194][253]LogSavePackage: Save=71.015617ms
[2014.08.16-00.51.57:194][253]LogSavePackage: Moving '../../../../../../Users/Craig-Dev/Documents/Unreal Projects/WhiteBoard/Saved/Example_MapAABA29894E8CC30B629E0CA1A014ABEE.tmp' to '../../../../../../Users/Craig-Dev/Documents/Unreal Projects/WhiteBoard/Content/Maps/Example_Map.umap'
[2014.08.16-00.51.59:908][416]Cmd: QUIT_EDITOR
[2014.08.16-00.52.00:004][416]LogWindowsTextInputMethodSystem:Error: Terminating failed while unadvising the language notification sink from the TSF source.
[2014.08.16-00.52.00:005][416]LogExit: Preparing to exit.
[2014.08.16-00.52.01:074][416]LogExit: Editor shut down
[2014.08.16-00.52.01:075][416]LogExit: Transaction tracking system shut down
[2014.08.16-00.52.01:075][416]LogParticles: Destroying 0 GPU particle simulations for FXSystem 0x0000000012231260
[2014.08.16-00.52.01:075][416]LogParticles: Destroying 0 GPU particle simulations for FXSystem 0x000000001965E8E0
[2014.08.16-00.52.01:078][416]LogParticles: Destroying 0 GPU particle simulations for FXSystem 0x0000000015904FE0
[2014.08.16-00.52.01:082][416]LogParticles: Destroying 0 GPU particle simulations for FXSystem 0x0000000020014220
[2014.08.16-00.52.01:099][416]LogParticles: Destroying 0 GPU particle simulations for FXSystem 0x0000000020014900
[2014.08.16-00.52.01:099][416]LogExit: Object subsystem successfully closed.
[2014.08.16-00.52.01:116][416]LogModuleManager: Shutting down and abandoning module MaterialEditor (162)
[2014.08.16-00.52.01:116][416]LogModuleManager: Shutting down and abandoning module AndroidDeviceDetection (161)
[2014.08.16-00.52.01:980][416]LogModuleManager: Shutting down and abandoning module HTTP (160)
[2014.08.16-00.52.01:980][416]LogModuleManager: Shutting down and abandoning module CrashTracker (159)
[2014.08.16-00.52.01:980][416]LogModuleManager: Shutting down and abandoning module SuperSearch (158)
[2014.08.16-00.52.01:980][416]LogModuleManager: Shutting down and abandoning module SceneOutliner (157)
[2014.08.16-00.52.01:980][416]LogModuleManager: Shutting down and abandoning module EditorWidgets (156)
[2014.08.16-00.52.01:980][416]LogModuleManager: Shutting down and abandoning module CollectionManager (155)
[2014.08.16-00.52.01:980][416]LogModuleManager: Shutting down and abandoning module StatsViewer (154)
[2014.08.16-00.52.01:980][416]LogModuleManager: Shutting down and abandoning module FoliageEdit (153)
[2014.08.16-00.52.01:980][416]LogModuleManager: Shutting down and abandoning module LandscapeEditor (152)
[2014.08.16-00.52.01:980][416]LogModuleManager: Shutting down and abandoning module MeshPaint (151)
[2014.08.16-00.52.01:980][416]LogModuleManager: Shutting down and abandoning module ActorPickerMode (150)
[2014.08.16-00.52.01:980][416]LogModuleManager: Shutting down and abandoning module GeometryMode (149)
[2014.08.16-00.52.01:980][416]LogModuleManager: Shutting down and abandoning module TextureAlignMode (148)
[2014.08.16-00.52.01:980][416]LogModuleManager: Shutting down and abandoning module BspMode (147)
[2014.08.16-00.52.01:980][416]LogModuleManager: Shutting down and abandoning module PlacementMode (146)
[2014.08.16-00.52.01:980][416]LogModuleManager: Shutting down and abandoning module DesktopPlatform (145)
[2014.08.16-00.52.01:980][416]LogModuleManager: Shutting down and abandoning module AutomationWorker (144)
[2014.08.16-00.52.01:980][416]LogModuleManager: Shutting down and abandoning module EditorLiveStreaming (143)
[2014.08.16-00.52.01:980][416]LogModuleManager: Shutting down and abandoning module BehaviorTreeEditor (142)
[2014.08.16-00.52.01:980][416]LogModuleManager: Shutting down and abandoning module DeviceProfileEditor (141)
[2014.08.16-00.52.01:980][416]LogModuleManager: Shutting down and abandoning module UndoHistory (140)
[2014.08.16-00.52.01:980][416]LogModuleManager: Shutting down and abandoning module GameplayTagsEditor (139)
[2014.08.16-00.52.01:980][416]LogModuleManager: Shutting down and abandoning module UserFeedback (138)
[2014.08.16-00.52.01:980][416]LogModuleManager: Shutting down and abandoning module XmlParser (137)
[2014.08.16-00.52.01:980][416]LogModuleManager: Shutting down and abandoning module Blutility (136)
[2014.08.16-00.52.01:980][416]LogModuleManager: Shutting down and abandoning module IOSPlatformEditor (135)
[2014.08.16-00.52.01:980][416]LogModuleManager: Shutting down and abandoning module IOSRuntimeSettings (134)
[2014.08.16-00.52.01:980][416]LogModuleManager: Shutting down and abandoning module AndroidPlatformEditor (133)
[2014.08.16-00.52.01:980][416]LogModuleManager: Shutting down and abandoning module AndroidRuntimeSettings (132)
[2014.08.16-00.52.01:980][416]LogModuleManager: Shutting down and abandoning module ProjectTargetPlatformEditor (131)
[2014.08.16-00.52.01:980][416]LogModuleManager: Shutting down and abandoning module ProjectSettingsViewer (130)
[2014.08.16-00.52.01:980][416]LogModuleManager: Shutting down and abandoning module InputBindingEditor (129)
[2014.08.16-00.52.01:980][416]LogModuleManager: Shutting down and abandoning module EditorSettingsViewer (128)
[2014.08.16-00.52.01:980][416]LogModuleManager: Shutting down and abandoning module SettingsEditor (127)
[2014.08.16-00.52.01:980][416]LogModuleManager: Shutting down and abandoning module SessionLauncher (126)
[2014.08.16-00.52.01:980][416]LogModuleManager: Shutting down and abandoning module SessionFrontend (125)
[2014.08.16-00.52.01:980][416]LogModuleManager: Shutting down and abandoning module ProfilerClient (124)
[2014.08.16-00.52.01:980][416]LogModuleManager: Shutting down and abandoning module TargetDeviceServices (123)
[2014.08.16-00.52.01:980][416]LogModuleManager: Shutting down and abandoning module DeviceManager (122)
[2014.08.16-00.52.01:980][416]LogModuleManager: Shutting down and abandoning module AutomationController (121)
[2014.08.16-00.52.01:980][416]LogModuleManager: Shutting down and abandoning module AutomationWindow (120)
[2014.08.16-00.52.01:980][416]LogModuleManager: Shutting down and abandoning module Layers (119)
[2014.08.16-00.52.01:981][416]LogModuleManager: Shutting down and abandoning module ComponentVisualizers (118)
[2014.08.16-00.52.01:981][416]LogModuleManager: Shutting down and abandoning module DetailCustomizations (117)
[2014.08.16-00.52.01:981][416]LogModuleManager: Shutting down and abandoning module PackagesDialog (116)
[2014.08.16-00.52.01:981][416]LogModuleManager: Shutting down and abandoning module DirectoryWatcher (115)
[2014.08.16-00.52.01:981][416]LogModuleManager: Shutting down and abandoning module AssetRegistry (114)
[2014.08.16-00.52.02:005][416]LogModuleManager: Shutting down and abandoning module Persona (113)
[2014.08.16-00.52.02:005][416]LogModuleManager: Shutting down and abandoning module GraphEditor (112)
[2014.08.16-00.52.02:005][416]LogModuleManager: Shutting down and abandoning module ClassViewer (111)
[2014.08.16-00.52.02:005][416]LogModuleManager: Shutting down and abandoning module Toolbox (110)
[2014.08.16-00.52.02:005][416]LogModuleManager: Shutting down and abandoning module ModuleUI (109)
[2014.08.16-00.52.02:005][416]LogModuleManager: Shutting down and abandoning module Sequencer (108)
[2014.08.16-00.52.02:005][416]LogModuleManager: Shutting down and abandoning module MovieSceneTools (107)
[2014.08.16-00.52.02:005][416]LogModuleManager: Shutting down and abandoning module OutputLog (106)
[2014.08.16-00.52.02:005][416]LogModuleManager: Shutting down and abandoning module GammaUI (105)
[2014.08.16-00.52.02:005][416]LogModuleManager: Shutting down and abandoning module Documentation (104)
[2014.08.16-00.52.02:006][416]LogModuleManager: Shutting down and abandoning module GameLiveStreaming (103)
[2014.08.16-00.52.02:006][416]LogModuleManager: Shutting down and abandoning module StreamingPauseRendering (102)
[2014.08.16-00.52.02:006][416]LogModuleManager: Shutting down and abandoning module AnalyticsET (101)
[2014.08.16-00.52.02:006][416]LogModuleManager: Shutting down and abandoning module Analytics (100)
[2014.08.16-00.52.02:006][416]LogModuleManager: Shutting down and abandoning module GameplayDebugger (99)
[2014.08.16-00.52.02:006][416]LogModuleManager: Shutting down and abandoning module AIModule (98)
[2014.08.16-00.52.02:006][416]LogModuleManager: Shutting down and abandoning module ProfilerService (97)
[2014.08.16-00.52.02:081][416]LogModuleManager: Shutting down and abandoning module TaskGraph (96)
[2014.08.16-00.52.02:081][416]LogModuleManager: Shutting down and abandoning module SlateRemote (95)
[2014.08.16-00.52.02:081][416]LogModuleManager: Shutting down and abandoning module ScriptEditorPlugin (94)
[2014.08.16-00.52.02:081][416]LogModuleManager: Shutting down and abandoning module CustomMeshComponent (93)
[2014.08.16-00.52.02:081][416]LogModuleManager: Shutting down and abandoning module CableComponent (92)
[2014.08.16-00.52.02:081][416]LogModuleManager: Shutting down and abandoning module OculusRift (91)
[2014.08.16-00.52.02:081][416]LogModuleManager: Shutting down and abandoning module MessagingDebugger (90)
[2014.08.16-00.52.02:081][416]LogModuleManager: Shutting down and abandoning module ViewportSnapping (89)
[2014.08.16-00.52.02:081][416]LogModuleManager: Shutting down and abandoning module SmartSnapping (88)
[2014.08.16-00.52.02:081][416]LogModuleManager: Shutting down and abandoning module PaperTiledImporter (87)
[2014.08.16-00.52.02:081][416]LogModuleManager: Shutting down and abandoning module PaperJsonImporter (86)
[2014.08.16-00.52.02:081][416]LogModuleManager: Shutting down and abandoning module GameProjectGeneration (85)
[2014.08.16-00.52.02:081][416]LogModuleManager: Shutting down and abandoning module Matinee (84)
[2014.08.16-00.52.02:081][416]LogModuleManager: Shutting down and abandoning module Kismet (83)
[2014.08.16-00.52.02:081][416]LogModuleManager: Shutting down and abandoning module SlateReflector (82)
[2014.08.16-00.52.02:081][416]LogModuleManager: Shutting down and abandoning module LevelEditor (81)
[2014.08.16-00.52.02:082][416]LogModuleManager: Shutting down and abandoning module IntroTutorials (80)
[2014.08.16-00.52.02:082][416]LogModuleManager: Shutting down and abandoning module ContentBrowser (79)
[2014.08.16-00.52.02:082][416]LogModuleManager: Shutting down and abandoning module PropertyEditor (78)
[2014.08.16-00.52.02:082][416]LogModuleManager: Shutting down and abandoning module AssetTools (77)
[2014.08.16-00.52.02:082][416]LogModuleManager: Shutting down and abandoning module Paper2DEditor (76)
[2014.08.16-00.52.02:082][416]LogModuleManager: Shutting down and abandoning module SpeedTreeImporter (75)
[2014.08.16-00.52.02:082][416]LogModuleManager: Shutting down and abandoning module PluginsEditor (74)
[2014.08.16-00.52.02:082][416]LogModuleManager: Shutting down and abandoning module MainFrame (73)
[2014.08.16-00.52.02:082][416]LogModuleManager: Shutting down and abandoning module EpicSurvey (72)
[2014.08.16-00.52.02:082][416]LogModuleManager: Shutting down and abandoning module VisualStudioSourceCodeAccess (71)
[2014.08.16-00.52.02:082][416]LogModuleManager: Shutting down and abandoning module UObjectPlugin (70)
[2014.08.16-00.52.02:082][416]LogModuleManager: Shutting down and abandoning module SubversionSourceControl (69)
[2014.08.16-00.52.02:082][416]LogModuleManager: Shutting down and abandoning module SourceControl (68)
[2014.08.16-00.52.02:082][416]LogModuleManager: Shutting down and abandoning module PerforceSourceControl (67)
[2014.08.16-00.52.02:082][416]LogModuleManager: Shutting down and abandoning module BlankPlugin (66)
[2014.08.16-00.52.02:082][416]LogModuleManager: Shutting down and abandoning module ScriptPlugin (65)
[2014.08.16-00.52.02:082][416]LogModuleManager: Shutting down and abandoning module UdpMessaging (64)
[2014.08.16-00.52.02:182][416]LogModuleManager: Shutting down and abandoning module Paper2D (63)
[2014.08.16-00.52.02:182][416]LogModuleManager: Shutting down and abandoning module WindowsMoviePlayer (62)
[2014.08.16-00.52.02:182][416]LogModuleManager: Shutting down and abandoning module ImageWrapper (61)
[2014.08.16-00.52.02:182][416]LogModuleManager: Shutting down and abandoning module OnlineBlueprintSupport (60)
[2014.08.16-00.52.02:182][416]LogModuleManager: Shutting down and abandoning module FunctionalTesting (59)
[2014.08.16-00.52.02:182][416]LogModuleManager: Shutting down and abandoning module CollisionAnalyzer (58)
[2014.08.16-00.52.02:182][416]LogModuleManager: Shutting down and abandoning module WorkspaceMenuStructure (57)
[2014.08.16-00.52.02:182][416]LogModuleManager: Shutting down and abandoning module MessageLog (56)
[2014.08.16-00.52.02:182][416]LogModuleManager: Shutting down and abandoning module UMGEditor (55)
[2014.08.16-00.52.02:182][416]LogModuleManager: Shutting down and abandoning module UMG (54)
[2014.08.16-00.52.02:182][416]LogModuleManager: Shutting down and abandoning module Slate (53)
[2014.08.16-00.52.02:182][416]LogModuleManager: Shutting down and abandoning module EditorStyle (52)
[2014.08.16-00.52.02:183][416]LogModuleManager: Shutting down and abandoning module SessionServices (51)
[2014.08.16-00.52.02:183][416]LogModuleManager: Shutting down and abandoning module SourceCodeAccess (50)
[2014.08.16-00.52.02:183][416]LogModuleManager: Shutting down and abandoning module HeadMountedDisplay (49)
[2014.08.16-00.52.02:183][416]LogModuleManager: Shutting down and abandoning module XAudio2 (48)
[2014.08.16-00.52.02:183][416]LogModuleManager: Shutting down and abandoning module Networking (46)
[2014.08.16-00.52.02:183][416]LogModuleManager: Shutting down and abandoning module Core (45)
[2014.08.16-00.52.02:183][416]LogModuleManager: Shutting down and abandoning module KismetCompiler (44)
[2014.08.16-00.52.02:183][416]LogModuleManager: Shutting down and abandoning module PhysXFormats (43)
[2014.08.16-00.52.02:183][416]LogModuleManager: Shutting down and abandoning module MeshUtilities (42)
[2014.08.16-00.52.02:183][416]LogModuleManager: Shutting down and abandoning module DerivedDataCache (41)
[2014.08.16-00.52.02:235][416]LogDerivedDataCache: Shutdown
[2014.08.16-00.52.02:235][416]LogModuleManager: Shutting down and abandoning module ShaderFormatOpenGL (40)
[2014.08.16-00.52.02:235][416]LogModuleManager: Shutting down and abandoning module ShaderFormatD3D (39)
[2014.08.16-00.52.02:235][416]LogModuleManager: Shutting down and abandoning module MetalShaderFormat (38)
[2014.08.16-00.52.02:235][416]LogModuleManager: Shutting down and abandoning module TextureFormatUncompressed (37)
[2014.08.16-00.52.02:235][416]LogModuleManager: Shutting down and abandoning module TextureFormatPVR (36)
[2014.08.16-00.52.02:235][416]LogModuleManager: Shutting down and abandoning module TextureFormatDXT (35)
[2014.08.16-00.52.02:235][416]LogModuleManager: Shutting down and abandoning module TextureFormatAndroid (34)
[2014.08.16-00.52.02:235][416]LogModuleManager: Shutting down and abandoning module AudioFormatOpus (33)
[2014.08.16-00.52.02:235][416]LogModuleManager: Shutting down and abandoning module AudioFormatOgg (32)
[2014.08.16-00.52.02:235][416]LogModuleManager: Shutting down and abandoning module AudioFormatADPCM (31)
[2014.08.16-00.52.02:235][416]LogModuleManager: Shutting down and abandoning module Messaging (30)
[2014.08.16-00.52.02:235][416]LogModuleManager: Shutting down and abandoning module IOSTargetPlatform (29)
[2014.08.16-00.52.02:235][416]LogModuleManager: Shutting down and abandoning module Android_PVRTCTargetPlatform (28)
[2014.08.16-00.52.02:235][416]LogModuleManager: Shutting down and abandoning module Android_ETC2TargetPlatform (27)
[2014.08.16-00.52.02:235][416]LogModuleManager: Shutting down and abandoning module Android_ETC1TargetPlatform (26)
[2014.08.16-00.52.02:235][416]LogModuleManager: Shutting down and abandoning module Android_DXTTargetPlatform (25)
[2014.08.16-00.52.02:235][416]LogModuleManager: Shutting down and abandoning module Android_ATCTargetPlatform (24)
[2014.08.16-00.52.02:235][416]LogModuleManager: Shutting down and abandoning module AndroidTargetPlatform (23)
[2014.08.16-00.52.02:235][416]LogModuleManager: Shutting down and abandoning module WindowsTargetPlatform (22)
[2014.08.16-00.52.02:235][416]LogModuleManager: Shutting down and abandoning module WindowsServerTargetPlatform (21)
[2014.08.16-00.52.02:235][416]LogModuleManager: Shutting down and abandoning module WindowsNoEditorTargetPlatform (20)
[2014.08.16-00.52.02:235][416]LogModuleManager: Shutting down and abandoning module WindowsClientTargetPlatform (19)
[2014.08.16-00.52.02:235][416]LogModuleManager: Shutting down and abandoning module TargetPlatform (18)
[2014.08.16-00.52.02:235][416]LogModuleManager: Shutting down and abandoning module InputCore (17)
[2014.08.16-00.52.02:235][416]LogModuleManager: Shutting down and abandoning module Settings (16)
[2014.08.16-00.52.02:235][416]LogModuleManager: Shutting down and abandoning module ExampleDeviceProfileSelector (13)
[2014.08.16-00.52.02:235][416]LogModuleManager: Shutting down and abandoning module TextureCompressor (12)
[2014.08.16-00.52.02:235][416]LogModuleManager: Shutting down and abandoning module ShaderCore (11)
[2014.08.16-00.52.02:235][416]LogModuleManager: Shutting down and abandoning module OpenGLDrv (10)
[2014.08.16-00.52.02:235][416]LogModuleManager: Shutting down and abandoning module D3D11RHI (9)
[2014.08.16-00.52.02:235][416]LogModuleManager: Shutting down and abandoning module SlateRHIRenderer (8)
[2014.08.16-00.52.02:235][416]LogModuleManager: Shutting down and abandoning module Renderer (7)
[2014.08.16-00.52.02:235][416]LogModuleManager: Shutting down and abandoning module Engine (6)
[2014.08.16-00.52.02:235][416]LogModuleManager: Shutting down and abandoning module CoreUObject (5)
[2014.08.16-00.52.02:235][416]LogModuleManager: Shutting down and abandoning module NetworkFile (4)
[2014.08.16-00.52.02:235][416]LogModuleManager: Shutting down and abandoning module StreamingFile (3)
[2014.08.16-00.52.02:235][416]LogModuleManager: Shutting down and abandoning module SandboxFile (2)
[2014.08.16-00.52.02:235][416]LogModuleManager: Shutting down and abandoning module PakFile (1)
[2014.08.16-00.52.02:236][416]LogExit: Exiting.
[2014.08.16-00.52.02:242][416]Log file closed, 08/16/14 01:52:02
