Log file open, 08/16/14 15:42:19
LogInit:Display: Running engine for game: WhiteBoard
LogInit: Version: 4.4.0-2255576+++depot+UE4-Releases+4.4
LogInit: API Version: 2255576
LogInit: Compiled (64-bit): Aug 13 2014 22:39:32
LogInit: Build Configuration: Development
LogInit: Branch Name: ++depot+UE4-Releases+4.4
LogInit: Command line:  
LogInit: Base directory: C:/Program Files/Unreal Engine/4.4/Engine/Binaries/Win64/
LogInit: Rocket: 1
[2014.08.16-14.42.19:809][  0]LogTaskGraph: Started task graph with 3 named threads and 4 total threads.
[2014.08.16-14.42.19:833][  0]LogOnline:Warning: No default platform service specified for OnlineSubsystem
[2014.08.16-14.42.19:838][  0]LogInit: Presizing for 0 objects not considered by GC, pre-allocating 0 bytes.
[2014.08.16-14.42.19:843][  0]LogInit: Object subsystem initialized
[2014.08.16-14.42.19:844][  0]LogInit: Selected Device Profile: [Windows]
[2014.08.16-14.42.19:844][  0]LogInit: Applying CVar settings loaded from the selected device profile: [Windows]
[2014.08.16-14.42.19:860][  0]LogInit: Computer: CRAIG-DEV-PC
[2014.08.16-14.42.19:860][  0]LogInit: User: CraigDev
[2014.08.16-14.42.19:860][  0]LogInit: CPU Page size=4096, Cores=4
[2014.08.16-14.42.19:860][  0]LogInit: High frequency timer resolution =3.419960 MHz
[2014.08.16-14.42.19:860][  0]LogMemory: Memory total: Physical=7.9GB (8GB approx) Virtual=8192.0GB
[2014.08.16-14.42.19:860][  0]LogMemory: Platform Memory Stats for Windows
[2014.08.16-14.42.19:860][  0]LogMemory: Process Physical Memory: 60.76 MB used, 60.76 MB peak
[2014.08.16-14.42.19:860][  0]LogMemory: Process Virtual Memory: 36.90 MB used, 36.90 MB peak
[2014.08.16-14.42.19:860][  0]LogMemory: Physical Memory: 1840.27 MB used, 8137.07 MB total
[2014.08.16-14.42.19:860][  0]LogMemory: Virtual Memory: 248.25 MB used, 8388608.00 MB total
[2014.08.16-14.42.19:895][  0]LogD3D11RHI: Found D3D11 adapter 0: AMD Radeon HD 7800 Series (Feature Level 11_0)
[2014.08.16-14.42.19:895][  0]LogD3D11RHI: Adapter has 2030MB of dedicated video memory, 0MB of dedicated system memory, and 3812MB of shared system memory, 1 output[s]
[2014.08.16-14.42.19:895][  0]LogD3D11RHI: Chosen D3D11 Adapter Id = 0
[2014.08.16-14.42.19:898][  0]LogRHI: Texture pool is 1361 MB (70% of 1945 MB)
[2014.08.16-14.42.19:902][  0]LogD3D11RHI: Async texture creation disabled: no driver support
[2014.08.16-14.42.19:999][  0]LogContentStreaming: Texture pool size is 0.000000MB
[2014.08.16-14.42.21:155][  0]LogTargetPlatformManager:Display: Building Assets For Windows
[2014.08.16-14.42.21:411][  0]LogTargetPlatformManager:Display: Building Assets For Windows
[2014.08.16-14.42.21:435][  0]LogDerivedDataCache:Display: Max Cache Size: 512 MB
[2014.08.16-14.42.22:171][  0]LogDerivedDataCache: Loaded boot cache 0.74s 39MB C:/Users/Craig-Dev/AppData/Local/UnrealEngine/4.4/DerivedDataCache/Boot.ddc.
[2014.08.16-14.42.22:171][  0]LogDerivedDataCache:Display: Loaded Boot cache: C:/Users/Craig-Dev/AppData/Local/UnrealEngine/4.4/DerivedDataCache/Boot.ddc
[2014.08.16-14.42.22:171][  0]LogDerivedDataCache: FDerivedDataBackendGraph:  Pak pak cache file ../../../../../../Users/Craig-Dev/Documents/Unreal Projects/WhiteBoard/DerivedDataCache/DDC.ddp not found, will not use a pak cache.
[2014.08.16-14.42.22:171][  0]LogDerivedDataCache: Unable to find inner node Pak for hierarchical cache Hierarchy.
[2014.08.16-14.42.22:203][  0]LogDerivedDataCache:Display: Pak cache opened for reading ../../../Engine/DerivedDataCache/DDC.ddp.
[2014.08.16-14.42.22:214][  0]LogDerivedDataCache: Using Local data cache path C:/Users/Craig-Dev/AppData/Local/UnrealEngine/4.4/DerivedDataCache: Writable
[2014.08.16-14.42.22:542][  0]LogMeshUtilities: No automatic mesh reduction module available
[2014.08.16-14.42.22:542][  0]LogMeshUtilities: No automatic mesh merging module available
[2014.08.16-14.42.24:572][  0]LogInit: WinSock: version 1.1 (2.2), MaxSocks=32767, MaxUdp=65467
[2014.08.16-14.42.44:912][  0]LogStats:Warning: MetaData mismatch. Did you assign a stat to two groups? New //STATGROUP_Threads//FMonitoredProcess///Thread_d7c_0///////STATCAT_Advanced//// old //STATGROUP_Threads//FMonitoredProcess///Thread_8e4_0///////STATCAT_Advanced////
[2014.08.16-14.42.44:912][  0]UdpMessaging: Initializing bridge on interface 0.0.0.0:0 to multicast group 230.0.0.1:6666.
[2014.08.16-14.42.44:989][  0]SourceControl: Info Source control is disabled
[2014.08.16-14.42.44:989][  0]SourceControl: Info Source control is disabled
[2014.08.16-14.42.44:992][  0]SourceControl: Info Source control is disabled
[2014.08.16-14.42.45:732][  0]BlueprintLog: New page: Editor Load
[2014.08.16-14.42.45:855][  0]LogObj: 21438 objects as part of root set at end of initial load.
[2014.08.16-14.42.45:855][  0]LogUObjectAllocator: 4218648 out of 0 bytes used by permanent object pool.
[2014.08.16-14.42.46:067][  0]LogEngine: Initializing Engine...
[2014.08.16-14.42.46:635][  0]LogInit: XAudio2 using 'Digital Audio (S/PDIF) (High Definition Audio Device)' : 2 channels at 48 kHz using 16 bits per sample (channel mask 0x3)
[2014.08.16-14.42.46:650][  0]LogInit: FAudioDevice initialized.
[2014.08.16-14.42.46:659][  0]LogAIModule: Creating AISystem for world NewWorld
[2014.08.16-14.42.46:677][  0]LogDerivedDataCache: Saved boot cache 0.02s 39MB C:/Users/Craig-Dev/AppData/Local/UnrealEngine/4.4/DerivedDataCache/Boot.ddc.
[2014.08.16-14.42.46:679][  0]LogInit: Texture streaming: Enabled
[2014.08.16-14.42.46:694][  0]LogInit: Transaction tracking system initialized
[2014.08.16-14.42.46:756][  0]LogAssetRegistry: FAssetRegistry took 0.0102 seconds to start up
[2014.08.16-14.42.47:041][  0]LogTargetPlatformManager:Display: Building Assets For Windows
[2014.08.16-14.42.47:254][  0]LogTargetPlatformManager:Display: Building Assets For Windows
[2014.08.16-14.42.47:320][  0]LogConsoleResponse:Display: 
[2014.08.16-14.42.48:934][  0]LogStats:Warning: MetaData mismatch. Did you assign a stat to two groups? New //STATGROUP_Threads//FMonitoredProcess///Thread_860_0///////STATCAT_Advanced//// old //STATGROUP_Threads//FMonitoredProcess///Thread_8e4_0///////STATCAT_Advanced////
[2014.08.16-14.42.48:934][  0]LogStats:Warning: MetaData mismatch. Did you assign a stat to two groups? New //STATGROUP_Threads//FMonitoredProcess///Thread_a8c_0///////STATCAT_Advanced//// old //STATGROUP_Threads//FMonitoredProcess///Thread_8e4_0///////STATCAT_Advanced////
[2014.08.16-14.42.48:934][  0]SourceControl: Info Source control is disabled
[2014.08.16-14.42.48:934][  0]Cmd: MAP LOAD FILE="../../../../../../Users/Craig-Dev/Documents/Unreal Projects/WhiteBoard/Content/Maps/Example_Map.umap" TEMPLATE=0 SHOWPROGRESS=1
[2014.08.16-14.42.48:955][  0]LightingResults: New page: Lighting Build
[2014.08.16-14.42.48:959][  0]MapCheck: New page: Map Check
[2014.08.16-14.42.48:960][  0]LightingResults: New page: Lighting Build
[2014.08.16-14.42.48:970][  0]LogParticles: Destroying 0 GPU particle simulations for FXSystem 0x00000000121C11C0
[2014.08.16-14.42.51:106][  0]LogEditorServer: Finished looking for orphan Actors (0.000 secs)
[2014.08.16-14.42.51:106][  0]LogAIModule: Creating AISystem for world Example_Map
[2014.08.16-14.42.51:106][  0]Cmd: MAP CHECKDEP
[2014.08.16-14.42.51:106][  0]MapCheck: New page: Example_Map - 16 Aug 2014 16:42:51
[2014.08.16-14.42.51:140][  0]MapCheck: Info ========== Map Check: 0 Error(s), 0 Warning(s), [34.008ms] ==========
[2014.08.16-14.42.51:140][  0]LogFileHelpers: Loading map 'Example_Map' took 2.206
[2014.08.16-14.42.51:230][  0]LogCollectionManager: Loaded 0 collections in 0.000598 seconds
[2014.08.16-14.42.51:317][  0]LogCrashTracker: Crashtracker disabled due to settings.
[2014.08.16-14.42.51:353][  0]LogLoad: Full Startup: 32.22 seconds (BP compile: 0.06 seconds)
[2014.08.16-14.42.51:368][  0]LogContentBrowser:Verbose: The content browser source was changed by the sources view to '/Game/WhiteBoard'
[2014.08.16-14.42.51:678][  0]LogRenderer:Warning: Reallocating scene render targets to support 32x32.
[2014.08.16-14.42.51:960][  0]LogRenderer:Warning: Reallocating scene render targets to support 1136x896.
[2014.08.16-14.42.52:190][  1]LogAssetRegistry: Asset discovery search completed in 5.4449 seconds
[2014.08.16-14.42.56:372][316]LogPlayLevel: PIE:  No blueprints needed recompiling
[2014.08.16-14.42.56:372][316]PIE: New page: PIE session: Example_Map (16 Aug 2014 16:42:56)
[2014.08.16-14.42.56:391][316]LogPlayLevel: PIE: StaticDuplicateObject took: (0.018678s)
[2014.08.16-14.42.56:392][316]LogPlayLevel: PIE: World Init took: (0.000550s)
[2014.08.16-14.42.56:392][316]LogPlayLevel: PIE: Created PIE world by copying editor world from /Game/Maps/Example_Map.Example_Map to /Game/Maps/UEDPIE_0_Example_Map.Example_Map (0.019807s)
[2014.08.16-14.42.57:378][316]BlueprintLog:Warning: Warning Blueprint MyProjectile has been migrated and requires re-saving to avoid import errors
[2014.08.16-14.42.57:396][316]BlueprintLog:Warning: Warning Blueprint MyCharacter has been migrated and requires re-saving to avoid import errors
[2014.08.16-14.42.57:396][316]BlueprintLog:Warning: Warning Blueprint MyHUD has been migrated and requires re-saving to avoid import errors
[2014.08.16-14.42.57:396][316]BlueprintLog:Warning: Warning Blueprint MyGame has been migrated and requires re-saving to avoid import errors
[2014.08.16-14.42.57:398][316]LogWorld: Game class is 'MyGame_C'
[2014.08.16-14.42.57:434][316]LogAIModule: Creating AISystem for world Example_Map
[2014.08.16-14.42.57:436][316]LogWorld: Bringing World /Game/Maps/UEDPIE_0_Example_Map.Example_Map up for play (max tick rate 0) at 2014.08.16-15.42.57
[2014.08.16-14.42.57:436][316]LogWorld: Bringing up level for play took: 0.002307
[2014.08.16-14.42.57:466][316]PIE: Info Play in editor start time for /Game/Maps/UEDPIE_0_Example_Map 1.8
[2014.08.16-14.42.57:603][317]LogRenderer:Warning: Reallocating scene render targets to support 1136x904.
[2014.08.16-14.42.57:605][317]LogCharacterMovement:Warning: GetSimulationTimeStep() - Max iterations 8 hit while remaining time 0.099140 > MaxSimulationTimeStep (0.050) for 'MyCharacter_C_0'
[2014.08.16-14.43.50:049][225]LogParticles: Destroying 0 GPU particle simulations for FXSystem 0x000000000480B740
[2014.08.16-14.43.52:305][405]LogMaterial: Missing cached shader map for material PreviewMaterial_0, compiling.
[2014.08.16-14.43.52:323][405]LogActorComponent: UnregisterComponent: (/Engine/Transient.SkeletalMeshComponent_0) Not registered. Aborting.
[2014.08.16-14.43.52:502][405]LogActorComponent: UnregisterComponent: (/Engine/Transient.SkeletalMeshComponent_0) Not registered. Aborting.
[2014.08.16-14.43.52:502][405]LogActorComponent: RegisterComponentWithWorld: (/Engine/Transient.MaterialEditorMeshComponent_0) Already registered. Aborting.
[2014.08.16-14.43.52:502][405]LogActorComponent: UnregisterComponent: (/Engine/Transient.SkeletalMeshComponent_0) Not registered. Aborting.
[2014.08.16-14.43.52:502][405]LogActorComponent: RegisterComponentWithWorld: (/Engine/Transient.MaterialEditorMeshComponent_0) Already registered. Aborting.
[2014.08.16-14.43.52:503][405]LogMaterial: Missing cached shader map for material PreviewMaterial_0, compiling.
[2014.08.16-14.43.52:527][405]LogMaterial: Missing cached shader map for material FMatExpressionPreview MaterialExpressionTextureSample_0, compiling.
[2014.08.16-14.43.52:528][405]LogMaterial: Missing cached shader map for material FMatExpressionPreview MaterialExpressionTextureSample_1, compiling.
[2014.08.16-14.43.53:761][465]MaterialEditorStats: Info Base pass shader with only dynamic lighting: 68 instructions
[2014.08.16-14.43.53:761][465]MaterialEditorStats: Info Vertex shader: 33 instructions
[2014.08.16-14.43.53:761][465]MaterialEditorStats: Info Texture samplers: 4/16
[2014.08.16-14.44.00:269][936]LogMaterial: Missing cached shader map for material PreviewMaterial_0, compiling.
[2014.08.16-14.44.00:999][985]MaterialEditorStats: Info Base pass shader with only dynamic lighting: 67 instructions
[2014.08.16-14.44.00:999][985]MaterialEditorStats: Info Vertex shader: 33 instructions
[2014.08.16-14.44.00:999][985]MaterialEditorStats: Info Texture samplers: 4/16
[2014.08.16-14.44.02:510][ 82]LogMaterial: Missing cached shader map for material PreviewMaterial_0, compiling.
[2014.08.16-14.44.02:590][ 90]LogMaterialEditor: Saving and Compiling material Pen_Black
[2014.08.16-14.44.02:864][ 90]LogMaterial: Missing cached shader map for material PreviewMaterial_0, compiling.
[2014.08.16-14.44.02:924][ 90]LogMaterial: Missing cached shader map for material Pen_Black, compiling.
[2014.08.16-14.44.02:932][ 90]LogMaterial: Missing cached shader map for material Pen_Black, compiling.
[2014.08.16-14.44.02:941][ 90]LogMaterial: 0.006149 seconds spent updating 1 materials, 1 interfaces, 0 instances, 0 with static permutations.
[2014.08.16-14.44.04:307][ 90]Cmd: OBJ SAVEPACKAGE PACKAGE="/Game/WhiteBoard/Pen_Black" FILE="../../../../../../Users/Craig-Dev/Documents/Unreal Projects/WhiteBoard/Content/WhiteBoard/Pen_Black.uasset" SILENT=true
[2014.08.16-14.44.04:463][ 90]LogSavePackage: Save=144.036774ms
[2014.08.16-14.44.04:463][ 90]LogSavePackage: Moving '../../../../../../Users/Craig-Dev/Documents/Unreal Projects/WhiteBoard/Saved/Pen_BlackE9BE39B04556A765928D16BB61F44AD4.tmp' to '../../../../../../Users/Craig-Dev/Documents/Unreal Projects/WhiteBoard/Content/WhiteBoard/Pen_Black.uasset'
[2014.08.16-14.44.04:467][ 90]MaterialEditorStats: Info Base pass shader with only dynamic lighting: 67 instructions
[2014.08.16-14.44.04:467][ 90]MaterialEditorStats: Info Vertex shader: 33 instructions
[2014.08.16-14.44.04:467][ 90]MaterialEditorStats: Info Texture samplers: 4/16
[2014.08.16-14.44.05:618][174]LogPlayLevel: PIE:  No blueprints needed recompiling
[2014.08.16-14.44.05:618][174]PIE: New page: PIE session: Example_Map (16 Aug 2014 16:44:05)
[2014.08.16-14.44.05:635][174]LogPlayLevel: PIE: StaticDuplicateObject took: (0.016146s)
[2014.08.16-14.44.05:636][174]LogPlayLevel: PIE: World Init took: (0.000963s)
[2014.08.16-14.44.05:636][174]LogPlayLevel: PIE: Created PIE world by copying editor world from /Game/Maps/Example_Map.Example_Map to /Game/Maps/UEDPIE_0_Example_Map.Example_Map (0.017278s)
[2014.08.16-14.44.05:664][174]LogWorld: Game class is 'MyGame_C'
[2014.08.16-14.44.05:666][174]LogAIModule: Creating AISystem for world Example_Map
[2014.08.16-14.44.05:667][174]LogWorld: Bringing World /Game/Maps/UEDPIE_0_Example_Map.Example_Map up for play (max tick rate 0) at 2014.08.16-15.44.05
[2014.08.16-14.44.05:668][174]LogWorld: Bringing up level for play took: 0.002020
[2014.08.16-14.44.05:669][174]PIE: Info Play in editor start time for /Game/Maps/UEDPIE_0_Example_Map 0.002
[2014.08.16-14.44.24:724][775]LogParticles: Destroying 0 GPU particle simulations for FXSystem 0x000000001166F240
[2014.08.16-14.44.32:725][348]LogMaterial: Missing cached shader map for material PreviewMaterial_0, compiling.
[2014.08.16-14.44.34:089][439]MaterialEditorStats: Info Base pass shader with only dynamic lighting: 68 instructions
[2014.08.16-14.44.34:089][439]MaterialEditorStats: Info Vertex shader: 33 instructions
[2014.08.16-14.44.34:089][439]MaterialEditorStats: Info Texture samplers: 4/16
[2014.08.16-14.44.34:792][488]LogMaterialEditor: Saving and Compiling material Pen_Black
[2014.08.16-14.44.35:048][488]LogMaterial: Missing cached shader map for material PreviewMaterial_0, compiling.
[2014.08.16-14.44.35:076][488]LogMaterial: Missing cached shader map for material Pen_Black, compiling.
[2014.08.16-14.44.35:084][488]LogMaterial: Missing cached shader map for material Pen_Black, compiling.
[2014.08.16-14.44.35:087][488]LogMaterial: 0.001495 seconds spent updating 1 materials, 1 interfaces, 0 instances, 0 with static permutations.
[2014.08.16-14.44.36:419][488]Cmd: OBJ SAVEPACKAGE PACKAGE="/Game/WhiteBoard/Pen_Black" FILE="../../../../../../Users/Craig-Dev/Documents/Unreal Projects/WhiteBoard/Content/WhiteBoard/Pen_Black.uasset" SILENT=true
[2014.08.16-14.44.36:659][488]LogSavePackage: Save=237.556290ms
[2014.08.16-14.44.36:659][488]LogSavePackage: Moving '../../../../../../Users/Craig-Dev/Documents/Unreal Projects/WhiteBoard/Saved/Pen_Black8C6F976F47BE698EADFD48BD474CC3EF.tmp' to '../../../../../../Users/Craig-Dev/Documents/Unreal Projects/WhiteBoard/Content/WhiteBoard/Pen_Black.uasset'
[2014.08.16-14.44.47:533][246]LogSavePackage: Save=90.969780ms
[2014.08.16-14.44.47:533][246]LogSavePackage: Moving '../../../../../../Users/Craig-Dev/Documents/Unreal Projects/WhiteBoard/Saved/Example_Map21A13197469793EB049768B8919C49E0.tmp' to '../../../../../../Users/Craig-Dev/Documents/Unreal Projects/WhiteBoard/Content/Maps/Example_Map.umap'
[2014.08.16-14.45.28:562][250]LogPlayLevel: PIE:  No blueprints needed recompiling
[2014.08.16-14.45.28:562][250]PIE: New page: PIE session: Example_Map (16 Aug 2014 16:45:28)
[2014.08.16-14.45.28:579][250]LogPlayLevel: PIE: StaticDuplicateObject took: (0.016777s)
[2014.08.16-14.45.28:580][250]LogPlayLevel: PIE: World Init took: (0.000853s)
[2014.08.16-14.45.28:580][250]LogPlayLevel: PIE: Created PIE world by copying editor world from /Game/Maps/Example_Map.Example_Map to /Game/Maps/UEDPIE_0_Example_Map.Example_Map (0.017794s)
[2014.08.16-14.45.28:606][250]LogWorld: Game class is 'MyGame_C'
[2014.08.16-14.45.28:608][250]LogAIModule: Creating AISystem for world Example_Map
[2014.08.16-14.45.28:610][250]LogWorld: Bringing World /Game/Maps/UEDPIE_0_Example_Map.Example_Map up for play (max tick rate 0) at 2014.08.16-15.45.28
[2014.08.16-14.45.28:610][250]LogWorld: Bringing up level for play took: 0.002216
[2014.08.16-14.45.28:611][250]PIE: Info Play in editor start time for /Game/Maps/UEDPIE_0_Example_Map 0.943
[2014.08.16-14.45.39:523][500]LogParticles: Destroying 0 GPU particle simulations for FXSystem 0x0000000016BD6520
[2014.08.16-14.45.45:957][936]LogPlayLevel: PIE:  No blueprints needed recompiling
[2014.08.16-14.45.45:957][936]PIE: New page: PIE session: Example_Map (16 Aug 2014 16:45:45)
[2014.08.16-14.45.45:975][936]LogPlayLevel: PIE: StaticDuplicateObject took: (0.017134s)
[2014.08.16-14.45.45:975][936]LogPlayLevel: PIE: World Init took: (0.000598s)
[2014.08.16-14.45.45:975][936]LogPlayLevel: PIE: Created PIE world by copying editor world from /Game/Maps/Example_Map.Example_Map to /Game/Maps/UEDPIE_0_Example_Map.Example_Map (0.017892s)
[2014.08.16-14.45.46:002][936]LogWorld: Game class is 'MyGame_C'
[2014.08.16-14.45.46:004][936]LogAIModule: Creating AISystem for world Example_Map
[2014.08.16-14.45.46:006][936]LogWorld: Bringing World /Game/Maps/UEDPIE_0_Example_Map.Example_Map up for play (max tick rate 0) at 2014.08.16-15.45.46
[2014.08.16-14.45.46:006][936]LogWorld: Bringing up level for play took: 0.002024
[2014.08.16-14.45.46:007][936]PIE: Info Play in editor start time for /Game/Maps/UEDPIE_0_Example_Map 0.339
[2014.08.16-14.45.57:215][195]LogParticles: Destroying 0 GPU particle simulations for FXSystem 0x000000001520CFE0
[2014.08.16-14.46.01:152][452]LogMaterialEditor: Saving and Compiling material Pen_Black
[2014.08.16-14.46.01:409][452]LogMaterial: Missing cached shader map for material PreviewMaterial_0, compiling.
[2014.08.16-14.46.01:447][452]LogMaterial: Missing cached shader map for material Pen_Black, compiling.
[2014.08.16-14.46.01:455][452]LogMaterial: Missing cached shader map for material Pen_Black, compiling.
[2014.08.16-14.46.01:459][452]LogMaterial: 0.001451 seconds spent updating 1 materials, 1 interfaces, 0 instances, 0 with static permutations.
[2014.08.16-14.46.03:192][452]Cmd: OBJ SAVEPACKAGE PACKAGE="/Game/WhiteBoard/Pen_Black" FILE="../../../../../../Users/Craig-Dev/Documents/Unreal Projects/WhiteBoard/Content/WhiteBoard/Pen_Black.uasset" SILENT=true
[2014.08.16-14.46.03:430][452]LogSavePackage: Save=234.919708ms
[2014.08.16-14.46.03:430][452]LogSavePackage: Moving '../../../../../../Users/Craig-Dev/Documents/Unreal Projects/WhiteBoard/Saved/Pen_Black1B6C07214014AFE9BE974BB407E5DA6F.tmp' to '../../../../../../Users/Craig-Dev/Documents/Unreal Projects/WhiteBoard/Content/WhiteBoard/Pen_Black.uasset'
[2014.08.16-14.46.05:912][651]LogEditorViewport: Clicking on Actor (LMB): BP_WhiteBoard_C (BP_WhiteBoard)
[2014.08.16-14.46.33:693][295]Cmd: OBJ SAVEPACKAGE PACKAGE="/Game/WhiteBoard/BP_WhiteBoard" FILE="../../../../../../Users/Craig-Dev/Documents/Unreal Projects/WhiteBoard/Content/WhiteBoard/BP_WhiteBoard.uasset" SILENT=true
[2014.08.16-14.46.34:023][295]LogSavePackage: Save=326.280731ms
[2014.08.16-14.46.34:023][295]LogSavePackage: Moving '../../../../../../Users/Craig-Dev/Documents/Unreal Projects/WhiteBoard/Saved/BP_WhiteBoard467DA54A4EB1984EC3DDC1A91CF703F2.tmp' to '../../../../../../Users/Craig-Dev/Documents/Unreal Projects/WhiteBoard/Content/WhiteBoard/BP_WhiteBoard.uasset'
[2014.08.16-14.46.53:528][495]LogParticles: Destroying 0 GPU particle simulations for FXSystem 0x00000000061E2E80
[2014.08.16-14.46.53:528][495]LogParticles: Destroying 0 GPU particle simulations for FXSystem 0x0000000021495DA0
[2014.08.16-14.46.54:651][556]LogSavePackage: Save=70.996445ms
[2014.08.16-14.46.54:651][556]LogSavePackage: Moving '../../../../../../Users/Craig-Dev/Documents/Unreal Projects/WhiteBoard/Saved/Example_MapC525058E4D9D7DC259474BB0F8895D04.tmp' to '../../../../../../Users/Craig-Dev/Documents/Unreal Projects/WhiteBoard/Content/Maps/Example_Map.umap'
[2014.08.16-14.46.55:710][596]Cmd: QUIT_EDITOR
[2014.08.16-14.46.55:802][596]LogWindowsTextInputMethodSystem:Error: Terminating failed while unadvising the language notification sink from the TSF source.
[2014.08.16-14.46.55:802][596]LogExit: Preparing to exit.
[2014.08.16-14.46.55:975][596]LogExit: Editor shut down
[2014.08.16-14.46.55:975][596]LogExit: Transaction tracking system shut down
[2014.08.16-14.46.55:976][596]LogParticles: Destroying 0 GPU particle simulations for FXSystem 0x000000000D228220
[2014.08.16-14.46.55:976][596]LogParticles: Destroying 0 GPU particle simulations for FXSystem 0x000000000CC79C60
[2014.08.16-14.46.55:976][596]LogParticles: Destroying 0 GPU particle simulations for FXSystem 0x000000000D757EC0
[2014.08.16-14.46.55:976][596]LogParticles: Destroying 0 GPU particle simulations for FXSystem 0x000000000D757C40
[2014.08.16-14.46.55:992][596]LogExit: Object subsystem successfully closed.
[2014.08.16-14.46.56:008][596]LogModuleManager: Shutting down and abandoning module MaterialEditor (162)
[2014.08.16-14.46.56:008][596]LogModuleManager: Shutting down and abandoning module AndroidDeviceDetection (161)
[2014.08.16-14.46.56:653][596]LogModuleManager: Shutting down and abandoning module HTTP (160)
[2014.08.16-14.46.56:653][596]LogModuleManager: Shutting down and abandoning module CrashTracker (159)
[2014.08.16-14.46.56:653][596]LogModuleManager: Shutting down and abandoning module SuperSearch (158)
[2014.08.16-14.46.56:653][596]LogModuleManager: Shutting down and abandoning module SceneOutliner (157)
[2014.08.16-14.46.56:653][596]LogModuleManager: Shutting down and abandoning module EditorWidgets (156)
[2014.08.16-14.46.56:653][596]LogModuleManager: Shutting down and abandoning module CollectionManager (155)
[2014.08.16-14.46.56:653][596]LogModuleManager: Shutting down and abandoning module StatsViewer (154)
[2014.08.16-14.46.56:653][596]LogModuleManager: Shutting down and abandoning module FoliageEdit (153)
[2014.08.16-14.46.56:653][596]LogModuleManager: Shutting down and abandoning module LandscapeEditor (152)
[2014.08.16-14.46.56:653][596]LogModuleManager: Shutting down and abandoning module MeshPaint (151)
[2014.08.16-14.46.56:653][596]LogModuleManager: Shutting down and abandoning module ActorPickerMode (150)
[2014.08.16-14.46.56:653][596]LogModuleManager: Shutting down and abandoning module GeometryMode (149)
[2014.08.16-14.46.56:653][596]LogModuleManager: Shutting down and abandoning module TextureAlignMode (148)
[2014.08.16-14.46.56:653][596]LogModuleManager: Shutting down and abandoning module BspMode (147)
[2014.08.16-14.46.56:653][596]LogModuleManager: Shutting down and abandoning module PlacementMode (146)
[2014.08.16-14.46.56:653][596]LogModuleManager: Shutting down and abandoning module DesktopPlatform (145)
[2014.08.16-14.46.56:653][596]LogModuleManager: Shutting down and abandoning module AutomationWorker (144)
[2014.08.16-14.46.56:653][596]LogModuleManager: Shutting down and abandoning module EditorLiveStreaming (143)
[2014.08.16-14.46.56:653][596]LogModuleManager: Shutting down and abandoning module BehaviorTreeEditor (142)
[2014.08.16-14.46.56:653][596]LogModuleManager: Shutting down and abandoning module DeviceProfileEditor (141)
[2014.08.16-14.46.56:653][596]LogModuleManager: Shutting down and abandoning module UndoHistory (140)
[2014.08.16-14.46.56:653][596]LogModuleManager: Shutting down and abandoning module GameplayTagsEditor (139)
[2014.08.16-14.46.56:653][596]LogModuleManager: Shutting down and abandoning module UserFeedback (138)
[2014.08.16-14.46.56:653][596]LogModuleManager: Shutting down and abandoning module XmlParser (137)
[2014.08.16-14.46.56:653][596]LogModuleManager: Shutting down and abandoning module Blutility (136)
[2014.08.16-14.46.56:653][596]LogModuleManager: Shutting down and abandoning module IOSPlatformEditor (135)
[2014.08.16-14.46.56:653][596]LogModuleManager: Shutting down and abandoning module IOSRuntimeSettings (134)
[2014.08.16-14.46.56:653][596]LogModuleManager: Shutting down and abandoning module AndroidPlatformEditor (133)
[2014.08.16-14.46.56:653][596]LogModuleManager: Shutting down and abandoning module AndroidRuntimeSettings (132)
[2014.08.16-14.46.56:653][596]LogModuleManager: Shutting down and abandoning module ProjectTargetPlatformEditor (131)
[2014.08.16-14.46.56:653][596]LogModuleManager: Shutting down and abandoning module ProjectSettingsViewer (130)
[2014.08.16-14.46.56:653][596]LogModuleManager: Shutting down and abandoning module InputBindingEditor (129)
[2014.08.16-14.46.56:653][596]LogModuleManager: Shutting down and abandoning module EditorSettingsViewer (128)
[2014.08.16-14.46.56:653][596]LogModuleManager: Shutting down and abandoning module SettingsEditor (127)
[2014.08.16-14.46.56:653][596]LogModuleManager: Shutting down and abandoning module SessionLauncher (126)
[2014.08.16-14.46.56:653][596]LogModuleManager: Shutting down and abandoning module SessionFrontend (125)
[2014.08.16-14.46.56:653][596]LogModuleManager: Shutting down and abandoning module ProfilerClient (124)
[2014.08.16-14.46.56:653][596]LogModuleManager: Shutting down and abandoning module TargetDeviceServices (123)
[2014.08.16-14.46.56:653][596]LogModuleManager: Shutting down and abandoning module DeviceManager (122)
[2014.08.16-14.46.56:654][596]LogModuleManager: Shutting down and abandoning module AutomationController (121)
[2014.08.16-14.46.56:654][596]LogModuleManager: Shutting down and abandoning module AutomationWindow (120)
[2014.08.16-14.46.56:654][596]LogModuleManager: Shutting down and abandoning module Layers (119)
[2014.08.16-14.46.56:654][596]LogModuleManager: Shutting down and abandoning module ComponentVisualizers (118)
[2014.08.16-14.46.56:654][596]LogModuleManager: Shutting down and abandoning module DetailCustomizations (117)
[2014.08.16-14.46.56:654][596]LogModuleManager: Shutting down and abandoning module PackagesDialog (116)
[2014.08.16-14.46.56:654][596]LogModuleManager: Shutting down and abandoning module DirectoryWatcher (115)
[2014.08.16-14.46.56:654][596]LogModuleManager: Shutting down and abandoning module AssetRegistry (114)
[2014.08.16-14.46.56:742][596]LogModuleManager: Shutting down and abandoning module Persona (113)
[2014.08.16-14.46.56:742][596]LogModuleManager: Shutting down and abandoning module GraphEditor (112)
[2014.08.16-14.46.56:742][596]LogModuleManager: Shutting down and abandoning module ClassViewer (111)
[2014.08.16-14.46.56:742][596]LogModuleManager: Shutting down and abandoning module Toolbox (110)
[2014.08.16-14.46.56:742][596]LogModuleManager: Shutting down and abandoning module ModuleUI (109)
[2014.08.16-14.46.56:742][596]LogModuleManager: Shutting down and abandoning module Sequencer (108)
[2014.08.16-14.46.56:742][596]LogModuleManager: Shutting down and abandoning module MovieSceneTools (107)
[2014.08.16-14.46.56:742][596]LogModuleManager: Shutting down and abandoning module OutputLog (106)
[2014.08.16-14.46.56:742][596]LogModuleManager: Shutting down and abandoning module GammaUI (105)
[2014.08.16-14.46.56:742][596]LogModuleManager: Shutting down and abandoning module Documentation (104)
[2014.08.16-14.46.56:742][596]LogModuleManager: Shutting down and abandoning module GameLiveStreaming (103)
[2014.08.16-14.46.56:743][596]LogModuleManager: Shutting down and abandoning module StreamingPauseRendering (102)
[2014.08.16-14.46.56:743][596]LogModuleManager: Shutting down and abandoning module AnalyticsET (101)
[2014.08.16-14.46.56:743][596]LogModuleManager: Shutting down and abandoning module Analytics (100)
[2014.08.16-14.46.56:743][596]LogModuleManager: Shutting down and abandoning module GameplayDebugger (99)
[2014.08.16-14.46.56:743][596]LogModuleManager: Shutting down and abandoning module AIModule (98)
[2014.08.16-14.46.56:743][596]LogModuleManager: Shutting down and abandoning module ProfilerService (97)
[2014.08.16-14.46.56:963][596]LogModuleManager: Shutting down and abandoning module TaskGraph (96)
[2014.08.16-14.46.56:963][596]LogModuleManager: Shutting down and abandoning module SlateRemote (95)
[2014.08.16-14.46.56:963][596]LogModuleManager: Shutting down and abandoning module ScriptEditorPlugin (94)
[2014.08.16-14.46.56:963][596]LogModuleManager: Shutting down and abandoning module CustomMeshComponent (93)
[2014.08.16-14.46.56:963][596]LogModuleManager: Shutting down and abandoning module CableComponent (92)
[2014.08.16-14.46.56:963][596]LogModuleManager: Shutting down and abandoning module OculusRift (91)
[2014.08.16-14.46.56:963][596]LogModuleManager: Shutting down and abandoning module MessagingDebugger (90)
[2014.08.16-14.46.56:963][596]LogModuleManager: Shutting down and abandoning module ViewportSnapping (89)
[2014.08.16-14.46.56:963][596]LogModuleManager: Shutting down and abandoning module SmartSnapping (88)
[2014.08.16-14.46.56:963][596]LogModuleManager: Shutting down and abandoning module PaperTiledImporter (87)
[2014.08.16-14.46.56:963][596]LogModuleManager: Shutting down and abandoning module PaperJsonImporter (86)
[2014.08.16-14.46.56:963][596]LogModuleManager: Shutting down and abandoning module GameProjectGeneration (85)
[2014.08.16-14.46.56:963][596]LogModuleManager: Shutting down and abandoning module Matinee (84)
[2014.08.16-14.46.56:963][596]LogModuleManager: Shutting down and abandoning module Kismet (83)
[2014.08.16-14.46.56:963][596]LogModuleManager: Shutting down and abandoning module SlateReflector (82)
[2014.08.16-14.46.56:963][596]LogModuleManager: Shutting down and abandoning module LevelEditor (81)
[2014.08.16-14.46.56:964][596]LogModuleManager: Shutting down and abandoning module IntroTutorials (80)
[2014.08.16-14.46.56:964][596]LogModuleManager: Shutting down and abandoning module ContentBrowser (79)
[2014.08.16-14.46.56:964][596]LogModuleManager: Shutting down and abandoning module PropertyEditor (78)
[2014.08.16-14.46.56:964][596]LogModuleManager: Shutting down and abandoning module AssetTools (77)
[2014.08.16-14.46.56:964][596]LogModuleManager: Shutting down and abandoning module Paper2DEditor (76)
[2014.08.16-14.46.56:964][596]LogModuleManager: Shutting down and abandoning module SpeedTreeImporter (75)
[2014.08.16-14.46.56:964][596]LogModuleManager: Shutting down and abandoning module PluginsEditor (74)
[2014.08.16-14.46.56:964][596]LogModuleManager: Shutting down and abandoning module MainFrame (73)
[2014.08.16-14.46.56:964][596]LogModuleManager: Shutting down and abandoning module EpicSurvey (72)
[2014.08.16-14.46.56:964][596]LogModuleManager: Shutting down and abandoning module VisualStudioSourceCodeAccess (71)
[2014.08.16-14.46.56:964][596]LogModuleManager: Shutting down and abandoning module UObjectPlugin (70)
[2014.08.16-14.46.56:964][596]LogModuleManager: Shutting down and abandoning module SubversionSourceControl (69)
[2014.08.16-14.46.56:964][596]LogModuleManager: Shutting down and abandoning module SourceControl (68)
[2014.08.16-14.46.56:964][596]LogModuleManager: Shutting down and abandoning module PerforceSourceControl (67)
[2014.08.16-14.46.56:964][596]LogModuleManager: Shutting down and abandoning module BlankPlugin (66)
[2014.08.16-14.46.56:964][596]LogModuleManager: Shutting down and abandoning module ScriptPlugin (65)
[2014.08.16-14.46.56:964][596]LogModuleManager: Shutting down and abandoning module UdpMessaging (64)
[2014.08.16-14.46.57:064][596]LogModuleManager: Shutting down and abandoning module Paper2D (63)
[2014.08.16-14.46.57:064][596]LogModuleManager: Shutting down and abandoning module WindowsMoviePlayer (62)
[2014.08.16-14.46.57:066][596]LogModuleManager: Shutting down and abandoning module ImageWrapper (61)
[2014.08.16-14.46.57:066][596]LogModuleManager: Shutting down and abandoning module OnlineBlueprintSupport (60)
[2014.08.16-14.46.57:066][596]LogModuleManager: Shutting down and abandoning module FunctionalTesting (59)
[2014.08.16-14.46.57:066][596]LogModuleManager: Shutting down and abandoning module CollisionAnalyzer (58)
[2014.08.16-14.46.57:066][596]LogModuleManager: Shutting down and abandoning module WorkspaceMenuStructure (57)
[2014.08.16-14.46.57:066][596]LogModuleManager: Shutting down and abandoning module MessageLog (56)
[2014.08.16-14.46.57:066][596]LogModuleManager: Shutting down and abandoning module UMGEditor (55)
[2014.08.16-14.46.57:066][596]LogModuleManager: Shutting down and abandoning module UMG (54)
[2014.08.16-14.46.57:066][596]LogModuleManager: Shutting down and abandoning module Slate (53)
[2014.08.16-14.46.57:066][596]LogModuleManager: Shutting down and abandoning module EditorStyle (52)
[2014.08.16-14.46.57:068][596]LogModuleManager: Shutting down and abandoning module SessionServices (51)
[2014.08.16-14.46.57:068][596]LogModuleManager: Shutting down and abandoning module SourceCodeAccess (50)
[2014.08.16-14.46.57:068][596]LogModuleManager: Shutting down and abandoning module HeadMountedDisplay (49)
[2014.08.16-14.46.57:068][596]LogModuleManager: Shutting down and abandoning module XAudio2 (48)
[2014.08.16-14.46.57:068][596]LogModuleManager: Shutting down and abandoning module Networking (46)
[2014.08.16-14.46.57:068][596]LogModuleManager: Shutting down and abandoning module Core (45)
[2014.08.16-14.46.57:068][596]LogModuleManager: Shutting down and abandoning module KismetCompiler (44)
[2014.08.16-14.46.57:068][596]LogModuleManager: Shutting down and abandoning module PhysXFormats (43)
[2014.08.16-14.46.57:068][596]LogModuleManager: Shutting down and abandoning module MeshUtilities (42)
[2014.08.16-14.46.57:068][596]LogModuleManager: Shutting down and abandoning module DerivedDataCache (41)
[2014.08.16-14.46.57:098][596]LogDerivedDataCache: Shutdown
[2014.08.16-14.46.57:098][596]LogModuleManager: Shutting down and abandoning module ShaderFormatOpenGL (40)
[2014.08.16-14.46.57:098][596]LogModuleManager: Shutting down and abandoning module ShaderFormatD3D (39)
[2014.08.16-14.46.57:098][596]LogModuleManager: Shutting down and abandoning module MetalShaderFormat (38)
[2014.08.16-14.46.57:098][596]LogModuleManager: Shutting down and abandoning module TextureFormatUncompressed (37)
[2014.08.16-14.46.57:098][596]LogModuleManager: Shutting down and abandoning module TextureFormatPVR (36)
[2014.08.16-14.46.57:098][596]LogModuleManager: Shutting down and abandoning module TextureFormatDXT (35)
[2014.08.16-14.46.57:098][596]LogModuleManager: Shutting down and abandoning module TextureFormatAndroid (34)
[2014.08.16-14.46.57:098][596]LogModuleManager: Shutting down and abandoning module AudioFormatOpus (33)
[2014.08.16-14.46.57:098][596]LogModuleManager: Shutting down and abandoning module AudioFormatOgg (32)
[2014.08.16-14.46.57:098][596]LogModuleManager: Shutting down and abandoning module AudioFormatADPCM (31)
[2014.08.16-14.46.57:098][596]LogModuleManager: Shutting down and abandoning module Messaging (30)
[2014.08.16-14.46.57:098][596]LogModuleManager: Shutting down and abandoning module IOSTargetPlatform (29)
[2014.08.16-14.46.57:098][596]LogModuleManager: Shutting down and abandoning module Android_PVRTCTargetPlatform (28)
[2014.08.16-14.46.57:098][596]LogModuleManager: Shutting down and abandoning module Android_ETC2TargetPlatform (27)
[2014.08.16-14.46.57:098][596]LogModuleManager: Shutting down and abandoning module Android_ETC1TargetPlatform (26)
[2014.08.16-14.46.57:098][596]LogModuleManager: Shutting down and abandoning module Android_DXTTargetPlatform (25)
[2014.08.16-14.46.57:098][596]LogModuleManager: Shutting down and abandoning module Android_ATCTargetPlatform (24)
[2014.08.16-14.46.57:098][596]LogModuleManager: Shutting down and abandoning module AndroidTargetPlatform (23)
[2014.08.16-14.46.57:098][596]LogModuleManager: Shutting down and abandoning module WindowsTargetPlatform (22)
[2014.08.16-14.46.57:098][596]LogModuleManager: Shutting down and abandoning module WindowsServerTargetPlatform (21)
[2014.08.16-14.46.57:098][596]LogModuleManager: Shutting down and abandoning module WindowsNoEditorTargetPlatform (20)
[2014.08.16-14.46.57:098][596]LogModuleManager: Shutting down and abandoning module WindowsClientTargetPlatform (19)
[2014.08.16-14.46.57:098][596]LogModuleManager: Shutting down and abandoning module TargetPlatform (18)
[2014.08.16-14.46.57:098][596]LogModuleManager: Shutting down and abandoning module InputCore (17)
[2014.08.16-14.46.57:098][596]LogModuleManager: Shutting down and abandoning module Settings (16)
[2014.08.16-14.46.57:098][596]LogModuleManager: Shutting down and abandoning module ExampleDeviceProfileSelector (13)
[2014.08.16-14.46.57:098][596]LogModuleManager: Shutting down and abandoning module TextureCompressor (12)
[2014.08.16-14.46.57:098][596]LogModuleManager: Shutting down and abandoning module ShaderCore (11)
[2014.08.16-14.46.57:098][596]LogModuleManager: Shutting down and abandoning module OpenGLDrv (10)
[2014.08.16-14.46.57:098][596]LogModuleManager: Shutting down and abandoning module D3D11RHI (9)
[2014.08.16-14.46.57:098][596]LogModuleManager: Shutting down and abandoning module SlateRHIRenderer (8)
[2014.08.16-14.46.57:098][596]LogModuleManager: Shutting down and abandoning module Renderer (7)
[2014.08.16-14.46.57:098][596]LogModuleManager: Shutting down and abandoning module Engine (6)
[2014.08.16-14.46.57:098][596]LogModuleManager: Shutting down and abandoning module CoreUObject (5)
[2014.08.16-14.46.57:098][596]LogModuleManager: Shutting down and abandoning module NetworkFile (4)
[2014.08.16-14.46.57:098][596]LogModuleManager: Shutting down and abandoning module StreamingFile (3)
[2014.08.16-14.46.57:098][596]LogModuleManager: Shutting down and abandoning module SandboxFile (2)
[2014.08.16-14.46.57:098][596]LogModuleManager: Shutting down and abandoning module PakFile (1)
[2014.08.16-14.46.57:099][596]LogExit: Exiting.
[2014.08.16-14.46.57:244][596]Log file closed, 08/16/14 15:46:57
