Log file open, 08/17/14 13:01:07
LogInit:Display: Running engine for game: WhiteBoard
LogInit: Version: 4.4.0-2255576+++depot+UE4-Releases+4.4
LogInit: API Version: 2255576
LogInit: Compiled (64-bit): Aug 13 2014 22:39:32
LogInit: Build Configuration: Development
LogInit: Branch Name: ++depot+UE4-Releases+4.4
LogInit: Command line:  
LogInit: Base directory: C:/Program Files/Unreal Engine/4.4/Engine/Binaries/Win64/
LogInit: Rocket: 1
[2014.08.17-12.01.07:623][  0]LogTaskGraph: Started task graph with 3 named threads and 4 total threads.
[2014.08.17-12.01.07:648][  0]LogOnline:Warning: No default platform service specified for OnlineSubsystem
[2014.08.17-12.01.07:653][  0]LogInit: Presizing for 0 objects not considered by GC, pre-allocating 0 bytes.
[2014.08.17-12.01.07:659][  0]LogInit: Object subsystem initialized
[2014.08.17-12.01.07:660][  0]LogInit: Selected Device Profile: [Windows]
[2014.08.17-12.01.07:660][  0]LogInit: Applying CVar settings loaded from the selected device profile: [Windows]
[2014.08.17-12.01.07:662][  0]LogInit: Computer: CRAIG-DEV-PC
[2014.08.17-12.01.07:663][  0]LogInit: User: CraigDev
[2014.08.17-12.01.07:663][  0]LogInit: CPU Page size=4096, Cores=4
[2014.08.17-12.01.07:663][  0]LogInit: High frequency timer resolution =3.419970 MHz
[2014.08.17-12.01.07:663][  0]LogMemory: Memory total: Physical=7.9GB (8GB approx) Virtual=8192.0GB
[2014.08.17-12.01.07:663][  0]LogMemory: Platform Memory Stats for Windows
[2014.08.17-12.01.07:663][  0]LogMemory: Process Physical Memory: 60.74 MB used, 60.74 MB peak
[2014.08.17-12.01.07:663][  0]LogMemory: Process Virtual Memory: 36.89 MB used, 36.89 MB peak
[2014.08.17-12.01.07:663][  0]LogMemory: Physical Memory: 2296.50 MB used, 8137.07 MB total
[2014.08.17-12.01.07:663][  0]LogMemory: Virtual Memory: 248.25 MB used, 8388608.00 MB total
[2014.08.17-12.01.07:678][  0]LogD3D11RHI: Found D3D11 adapter 0: AMD Radeon HD 7800 Series (Feature Level 11_0)
[2014.08.17-12.01.07:678][  0]LogD3D11RHI: Adapter has 2030MB of dedicated video memory, 0MB of dedicated system memory, and 3812MB of shared system memory, 1 output[s]
[2014.08.17-12.01.07:678][  0]LogD3D11RHI: Chosen D3D11 Adapter Id = 0
[2014.08.17-12.01.07:681][  0]LogRHI: Texture pool is 1361 MB (70% of 1945 MB)
[2014.08.17-12.01.07:684][  0]LogD3D11RHI: Async texture creation disabled: no driver support
[2014.08.17-12.01.07:766][  0]LogContentStreaming: Texture pool size is 0.000000MB
[2014.08.17-12.01.08:834][  0]LogTargetPlatformManager:Display: Building Assets For Windows
[2014.08.17-12.01.09:091][  0]LogTargetPlatformManager:Display: Building Assets For Windows
[2014.08.17-12.01.09:115][  0]LogDerivedDataCache:Display: Max Cache Size: 512 MB
[2014.08.17-12.01.09:146][  0]LogDerivedDataCache: Loaded boot cache 0.03s 39MB C:/Users/Craig-Dev/AppData/Local/UnrealEngine/4.4/DerivedDataCache/Boot.ddc.
[2014.08.17-12.01.09:146][  0]LogDerivedDataCache:Display: Loaded Boot cache: C:/Users/Craig-Dev/AppData/Local/UnrealEngine/4.4/DerivedDataCache/Boot.ddc
[2014.08.17-12.01.09:146][  0]LogDerivedDataCache: FDerivedDataBackendGraph:  Pak pak cache file ../../../../../../Users/Craig-Dev/Documents/Unreal Projects/WhiteBoard/DerivedDataCache/DDC.ddp not found, will not use a pak cache.
[2014.08.17-12.01.09:146][  0]LogDerivedDataCache: Unable to find inner node Pak for hierarchical cache Hierarchy.
[2014.08.17-12.01.09:159][  0]LogDerivedDataCache:Display: Pak cache opened for reading ../../../Engine/DerivedDataCache/DDC.ddp.
[2014.08.17-12.01.09:170][  0]LogDerivedDataCache: Using Local data cache path C:/Users/Craig-Dev/AppData/Local/UnrealEngine/4.4/DerivedDataCache: Writable
[2014.08.17-12.01.09:276][  0]LogMeshUtilities: No automatic mesh reduction module available
[2014.08.17-12.01.09:276][  0]LogMeshUtilities: No automatic mesh merging module available
[2014.08.17-12.01.09:489][  0]LogInit: WinSock: version 1.1 (2.2), MaxSocks=32767, MaxUdp=65467
[2014.08.17-12.01.09:942][  0]LogStats:Warning: MetaData mismatch. Did you assign a stat to two groups? New //STATGROUP_Threads//FMonitoredProcess///Thread_b84_0///////STATCAT_Advanced//// old //STATGROUP_Threads//FMonitoredProcess///Thread_6d8_0///////STATCAT_Advanced////
[2014.08.17-12.01.09:942][  0]UdpMessaging: Initializing bridge on interface 0.0.0.0:0 to multicast group 230.0.0.1:6666.
[2014.08.17-12.01.10:022][  0]SourceControl: Info Source control is disabled
[2014.08.17-12.01.10:022][  0]SourceControl: Info Source control is disabled
[2014.08.17-12.01.10:025][  0]SourceControl: Info Source control is disabled
[2014.08.17-12.01.10:124][  0]BlueprintLog: New page: Editor Load
[2014.08.17-12.01.10:178][  0]LogObj: 21438 objects as part of root set at end of initial load.
[2014.08.17-12.01.10:178][  0]LogUObjectAllocator: 4218648 out of 0 bytes used by permanent object pool.
[2014.08.17-12.01.10:336][  0]LogEngine: Initializing Engine...
[2014.08.17-12.01.10:413][  0]LogInit: XAudio2 using 'Digital Audio (S/PDIF) (High Definition Audio Device)' : 2 channels at 48 kHz using 16 bits per sample (channel mask 0x3)
[2014.08.17-12.01.10:419][  0]LogInit: FAudioDevice initialized.
[2014.08.17-12.01.10:428][  0]LogAIModule: Creating AISystem for world NewWorld
[2014.08.17-12.01.10:446][  0]LogDerivedDataCache: Saved boot cache 0.02s 39MB C:/Users/Craig-Dev/AppData/Local/UnrealEngine/4.4/DerivedDataCache/Boot.ddc.
[2014.08.17-12.01.10:448][  0]LogInit: Texture streaming: Enabled
[2014.08.17-12.01.10:464][  0]LogInit: Transaction tracking system initialized
[2014.08.17-12.01.10:527][  0]LogAssetRegistry: FAssetRegistry took 0.0102 seconds to start up
[2014.08.17-12.01.10:806][  0]LogTargetPlatformManager:Display: Building Assets For Windows
[2014.08.17-12.01.11:019][  0]LogTargetPlatformManager:Display: Building Assets For Windows
[2014.08.17-12.01.11:086][  0]LogConsoleResponse:Display: 
[2014.08.17-12.01.11:182][  0]LogStats:Warning: MetaData mismatch. Did you assign a stat to two groups? New //STATGROUP_Threads//FMonitoredProcess///Thread_4d0_0///////STATCAT_Advanced//// old //STATGROUP_Threads//FMonitoredProcess///Thread_6d8_0///////STATCAT_Advanced////
[2014.08.17-12.01.11:182][  0]LogStats:Warning: MetaData mismatch. Did you assign a stat to two groups? New //STATGROUP_Threads//FMonitoredProcess///Thread_428_0///////STATCAT_Advanced//// old //STATGROUP_Threads//FMonitoredProcess///Thread_6d8_0///////STATCAT_Advanced////
[2014.08.17-12.01.11:182][  0]SourceControl: Info Source control is disabled
[2014.08.17-12.01.11:182][  0]Cmd: MAP LOAD FILE="../../../../../../Users/Craig-Dev/Documents/Unreal Projects/WhiteBoard/Content/Maps/Example_Map.umap" TEMPLATE=0 SHOWPROGRESS=1
[2014.08.17-12.01.11:182][  0]LightingResults: New page: Lighting Build
[2014.08.17-12.01.11:187][  0]MapCheck: New page: Map Check
[2014.08.17-12.01.11:187][  0]LightingResults: New page: Lighting Build
[2014.08.17-12.01.11:197][  0]LogParticles: Destroying 0 GPU particle simulations for FXSystem 0x000000000A3191C0
[2014.08.17-12.01.11:310][  0]LogLinker:Warning: Can't find file '/Game/CCTV_Cam/cctv_Base'
[2014.08.17-12.01.11:310][  0]LogLinker:Warning: Can't find file for asset '/Game/CCTV_Cam/cctv_Base' while loading ../../../../../../Users/Craig-Dev/Documents/Unreal Projects/WhiteBoard/Content/CCTV_Cam/BP_cctv_Camera.uasset.
[2014.08.17-12.01.11:310][  0]LoadErrors:Error: Error /Game/CCTV_Cam/BP_cctv_Camera : Can't find file for asset. /Game/CCTV_Cam/cctv_Base
[2014.08.17-12.01.11:310][  0]LogLinker:Warning: Can't find file '/Game/CCTV_Cam/cctv_Camera'
[2014.08.17-12.01.11:310][  0]LogLinker:Warning: Can't find file for asset '/Game/CCTV_Cam/cctv_Camera' while loading ../../../../../../Users/Craig-Dev/Documents/Unreal Projects/WhiteBoard/Content/CCTV_Cam/BP_cctv_Camera.uasset.
[2014.08.17-12.01.11:310][  0]LoadErrors:Error: Error /Game/CCTV_Cam/BP_cctv_Camera : Can't find file for asset. /Game/CCTV_Cam/cctv_Camera
[2014.08.17-12.01.11:310][  0]LogLinker:Warning: Can't find file '/Game/CCTV_Cam/cctv_Base'
[2014.08.17-12.01.11:310][  0]LogLinker:Warning: Can't find file for asset '/Game/CCTV_Cam/cctv_Base' while loading ../../../../../../Users/Craig-Dev/Documents/Unreal Projects/WhiteBoard/Content/CCTV_Cam/BP_cctv_Camera.uasset.
[2014.08.17-12.01.11:310][  0]LoadErrors:Error: Error /Game/CCTV_Cam/BP_cctv_Camera : Can't find file for asset. /Game/CCTV_Cam/cctv_Base
[2014.08.17-12.01.11:310][  0]LogLinker:Warning: Can't find file '/Game/CCTV_Cam/cctv_Camera'
[2014.08.17-12.01.11:310][  0]LogLinker:Warning: Can't find file for asset '/Game/CCTV_Cam/cctv_Camera' while loading ../../../../../../Users/Craig-Dev/Documents/Unreal Projects/WhiteBoard/Content/CCTV_Cam/BP_cctv_Camera.uasset.
[2014.08.17-12.01.11:311][  0]LoadErrors:Error: Error /Game/CCTV_Cam/BP_cctv_Camera : Can't find file for asset. /Game/CCTV_Cam/cctv_Camera
[2014.08.17-12.01.11:318][  0]LogLinker:Warning: Can't find file '/Game/CCTV_Cam/cctv_Camera'
[2014.08.17-12.01.11:318][  0]LoadErrors: Info Failed to load /Game/CCTV_Cam/cctv_Camera.cctv_Camera Referenced by StaticMeshComponent_28 Property /Script/Engine.StaticMeshComponent:StaticMesh
[2014.08.17-12.01.11:318][  0]LogLinker:Warning: Can't find file for asset '/Game/CCTV_Cam/cctv_Camera' while loading ../../../../../../Users/Craig-Dev/Documents/Unreal Projects/WhiteBoard/Content/Maps/Example_Map.umap.
[2014.08.17-12.01.11:318][  0]LoadErrors: Info Failed to load /Game/CCTV_Cam/cctv_Camera.cctv_Camera Referenced by StaticMeshComponent_28 Property /Script/Engine.StaticMeshComponent:StaticMesh
[2014.08.17-12.01.11:318][  0]LoadErrors:Error: Error /Game/Maps/Example_Map : Can't find file for asset. /Game/CCTV_Cam/cctv_Camera
[2014.08.17-12.01.11:318][  0]LogLinker:Warning: Can't find file '/Game/CCTV_Cam/cctv_Base'
[2014.08.17-12.01.11:318][  0]LoadErrors: Info Failed to load /Game/CCTV_Cam/cctv_Base.cctv_Base Referenced by StaticMeshComponent_31 Property /Script/Engine.StaticMeshComponent:StaticMesh
[2014.08.17-12.01.11:318][  0]LogLinker:Warning: Can't find file for asset '/Game/CCTV_Cam/cctv_Base' while loading ../../../../../../Users/Craig-Dev/Documents/Unreal Projects/WhiteBoard/Content/Maps/Example_Map.umap.
[2014.08.17-12.01.11:319][  0]LoadErrors: Info Failed to load /Game/CCTV_Cam/cctv_Base.cctv_Base Referenced by StaticMeshComponent_31 Property /Script/Engine.StaticMeshComponent:StaticMesh
[2014.08.17-12.01.11:319][  0]LoadErrors:Error: Error /Game/Maps/Example_Map : Can't find file for asset. /Game/CCTV_Cam/cctv_Base
[2014.08.17-12.01.11:395][  0]LogLinker:Warning: Can't find file '/Game/CCTV_Cam/cctv_Base'
[2014.08.17-12.01.11:395][  0]LogLinker:Warning: Can't find file for asset '/Game/CCTV_Cam/cctv_Base' while loading ../../../../../../Users/Craig-Dev/Documents/Unreal Projects/WhiteBoard/Content/Maps/Example_Map.umap.
[2014.08.17-12.01.11:395][  0]LoadErrors:Error: Error /Game/Maps/Example_Map : Can't find file for asset. /Game/CCTV_Cam/cctv_Base
[2014.08.17-12.01.11:395][  0]LogLinker:Warning: Can't find file '/Game/CCTV_Cam/cctv_Camera'
[2014.08.17-12.01.11:395][  0]LogLinker:Warning: Can't find file for asset '/Game/CCTV_Cam/cctv_Camera' while loading ../../../../../../Users/Craig-Dev/Documents/Unreal Projects/WhiteBoard/Content/Maps/Example_Map.umap.
[2014.08.17-12.01.11:395][  0]LoadErrors:Error: Error /Game/Maps/Example_Map : Can't find file for asset. /Game/CCTV_Cam/cctv_Camera
[2014.08.17-12.01.11:396][  0]LogLinker:Warning: Can't find file '/Game/CCTV_Cam/cctv_Base'
[2014.08.17-12.01.11:396][  0]LogLinker:Warning: Can't find file for asset '/Game/CCTV_Cam/cctv_Base' while loading ../../../../../../Users/Craig-Dev/Documents/Unreal Projects/WhiteBoard/Content/Maps/Example_Map.umap.
[2014.08.17-12.01.11:396][  0]LoadErrors:Error: Error /Game/Maps/Example_Map : Can't find file for asset. /Game/CCTV_Cam/cctv_Base
[2014.08.17-12.01.11:396][  0]LogLinker:Warning: Can't find file '/Game/CCTV_Cam/cctv_Camera'
[2014.08.17-12.01.11:396][  0]LogLinker:Warning: Can't find file for asset '/Game/CCTV_Cam/cctv_Camera' while loading ../../../../../../Users/Craig-Dev/Documents/Unreal Projects/WhiteBoard/Content/Maps/Example_Map.umap.
[2014.08.17-12.01.11:396][  0]LoadErrors:Error: Error /Game/Maps/Example_Map : Can't find file for asset. /Game/CCTV_Cam/cctv_Camera
[2014.08.17-12.01.11:405][  0]LogLinker:Warning: Can't find file '/Game/CCTV_Cam/cctv_Base'
[2014.08.17-12.01.11:405][  0]LoadErrors: Info Failed to load /Game/CCTV_Cam/cctv_Base.cctv_Base Referenced by Base Property /Script/Engine.StaticMeshComponent:StaticMesh
[2014.08.17-12.01.11:405][  0]LogLinker:Warning: Can't find file for asset '/Game/CCTV_Cam/cctv_Base' while loading NULL.
[2014.08.17-12.01.11:405][  0]LoadErrors: Info Failed to load /Game/CCTV_Cam/cctv_Base.cctv_Base Referenced by Base Property /Script/Engine.StaticMeshComponent:StaticMesh
[2014.08.17-12.01.11:405][  0]LogLinker:Warning: Can't find file '/Game/CCTV_Cam/cctv_Camera'
[2014.08.17-12.01.11:405][  0]LoadErrors: Info Failed to load /Game/CCTV_Cam/cctv_Camera.cctv_Camera Referenced by Top Property /Script/Engine.StaticMeshComponent:StaticMesh
[2014.08.17-12.01.11:405][  0]LogLinker:Warning: Can't find file for asset '/Game/CCTV_Cam/cctv_Camera' while loading NULL.
[2014.08.17-12.01.11:405][  0]LoadErrors: Info Failed to load /Game/CCTV_Cam/cctv_Camera.cctv_Camera Referenced by Top Property /Script/Engine.StaticMeshComponent:StaticMesh
[2014.08.17-12.01.11:435][  0]LogEditorServer: Finished looking for orphan Actors (0.000 secs)
[2014.08.17-12.01.11:435][  0]LogAIModule: Creating AISystem for world Example_Map
[2014.08.17-12.01.11:435][  0]Cmd: MAP CHECKDEP
[2014.08.17-12.01.11:435][  0]MapCheck: New page: Example_Map - 17 Aug 2014 14:01:11
[2014.08.17-12.01.11:472][  0]MapCheck: Info ========== Map Check: 0 Error(s), 0 Warning(s), [36.502ms] ==========
[2014.08.17-12.01.11:472][  0]LogFileHelpers: Loading map 'Example_Map' took 0.290
[2014.08.17-12.01.11:552][  0]LogCollectionManager: Loaded 0 collections in 0.000614 seconds
[2014.08.17-12.01.11:608][  0]LogCrashTracker: Crashtracker disabled due to settings.
[2014.08.17-12.01.11:641][  0]LogLoad: Full Startup: 4.48 seconds (BP compile: 0.09 seconds)
[2014.08.17-12.01.11:656][  0]LogContentBrowser:Verbose: The content browser source was changed by the sources view to '/Game/CCTV_Cam'
[2014.08.17-12.01.11:746][  0]LogRenderer:Warning: Reallocating scene render targets to support 32x32.
[2014.08.17-12.01.11:792][  0]LogRenderer:Warning: Reallocating scene render targets to support 1128x872.
[2014.08.17-12.01.11:984][  1]LogAssetRegistry: Asset discovery search completed in 1.4675 seconds
[2014.08.17-12.01.23:204][865]LogObjectTools:Warning: ForceReplaceReferences replaced references for a transient object 'SKEL_BP_cctv_Camera_C' or package '/Game/CCTV_Cam/BP_cctv_Camera'.
[2014.08.17-12.01.25:806][991]Cmd: OBJ SAVEPACKAGE PACKAGE="/Game/CCTV_Cam/BP_cctv_Camera" FILE="../../../../../../Users/Craig-Dev/Documents/Unreal Projects/WhiteBoard/Content/CCTV_Cam/BP_cctv_Camera.uasset" SILENT=true
[2014.08.17-12.01.25:826][991]LogSavePackage: Save=2.249143ms
[2014.08.17-12.01.25:826][991]LogSavePackage: Moving '../../../../../../Users/Craig-Dev/Documents/Unreal Projects/WhiteBoard/Saved/BP_cctv_Camera80C63F294A6E266FF10EDB96D367B807.tmp' to '../../../../../../Users/Craig-Dev/Documents/Unreal Projects/WhiteBoard/Content/CCTV_Cam/BP_cctv_Camera.uasset'
[2014.08.17-12.01.27:274][127]LogSavePackage: Save=83.425003ms
[2014.08.17-12.01.27:274][127]LogSavePackage: Moving '../../../../../../Users/Craig-Dev/Documents/Unreal Projects/WhiteBoard/Saved/Example_MapA4DD6AB445742F014372A090A9AF143E.tmp' to '../../../../../../Users/Craig-Dev/Documents/Unreal Projects/WhiteBoard/Content/Maps/Example_Map.umap'
[2014.08.17-12.01.33:437][693]LogContentBrowser:Verbose: The content browser source was changed by the sources view to '/Game/Props'
[2014.08.17-12.01.41:025][326]LogSavePackage: Save=60.040295ms
[2014.08.17-12.01.41:025][326]LogSavePackage: Moving '../../../../../../Users/Craig-Dev/Documents/Unreal Projects/WhiteBoard/Saved/Example_Map46465E6A4A6C9997622562B3F1A9FEDA.tmp' to '../../../../../../Users/Craig-Dev/Documents/Unreal Projects/WhiteBoard/Content/Maps/Example_Map.umap'
[2014.08.17-12.01.41:037][326]LogFileHelpers: Saving map 'Example_Map' took 0.131
[2014.08.17-12.01.56:271][444]AssetRegistry: New page: Content migration completed successfully!
[2014.08.17-12.01.56:272][444]AssetRegistry: Info /Game/Props/clock/Clock_AO
[2014.08.17-12.01.56:272][444]AssetRegistry: Info /Game/Props/clock/Clock_AO_Mat
[2014.08.17-12.01.56:272][444]AssetRegistry: Info /Game/Props/clock/clock_BP
[2014.08.17-12.01.56:272][444]AssetRegistry: Info /Game/Props/clock/clock_Cylinder002
[2014.08.17-12.01.56:272][444]AssetRegistry: Info /Game/FlatTextures/Black
[2014.08.17-12.01.56:272][444]AssetRegistry: Info /Game/FlatTextures/Glass
[2014.08.17-12.01.56:272][444]AssetRegistry: Info /Game/FlatTextures/White
[2014.08.17-12.01.56:272][444]AssetRegistry: Info /Game/Props/clock/clock_Object001
[2014.08.17-12.01.56:272][444]AssetRegistry: Info /Game/Props/clock/clock_Object002
[2014.08.17-12.01.56:272][444]AssetRegistry: Info /Game/Props/clock/clock_Object003
[2014.08.17-12.01.56:272][444]AssetRegistry: Info /Game/FlatTextures/Red3
[2014.08.17-12.02.01:892][863]LogContentBrowser:Verbose: The content browser source was changed by the sources view to 'None'
[2014.08.17-12.02.01:903][863]LogWindows:Error: appError called: Cast of NULL to Blueprint failed
[2014.08.17-12.02.01:903][863]LogWindows:Error: Windows GetLastError: The operation completed successfully. (0)
[2014.08.17-12.02.01:903][863]LogCrashTracker: 


[2014.08.17-12.02.02:165][863]LogCrashTracker: 


[2014.08.17-12.02.02:165][863]LogWindows: === Critical error: ===
Unhandled Exception: 0x00000001

[2014.08.17-12.02.02:165][863]LogWindows: Cast of NULL to Blueprint failed

Address = 0xfcfc940d (filename not found) [in C:\Windows\system32\KERNELBASE.dll]
Address = 0xdffc3a6c (filename not found) [in C:\Program Files\Unreal Engine\4.4\Engine\Binaries\Win64\UE4Editor-Core.dll]
Address = 0xdfe65b1a (filename not found) [in C:\Program Files\Unreal Engine\4.4\Engine\Binaries\Win64\UE4Editor-Core.dll]
Address = 0xdf64765b (filename not found) [in C:\Program Files\Unreal Engine\4.4\Engine\Binaries\Win64\UE4Editor-CoreUObject.dll]
Address = 0xd22b086e (filename not found) [in C:\Program Files\Unreal Engine\4.4\Engine\Binaries\Win64\UE4Editor-AssetTools.dll]
Address = 0xd236e084 (filename not found) [in C:\Program Files\Unreal Engine\4.4\Engine\Binaries\Win64\UE4Editor-AssetTools.dll]
Address = 0xd20b25e6 (filename not found) [in C:\Program Files\Unreal Engine\4.4\Engine\Binaries\Win64\UE4Editor-ContentBrowser.dll]
Address = 0xd20555f1 (filename not found) [in C:\Program Files\Unreal Engine\4.4\Engine\Binaries\Win64\UE4Editor-ContentBrowser.dll]
Address = 0xd200e81e (filename not found) [in C:\Program Files\Unreal Engine\4.4\Engine\Binaries\Win64\UE4Editor-ContentBrowser.dll]
Address = 0xd203d199 (filename not found) [in C:\Program Files\Unreal Engine\4.4\Engine\Binaries\Win64\UE4Editor-ContentBrowser.dll]
Address = 0xd200cf4a (filename not found) [in C:\Program Files\Unreal Engine\4.4\Engine\Binaries\Win64\UE4Editor-ContentBrowser.dll]
Address = 0xd20e73ca (filename not found) [in C:\Program Files\Unreal Engine\4.4\Engine\Binaries\Win64\UE4Editor-ContentBrowser.dll]
Address = 0xd2080f90 (filename not found) [in C:\Program Files\Unreal Engine\4.4\Engine\Binaries\Win64\UE4Editor-ContentBrowser.dll]
Address = 0xd207a7a1 (filename not found) [in C:\Program Files\Unreal Engine\4.4\Engine\Binaries\Win64\UE4Editor-ContentBrowser.dll]
Address = 0xd2096837 (filename not found) [in C:\Program Files\Unreal Engine\4.4\Engine\Binaries\Win64\UE4Editor-ContentBrowser.dll]
Address = 0xd209a0d6 (filename not found) [in C:\Program Files\Unreal Engine\4.4\Engine\Binaries\Win64\UE4Editor-ContentBrowser.dll]
Address = 0xd210e425 (filename not found) [in C:\Program Files\Unreal Engine\4.4\Engine\Binaries\Win64\UE4Editor-ContentBrowser.dll]
Address = 0xdcb82806 (filename not found) [in C:\Program Files\Unreal Engine\4.4\Engine\Binaries\Win64\UE4Editor-Slate.dll]
Address = 0xdcec5022 (filename not found) [in C:\Program Files\Unreal Engine\4.4\Engine\Binaries\Win64\UE4Editor-SlateCore.dll]
Address = 0xdcec50b2 (filename not found) [in C:\Program Files\Unreal Engine\4.4\Engine\Binaries\Win64\UE4Editor-SlateCore.dll]
Address = 0xdcec50b2 (filename not found) [in C:\Program Files\Unreal Engine\4.4\Engine\Binaries\Win64\UE4Editor-SlateCore.dll]
Address = 0xdcec50b2 (filename not found) [in C:\Program Files\Unreal Engine\4.4\Engine\Binaries\Win64\UE4Editor-SlateCore.dll]
Address = 0xdcec50b2 (filename not found) [in C:\Program Files\Unreal Engine\4.4\Engine\Binaries\Win64\UE4Editor-SlateCore.dll]
Address = 0xdcec50b2 (filename not found) [in C:\Program Files\Unreal Engine\4.4\Engine\Binaries\Win64\UE4Editor-SlateCore.dll]
Address = 0xdcec50b2 (filename not found) [in C:\Program Files\Unreal Engine\4.4\Engine\Binaries\Win64\UE4Editor-SlateCore.dll]
Address = 0xdcec50b2 (filename not found) [in C:\Program Files\Unreal Engine\4.4\Engine\Binaries\Win64\UE4Editor-SlateCore.dll]
Address = 0xdcec50b2 (filename not found) [in C:\Program Files\Unreal Engine\4.4\Engine\Binaries\Win64\UE4Editor-SlateCore.dll]
Address = 0xdcec50b2 (filename not found) [in C:\Program Files\Unreal Engine\4.4\Engine\Binaries\Win64\UE4Editor-SlateCore.dll]
Address = 0xdcec50b2 (filename not found) [in C:\Program Files\Unreal Engine\4.4\Engine\Binaries\Win64\UE4Editor-SlateCore.dll]
Address = 0xdcec50b2 (filename not found) [in C:\Program Files\Unreal Engine\4.4\Engine\Binaries\Win64\UE4Editor-SlateCore.dll]
Address = 0xdcec50b2 (filename not found) [in C:\Program Files\Unreal Engine\4.4\Engine\Binaries\Win64\UE4Editor-SlateCore.dll]
Address = 0xdcec50b2 (filename not found) [in C:\Program Files\Unreal Engine\4.4\Engine\Binaries\Win64\UE4Editor-SlateCore.dll]
Address = 0xdcec50b2 (filename not found) [in C:\Program Files\Unreal Engine\4.4\Engine\Binaries\Win64\UE4Editor-SlateCore.dll]
Address = 0xdcec50b2 (filename not found) [in C:\Program Files\Unreal Engine\4.4\Engine\Binaries\Win64\UE4Editor-SlateCore.dll]
Address = 0xdcec50b2 (filename not found) [in C:\Program Files\Unreal Engine\4.4\Engine\Binaries\Win64\UE4Editor-SlateCore.dll]
Address = 0xdcec50b2 (filename not found) [in C:\Program Files\Unreal Engine\4.4\Engine\Binaries\Win64\UE4Editor-SlateCore.dll]
Address = 0xdcec50b2 (filename not found) [in C:\Program Files\Unreal Engine\4.4\Engine\Binaries\Win64\UE4Editor-SlateCore.dll]
Address = 0xdcec50b2 (filename not found) [in C:\Program Files\Unreal Engine\4.4\Engine\Binaries\Win64\UE4Editor-SlateCore.dll]
Address = 0xdcec50b2 (filename not found) [in C:\Program Files\Unreal Engine\4.4\Engine\Binaries\Win64\UE4Editor-SlateCore.dll]
Address = 0xdcec50b2 (filename not found) [in C:\Program Files\Unreal Engine\4.4\Engine\Binaries\Win64\UE4Editor-SlateCore.dll]
Address = 0xdcec50b2 (filename not found) [in C:\Program Files\Unreal Engine\4.4\Engine\Binaries\Win64\UE4Editor-SlateCore.dll]
Address = 0xdcec50b2 (filename not found) [in C:\Program Files\Unreal Engine\4.4\Engine\Binaries\Win64\UE4Editor-SlateCore.dll]
Address = 0xdcec50b2 (filename not found) [in C:\Program Files\Unreal Engine\4.4\Engine\Binaries\Win64\UE4Editor-SlateCore.dll]
Address = 0xdcec50b2 (filename not found) [in C:\Program Files\Unreal Engine\4.4\Engine\Binaries\Win64\UE4Editor-SlateCore.dll]
Address = 0xdcec50b2 (filename not found) [in C:\Program Files\Unreal Engine\4.4\Engine\Binaries\Win64\UE4Editor-SlateCore.dll]
Address = 0xdcec50b2 (filename not found) [in C:\Program Files\Unreal Engine\4.4\Engine\Binaries\Win64\UE4Editor-SlateCore.dll]
Address = 0xdcec50b2 (filename not found) [in C:\Program Files\Unreal Engine\4.4\Engine\Binaries\Win64\UE4Editor-SlateCore.dll]
Address = 0xdcec50b2 (filename not found) [in C:\Program Files\Unreal Engine\4.4\Engine\Binaries\Win64\UE4Editor-SlateCore.dll]
Address = 0xdcec50b2 (filename not found) [in C:\Program Files\Unreal Engine\4.4\Engine\Binaries\Win64\UE4Editor-SlateCore.dll]
Address = 0xdcec50b2 (filename not found) [in C:\Program Files\Unreal Engine\4.4\Engine\Binaries\Win64\UE4Editor-SlateCore.dll]
Address = 0xdcec50b2 (filename not found) [in C:\Program Files\Unreal Engine\4.4\Engine\Binaries\Win64\UE4Editor-SlateCore.dll]
Address = 0xdcec50b2 (filename not found) [in C:\Program Files\Unreal Engine\4.4\Engine\Binaries\Win64\UE4Editor-SlateCore.dll]
Address = 0xdcec50b2 (filename not found) [in C:\Program Files\Unreal Engine\4.4\Engine\Binaries\Win64\UE4Editor-SlateCore.dll]
Address = 0xdcec50b2 (filename not found) [in C:\Program Files\Unreal Engine\4.4\Engine\Binaries\Win64\UE4Editor-SlateCore.dll]
Address = 0xdcec50b2 (filename not found) [in C:\Program Files\Unreal Engine\4.4\Engine\Binaries\Win64\UE4Editor-SlateCore.dll]
Address = 0xdc8fc60d (filename not found) [in C:\Program Files\Unreal Engine\4.4\Engine\Binaries\Win64\UE4Editor-Slate.dll]
Address = 0xdc8fc039 (filename not found) [in C:\Program Files\Unreal Engine\4.4\Engine\Binaries\Win64\UE4Editor-Slate.dll]
FEngineLoop::Tick() 0x3fe76bc5 + 0 bytes [File=d:\buildfarm\buildmachine_++depot+ue4-releases+4.4\engine\source\runtime\launch\private\launchengineloop.cpp:2115] [in C:\Program Files\Unreal Engine\4.4\Engine\Binaries\Win64\UE4Editor.exe]
GuardedMain() 0x3fe6c47c + 0 bytes [File=d:\buildfarm\buildmachine_++depot+ue4-releases+4.4\engine\source\runtime\launch\private\launch.cpp:133] [in C:\Program Files\Unreal Engine\4.4\Engine\Binaries\Win64\UE4Editor.exe]
GuardedMainWrapper() 0x3fe6c4ea + 5 bytes [File=d:\buildfarm\buildmachine_++depot+ue4-releases+4.4\engine\source\runtime\launch\private\windows\launchwindows.cpp:125] [in C:\Program Files\Unreal Engine\4.4\Engine\Binaries\Win64\UE4Editor.exe]
WinMain() 0x3fe781d9 + 17 bytes [File=d:\buildfarm\buildmachine_++depot+ue4-releases+4.4\engine\source\runtime\launch\private\windows\launchwindows.cpp:201] [in C:\Program Files\Unreal Engine\4.4\Engine\Binaries\Win64\UE4Editor.exe]
__tmainCRTStartup() 0x3fe79009 + 21 bytes [File=f:\dd\vctools\crt\crtw32\dllstuff\crtexe.c:618] [in C:\Program Files\Unreal Engine\4.4\Engine\Binaries\Win64\UE4Editor.exe]
Address = 0x76cc59ed (filename not found) [in C:\Windows\system32\kernel32.dll]
Address = 0x76efc541 (filename not found) [in C:\Windows\SYSTEM32\ntdll.dll]
Address = 0x76efc541 (filename not found) [in C:\Windows\SYSTEM32\ntdll.dll]

[2014.08.17-12.02.02:205][863]LogExit: Executing StaticShutdownAfterError
[2014.08.17-12.02.02:210][863]LogWindows: FPlatformMisc::RequestExit(1)
[2014.08.17-12.02.02:210][863]Log file closed, 08/17/14 13:02:02
