Log file open, 08/16/14 22:05:46
LogInit:Display: Running engine for game: WhiteBoard
LogInit: Version: 4.4.0-2255576+++depot+UE4-Releases+4.4
LogInit: API Version: 2255576
LogInit: Compiled (64-bit): Aug 13 2014 22:39:32
LogInit: Build Configuration: Development
LogInit: Branch Name: ++depot+UE4-Releases+4.4
LogInit: Command line: 
LogInit: Base directory: C:/Program Files/Unreal Engine/4.4/Engine/Binaries/Win64/
LogInit: Rocket: 1
[2014.08.16-21.05.46:619][  0]LogTaskGraph: Started task graph with 3 named threads and 4 total threads.
[2014.08.16-21.05.46:643][  0]LogOnline:Warning: No default platform service specified for OnlineSubsystem
[2014.08.16-21.05.46:648][  0]LogInit: Presizing for 0 objects not considered by GC, pre-allocating 0 bytes.
[2014.08.16-21.05.46:653][  0]LogInit: Object subsystem initialized
[2014.08.16-21.05.46:654][  0]LogInit: Selected Device Profile: [Windows]
[2014.08.16-21.05.46:654][  0]LogInit: Applying CVar settings loaded from the selected device profile: [Windows]
[2014.08.16-21.05.46:657][  0]LogInit: Computer: CRAIG-DEV-PC
[2014.08.16-21.05.46:657][  0]LogInit: User: CraigDev
[2014.08.16-21.05.46:657][  0]LogInit: CPU Page size=4096, Cores=4
[2014.08.16-21.05.46:657][  0]LogInit: High frequency timer resolution =3.419960 MHz
[2014.08.16-21.05.46:657][  0]LogMemory: Memory total: Physical=7.9GB (8GB approx) Virtual=8192.0GB
[2014.08.16-21.05.46:657][  0]LogMemory: Platform Memory Stats for Windows
[2014.08.16-21.05.46:657][  0]LogMemory: Process Physical Memory: 60.79 MB used, 60.79 MB peak
[2014.08.16-21.05.46:657][  0]LogMemory: Process Virtual Memory: 36.87 MB used, 36.87 MB peak
[2014.08.16-21.05.46:657][  0]LogMemory: Physical Memory: 2382.57 MB used, 8137.07 MB total
[2014.08.16-21.05.46:657][  0]LogMemory: Virtual Memory: 248.25 MB used, 8388608.00 MB total
[2014.08.16-21.05.46:672][  0]LogD3D11RHI: Found D3D11 adapter 0: AMD Radeon HD 7800 Series (Feature Level 11_0)
[2014.08.16-21.05.46:672][  0]LogD3D11RHI: Adapter has 2030MB of dedicated video memory, 0MB of dedicated system memory, and 3812MB of shared system memory, 1 output[s]
[2014.08.16-21.05.46:672][  0]LogD3D11RHI: Chosen D3D11 Adapter Id = 0
[2014.08.16-21.05.46:675][  0]LogRHI: Texture pool is 1361 MB (70% of 1945 MB)
[2014.08.16-21.05.46:678][  0]LogD3D11RHI: Async texture creation disabled: no driver support
[2014.08.16-21.05.46:760][  0]LogContentStreaming: Texture pool size is 0.000000MB
[2014.08.16-21.05.47:816][  0]LogTargetPlatformManager:Display: Building Assets For Windows
[2014.08.16-21.05.48:071][  0]LogTargetPlatformManager:Display: Building Assets For Windows
[2014.08.16-21.05.48:095][  0]LogDerivedDataCache:Display: Max Cache Size: 512 MB
[2014.08.16-21.05.48:125][  0]LogDerivedDataCache: Loaded boot cache 0.03s 39MB C:/Users/Craig-Dev/AppData/Local/UnrealEngine/4.4/DerivedDataCache/Boot.ddc.
[2014.08.16-21.05.48:125][  0]LogDerivedDataCache:Display: Loaded Boot cache: C:/Users/Craig-Dev/AppData/Local/UnrealEngine/4.4/DerivedDataCache/Boot.ddc
[2014.08.16-21.05.48:125][  0]LogDerivedDataCache: FDerivedDataBackendGraph:  Pak pak cache file ../../../../../../Users/Craig-Dev/Documents/Unreal Projects/WhiteBoard/DerivedDataCache/DDC.ddp not found, will not use a pak cache.
[2014.08.16-21.05.48:125][  0]LogDerivedDataCache: Unable to find inner node Pak for hierarchical cache Hierarchy.
[2014.08.16-21.05.48:139][  0]LogDerivedDataCache:Display: Pak cache opened for reading ../../../Engine/DerivedDataCache/DDC.ddp.
[2014.08.16-21.05.48:149][  0]LogDerivedDataCache: Using Local data cache path C:/Users/Craig-Dev/AppData/Local/UnrealEngine/4.4/DerivedDataCache: Writable
[2014.08.16-21.05.48:258][  0]LogMeshUtilities: No automatic mesh reduction module available
[2014.08.16-21.05.48:258][  0]LogMeshUtilities: No automatic mesh merging module available
[2014.08.16-21.05.48:478][  0]LogInit: WinSock: version 1.1 (2.2), MaxSocks=32767, MaxUdp=65467
[2014.08.16-21.05.48:941][  0]LogStats:Warning: MetaData mismatch. Did you assign a stat to two groups? New //STATGROUP_Threads//FMonitoredProcess///Thread_f1c_0///////STATCAT_Advanced//// old //STATGROUP_Threads//FMonitoredProcess///Thread_b4_0///////STATCAT_Advanced////
[2014.08.16-21.05.48:941][  0]UdpMessaging: Initializing bridge on interface 0.0.0.0:0 to multicast group 230.0.0.1:6666.
[2014.08.16-21.05.49:019][  0]SourceControl: Info Source control is disabled
[2014.08.16-21.05.49:019][  0]SourceControl: Info Source control is disabled
[2014.08.16-21.05.49:023][  0]SourceControl: Info Source control is disabled
[2014.08.16-21.05.49:121][  0]BlueprintLog: New page: Editor Load
[2014.08.16-21.05.49:175][  0]LogObj: 21438 objects as part of root set at end of initial load.
[2014.08.16-21.05.49:175][  0]LogUObjectAllocator: 4218648 out of 0 bytes used by permanent object pool.
[2014.08.16-21.05.49:333][  0]LogEngine: Initializing Engine...
[2014.08.16-21.05.49:411][  0]LogInit: XAudio2 using 'Digital Audio (S/PDIF) (High Definition Audio Device)' : 2 channels at 48 kHz using 16 bits per sample (channel mask 0x3)
[2014.08.16-21.05.49:426][  0]LogInit: FAudioDevice initialized.
[2014.08.16-21.05.49:435][  0]LogAIModule: Creating AISystem for world NewWorld
[2014.08.16-21.05.49:453][  0]LogDerivedDataCache: Saved boot cache 0.02s 39MB C:/Users/Craig-Dev/AppData/Local/UnrealEngine/4.4/DerivedDataCache/Boot.ddc.
[2014.08.16-21.05.49:456][  0]LogInit: Texture streaming: Enabled
[2014.08.16-21.05.49:471][  0]LogInit: Transaction tracking system initialized
[2014.08.16-21.05.49:532][  0]LogAssetRegistry: FAssetRegistry took 0.0098 seconds to start up
[2014.08.16-21.05.49:820][  0]LogTargetPlatformManager:Display: Building Assets For Windows
[2014.08.16-21.05.50:043][  0]LogTargetPlatformManager:Display: Building Assets For Windows
[2014.08.16-21.05.50:109][  0]LogConsoleResponse:Display: 
[2014.08.16-21.05.50:204][  0]LogStats:Warning: MetaData mismatch. Did you assign a stat to two groups? New //STATGROUP_Threads//FMonitoredProcess///Thread_f20_0///////STATCAT_Advanced//// old //STATGROUP_Threads//FMonitoredProcess///Thread_b4_0///////STATCAT_Advanced////
[2014.08.16-21.05.50:204][  0]LogStats:Warning: MetaData mismatch. Did you assign a stat to two groups? New //STATGROUP_Threads//FMonitoredProcess///Thread_bcc_0///////STATCAT_Advanced//// old //STATGROUP_Threads//FMonitoredProcess///Thread_b4_0///////STATCAT_Advanced////
[2014.08.16-21.05.50:204][  0]SourceControl: Info Source control is disabled
[2014.08.16-21.05.50:204][  0]Cmd: MAP LOAD FILE="../../../../../../Users/Craig-Dev/Documents/Unreal Projects/WhiteBoard/Content/Maps/Example_Map.umap" TEMPLATE=0 SHOWPROGRESS=1
[2014.08.16-21.05.50:204][  0]LightingResults: New page: Lighting Build
[2014.08.16-21.05.50:209][  0]MapCheck: New page: Map Check
[2014.08.16-21.05.50:209][  0]LightingResults: New page: Lighting Build
[2014.08.16-21.05.50:219][  0]LogParticles: Destroying 0 GPU particle simulations for FXSystem 0x000000001050D1C0
[2014.08.16-21.05.50:441][  0]LogEditorServer: Finished looking for orphan Actors (0.000 secs)
[2014.08.16-21.05.50:442][  0]LogAIModule: Creating AISystem for world Example_Map
[2014.08.16-21.05.50:442][  0]Cmd: MAP CHECKDEP
[2014.08.16-21.05.50:442][  0]MapCheck: New page: Example_Map - 16 Aug 2014 23:05:50
[2014.08.16-21.05.50:479][  0]MapCheck: Info ========== Map Check: 0 Error(s), 0 Warning(s), [36.587ms] ==========
[2014.08.16-21.05.50:479][  0]LogFileHelpers: Loading map 'Example_Map' took 0.274
[2014.08.16-21.05.50:556][  0]LogCollectionManager: Loaded 0 collections in 0.000622 seconds
[2014.08.16-21.05.50:564][  0]LogContentBrowser:Verbose: The content browser source was changed by the sources view to '/Game'
[2014.08.16-21.05.50:610][  0]LogCrashTracker: Crashtracker disabled due to settings.
[2014.08.16-21.05.50:667][  0]LogLoad: Full Startup: 4.54 seconds (BP compile: 0.08 seconds)
[2014.08.16-21.05.50:763][  0]LogRenderer:Warning: Reallocating scene render targets to support 32x32.
[2014.08.16-21.05.50:807][  0]LogRenderer:Warning: Reallocating scene render targets to support 1128x896.
[2014.08.16-21.05.51:053][  1]LogAssetRegistry: Asset discovery search completed in 1.5318 seconds
[2014.08.16-21.05.52:981][175]LogEditorViewport: Clicking on Actor (LMB): BP_WhiteBoard_C (BP_WhiteBoard)
[2014.08.16-21.05.57:925][467]LogPlayLevel: PIE:  No blueprints needed recompiling
[2014.08.16-21.05.57:925][467]PIE: New page: PIE session: Example_Map (16 Aug 2014 23:05:57)
[2014.08.16-21.05.57:950][467]LogPlayLevel: PIE: StaticDuplicateObject took: (0.024791s)
[2014.08.16-21.05.57:951][467]LogPlayLevel: PIE: World Init took: (0.000674s)
[2014.08.16-21.05.57:951][467]LogPlayLevel: PIE: Created PIE world by copying editor world from /Game/Maps/Example_Map.Example_Map to /Game/Maps/UEDPIE_0_Example_Map.Example_Map (0.026280s)
[2014.08.16-21.05.58:191][467]BlueprintLog:Warning: Warning Blueprint MyProjectile has been migrated and requires re-saving to avoid import errors
[2014.08.16-21.05.58:192][467]BlueprintLog:Warning: Warning Blueprint MyCharacter has been migrated and requires re-saving to avoid import errors
[2014.08.16-21.05.58:192][467]BlueprintLog:Warning: Warning Blueprint MyGame has been migrated and requires re-saving to avoid import errors
[2014.08.16-21.05.58:192][467]LogWorld: Game class is 'MyGame_C'
[2014.08.16-21.05.58:193][467]LogAIModule: Creating AISystem for world Example_Map
[2014.08.16-21.05.58:195][467]LogWorld: Bringing World /Game/Maps/UEDPIE_0_Example_Map.Example_Map up for play (max tick rate 0) at 2014.08.16-22.05.58
[2014.08.16-21.05.58:195][467]LogWorld: Bringing up level for play took: 0.001913
[2014.08.16-21.05.58:199][467]PIE: Info Play in editor start time for /Game/Maps/UEDPIE_0_Example_Map -0.028
[2014.08.16-21.05.58:220][467]LogRenderer:Warning: Reallocating scene render targets to support 1296x896.
[2014.08.16-21.05.58:257][467]LogRenderer:Warning: Reallocating scene render targets to support 1296x904.
[2014.08.16-21.06.07:279][433]LogParticles: Destroying 0 GPU particle simulations for FXSystem 0x000000000C00BF60
[2014.08.16-21.06.11:793][731]LogPlayLevel: PIE:  No blueprints needed recompiling
[2014.08.16-21.06.11:793][731]PIE: New page: PIE session: Example_Map (16 Aug 2014 23:06:11)
[2014.08.16-21.06.11:811][731]LogPlayLevel: PIE: StaticDuplicateObject took: (0.017503s)
[2014.08.16-21.06.11:812][731]LogPlayLevel: PIE: World Init took: (0.001064s)
[2014.08.16-21.06.11:812][731]LogPlayLevel: PIE: Created PIE world by copying editor world from /Game/Maps/Example_Map.Example_Map to /Game/Maps/UEDPIE_0_Example_Map.Example_Map (0.018727s)
[2014.08.16-21.06.11:860][731]LogWorld: Game class is 'MyGame_C'
[2014.08.16-21.06.11:861][731]LogAIModule: Creating AISystem for world Example_Map
[2014.08.16-21.06.11:863][731]LogWorld: Bringing World /Game/Maps/UEDPIE_0_Example_Map.Example_Map up for play (max tick rate 0) at 2014.08.16-22.06.11
[2014.08.16-21.06.11:863][731]LogWorld: Bringing up level for play took: 0.001802
[2014.08.16-21.06.11:864][731]PIE: Info Play in editor start time for /Game/Maps/UEDPIE_0_Example_Map -0.362
[2014.08.16-21.06.20:899][701]LogParticles: Destroying 0 GPU particle simulations for FXSystem 0x000000000A1FD6C0
[2014.08.16-21.06.33:452][527]Cmd: DELETE
[2014.08.16-21.06.33:452][527]Cmd: ACTOR DELETE
[2014.08.16-21.06.33:453][527]LogEditorActor: Deleted Actor: DecalActor
[2014.08.16-21.06.33:467][527]LogEditorActor: Deleted 1 Actors (0.014 secs)
[2014.08.16-21.08.47:805][128]LogEditorViewport: Clicking on Actor (LMB): BP_WhiteBoard_C (BP_WhiteBoard)
[2014.08.16-21.08.59:230][730]LogSlate:Warning: GetFontFace failed to load or process 'Roboto-Regular'
[2014.08.16-21.08.59:230][730]LogSlate:Warning: GetFontFace failed to load or process 'Roboto-Regular'
[2014.08.16-21.08.59:232][730]LogSlate:Warning: GetFontFace failed to load or process 'Roboto-Regular'
[2014.08.16-21.08.59:232][730]LogSlate:Warning: GetFontFace failed to load or process 'Roboto-Regular'
[2014.08.16-21.08.59:232][730]LogSlate:Warning: GetFontFace failed to load or process 'Roboto-Regular'
[2014.08.16-21.08.59:232][730]LogSlate:Warning: GetFontFace failed to load or process 'Roboto-Regular'
[2014.08.16-21.08.59:233][730]LogSlate:Warning: GetFontFace failed to load or process 'Roboto-Regular'
[2014.08.16-21.08.59:233][730]LogSlate:Warning: GetFontFace failed to load or process 'Roboto-Regular'
[2014.08.16-21.08.59:233][730]LogSlate:Warning: GetFontFace failed to load or process 'Roboto-Regular'
[2014.08.16-21.08.59:233][730]LogSlate:Warning: GetFontFace failed to load or process 'Roboto-Regular'
[2014.08.16-21.08.59:233][730]LogSlate:Warning: GetFontFace failed to load or process 'Roboto-Regular'
[2014.08.16-21.08.59:233][730]LogSlate:Warning: GetFontFace failed to load or process 'Roboto-Regular'
[2014.08.16-21.08.59:233][730]LogSlate:Warning: GetFontFace failed to load or process 'Roboto-Regular'
[2014.08.16-21.08.59:233][730]LogSlate:Warning: GetFontFace failed to load or process 'Roboto-Regular'
[2014.08.16-21.08.59:233][730]LogSlate:Warning: GetFontFace failed to load or process 'Roboto-Regular'
[2014.08.16-21.08.59:233][730]LogSlate:Warning: GetFontFace failed to load or process 'Roboto-Regular'
[2014.08.16-21.08.59:233][730]LogSlate:Warning: GetFontFace failed to load or process 'Roboto-Regular'
[2014.08.16-21.08.59:233][730]LogSlate:Warning: GetFontFace failed to load or process 'Roboto-Regular'
[2014.08.16-21.09.07:223][176]LogSlate:Warning: GetFontFace failed to load or process 'Roboto-Regular'
[2014.08.16-21.09.07:223][176]LogSlate:Warning: GetFontFace failed to load or process 'Roboto-Regular'
[2014.08.16-21.09.07:224][176]LogSlate:Warning: GetFontFace failed to load or process 'Roboto-Regular'
[2014.08.16-21.09.07:224][176]LogSlate:Warning: GetFontFace failed to load or process 'Roboto-Regular'
[2014.08.16-21.09.31:400][421]LogUObjectGlobals:Warning: Failed to find object 'Object None.'
[2014.08.16-21.09.45:105][165]LogSlate:Warning: GetFontFace failed to load or process 'Roboto-Regular'
[2014.08.16-21.09.45:106][165]LogSlate:Warning: GetFontFace failed to load or process 'Roboto-Regular'
[2014.08.16-21.09.45:106][165]LogSlate:Warning: GetFontFace failed to load or process 'Roboto-Regular'
[2014.08.16-21.09.45:106][165]LogSlate:Warning: GetFontFace failed to load or process 'Roboto-Regular'
[2014.08.16-21.09.45:106][165]LogSlate:Warning: GetFontFace failed to load or process 'Roboto-Regular'
[2014.08.16-21.09.45:106][165]LogSlate:Warning: GetFontFace failed to load or process 'Roboto-Regular'
[2014.08.16-21.09.45:106][165]LogSlate:Warning: GetFontFace failed to load or process 'Roboto-Regular'
[2014.08.16-21.09.45:106][165]LogSlate:Warning: GetFontFace failed to load or process 'Roboto-Regular'
[2014.08.16-21.09.55:395][701]BlueprintLog: New page: Compile BP_WhiteBoard
[2014.08.16-21.09.55:541][701]BlueprintEditorCompileResults: Info [0249.30] Compile of BP_WhiteBoard successful! [in 7 ms]
[2014.08.16-21.09.56:290][723]Cmd: OBJ SAVEPACKAGE PACKAGE="/Game/WhiteBoard/BP_WhiteBoard" FILE="../../../../../../Users/Craig-Dev/Documents/Unreal Projects/WhiteBoard/Content/WhiteBoard/BP_WhiteBoard.uasset" SILENT=true
[2014.08.16-21.09.56:643][723]LogSavePackage: Save=344.287659ms
[2014.08.16-21.09.56:643][723]LogSavePackage: Moving '../../../../../../Users/Craig-Dev/Documents/Unreal Projects/WhiteBoard/Saved/BP_WhiteBoard40D435464BFD78E1A6A9109F982E9D07.tmp' to '../../../../../../Users/Craig-Dev/Documents/Unreal Projects/WhiteBoard/Content/WhiteBoard/BP_WhiteBoard.uasset'
[2014.08.16-21.09.58:636][837]LogPlayLevel: PIE:  No blueprints needed recompiling
[2014.08.16-21.09.58:636][837]PIE: New page: PIE session: Example_Map (16 Aug 2014 23:09:58)
[2014.08.16-21.09.58:652][837]LogPlayLevel: PIE: StaticDuplicateObject took: (0.016165s)
[2014.08.16-21.09.58:653][837]LogPlayLevel: PIE: World Init took: (0.000934s)
[2014.08.16-21.09.58:653][837]LogPlayLevel: PIE: Created PIE world by copying editor world from /Game/Maps/Example_Map.Example_Map to /Game/Maps/UEDPIE_0_Example_Map.Example_Map (0.017258s)
[2014.08.16-21.09.58:702][837]LogWorld: Game class is 'MyGame_C'
[2014.08.16-21.09.58:704][837]LogAIModule: Creating AISystem for world Example_Map
[2014.08.16-21.09.58:705][837]LogWorld: Bringing World /Game/Maps/UEDPIE_0_Example_Map.Example_Map up for play (max tick rate 0) at 2014.08.16-22.09.58
[2014.08.16-21.09.58:706][837]LogWorld: Bringing up level for play took: 0.001847
[2014.08.16-21.09.58:707][837]PIE: Info Play in editor start time for /Game/Maps/UEDPIE_0_Example_Map 0.478
[2014.08.16-21.10.23:244][467]LogParticles: Destroying 0 GPU particle simulations for FXSystem 0x0000000011010EA0
[2014.08.16-21.10.51:805][ 50]LogSlate:Warning: GetFontFace failed to load or process 'Roboto-Regular'
[2014.08.16-21.10.51:805][ 50]LogSlate:Warning: GetFontFace failed to load or process 'Roboto-Regular'
[2014.08.16-21.10.51:805][ 50]LogSlate:Warning: GetFontFace failed to load or process 'Roboto-Regular'
[2014.08.16-21.10.51:805][ 50]LogSlate:Warning: GetFontFace failed to load or process 'Roboto-Regular'
[2014.08.16-21.10.51:805][ 50]LogSlate:Warning: GetFontFace failed to load or process 'Roboto-Regular'
[2014.08.16-21.10.51:805][ 50]LogSlate:Warning: GetFontFace failed to load or process 'Roboto-Regular'
[2014.08.16-21.10.51:805][ 50]LogSlate:Warning: GetFontFace failed to load or process 'Roboto-Regular'
[2014.08.16-21.10.51:805][ 50]LogSlate:Warning: GetFontFace failed to load or process 'Roboto-Regular'
[2014.08.16-21.11.45:755][921]BlueprintLog: New page: Compile BP_WhiteBoard
[2014.08.16-21.11.45:880][921]BlueprintEditorCompileResults: Info [0359.66] Compile of BP_WhiteBoard successful! [in 7 ms]
[2014.08.16-21.11.46:596][941]Cmd: OBJ SAVEPACKAGE PACKAGE="/Game/WhiteBoard/BP_WhiteBoard" FILE="../../../../../../Users/Craig-Dev/Documents/Unreal Projects/WhiteBoard/Content/WhiteBoard/BP_WhiteBoard.uasset" SILENT=true
[2014.08.16-21.11.46:932][941]LogSavePackage: Save=328.895660ms
[2014.08.16-21.11.46:932][941]LogSavePackage: Moving '../../../../../../Users/Craig-Dev/Documents/Unreal Projects/WhiteBoard/Saved/BP_WhiteBoard4F0E5B914EE367B879B1A9A02D7EF20C.tmp' to '../../../../../../Users/Craig-Dev/Documents/Unreal Projects/WhiteBoard/Content/WhiteBoard/BP_WhiteBoard.uasset'
[2014.08.16-21.11.49:864][110]LogParticles: Destroying 0 GPU particle simulations for FXSystem 0x0000000021C1F240
[2014.08.16-21.11.49:960][110]LogSavePackage: Save=82.524940ms
[2014.08.16-21.11.49:960][110]LogSavePackage: Moving '../../../../../../Users/Craig-Dev/Documents/Unreal Projects/WhiteBoard/Saved/Example_Map239C718D4336BB79435C83BF937C1771.tmp' to '../../../../../../Users/Craig-Dev/Documents/Unreal Projects/WhiteBoard/Content/Maps/Example_Map.umap'
[2014.08.16-21.11.53:715][314]Cmd: QUIT_EDITOR
[2014.08.16-21.11.53:808][314]LogWindowsTextInputMethodSystem:Error: Terminating failed while unadvising the language notification sink from the TSF source.
[2014.08.16-21.11.53:809][314]LogExit: Preparing to exit.
[2014.08.16-21.11.54:081][314]LogExit: Editor shut down
[2014.08.16-21.11.54:081][314]LogExit: Transaction tracking system shut down
[2014.08.16-21.11.54:082][314]LogParticles: Destroying 0 GPU particle simulations for FXSystem 0x0000000011BDC4A0
[2014.08.16-21.11.54:082][314]LogParticles: Destroying 0 GPU particle simulations for FXSystem 0x000000000C1AA3E0
[2014.08.16-21.11.54:099][314]LogExit: Object subsystem successfully closed.
[2014.08.16-21.11.54:121][314]LogModuleManager: Shutting down and abandoning module AndroidDeviceDetection (161)
[2014.08.16-21.11.54:996][314]LogModuleManager: Shutting down and abandoning module HTTP (160)
[2014.08.16-21.11.54:996][314]LogModuleManager: Shutting down and abandoning module CrashTracker (159)
[2014.08.16-21.11.54:996][314]LogModuleManager: Shutting down and abandoning module SuperSearch (158)
[2014.08.16-21.11.54:996][314]LogModuleManager: Shutting down and abandoning module SceneOutliner (157)
[2014.08.16-21.11.54:996][314]LogModuleManager: Shutting down and abandoning module EditorWidgets (156)
[2014.08.16-21.11.54:996][314]LogModuleManager: Shutting down and abandoning module CollectionManager (155)
[2014.08.16-21.11.54:996][314]LogModuleManager: Shutting down and abandoning module StatsViewer (154)
[2014.08.16-21.11.54:996][314]LogModuleManager: Shutting down and abandoning module FoliageEdit (153)
[2014.08.16-21.11.54:996][314]LogModuleManager: Shutting down and abandoning module LandscapeEditor (152)
[2014.08.16-21.11.54:996][314]LogModuleManager: Shutting down and abandoning module MeshPaint (151)
[2014.08.16-21.11.54:996][314]LogModuleManager: Shutting down and abandoning module ActorPickerMode (150)
[2014.08.16-21.11.54:996][314]LogModuleManager: Shutting down and abandoning module GeometryMode (149)
[2014.08.16-21.11.54:996][314]LogModuleManager: Shutting down and abandoning module TextureAlignMode (148)
[2014.08.16-21.11.54:996][314]LogModuleManager: Shutting down and abandoning module BspMode (147)
[2014.08.16-21.11.54:996][314]LogModuleManager: Shutting down and abandoning module PlacementMode (146)
[2014.08.16-21.11.54:996][314]LogModuleManager: Shutting down and abandoning module DesktopPlatform (145)
[2014.08.16-21.11.54:996][314]LogModuleManager: Shutting down and abandoning module AutomationWorker (144)
[2014.08.16-21.11.54:996][314]LogModuleManager: Shutting down and abandoning module EditorLiveStreaming (143)
[2014.08.16-21.11.54:996][314]LogModuleManager: Shutting down and abandoning module BehaviorTreeEditor (142)
[2014.08.16-21.11.54:996][314]LogModuleManager: Shutting down and abandoning module DeviceProfileEditor (141)
[2014.08.16-21.11.54:996][314]LogModuleManager: Shutting down and abandoning module UndoHistory (140)
[2014.08.16-21.11.54:996][314]LogModuleManager: Shutting down and abandoning module GameplayTagsEditor (139)
[2014.08.16-21.11.54:996][314]LogModuleManager: Shutting down and abandoning module UserFeedback (138)
[2014.08.16-21.11.54:996][314]LogModuleManager: Shutting down and abandoning module XmlParser (137)
[2014.08.16-21.11.54:996][314]LogModuleManager: Shutting down and abandoning module Blutility (136)
[2014.08.16-21.11.54:996][314]LogModuleManager: Shutting down and abandoning module IOSPlatformEditor (135)
[2014.08.16-21.11.54:996][314]LogModuleManager: Shutting down and abandoning module IOSRuntimeSettings (134)
[2014.08.16-21.11.54:996][314]LogModuleManager: Shutting down and abandoning module AndroidPlatformEditor (133)
[2014.08.16-21.11.54:996][314]LogModuleManager: Shutting down and abandoning module AndroidRuntimeSettings (132)
[2014.08.16-21.11.54:996][314]LogModuleManager: Shutting down and abandoning module ProjectTargetPlatformEditor (131)
[2014.08.16-21.11.54:996][314]LogModuleManager: Shutting down and abandoning module ProjectSettingsViewer (130)
[2014.08.16-21.11.54:996][314]LogModuleManager: Shutting down and abandoning module InputBindingEditor (129)
[2014.08.16-21.11.54:996][314]LogModuleManager: Shutting down and abandoning module EditorSettingsViewer (128)
[2014.08.16-21.11.54:996][314]LogModuleManager: Shutting down and abandoning module SettingsEditor (127)
[2014.08.16-21.11.54:996][314]LogModuleManager: Shutting down and abandoning module SessionLauncher (126)
[2014.08.16-21.11.54:996][314]LogModuleManager: Shutting down and abandoning module SessionFrontend (125)
[2014.08.16-21.11.54:996][314]LogModuleManager: Shutting down and abandoning module ProfilerClient (124)
[2014.08.16-21.11.54:996][314]LogModuleManager: Shutting down and abandoning module TargetDeviceServices (123)
[2014.08.16-21.11.54:996][314]LogModuleManager: Shutting down and abandoning module DeviceManager (122)
[2014.08.16-21.11.54:997][314]LogModuleManager: Shutting down and abandoning module AutomationController (121)
[2014.08.16-21.11.54:997][314]LogModuleManager: Shutting down and abandoning module AutomationWindow (120)
[2014.08.16-21.11.54:997][314]LogModuleManager: Shutting down and abandoning module Layers (119)
[2014.08.16-21.11.54:997][314]LogModuleManager: Shutting down and abandoning module ComponentVisualizers (118)
[2014.08.16-21.11.54:997][314]LogModuleManager: Shutting down and abandoning module DetailCustomizations (117)
[2014.08.16-21.11.54:997][314]LogModuleManager: Shutting down and abandoning module PackagesDialog (116)
[2014.08.16-21.11.54:997][314]LogModuleManager: Shutting down and abandoning module DirectoryWatcher (115)
[2014.08.16-21.11.54:997][314]LogModuleManager: Shutting down and abandoning module AssetRegistry (114)
[2014.08.16-21.11.55:032][314]LogModuleManager: Shutting down and abandoning module Persona (113)
[2014.08.16-21.11.55:032][314]LogModuleManager: Shutting down and abandoning module GraphEditor (112)
[2014.08.16-21.11.55:032][314]LogModuleManager: Shutting down and abandoning module ClassViewer (111)
[2014.08.16-21.11.55:032][314]LogModuleManager: Shutting down and abandoning module Toolbox (110)
[2014.08.16-21.11.55:032][314]LogModuleManager: Shutting down and abandoning module ModuleUI (109)
[2014.08.16-21.11.55:032][314]LogModuleManager: Shutting down and abandoning module Sequencer (108)
[2014.08.16-21.11.55:032][314]LogModuleManager: Shutting down and abandoning module MovieSceneTools (107)
[2014.08.16-21.11.55:032][314]LogModuleManager: Shutting down and abandoning module OutputLog (106)
[2014.08.16-21.11.55:032][314]LogModuleManager: Shutting down and abandoning module GammaUI (105)
[2014.08.16-21.11.55:032][314]LogModuleManager: Shutting down and abandoning module Documentation (104)
[2014.08.16-21.11.55:032][314]LogModuleManager: Shutting down and abandoning module GameLiveStreaming (103)
[2014.08.16-21.11.55:032][314]LogModuleManager: Shutting down and abandoning module StreamingPauseRendering (102)
[2014.08.16-21.11.55:032][314]LogModuleManager: Shutting down and abandoning module AnalyticsET (101)
[2014.08.16-21.11.55:032][314]LogModuleManager: Shutting down and abandoning module Analytics (100)
[2014.08.16-21.11.55:032][314]LogModuleManager: Shutting down and abandoning module GameplayDebugger (99)
[2014.08.16-21.11.55:032][314]LogModuleManager: Shutting down and abandoning module AIModule (98)
[2014.08.16-21.11.55:032][314]LogModuleManager: Shutting down and abandoning module ProfilerService (97)
[2014.08.16-21.11.55:206][314]LogModuleManager: Shutting down and abandoning module TaskGraph (96)
[2014.08.16-21.11.55:206][314]LogModuleManager: Shutting down and abandoning module SlateRemote (95)
[2014.08.16-21.11.55:206][314]LogModuleManager: Shutting down and abandoning module ScriptEditorPlugin (94)
[2014.08.16-21.11.55:206][314]LogModuleManager: Shutting down and abandoning module CustomMeshComponent (93)
[2014.08.16-21.11.55:206][314]LogModuleManager: Shutting down and abandoning module CableComponent (92)
[2014.08.16-21.11.55:206][314]LogModuleManager: Shutting down and abandoning module OculusRift (91)
[2014.08.16-21.11.55:206][314]LogModuleManager: Shutting down and abandoning module MessagingDebugger (90)
[2014.08.16-21.11.55:206][314]LogModuleManager: Shutting down and abandoning module ViewportSnapping (89)
[2014.08.16-21.11.55:206][314]LogModuleManager: Shutting down and abandoning module SmartSnapping (88)
[2014.08.16-21.11.55:206][314]LogModuleManager: Shutting down and abandoning module PaperTiledImporter (87)
[2014.08.16-21.11.55:206][314]LogModuleManager: Shutting down and abandoning module PaperJsonImporter (86)
[2014.08.16-21.11.55:206][314]LogModuleManager: Shutting down and abandoning module GameProjectGeneration (85)
[2014.08.16-21.11.55:206][314]LogModuleManager: Shutting down and abandoning module Matinee (84)
[2014.08.16-21.11.55:206][314]LogModuleManager: Shutting down and abandoning module Kismet (83)
[2014.08.16-21.11.55:206][314]LogModuleManager: Shutting down and abandoning module SlateReflector (82)
[2014.08.16-21.11.55:206][314]LogModuleManager: Shutting down and abandoning module LevelEditor (81)
[2014.08.16-21.11.55:207][314]LogModuleManager: Shutting down and abandoning module IntroTutorials (80)
[2014.08.16-21.11.55:207][314]LogModuleManager: Shutting down and abandoning module ContentBrowser (79)
[2014.08.16-21.11.55:207][314]LogModuleManager: Shutting down and abandoning module PropertyEditor (78)
[2014.08.16-21.11.55:207][314]LogModuleManager: Shutting down and abandoning module AssetTools (77)
[2014.08.16-21.11.55:207][314]LogModuleManager: Shutting down and abandoning module Paper2DEditor (76)
[2014.08.16-21.11.55:207][314]LogModuleManager: Shutting down and abandoning module SpeedTreeImporter (75)
[2014.08.16-21.11.55:207][314]LogModuleManager: Shutting down and abandoning module PluginsEditor (74)
[2014.08.16-21.11.55:207][314]LogModuleManager: Shutting down and abandoning module MainFrame (73)
[2014.08.16-21.11.55:207][314]LogModuleManager: Shutting down and abandoning module EpicSurvey (72)
[2014.08.16-21.11.55:207][314]LogModuleManager: Shutting down and abandoning module VisualStudioSourceCodeAccess (71)
[2014.08.16-21.11.55:207][314]LogModuleManager: Shutting down and abandoning module UObjectPlugin (70)
[2014.08.16-21.11.55:207][314]LogModuleManager: Shutting down and abandoning module SubversionSourceControl (69)
[2014.08.16-21.11.55:207][314]LogModuleManager: Shutting down and abandoning module SourceControl (68)
[2014.08.16-21.11.55:207][314]LogModuleManager: Shutting down and abandoning module PerforceSourceControl (67)
[2014.08.16-21.11.55:207][314]LogModuleManager: Shutting down and abandoning module BlankPlugin (66)
[2014.08.16-21.11.55:207][314]LogModuleManager: Shutting down and abandoning module ScriptPlugin (65)
[2014.08.16-21.11.55:207][314]LogModuleManager: Shutting down and abandoning module UdpMessaging (64)
[2014.08.16-21.11.55:307][314]LogModuleManager: Shutting down and abandoning module Paper2D (63)
[2014.08.16-21.11.55:307][314]LogModuleManager: Shutting down and abandoning module WindowsMoviePlayer (62)
[2014.08.16-21.11.55:309][314]LogModuleManager: Shutting down and abandoning module ImageWrapper (61)
[2014.08.16-21.11.55:309][314]LogModuleManager: Shutting down and abandoning module OnlineBlueprintSupport (60)
[2014.08.16-21.11.55:309][314]LogModuleManager: Shutting down and abandoning module FunctionalTesting (59)
[2014.08.16-21.11.55:309][314]LogModuleManager: Shutting down and abandoning module CollisionAnalyzer (58)
[2014.08.16-21.11.55:309][314]LogModuleManager: Shutting down and abandoning module WorkspaceMenuStructure (57)
[2014.08.16-21.11.55:309][314]LogModuleManager: Shutting down and abandoning module MessageLog (56)
[2014.08.16-21.11.55:309][314]LogModuleManager: Shutting down and abandoning module UMGEditor (55)
[2014.08.16-21.11.55:309][314]LogModuleManager: Shutting down and abandoning module UMG (54)
[2014.08.16-21.11.55:309][314]LogModuleManager: Shutting down and abandoning module Slate (53)
[2014.08.16-21.11.55:309][314]LogModuleManager: Shutting down and abandoning module EditorStyle (52)
[2014.08.16-21.11.55:310][314]LogModuleManager: Shutting down and abandoning module SessionServices (51)
[2014.08.16-21.11.55:310][314]LogModuleManager: Shutting down and abandoning module SourceCodeAccess (50)
[2014.08.16-21.11.55:310][314]LogModuleManager: Shutting down and abandoning module HeadMountedDisplay (49)
[2014.08.16-21.11.55:310][314]LogModuleManager: Shutting down and abandoning module XAudio2 (48)
[2014.08.16-21.11.55:310][314]LogModuleManager: Shutting down and abandoning module Networking (46)
[2014.08.16-21.11.55:310][314]LogModuleManager: Shutting down and abandoning module Core (45)
[2014.08.16-21.11.55:310][314]LogModuleManager: Shutting down and abandoning module KismetCompiler (44)
[2014.08.16-21.11.55:310][314]LogModuleManager: Shutting down and abandoning module PhysXFormats (43)
[2014.08.16-21.11.55:310][314]LogModuleManager: Shutting down and abandoning module MeshUtilities (42)
[2014.08.16-21.11.55:310][314]LogModuleManager: Shutting down and abandoning module DerivedDataCache (41)
[2014.08.16-21.11.55:360][314]LogDerivedDataCache: Shutdown
[2014.08.16-21.11.55:360][314]LogModuleManager: Shutting down and abandoning module ShaderFormatOpenGL (40)
[2014.08.16-21.11.55:360][314]LogModuleManager: Shutting down and abandoning module ShaderFormatD3D (39)
[2014.08.16-21.11.55:360][314]LogModuleManager: Shutting down and abandoning module MetalShaderFormat (38)
[2014.08.16-21.11.55:360][314]LogModuleManager: Shutting down and abandoning module TextureFormatUncompressed (37)
[2014.08.16-21.11.55:360][314]LogModuleManager: Shutting down and abandoning module TextureFormatPVR (36)
[2014.08.16-21.11.55:360][314]LogModuleManager: Shutting down and abandoning module TextureFormatDXT (35)
[2014.08.16-21.11.55:360][314]LogModuleManager: Shutting down and abandoning module TextureFormatAndroid (34)
[2014.08.16-21.11.55:360][314]LogModuleManager: Shutting down and abandoning module AudioFormatOpus (33)
[2014.08.16-21.11.55:360][314]LogModuleManager: Shutting down and abandoning module AudioFormatOgg (32)
[2014.08.16-21.11.55:360][314]LogModuleManager: Shutting down and abandoning module AudioFormatADPCM (31)
[2014.08.16-21.11.55:360][314]LogModuleManager: Shutting down and abandoning module Messaging (30)
[2014.08.16-21.11.55:360][314]LogModuleManager: Shutting down and abandoning module IOSTargetPlatform (29)
[2014.08.16-21.11.55:360][314]LogModuleManager: Shutting down and abandoning module Android_PVRTCTargetPlatform (28)
[2014.08.16-21.11.55:360][314]LogModuleManager: Shutting down and abandoning module Android_ETC2TargetPlatform (27)
[2014.08.16-21.11.55:360][314]LogModuleManager: Shutting down and abandoning module Android_ETC1TargetPlatform (26)
[2014.08.16-21.11.55:360][314]LogModuleManager: Shutting down and abandoning module Android_DXTTargetPlatform (25)
[2014.08.16-21.11.55:360][314]LogModuleManager: Shutting down and abandoning module Android_ATCTargetPlatform (24)
[2014.08.16-21.11.55:360][314]LogModuleManager: Shutting down and abandoning module AndroidTargetPlatform (23)
[2014.08.16-21.11.55:360][314]LogModuleManager: Shutting down and abandoning module WindowsTargetPlatform (22)
[2014.08.16-21.11.55:360][314]LogModuleManager: Shutting down and abandoning module WindowsServerTargetPlatform (21)
[2014.08.16-21.11.55:360][314]LogModuleManager: Shutting down and abandoning module WindowsNoEditorTargetPlatform (20)
[2014.08.16-21.11.55:360][314]LogModuleManager: Shutting down and abandoning module WindowsClientTargetPlatform (19)
[2014.08.16-21.11.55:360][314]LogModuleManager: Shutting down and abandoning module TargetPlatform (18)
[2014.08.16-21.11.55:360][314]LogModuleManager: Shutting down and abandoning module InputCore (17)
[2014.08.16-21.11.55:360][314]LogModuleManager: Shutting down and abandoning module Settings (16)
[2014.08.16-21.11.55:360][314]LogModuleManager: Shutting down and abandoning module ExampleDeviceProfileSelector (13)
[2014.08.16-21.11.55:360][314]LogModuleManager: Shutting down and abandoning module TextureCompressor (12)
[2014.08.16-21.11.55:360][314]LogModuleManager: Shutting down and abandoning module ShaderCore (11)
[2014.08.16-21.11.55:360][314]LogModuleManager: Shutting down and abandoning module OpenGLDrv (10)
[2014.08.16-21.11.55:360][314]LogModuleManager: Shutting down and abandoning module D3D11RHI (9)
[2014.08.16-21.11.55:360][314]LogModuleManager: Shutting down and abandoning module SlateRHIRenderer (8)
[2014.08.16-21.11.55:360][314]LogModuleManager: Shutting down and abandoning module Renderer (7)
[2014.08.16-21.11.55:360][314]LogModuleManager: Shutting down and abandoning module Engine (6)
[2014.08.16-21.11.55:360][314]LogModuleManager: Shutting down and abandoning module CoreUObject (5)
[2014.08.16-21.11.55:360][314]LogModuleManager: Shutting down and abandoning module NetworkFile (4)
[2014.08.16-21.11.55:360][314]LogModuleManager: Shutting down and abandoning module StreamingFile (3)
[2014.08.16-21.11.55:360][314]LogModuleManager: Shutting down and abandoning module SandboxFile (2)
[2014.08.16-21.11.55:360][314]LogModuleManager: Shutting down and abandoning module PakFile (1)
[2014.08.16-21.11.55:360][314]LogExit: Exiting.
[2014.08.16-21.11.55:362][314]Log file closed, 08/16/14 22:11:55
