Log file open, 08/17/14 13:07:14
LogInit:Display: Running engine for game: WhiteBoard
LogInit: Version: 4.4.0-2255576+++depot+UE4-Releases+4.4
LogInit: API Version: 2255576
LogInit: Compiled (64-bit): Aug 13 2014 22:39:32
LogInit: Build Configuration: Development
LogInit: Branch Name: ++depot+UE4-Releases+4.4
LogInit: Command line:  
LogInit: Base directory: C:/Program Files/Unreal Engine/4.4/Engine/Binaries/Win64/
LogInit: Rocket: 1
[2014.08.17-12.07.14:023][  0]LogTaskGraph: Started task graph with 3 named threads and 4 total threads.
[2014.08.17-12.07.14:048][  0]LogOnline:Warning: No default platform service specified for OnlineSubsystem
[2014.08.17-12.07.14:053][  0]LogInit: Presizing for 0 objects not considered by GC, pre-allocating 0 bytes.
[2014.08.17-12.07.14:058][  0]LogInit: Object subsystem initialized
[2014.08.17-12.07.14:059][  0]LogInit: Selected Device Profile: [Windows]
[2014.08.17-12.07.14:059][  0]LogInit: Applying CVar settings loaded from the selected device profile: [Windows]
[2014.08.17-12.07.14:062][  0]LogInit: Computer: CRAIG-DEV-PC
[2014.08.17-12.07.14:062][  0]LogInit: User: CraigDev
[2014.08.17-12.07.14:062][  0]LogInit: CPU Page size=4096, Cores=4
[2014.08.17-12.07.14:062][  0]LogInit: High frequency timer resolution =3.419970 MHz
[2014.08.17-12.07.14:063][  0]LogMemory: Memory total: Physical=7.9GB (8GB approx) Virtual=8192.0GB
[2014.08.17-12.07.14:063][  0]LogMemory: Platform Memory Stats for Windows
[2014.08.17-12.07.14:063][  0]LogMemory: Process Physical Memory: 60.76 MB used, 60.76 MB peak
[2014.08.17-12.07.14:063][  0]LogMemory: Process Virtual Memory: 36.89 MB used, 36.89 MB peak
[2014.08.17-12.07.14:063][  0]LogMemory: Physical Memory: 2374.08 MB used, 8137.07 MB total
[2014.08.17-12.07.14:063][  0]LogMemory: Virtual Memory: 248.25 MB used, 8388608.00 MB total
[2014.08.17-12.07.14:077][  0]LogD3D11RHI: Found D3D11 adapter 0: AMD Radeon HD 7800 Series (Feature Level 11_0)
[2014.08.17-12.07.14:077][  0]LogD3D11RHI: Adapter has 2030MB of dedicated video memory, 0MB of dedicated system memory, and 3812MB of shared system memory, 1 output[s]
[2014.08.17-12.07.14:077][  0]LogD3D11RHI: Chosen D3D11 Adapter Id = 0
[2014.08.17-12.07.14:080][  0]LogRHI: Texture pool is 1361 MB (70% of 1945 MB)
[2014.08.17-12.07.14:083][  0]LogD3D11RHI: Async texture creation disabled: no driver support
[2014.08.17-12.07.14:163][  0]LogContentStreaming: Texture pool size is 0.000000MB
[2014.08.17-12.07.15:239][  0]LogTargetPlatformManager:Display: Building Assets For Windows
[2014.08.17-12.07.15:507][  0]LogTargetPlatformManager:Display: Building Assets For Windows
[2014.08.17-12.07.15:531][  0]LogDerivedDataCache:Display: Max Cache Size: 512 MB
[2014.08.17-12.07.15:562][  0]LogDerivedDataCache: Loaded boot cache 0.03s 39MB C:/Users/Craig-Dev/AppData/Local/UnrealEngine/4.4/DerivedDataCache/Boot.ddc.
[2014.08.17-12.07.15:562][  0]LogDerivedDataCache:Display: Loaded Boot cache: C:/Users/Craig-Dev/AppData/Local/UnrealEngine/4.4/DerivedDataCache/Boot.ddc
[2014.08.17-12.07.15:562][  0]LogDerivedDataCache: FDerivedDataBackendGraph:  Pak pak cache file ../../../../../../Users/Craig-Dev/Documents/Unreal Projects/WhiteBoard/DerivedDataCache/DDC.ddp not found, will not use a pak cache.
[2014.08.17-12.07.15:562][  0]LogDerivedDataCache: Unable to find inner node Pak for hierarchical cache Hierarchy.
[2014.08.17-12.07.15:576][  0]LogDerivedDataCache:Display: Pak cache opened for reading ../../../Engine/DerivedDataCache/DDC.ddp.
[2014.08.17-12.07.15:587][  0]LogDerivedDataCache: Using Local data cache path C:/Users/Craig-Dev/AppData/Local/UnrealEngine/4.4/DerivedDataCache: Writable
[2014.08.17-12.07.15:697][  0]LogMeshUtilities: No automatic mesh reduction module available
[2014.08.17-12.07.15:697][  0]LogMeshUtilities: No automatic mesh merging module available
[2014.08.17-12.07.15:906][  0]LogInit: WinSock: version 1.1 (2.2), MaxSocks=32767, MaxUdp=65467
[2014.08.17-12.07.16:360][  0]LogStats:Warning: MetaData mismatch. Did you assign a stat to two groups? New //STATGROUP_Threads//FMonitoredProcess///Thread_e10_0///////STATCAT_Advanced//// old //STATGROUP_Threads//FMonitoredProcess///Thread_430_0///////STATCAT_Advanced////
[2014.08.17-12.07.16:360][  0]UdpMessaging: Initializing bridge on interface 0.0.0.0:0 to multicast group 230.0.0.1:6666.
[2014.08.17-12.07.16:440][  0]SourceControl: Info Source control is disabled
[2014.08.17-12.07.16:440][  0]SourceControl: Info Source control is disabled
[2014.08.17-12.07.16:443][  0]SourceControl: Info Source control is disabled
[2014.08.17-12.07.16:542][  0]BlueprintLog: New page: Editor Load
[2014.08.17-12.07.16:596][  0]LogObj: 21438 objects as part of root set at end of initial load.
[2014.08.17-12.07.16:597][  0]LogUObjectAllocator: 4218648 out of 0 bytes used by permanent object pool.
[2014.08.17-12.07.16:754][  0]LogEngine: Initializing Engine...
[2014.08.17-12.07.16:827][  0]LogInit: XAudio2 using 'Digital Audio (S/PDIF) (High Definition Audio Device)' : 2 channels at 48 kHz using 16 bits per sample (channel mask 0x3)
[2014.08.17-12.07.16:832][  0]LogInit: FAudioDevice initialized.
[2014.08.17-12.07.16:841][  0]LogAIModule: Creating AISystem for world NewWorld
[2014.08.17-12.07.16:859][  0]LogDerivedDataCache: Saved boot cache 0.02s 39MB C:/Users/Craig-Dev/AppData/Local/UnrealEngine/4.4/DerivedDataCache/Boot.ddc.
[2014.08.17-12.07.16:862][  0]LogInit: Texture streaming: Enabled
[2014.08.17-12.07.16:877][  0]LogInit: Transaction tracking system initialized
[2014.08.17-12.07.16:938][  0]LogAssetRegistry: FAssetRegistry took 0.0101 seconds to start up
[2014.08.17-12.07.17:225][  0]LogTargetPlatformManager:Display: Building Assets For Windows
[2014.08.17-12.07.17:438][  0]LogTargetPlatformManager:Display: Building Assets For Windows
[2014.08.17-12.07.17:504][  0]LogConsoleResponse:Display: 
[2014.08.17-12.07.17:599][  0]LogStats:Warning: MetaData mismatch. Did you assign a stat to two groups? New //STATGROUP_Threads//FMonitoredProcess///Thread_b20_0///////STATCAT_Advanced//// old //STATGROUP_Threads//FMonitoredProcess///Thread_430_0///////STATCAT_Advanced////
[2014.08.17-12.07.17:599][  0]LogStats:Warning: MetaData mismatch. Did you assign a stat to two groups? New //STATGROUP_Threads//FMonitoredProcess///Thread_870_0///////STATCAT_Advanced//// old //STATGROUP_Threads//FMonitoredProcess///Thread_430_0///////STATCAT_Advanced////
[2014.08.17-12.07.17:599][  0]SourceControl: Info Source control is disabled
[2014.08.17-12.07.17:599][  0]Cmd: MAP LOAD FILE="../../../../../../Users/Craig-Dev/Documents/Unreal Projects/WhiteBoard/Content/Maps/Example_Map.umap" TEMPLATE=0 SHOWPROGRESS=1
[2014.08.17-12.07.17:599][  0]LightingResults: New page: Lighting Build
[2014.08.17-12.07.17:603][  0]MapCheck: New page: Map Check
[2014.08.17-12.07.17:603][  0]LightingResults: New page: Lighting Build
[2014.08.17-12.07.17:613][  0]LogParticles: Destroying 0 GPU particle simulations for FXSystem 0x0000000011CA91C0
[2014.08.17-12.07.17:839][  0]LogEditorServer: Finished looking for orphan Actors (0.000 secs)
[2014.08.17-12.07.17:839][  0]LogAIModule: Creating AISystem for world Example_Map
[2014.08.17-12.07.17:840][  0]Cmd: MAP CHECKDEP
[2014.08.17-12.07.17:840][  0]MapCheck: New page: Example_Map - 17 Aug 2014 14:07:17
[2014.08.17-12.07.17:876][  0]MapCheck: Info ========== Map Check: 0 Error(s), 0 Warning(s), [36.404ms] ==========
[2014.08.17-12.07.17:876][  0]LogFileHelpers: Loading map 'Example_Map' took 0.277
[2014.08.17-12.07.17:962][  0]LogCollectionManager: Loaded 0 collections in 0.000634 seconds
[2014.08.17-12.07.17:970][  0]LogContentBrowser:Verbose: The content browser source was changed by the sources view to '/Game'
[2014.08.17-12.07.18:017][  0]LogCrashTracker: Crashtracker disabled due to settings.
[2014.08.17-12.07.18:052][  0]LogLoad: Full Startup: 4.49 seconds (BP compile: 0.08 seconds)
[2014.08.17-12.07.18:154][  0]LogRenderer:Warning: Reallocating scene render targets to support 32x32.
[2014.08.17-12.07.18:197][  0]LogRenderer:Warning: Reallocating scene render targets to support 1128x872.
[2014.08.17-12.07.18:378][  1]LogAssetRegistry: Asset discovery search completed in 1.4507 seconds
[2014.08.17-12.07.28:650][980]LogPlayLevel: PIE:  No blueprints needed recompiling
[2014.08.17-12.07.28:651][980]PIE: New page: PIE session: Example_Map (17 Aug 2014 14:07:28)
[2014.08.17-12.07.28:674][980]LogPlayLevel: PIE: StaticDuplicateObject took: (0.022508s)
[2014.08.17-12.07.28:675][980]LogPlayLevel: PIE: World Init took: (0.000568s)
[2014.08.17-12.07.28:675][980]LogPlayLevel: PIE: Created PIE world by copying editor world from /Game/Maps/Example_Map.Example_Map to /Game/Maps/UEDPIE_0_Example_Map.Example_Map (0.024023s)
[2014.08.17-12.07.28:879][980]BlueprintLog:Warning: Warning Blueprint MyProjectile has been migrated and requires re-saving to avoid import errors
[2014.08.17-12.07.28:879][980]BlueprintLog:Warning: Warning Blueprint MyCharacter has been migrated and requires re-saving to avoid import errors
[2014.08.17-12.07.28:880][980]BlueprintLog:Warning: Warning Blueprint MyGame has been migrated and requires re-saving to avoid import errors
[2014.08.17-12.07.28:880][980]LogWorld: Game class is 'MyGame_C'
[2014.08.17-12.07.28:881][980]LogAIModule: Creating AISystem for world Example_Map
[2014.08.17-12.07.28:883][980]LogWorld: Bringing World /Game/Maps/UEDPIE_0_Example_Map.Example_Map up for play (max tick rate 0) at 2014.08.17-13.07.28
[2014.08.17-12.07.28:883][980]LogWorld: Bringing up level for play took: 0.002040
[2014.08.17-12.07.28:885][980]PIE: Info Play in editor start time for /Game/Maps/UEDPIE_0_Example_Map 0.76
[2014.08.17-12.07.28:940][981]LogRenderer:Warning: Reallocating scene render targets to support 1128x880.
[2014.08.17-12.07.36:306][854]Cmd: LevelEditor.ToggleImmersive
[2014.08.17-12.07.36:459][856]LogRenderer:Warning: Reallocating scene render targets to support 1912x1040.
[2014.08.17-12.07.36:518][857]LogRenderer:Warning: Reallocating scene render targets to support 1920x1040.
[2014.08.17-12.08.29:906][739]LogParticles: Destroying 0 GPU particle simulations for FXSystem 0x0000000015A342C0
[2014.08.17-12.10.59:647][476]LogSavePackage: Save=81.425278ms
[2014.08.17-12.10.59:647][476]LogSavePackage: Moving '../../../../../../Users/Craig-Dev/Documents/Unreal Projects/WhiteBoard/Saved/Example_MapC31C46DB45083D618550F695C10EF5FD.tmp' to '../../../../../../Users/Craig-Dev/Documents/Unreal Projects/WhiteBoard/Content/Maps/Example_Map.umap'
[2014.08.17-12.11.01:615][640]LogEditorViewport: Clicking on Actor (LMB): BP_WhiteBoard_C (BP_WhiteBoard)
[2014.08.17-12.11.12:259][198]BlueprintLog: New page: Compile BP_WhiteBoard
[2014.08.17-12.11.12:396][198]BlueprintEditorCompileResults: Info [0238.73] Compile of BP_WhiteBoard successful! [in 7 ms]
[2014.08.17-12.11.13:238][226]Cmd: OBJ SAVEPACKAGE PACKAGE="/Game/WhiteBoard/BP_WhiteBoard" FILE="../../../../../../Users/Craig-Dev/Documents/Unreal Projects/WhiteBoard/Content/WhiteBoard/BP_WhiteBoard.uasset" SILENT=true
[2014.08.17-12.11.13:582][226]LogSavePackage: Save=334.653809ms
[2014.08.17-12.11.13:582][226]LogSavePackage: Moving '../../../../../../Users/Craig-Dev/Documents/Unreal Projects/WhiteBoard/Saved/BP_WhiteBoard7488E5D44DA7DC597D4F1693A32B489F.tmp' to '../../../../../../Users/Craig-Dev/Documents/Unreal Projects/WhiteBoard/Content/WhiteBoard/BP_WhiteBoard.uasset'
[2014.08.17-12.11.16:406][362]BlueprintLog: New page: Compile BP_WhiteBoard
[2014.08.17-12.11.16:538][362]BlueprintEditorCompileResults: Info [0242.87] Compile of BP_WhiteBoard successful! [in 7 ms]
[2014.08.17-12.11.17:422][392]Cmd: OBJ SAVEPACKAGE PACKAGE="/Game/WhiteBoard/BP_WhiteBoard" FILE="../../../../../../Users/Craig-Dev/Documents/Unreal Projects/WhiteBoard/Content/WhiteBoard/BP_WhiteBoard.uasset" SILENT=true
[2014.08.17-12.11.17:776][392]LogSavePackage: Save=336.221954ms
[2014.08.17-12.11.17:776][392]LogSavePackage: Moving '../../../../../../Users/Craig-Dev/Documents/Unreal Projects/WhiteBoard/Saved/BP_WhiteBoard4371DB6F4EAFAFD65CB360898ED7F007.tmp' to '../../../../../../Users/Craig-Dev/Documents/Unreal Projects/WhiteBoard/Content/WhiteBoard/BP_WhiteBoard.uasset'
[2014.08.17-12.12.18:325][417]LogParticles: Destroying 0 GPU particle simulations for FXSystem 0x000000001229FA60
[2014.08.17-12.12.18:400][417]LogSavePackage: Save=63.602314ms
[2014.08.17-12.12.18:400][417]LogSavePackage: Moving '../../../../../../Users/Craig-Dev/Documents/Unreal Projects/WhiteBoard/Saved/Example_MapAE5E36DE4783D47F18DA748CDCD176BC.tmp' to '../../../../../../Users/Craig-Dev/Documents/Unreal Projects/WhiteBoard/Content/Maps/Example_Map.umap'
[2014.08.17-12.12.28:013][951]MapCheck: New page: Map Check
[2014.08.17-12.12.28:027][951]Cmd: MAP REBUILD ALLVISIBLE
[2014.08.17-12.12.28:027][951]LogEditorServer: Rebuildmap Clear paths rebuilt
[2014.08.17-12.12.28:064][951]LightingResults: New page: Lighting Build - 17 Aug 2014 14:12:28
[2014.08.17-12.12.33:624][951]LogStaticLightingSystem: Running Lightmass w/ ImmediateImport mode ENABLED
[2014.08.17-12.12.33:624][951]LogStaticLightingSystem: Running Lightmass w/ ImmediateProcess mode ENABLED
[2014.08.17-12.12.33:624][951]LogStaticLightingSystem: Running Lightmass w/ Sorting mode ENABLED
[2014.08.17-12.12.33:624][951]LogStaticLightingSystem: Running Lightmass w/ Mapping paddings ENABLED
[2014.08.17-12.12.33:624][951]LogStaticLightingSystem: Running Lightmass w/ Mapping debug paddings DISABLED
[2014.08.17-12.12.33:704][951]LogEditorBuildUtils: Build time 0:00:05
[2014.08.17-12.12.36:776][ 81]Job is a success!
[2014.08.17-12.12.37:013][ 82]LogTexture:Display: Building textures: LQ_Lightmap_0_1 (DXT1)
[2014.08.17-12.12.37:099][ 82]LogTexture:Display: Building textures: LQ_Lightmap_1_2 (DXT1)
[2014.08.17-12.12.37:168][ 82]LogTexture:Display: Building textures: HQ_Lightmap1_2 (AutoDXT)
[2014.08.17-12.12.37:326][ 82]LogTexture:Display: Building textures: HQ_Lightmap0_1 (AutoDXT)
[2014.08.17-12.12.37:495][ 82]LogTexture:Display: Building textures: ShadowMapTexture2D_0 (BGRA8)
[2014.08.17-12.12.37:519][ 82]LogTexture:Display: Building textures: ShadowMapTexture2D_1 (BGRA8)
[2014.08.17-12.12.37:592][ 82]Lightmass on CRAIG-DEV-PC: 2.70 sec total, 185 ms importing, 0 ms setup, 356 ms photons, 2.15 sec processing, 0 ms extra exporting [12/12 mappings]. Threads: 10.6 sec total, 2.23 sec processing.
[2014.08.17-12.12.37:607][ 82]LogStaticLightingSystem:Warning: Illumination: 9.48 sec (601 ms encoding lightmaps)
[2014.08.17-12.12.37:607][ 82]LogStaticLightingSystem: Lightmap texture memory:  1.3 MB (0.0 MB streaming, 1.3 MB non-streaming), 4 textures
[2014.08.17-12.12.37:607][ 82]LogStaticLightingSystem: Shadowmap texture memory: 0.0 MB (0.0 MB streaming, 0.0 MB non-streaming), 2 textures
[2014.08.17-12.12.38:616][ 83]Cmd: MAP CHECK NOTIFYRESULTS
[2014.08.17-12.12.38:616][ 83]MapCheck: New page: Example_Map - 17 Aug 2014 14:12:38
[2014.08.17-12.12.38:656][ 83]MapCheck: Info ========== Map Check: 0 Error(s), 0 Warning(s), [40.404ms] ==========
[2014.08.17-12.12.42:237][271]LogEditorViewport: Clicking on Actor (LMB): PlayerStart (Player Start)
[2014.08.17-12.12.46:000][577]LogNavigationPoint: PostEditMove Clear paths rebuilt
[2014.08.17-12.12.50:248][890]LogSavePackage: Save=217.084946ms
[2014.08.17-12.12.50:248][890]LogSavePackage: Moving '../../../../../../Users/Craig-Dev/Documents/Unreal Projects/WhiteBoard/Saved/Example_MapC5E79C934DA1A7B41CBEE8BF703F4C0C.tmp' to '../../../../../../Users/Craig-Dev/Documents/Unreal Projects/WhiteBoard/Content/Maps/Example_Map.umap'
[2014.08.17-12.12.52:403][ 74]LogContentBrowser:Verbose: The content browser source was changed by the sources view to '/Game/Meshes'
[2014.08.17-12.12.53:142][140]LogContentBrowser:Verbose: The content browser source was changed by the sources view to '/Game/Maps'
[2014.08.17-12.12.53:629][184]LogContentBrowser:Verbose: The content browser source was changed by the sources view to '/Game/Character'
[2014.08.17-12.12.54:097][206]LogContentBrowser:Verbose: The content browser source was changed by the sources view to '/Game/Blueprints'
[2014.08.17-12.12.54:546][231]LogContentBrowser:Verbose: The content browser source was changed by the sources view to '/Game/Audio'
[2014.08.17-12.12.55:095][279]LogContentBrowser:Verbose: The content browser source was changed by the sources view to '/Game/Animations'
[2014.08.17-12.12.55:789][313]LogContentBrowser:Verbose: The content browser source was changed by the sources view to '/Game/WhiteBoard'
[2014.08.17-12.12.59:946][572]LogContentBrowser:Verbose: The content browser source was changed by the sources view to '/Game/WhiteBoard/WhiteBoard'
[2014.08.17-12.13.08:078][181]LogContentBrowser:Verbose: The content browser source was changed by the sources view to '/Game/WhiteBoard'
[2014.08.17-12.13.12:204][541]LogActorComponent: UnregisterComponent: (/Engine/Transient.ProjectileMovementComponent_0) Not registered. Aborting.
[2014.08.17-12.13.12:204][541]LogActorComponent: UnregisterComponent: (/Engine/Transient.CharacterMovementComponent_0) Not registered. Aborting.
[2014.08.17-12.13.12:386][542]Cmd: QUIT_EDITOR
[2014.08.17-12.13.12:477][542]LogWindowsTextInputMethodSystem:Error: Terminating failed while unadvising the language notification sink from the TSF source.
[2014.08.17-12.13.12:478][542]LogExit: Preparing to exit.
[2014.08.17-12.13.13:452][542]LogExit: Editor shut down
[2014.08.17-12.13.13:452][542]LogExit: Transaction tracking system shut down
[2014.08.17-12.13.13:453][542]LogParticles: Destroying 0 GPU particle simulations for FXSystem 0x000000001589BE20
[2014.08.17-12.13.13:453][542]LogParticles: Destroying 0 GPU particle simulations for FXSystem 0x000000001A3684A0
[2014.08.17-12.13.13:453][542]LogParticles: Destroying 0 GPU particle simulations for FXSystem 0x000000000C1E7920
[2014.08.17-12.13.13:453][542]LogParticles: Destroying 0 GPU particle simulations for FXSystem 0x000000001A36A160
[2014.08.17-12.13.13:453][542]LogParticles: Destroying 0 GPU particle simulations for FXSystem 0x000000001A368FE0
[2014.08.17-12.13.13:453][542]LogParticles: Destroying 0 GPU particle simulations for FXSystem 0x000000001A36A840
[2014.08.17-12.13.13:469][542]LogParticles: Destroying 0 GPU particle simulations for FXSystem 0x000000001A36B600
[2014.08.17-12.13.13:469][542]LogExit: Object subsystem successfully closed.
[2014.08.17-12.13.13:488][542]LogModuleManager: Shutting down and abandoning module ExternalImagePicker (162)
[2014.08.17-12.13.13:488][542]LogModuleManager: Shutting down and abandoning module AndroidDeviceDetection (161)
[2014.08.17-12.13.14:363][542]LogModuleManager: Shutting down and abandoning module HTTP (160)
[2014.08.17-12.13.14:363][542]LogModuleManager: Shutting down and abandoning module CrashTracker (159)
[2014.08.17-12.13.14:363][542]LogModuleManager: Shutting down and abandoning module SuperSearch (158)
[2014.08.17-12.13.14:363][542]LogModuleManager: Shutting down and abandoning module SceneOutliner (157)
[2014.08.17-12.13.14:363][542]LogModuleManager: Shutting down and abandoning module EditorWidgets (156)
[2014.08.17-12.13.14:363][542]LogModuleManager: Shutting down and abandoning module CollectionManager (155)
[2014.08.17-12.13.14:363][542]LogModuleManager: Shutting down and abandoning module StatsViewer (154)
[2014.08.17-12.13.14:363][542]LogModuleManager: Shutting down and abandoning module FoliageEdit (153)
[2014.08.17-12.13.14:363][542]LogModuleManager: Shutting down and abandoning module LandscapeEditor (152)
[2014.08.17-12.13.14:363][542]LogModuleManager: Shutting down and abandoning module MeshPaint (151)
[2014.08.17-12.13.14:363][542]LogModuleManager: Shutting down and abandoning module ActorPickerMode (150)
[2014.08.17-12.13.14:363][542]LogModuleManager: Shutting down and abandoning module GeometryMode (149)
[2014.08.17-12.13.14:363][542]LogModuleManager: Shutting down and abandoning module TextureAlignMode (148)
[2014.08.17-12.13.14:363][542]LogModuleManager: Shutting down and abandoning module BspMode (147)
[2014.08.17-12.13.14:363][542]LogModuleManager: Shutting down and abandoning module PlacementMode (146)
[2014.08.17-12.13.14:363][542]LogModuleManager: Shutting down and abandoning module DesktopPlatform (145)
[2014.08.17-12.13.14:363][542]LogModuleManager: Shutting down and abandoning module AutomationWorker (144)
[2014.08.17-12.13.14:363][542]LogModuleManager: Shutting down and abandoning module EditorLiveStreaming (143)
[2014.08.17-12.13.14:363][542]LogModuleManager: Shutting down and abandoning module BehaviorTreeEditor (142)
[2014.08.17-12.13.14:363][542]LogModuleManager: Shutting down and abandoning module DeviceProfileEditor (141)
[2014.08.17-12.13.14:363][542]LogModuleManager: Shutting down and abandoning module UndoHistory (140)
[2014.08.17-12.13.14:363][542]LogModuleManager: Shutting down and abandoning module GameplayTagsEditor (139)
[2014.08.17-12.13.14:363][542]LogModuleManager: Shutting down and abandoning module UserFeedback (138)
[2014.08.17-12.13.14:363][542]LogModuleManager: Shutting down and abandoning module XmlParser (137)
[2014.08.17-12.13.14:363][542]LogModuleManager: Shutting down and abandoning module Blutility (136)
[2014.08.17-12.13.14:363][542]LogModuleManager: Shutting down and abandoning module IOSPlatformEditor (135)
[2014.08.17-12.13.14:363][542]LogModuleManager: Shutting down and abandoning module IOSRuntimeSettings (134)
[2014.08.17-12.13.14:363][542]LogModuleManager: Shutting down and abandoning module AndroidPlatformEditor (133)
[2014.08.17-12.13.14:363][542]LogModuleManager: Shutting down and abandoning module AndroidRuntimeSettings (132)
[2014.08.17-12.13.14:363][542]LogModuleManager: Shutting down and abandoning module ProjectTargetPlatformEditor (131)
[2014.08.17-12.13.14:363][542]LogModuleManager: Shutting down and abandoning module ProjectSettingsViewer (130)
[2014.08.17-12.13.14:363][542]LogModuleManager: Shutting down and abandoning module InputBindingEditor (129)
[2014.08.17-12.13.14:363][542]LogModuleManager: Shutting down and abandoning module EditorSettingsViewer (128)
[2014.08.17-12.13.14:364][542]LogModuleManager: Shutting down and abandoning module SettingsEditor (127)
[2014.08.17-12.13.14:364][542]LogModuleManager: Shutting down and abandoning module SessionLauncher (126)
[2014.08.17-12.13.14:364][542]LogModuleManager: Shutting down and abandoning module SessionFrontend (125)
[2014.08.17-12.13.14:364][542]LogModuleManager: Shutting down and abandoning module ProfilerClient (124)
[2014.08.17-12.13.14:364][542]LogModuleManager: Shutting down and abandoning module TargetDeviceServices (123)
[2014.08.17-12.13.14:364][542]LogModuleManager: Shutting down and abandoning module DeviceManager (122)
[2014.08.17-12.13.14:364][542]LogModuleManager: Shutting down and abandoning module AutomationController (121)
[2014.08.17-12.13.14:364][542]LogModuleManager: Shutting down and abandoning module AutomationWindow (120)
[2014.08.17-12.13.14:364][542]LogModuleManager: Shutting down and abandoning module Layers (119)
[2014.08.17-12.13.14:364][542]LogModuleManager: Shutting down and abandoning module ComponentVisualizers (118)
[2014.08.17-12.13.14:364][542]LogModuleManager: Shutting down and abandoning module DetailCustomizations (117)
[2014.08.17-12.13.14:364][542]LogModuleManager: Shutting down and abandoning module PackagesDialog (116)
[2014.08.17-12.13.14:364][542]LogModuleManager: Shutting down and abandoning module DirectoryWatcher (115)
[2014.08.17-12.13.14:364][542]LogModuleManager: Shutting down and abandoning module AssetRegistry (114)
[2014.08.17-12.13.14:439][542]LogModuleManager: Shutting down and abandoning module Persona (113)
[2014.08.17-12.13.14:439][542]LogModuleManager: Shutting down and abandoning module GraphEditor (112)
[2014.08.17-12.13.14:439][542]LogModuleManager: Shutting down and abandoning module ClassViewer (111)
[2014.08.17-12.13.14:439][542]LogModuleManager: Shutting down and abandoning module Toolbox (110)
[2014.08.17-12.13.14:439][542]LogModuleManager: Shutting down and abandoning module ModuleUI (109)
[2014.08.17-12.13.14:439][542]LogModuleManager: Shutting down and abandoning module Sequencer (108)
[2014.08.17-12.13.14:439][542]LogModuleManager: Shutting down and abandoning module MovieSceneTools (107)
[2014.08.17-12.13.14:439][542]LogModuleManager: Shutting down and abandoning module OutputLog (106)
[2014.08.17-12.13.14:439][542]LogModuleManager: Shutting down and abandoning module GammaUI (105)
[2014.08.17-12.13.14:439][542]LogModuleManager: Shutting down and abandoning module Documentation (104)
[2014.08.17-12.13.14:439][542]LogModuleManager: Shutting down and abandoning module GameLiveStreaming (103)
[2014.08.17-12.13.14:439][542]LogModuleManager: Shutting down and abandoning module StreamingPauseRendering (102)
[2014.08.17-12.13.14:439][542]LogModuleManager: Shutting down and abandoning module AnalyticsET (101)
[2014.08.17-12.13.14:439][542]LogModuleManager: Shutting down and abandoning module Analytics (100)
[2014.08.17-12.13.14:439][542]LogModuleManager: Shutting down and abandoning module GameplayDebugger (99)
[2014.08.17-12.13.14:439][542]LogModuleManager: Shutting down and abandoning module AIModule (98)
[2014.08.17-12.13.14:439][542]LogModuleManager: Shutting down and abandoning module ProfilerService (97)
[2014.08.17-12.13.14:628][542]LogModuleManager: Shutting down and abandoning module TaskGraph (96)
[2014.08.17-12.13.14:628][542]LogModuleManager: Shutting down and abandoning module SlateRemote (95)
[2014.08.17-12.13.14:628][542]LogModuleManager: Shutting down and abandoning module ScriptEditorPlugin (94)
[2014.08.17-12.13.14:628][542]LogModuleManager: Shutting down and abandoning module CustomMeshComponent (93)
[2014.08.17-12.13.14:628][542]LogModuleManager: Shutting down and abandoning module CableComponent (92)
[2014.08.17-12.13.14:628][542]LogModuleManager: Shutting down and abandoning module OculusRift (91)
[2014.08.17-12.13.14:628][542]LogModuleManager: Shutting down and abandoning module MessagingDebugger (90)
[2014.08.17-12.13.14:628][542]LogModuleManager: Shutting down and abandoning module ViewportSnapping (89)
[2014.08.17-12.13.14:628][542]LogModuleManager: Shutting down and abandoning module SmartSnapping (88)
[2014.08.17-12.13.14:628][542]LogModuleManager: Shutting down and abandoning module PaperTiledImporter (87)
[2014.08.17-12.13.14:628][542]LogModuleManager: Shutting down and abandoning module PaperJsonImporter (86)
[2014.08.17-12.13.14:628][542]LogModuleManager: Shutting down and abandoning module GameProjectGeneration (85)
[2014.08.17-12.13.14:628][542]LogModuleManager: Shutting down and abandoning module Matinee (84)
[2014.08.17-12.13.14:628][542]LogModuleManager: Shutting down and abandoning module Kismet (83)
[2014.08.17-12.13.14:628][542]LogModuleManager: Shutting down and abandoning module SlateReflector (82)
[2014.08.17-12.13.14:628][542]LogModuleManager: Shutting down and abandoning module LevelEditor (81)
[2014.08.17-12.13.14:629][542]LogModuleManager: Shutting down and abandoning module IntroTutorials (80)
[2014.08.17-12.13.14:629][542]LogModuleManager: Shutting down and abandoning module ContentBrowser (79)
[2014.08.17-12.13.14:629][542]LogModuleManager: Shutting down and abandoning module PropertyEditor (78)
[2014.08.17-12.13.14:629][542]LogModuleManager: Shutting down and abandoning module AssetTools (77)
[2014.08.17-12.13.14:629][542]LogModuleManager: Shutting down and abandoning module Paper2DEditor (76)
[2014.08.17-12.13.14:629][542]LogModuleManager: Shutting down and abandoning module SpeedTreeImporter (75)
[2014.08.17-12.13.14:629][542]LogModuleManager: Shutting down and abandoning module PluginsEditor (74)
[2014.08.17-12.13.14:629][542]LogModuleManager: Shutting down and abandoning module MainFrame (73)
[2014.08.17-12.13.14:629][542]LogModuleManager: Shutting down and abandoning module EpicSurvey (72)
[2014.08.17-12.13.14:629][542]LogModuleManager: Shutting down and abandoning module VisualStudioSourceCodeAccess (71)
[2014.08.17-12.13.14:629][542]LogModuleManager: Shutting down and abandoning module UObjectPlugin (70)
[2014.08.17-12.13.14:629][542]LogModuleManager: Shutting down and abandoning module SubversionSourceControl (69)
[2014.08.17-12.13.14:629][542]LogModuleManager: Shutting down and abandoning module SourceControl (68)
[2014.08.17-12.13.14:629][542]LogModuleManager: Shutting down and abandoning module PerforceSourceControl (67)
[2014.08.17-12.13.14:629][542]LogModuleManager: Shutting down and abandoning module BlankPlugin (66)
[2014.08.17-12.13.14:629][542]LogModuleManager: Shutting down and abandoning module ScriptPlugin (65)
[2014.08.17-12.13.14:629][542]LogModuleManager: Shutting down and abandoning module UdpMessaging (64)
[2014.08.17-12.13.14:729][542]LogModuleManager: Shutting down and abandoning module Paper2D (63)
[2014.08.17-12.13.14:729][542]LogModuleManager: Shutting down and abandoning module WindowsMoviePlayer (62)
[2014.08.17-12.13.14:731][542]LogModuleManager: Shutting down and abandoning module ImageWrapper (61)
[2014.08.17-12.13.14:731][542]LogModuleManager: Shutting down and abandoning module OnlineBlueprintSupport (60)
[2014.08.17-12.13.14:731][542]LogModuleManager: Shutting down and abandoning module FunctionalTesting (59)
[2014.08.17-12.13.14:731][542]LogModuleManager: Shutting down and abandoning module CollisionAnalyzer (58)
[2014.08.17-12.13.14:731][542]LogModuleManager: Shutting down and abandoning module WorkspaceMenuStructure (57)
[2014.08.17-12.13.14:731][542]LogModuleManager: Shutting down and abandoning module MessageLog (56)
[2014.08.17-12.13.14:731][542]LogModuleManager: Shutting down and abandoning module UMGEditor (55)
[2014.08.17-12.13.14:731][542]LogModuleManager: Shutting down and abandoning module UMG (54)
[2014.08.17-12.13.14:731][542]LogModuleManager: Shutting down and abandoning module Slate (53)
[2014.08.17-12.13.14:731][542]LogModuleManager: Shutting down and abandoning module EditorStyle (52)
[2014.08.17-12.13.14:732][542]LogModuleManager: Shutting down and abandoning module SessionServices (51)
[2014.08.17-12.13.14:732][542]LogModuleManager: Shutting down and abandoning module SourceCodeAccess (50)
[2014.08.17-12.13.14:732][542]LogModuleManager: Shutting down and abandoning module HeadMountedDisplay (49)
[2014.08.17-12.13.14:732][542]LogModuleManager: Shutting down and abandoning module XAudio2 (48)
[2014.08.17-12.13.14:733][542]LogModuleManager: Shutting down and abandoning module Networking (46)
[2014.08.17-12.13.14:733][542]LogModuleManager: Shutting down and abandoning module Core (45)
[2014.08.17-12.13.14:733][542]LogModuleManager: Shutting down and abandoning module KismetCompiler (44)
[2014.08.17-12.13.14:733][542]LogModuleManager: Shutting down and abandoning module PhysXFormats (43)
[2014.08.17-12.13.14:733][542]LogModuleManager: Shutting down and abandoning module MeshUtilities (42)
[2014.08.17-12.13.14:733][542]LogModuleManager: Shutting down and abandoning module DerivedDataCache (41)
[2014.08.17-12.13.14:786][542]LogDerivedDataCache: Shutdown
[2014.08.17-12.13.14:786][542]LogModuleManager: Shutting down and abandoning module ShaderFormatOpenGL (40)
[2014.08.17-12.13.14:786][542]LogModuleManager: Shutting down and abandoning module ShaderFormatD3D (39)
[2014.08.17-12.13.14:786][542]LogModuleManager: Shutting down and abandoning module MetalShaderFormat (38)
[2014.08.17-12.13.14:786][542]LogModuleManager: Shutting down and abandoning module TextureFormatUncompressed (37)
[2014.08.17-12.13.14:786][542]LogModuleManager: Shutting down and abandoning module TextureFormatPVR (36)
[2014.08.17-12.13.14:786][542]LogModuleManager: Shutting down and abandoning module TextureFormatDXT (35)
[2014.08.17-12.13.14:786][542]LogModuleManager: Shutting down and abandoning module TextureFormatAndroid (34)
[2014.08.17-12.13.14:786][542]LogModuleManager: Shutting down and abandoning module AudioFormatOpus (33)
[2014.08.17-12.13.14:786][542]LogModuleManager: Shutting down and abandoning module AudioFormatOgg (32)
[2014.08.17-12.13.14:786][542]LogModuleManager: Shutting down and abandoning module AudioFormatADPCM (31)
[2014.08.17-12.13.14:786][542]LogModuleManager: Shutting down and abandoning module Messaging (30)
[2014.08.17-12.13.14:786][542]LogModuleManager: Shutting down and abandoning module IOSTargetPlatform (29)
[2014.08.17-12.13.14:786][542]LogModuleManager: Shutting down and abandoning module Android_PVRTCTargetPlatform (28)
[2014.08.17-12.13.14:786][542]LogModuleManager: Shutting down and abandoning module Android_ETC2TargetPlatform (27)
[2014.08.17-12.13.14:786][542]LogModuleManager: Shutting down and abandoning module Android_ETC1TargetPlatform (26)
[2014.08.17-12.13.14:786][542]LogModuleManager: Shutting down and abandoning module Android_DXTTargetPlatform (25)
[2014.08.17-12.13.14:786][542]LogModuleManager: Shutting down and abandoning module Android_ATCTargetPlatform (24)
[2014.08.17-12.13.14:786][542]LogModuleManager: Shutting down and abandoning module AndroidTargetPlatform (23)
[2014.08.17-12.13.14:786][542]LogModuleManager: Shutting down and abandoning module WindowsTargetPlatform (22)
[2014.08.17-12.13.14:786][542]LogModuleManager: Shutting down and abandoning module WindowsServerTargetPlatform (21)
[2014.08.17-12.13.14:786][542]LogModuleManager: Shutting down and abandoning module WindowsNoEditorTargetPlatform (20)
[2014.08.17-12.13.14:786][542]LogModuleManager: Shutting down and abandoning module WindowsClientTargetPlatform (19)
[2014.08.17-12.13.14:786][542]LogModuleManager: Shutting down and abandoning module TargetPlatform (18)
[2014.08.17-12.13.14:786][542]LogModuleManager: Shutting down and abandoning module InputCore (17)
[2014.08.17-12.13.14:786][542]LogModuleManager: Shutting down and abandoning module Settings (16)
[2014.08.17-12.13.14:786][542]LogModuleManager: Shutting down and abandoning module ExampleDeviceProfileSelector (13)
[2014.08.17-12.13.14:786][542]LogModuleManager: Shutting down and abandoning module TextureCompressor (12)
[2014.08.17-12.13.14:786][542]LogModuleManager: Shutting down and abandoning module ShaderCore (11)
[2014.08.17-12.13.14:786][542]LogModuleManager: Shutting down and abandoning module OpenGLDrv (10)
[2014.08.17-12.13.14:786][542]LogModuleManager: Shutting down and abandoning module D3D11RHI (9)
[2014.08.17-12.13.14:786][542]LogModuleManager: Shutting down and abandoning module SlateRHIRenderer (8)
[2014.08.17-12.13.14:786][542]LogModuleManager: Shutting down and abandoning module Renderer (7)
[2014.08.17-12.13.14:786][542]LogModuleManager: Shutting down and abandoning module Engine (6)
[2014.08.17-12.13.14:786][542]LogModuleManager: Shutting down and abandoning module CoreUObject (5)
[2014.08.17-12.13.14:786][542]LogModuleManager: Shutting down and abandoning module NetworkFile (4)
[2014.08.17-12.13.14:786][542]LogModuleManager: Shutting down and abandoning module StreamingFile (3)
[2014.08.17-12.13.14:786][542]LogModuleManager: Shutting down and abandoning module SandboxFile (2)
[2014.08.17-12.13.14:786][542]LogModuleManager: Shutting down and abandoning module PakFile (1)
[2014.08.17-12.13.14:786][542]LogExit: Exiting.
[2014.08.17-12.13.14:788][542]Log file closed, 08/17/14 13:13:14
