Log file open, 08/17/14 13:02:26
LogInit:Display: Running engine for game: WhiteBoard
LogInit: Version: 4.4.0-2255576+++depot+UE4-Releases+4.4
LogInit: API Version: 2255576
LogInit: Compiled (64-bit): Aug 13 2014 22:39:32
LogInit: Build Configuration: Development
LogInit: Branch Name: ++depot+UE4-Releases+4.4
LogInit: Command line:  
LogInit: Base directory: C:/Program Files/Unreal Engine/4.4/Engine/Binaries/Win64/
LogInit: Rocket: 1
[2014.08.17-12.02.26:653][  0]LogTaskGraph: Started task graph with 3 named threads and 4 total threads.
[2014.08.17-12.02.26:677][  0]LogOnline:Warning: No default platform service specified for OnlineSubsystem
[2014.08.17-12.02.26:682][  0]LogInit: Presizing for 0 objects not considered by GC, pre-allocating 0 bytes.
[2014.08.17-12.02.26:687][  0]LogInit: Object subsystem initialized
[2014.08.17-12.02.26:688][  0]LogInit: Selected Device Profile: [Windows]
[2014.08.17-12.02.26:688][  0]LogInit: Applying CVar settings loaded from the selected device profile: [Windows]
[2014.08.17-12.02.26:691][  0]LogInit: Computer: CRAIG-DEV-PC
[2014.08.17-12.02.26:691][  0]LogInit: User: CraigDev
[2014.08.17-12.02.26:692][  0]LogInit: CPU Page size=4096, Cores=4
[2014.08.17-12.02.26:692][  0]LogInit: High frequency timer resolution =3.419970 MHz
[2014.08.17-12.02.26:692][  0]LogMemory: Memory total: Physical=7.9GB (8GB approx) Virtual=8192.0GB
[2014.08.17-12.02.26:692][  0]LogMemory: Platform Memory Stats for Windows
[2014.08.17-12.02.26:692][  0]LogMemory: Process Physical Memory: 60.75 MB used, 60.75 MB peak
[2014.08.17-12.02.26:692][  0]LogMemory: Process Virtual Memory: 36.89 MB used, 36.89 MB peak
[2014.08.17-12.02.26:692][  0]LogMemory: Physical Memory: 2268.51 MB used, 8137.07 MB total
[2014.08.17-12.02.26:692][  0]LogMemory: Virtual Memory: 248.25 MB used, 8388608.00 MB total
[2014.08.17-12.02.26:707][  0]LogD3D11RHI: Found D3D11 adapter 0: AMD Radeon HD 7800 Series (Feature Level 11_0)
[2014.08.17-12.02.26:707][  0]LogD3D11RHI: Adapter has 2030MB of dedicated video memory, 0MB of dedicated system memory, and 3812MB of shared system memory, 1 output[s]
[2014.08.17-12.02.26:707][  0]LogD3D11RHI: Chosen D3D11 Adapter Id = 0
[2014.08.17-12.02.26:711][  0]LogRHI: Texture pool is 1361 MB (70% of 1945 MB)
[2014.08.17-12.02.26:714][  0]LogD3D11RHI: Async texture creation disabled: no driver support
[2014.08.17-12.02.26:797][  0]LogContentStreaming: Texture pool size is 0.000000MB
[2014.08.17-12.02.27:884][  0]LogTargetPlatformManager:Display: Building Assets For Windows
[2014.08.17-12.02.28:153][  0]LogTargetPlatformManager:Display: Building Assets For Windows
[2014.08.17-12.02.28:178][  0]LogDerivedDataCache:Display: Max Cache Size: 512 MB
[2014.08.17-12.02.28:213][  0]LogDerivedDataCache: Loaded boot cache 0.04s 39MB C:/Users/Craig-Dev/AppData/Local/UnrealEngine/4.4/DerivedDataCache/Boot.ddc.
[2014.08.17-12.02.28:213][  0]LogDerivedDataCache:Display: Loaded Boot cache: C:/Users/Craig-Dev/AppData/Local/UnrealEngine/4.4/DerivedDataCache/Boot.ddc
[2014.08.17-12.02.28:213][  0]LogDerivedDataCache: FDerivedDataBackendGraph:  Pak pak cache file ../../../../../../Users/Craig-Dev/Documents/Unreal Projects/WhiteBoard/DerivedDataCache/DDC.ddp not found, will not use a pak cache.
[2014.08.17-12.02.28:213][  0]LogDerivedDataCache: Unable to find inner node Pak for hierarchical cache Hierarchy.
[2014.08.17-12.02.28:227][  0]LogDerivedDataCache:Display: Pak cache opened for reading ../../../Engine/DerivedDataCache/DDC.ddp.
[2014.08.17-12.02.28:237][  0]LogDerivedDataCache: Using Local data cache path C:/Users/Craig-Dev/AppData/Local/UnrealEngine/4.4/DerivedDataCache: Writable
[2014.08.17-12.02.28:346][  0]LogMeshUtilities: No automatic mesh reduction module available
[2014.08.17-12.02.28:346][  0]LogMeshUtilities: No automatic mesh merging module available
[2014.08.17-12.02.28:566][  0]LogInit: WinSock: version 1.1 (2.2), MaxSocks=32767, MaxUdp=65467
[2014.08.17-12.02.29:025][  0]LogStats:Warning: MetaData mismatch. Did you assign a stat to two groups? New //STATGROUP_Threads//FMonitoredProcess///Thread_bf0_0///////STATCAT_Advanced//// old //STATGROUP_Threads//FMonitoredProcess///Thread_bbc_0///////STATCAT_Advanced////
[2014.08.17-12.02.29:025][  0]UdpMessaging: Initializing bridge on interface 0.0.0.0:0 to multicast group 230.0.0.1:6666.
[2014.08.17-12.02.29:104][  0]SourceControl: Info Source control is disabled
[2014.08.17-12.02.29:104][  0]SourceControl: Info Source control is disabled
[2014.08.17-12.02.29:107][  0]SourceControl: Info Source control is disabled
[2014.08.17-12.02.29:207][  0]BlueprintLog: New page: Editor Load
[2014.08.17-12.02.29:262][  0]LogObj: 21438 objects as part of root set at end of initial load.
[2014.08.17-12.02.29:262][  0]LogUObjectAllocator: 4218648 out of 0 bytes used by permanent object pool.
[2014.08.17-12.02.29:421][  0]LogEngine: Initializing Engine...
[2014.08.17-12.02.29:494][  0]LogInit: XAudio2 using 'Digital Audio (S/PDIF) (High Definition Audio Device)' : 2 channels at 48 kHz using 16 bits per sample (channel mask 0x3)
[2014.08.17-12.02.29:508][  0]LogInit: FAudioDevice initialized.
[2014.08.17-12.02.29:518][  0]LogAIModule: Creating AISystem for world NewWorld
[2014.08.17-12.02.29:536][  0]LogDerivedDataCache: Saved boot cache 0.02s 39MB C:/Users/Craig-Dev/AppData/Local/UnrealEngine/4.4/DerivedDataCache/Boot.ddc.
[2014.08.17-12.02.29:538][  0]LogInit: Texture streaming: Enabled
[2014.08.17-12.02.29:554][  0]LogInit: Transaction tracking system initialized
[2014.08.17-12.02.29:616][  0]LogAssetRegistry: FAssetRegistry took 0.0100 seconds to start up
[2014.08.17-12.02.29:896][  0]LogTargetPlatformManager:Display: Building Assets For Windows
[2014.08.17-12.02.30:109][  0]LogTargetPlatformManager:Display: Building Assets For Windows
[2014.08.17-12.02.30:179][  0]LogConsoleResponse:Display: 
[2014.08.17-12.02.30:277][  0]LogStats:Warning: MetaData mismatch. Did you assign a stat to two groups? New //STATGROUP_Threads//FMonitoredProcess///Thread_db4_0///////STATCAT_Advanced//// old //STATGROUP_Threads//FMonitoredProcess///Thread_bbc_0///////STATCAT_Advanced////
[2014.08.17-12.02.30:277][  0]LogStats:Warning: MetaData mismatch. Did you assign a stat to two groups? New //STATGROUP_Threads//FMonitoredProcess///Thread_978_0///////STATCAT_Advanced//// old //STATGROUP_Threads//FMonitoredProcess///Thread_bbc_0///////STATCAT_Advanced////
[2014.08.17-12.02.30:277][  0]SourceControl: Info Source control is disabled
[2014.08.17-12.02.30:277][  0]Cmd: MAP LOAD FILE="../../../../../../Users/Craig-Dev/Documents/Unreal Projects/WhiteBoard/Content/Maps/Example_Map.umap" TEMPLATE=0 SHOWPROGRESS=1
[2014.08.17-12.02.30:277][  0]LightingResults: New page: Lighting Build
[2014.08.17-12.02.30:282][  0]MapCheck: New page: Map Check
[2014.08.17-12.02.30:282][  0]LightingResults: New page: Lighting Build
[2014.08.17-12.02.30:292][  0]LogParticles: Destroying 0 GPU particle simulations for FXSystem 0x00000000120711C0
[2014.08.17-12.02.30:405][  0]LogLinker:Warning: Can't find file '/Game/CCTV_Cam/BP_cctv_Camera'
[2014.08.17-12.02.30:405][  0]LogLinker:Warning: Can't find file for asset '/Game/CCTV_Cam/BP_cctv_Camera' while loading ../../../../../../Users/Craig-Dev/Documents/Unreal Projects/WhiteBoard/Content/Maps/Example_Map.umap.
[2014.08.17-12.02.30:405][  0]LoadErrors:Error: Error /Game/Maps/Example_Map : Can't find file for asset. /Game/CCTV_Cam/BP_cctv_Camera
[2014.08.17-12.02.30:482][  0]LogLinker:Warning: Can't find file '/Game/CCTV_Cam/BP_cctv_Camera'
[2014.08.17-12.02.30:482][  0]LogLinker:Warning: Can't find file for asset '/Game/CCTV_Cam/BP_cctv_Camera' while loading ../../../../../../Users/Craig-Dev/Documents/Unreal Projects/WhiteBoard/Content/Maps/Example_Map.umap.
[2014.08.17-12.02.30:483][  0]LoadErrors:Error: Error /Game/Maps/Example_Map : Can't find file for asset. /Game/CCTV_Cam/BP_cctv_Camera
[2014.08.17-12.02.30:486][  0]LogLinker:Warning: Can't find file '/Game/CCTV_Cam/BP_cctv_Camera'
[2014.08.17-12.02.30:486][  0]LogLinker:Warning: Can't find file for asset '/Game/CCTV_Cam/BP_cctv_Camera' while loading NULL.
[2014.08.17-12.02.30:486][  0]LogLinker:Warning: Can't find file '/Game/CCTV_Cam/BP_cctv_Camera'
[2014.08.17-12.02.30:486][  0]LogLinker:Warning: Can't find file for asset '/Game/CCTV_Cam/BP_cctv_Camera' while loading NULL.
[2014.08.17-12.02.30:487][  0]LogLinker:Warning: Can't find file '/Game/CCTV_Cam/BP_cctv_Camera'
[2014.08.17-12.02.30:487][  0]LogLinker:Warning: Can't find file for asset '/Game/CCTV_Cam/BP_cctv_Camera' while loading NULL.
[2014.08.17-12.02.30:487][  0]LogLinker:Warning: Can't find file '/Game/CCTV_Cam/BP_cctv_Camera'
[2014.08.17-12.02.30:487][  0]LogLinker:Warning: Can't find file for asset '/Game/CCTV_Cam/BP_cctv_Camera' while loading NULL.
[2014.08.17-12.02.30:487][  0]LogLinker:Warning: CreateExport: Failed to load Outer for resource 'Base': BP_cctv_Camera_C /Game/Maps/Example_Map.Example_Map:PersistentLevel.BP_cctv_Camera_C_1
[2014.08.17-12.02.30:487][  0]LogLinker:Warning: Can't find file '/Game/CCTV_Cam/BP_cctv_Camera'
[2014.08.17-12.02.30:487][  0]LogLinker:Warning: Can't find file for asset '/Game/CCTV_Cam/BP_cctv_Camera' while loading NULL.
[2014.08.17-12.02.30:487][  0]LogLinker:Warning: Can't find file '/Game/CCTV_Cam/BP_cctv_Camera'
[2014.08.17-12.02.30:487][  0]LogLinker:Warning: Can't find file for asset '/Game/CCTV_Cam/BP_cctv_Camera' while loading NULL.
[2014.08.17-12.02.30:487][  0]LogLinker:Warning: CreateExport: Failed to load Outer for resource 'Top': BP_cctv_Camera_C /Game/Maps/Example_Map.Example_Map:PersistentLevel.BP_cctv_Camera_C_1
[2014.08.17-12.02.30:491][  0]LogLinker:Warning: Can't find file '/Game/CCTV_Cam/BP_cctv_Camera'
[2014.08.17-12.02.30:491][  0]LogLinker:Warning: Can't find file for asset '/Game/CCTV_Cam/BP_cctv_Camera' while loading NULL.
[2014.08.17-12.02.30:491][  0]LogLinker:Warning: Can't find file '/Game/CCTV_Cam/BP_cctv_Camera'
[2014.08.17-12.02.30:491][  0]LoadErrors: Info Failed to load /Game/CCTV_Cam/BP_cctv_Camera.BP_cctv_Camera_C Referenced by PersistentLevel
[2014.08.17-12.02.30:491][  0]LogLinker:Warning: Can't find file for asset '/Game/CCTV_Cam/BP_cctv_Camera' while loading NULL.
[2014.08.17-12.02.30:491][  0]LoadErrors: Info Failed to load /Game/CCTV_Cam/BP_cctv_Camera.BP_cctv_Camera_C Referenced by PersistentLevel
[2014.08.17-12.02.30:525][  0]LogEditorServer: Finished looking for orphan Actors (0.000 secs)
[2014.08.17-12.02.30:525][  0]LogAIModule: Creating AISystem for world Example_Map
[2014.08.17-12.02.30:525][  0]Cmd: MAP CHECKDEP
[2014.08.17-12.02.30:525][  0]MapCheck: New page: Example_Map - 17 Aug 2014 14:02:30
[2014.08.17-12.02.30:561][  0]MapCheck: Info ========== Map Check: 0 Error(s), 0 Warning(s), [35.878ms] ==========
[2014.08.17-12.02.30:561][  0]LogFileHelpers: Loading map 'Example_Map' took 0.284
[2014.08.17-12.02.30:645][  0]LogCollectionManager: Loaded 0 collections in 0.000662 seconds
[2014.08.17-12.02.30:700][  0]LogCrashTracker: Crashtracker disabled due to settings.
[2014.08.17-12.02.30:734][  0]LogLoad: Full Startup: 4.55 seconds (BP compile: 0.08 seconds)
[2014.08.17-12.02.30:841][  0]LogRenderer:Warning: Reallocating scene render targets to support 32x32.
[2014.08.17-12.02.30:887][  0]LogRenderer:Warning: Reallocating scene render targets to support 1128x872.
[2014.08.17-12.02.31:068][  1]LogAssetRegistry: Asset discovery search completed in 1.4628 seconds
[2014.08.17-12.02.46:381][467]LogContentBrowser:Verbose: The content browser source was changed by the sources view to '/Game/WhiteBoard'
[2014.08.17-12.02.50:771][823]LogPlayLevel: PIE:  No blueprints needed recompiling
[2014.08.17-12.02.50:771][823]PIE: New page: PIE session: Example_Map (17 Aug 2014 14:02:50)
[2014.08.17-12.02.50:790][823]LogPlayLevel: PIE: StaticDuplicateObject took: (0.019065s)
[2014.08.17-12.02.50:791][823]LogPlayLevel: PIE: World Init took: (0.000621s)
[2014.08.17-12.02.50:791][823]LogPlayLevel: PIE: Created PIE world by copying editor world from /Game/Maps/Example_Map.Example_Map to /Game/Maps/UEDPIE_0_Example_Map.Example_Map (0.020326s)
[2014.08.17-12.02.51:144][823]BlueprintLog:Warning: Warning Blueprint MyProjectile has been migrated and requires re-saving to avoid import errors
[2014.08.17-12.02.51:144][823]BlueprintLog:Warning: Warning Blueprint MyCharacter has been migrated and requires re-saving to avoid import errors
[2014.08.17-12.02.51:145][823]BlueprintLog:Warning: Warning Blueprint MyGame has been migrated and requires re-saving to avoid import errors
[2014.08.17-12.02.51:145][823]LogWorld: Game class is 'MyGame_C'
[2014.08.17-12.02.51:146][823]LogAIModule: Creating AISystem for world Example_Map
[2014.08.17-12.02.51:148][823]LogWorld: Bringing World /Game/Maps/UEDPIE_0_Example_Map.Example_Map up for play (max tick rate 0) at 2014.08.17-13.02.51
[2014.08.17-12.02.51:149][823]LogWorld: Bringing up level for play took: 0.002142
[2014.08.17-12.02.51:150][823]PIE: Info Play in editor start time for /Game/Maps/UEDPIE_0_Example_Map 1.029
[2014.08.17-12.02.51:207][824]LogRenderer:Warning: Reallocating scene render targets to support 1128x880.
[2014.08.17-12.03.26:379][884]LogParticles: Destroying 0 GPU particle simulations for FXSystem 0x000000000A306D40
[2014.08.17-12.03.30:882][273]LogContentBrowser:Verbose: The content browser source was changed by the sources view to '/Game/Maps'
[2014.08.17-12.03.36:840][872]LogSavePackage: Save=81.277908ms
[2014.08.17-12.03.36:840][872]LogSavePackage: Moving '../../../../../../Users/Craig-Dev/Documents/Unreal Projects/WhiteBoard/Saved/Example_MapA798EFD54F8FB60983084ABF2E8736E6.tmp' to '../../../../../../Users/Craig-Dev/Documents/Unreal Projects/WhiteBoard/Content/Maps/Example_Map.umap'
[2014.08.17-12.03.39:136][103]LogContentBrowser:Verbose: The content browser source was changed by the sources view to '/Game/Blueprints'
[2014.08.17-12.03.40:612][193]LogContentBrowser:Verbose: The content browser source was changed by the sources view to '/Game/Audio'
[2014.08.17-12.03.41:366][268]LogContentBrowser:Verbose: The content browser source was changed by the sources view to '/Game/Animations'
[2014.08.17-12.03.42:803][349]LogContentBrowser:Verbose: The content browser source was changed by the sources view to '/Game/Maps'
[2014.08.17-12.03.43:388][409]LogContentBrowser:Verbose: The content browser source was changed by the sources view to '/Game/Meshes'
[2014.08.17-12.03.45:727][642]LogContentBrowser:Verbose: The content browser source was changed by the sources view to '/Game'
[2014.08.17-12.03.51:719][278]LogActorComponent: UnregisterComponent: (/Engine/Transient.ProjectileMovementComponent_0) Not registered. Aborting.
[2014.08.17-12.03.51:719][278]LogActorComponent: UnregisterComponent: (/Engine/Transient.CharacterMovementComponent_0) Not registered. Aborting.
[2014.08.17-12.03.52:867][383]LogSavePackage: Save=64.926300ms
[2014.08.17-12.03.52:867][383]LogSavePackage: Moving '../../../../../../Users/Craig-Dev/Documents/Unreal Projects/WhiteBoard/Saved/Example_Map6795F1A44EFFD7643043AE8B637B3694.tmp' to '../../../../../../Users/Craig-Dev/Documents/Unreal Projects/WhiteBoard/Content/Maps/Example_Map.umap'
[2014.08.17-12.03.54:401][495]Cmd: QUIT_EDITOR
[2014.08.17-12.03.54:494][495]LogWindowsTextInputMethodSystem:Error: Terminating failed while unadvising the language notification sink from the TSF source.
[2014.08.17-12.03.54:495][495]LogExit: Preparing to exit.
[2014.08.17-12.03.55:066][495]LogExit: Editor shut down
[2014.08.17-12.03.55:066][495]LogExit: Transaction tracking system shut down
[2014.08.17-12.03.55:066][495]LogParticles: Destroying 0 GPU particle simulations for FXSystem 0x0000000015813600
[2014.08.17-12.03.55:067][495]LogParticles: Destroying 0 GPU particle simulations for FXSystem 0x0000000017EF54E0
[2014.08.17-12.03.55:082][495]LogParticles: Destroying 0 GPU particle simulations for FXSystem 0x000000000A172D40
[2014.08.17-12.03.55:082][495]LogParticles: Destroying 0 GPU particle simulations for FXSystem 0x000000000A171940
[2014.08.17-12.03.55:082][495]LogParticles: Destroying 0 GPU particle simulations for FXSystem 0x000000000A172160
[2014.08.17-12.03.55:082][495]LogParticles: Destroying 0 GPU particle simulations for FXSystem 0x000000000A172200
[2014.08.17-12.03.55:082][495]LogParticles: Destroying 0 GPU particle simulations for FXSystem 0x000000000A171440
[2014.08.17-12.03.55:082][495]LogExit: Object subsystem successfully closed.
[2014.08.17-12.03.55:102][495]LogModuleManager: Shutting down and abandoning module AndroidDeviceDetection (161)
[2014.08.17-12.03.55:828][495]LogModuleManager: Shutting down and abandoning module HTTP (160)
[2014.08.17-12.03.55:828][495]LogModuleManager: Shutting down and abandoning module CrashTracker (159)
[2014.08.17-12.03.55:828][495]LogModuleManager: Shutting down and abandoning module SuperSearch (158)
[2014.08.17-12.03.55:828][495]LogModuleManager: Shutting down and abandoning module SceneOutliner (157)
[2014.08.17-12.03.55:828][495]LogModuleManager: Shutting down and abandoning module EditorWidgets (156)
[2014.08.17-12.03.55:828][495]LogModuleManager: Shutting down and abandoning module CollectionManager (155)
[2014.08.17-12.03.55:828][495]LogModuleManager: Shutting down and abandoning module StatsViewer (154)
[2014.08.17-12.03.55:828][495]LogModuleManager: Shutting down and abandoning module FoliageEdit (153)
[2014.08.17-12.03.55:828][495]LogModuleManager: Shutting down and abandoning module LandscapeEditor (152)
[2014.08.17-12.03.55:828][495]LogModuleManager: Shutting down and abandoning module MeshPaint (151)
[2014.08.17-12.03.55:828][495]LogModuleManager: Shutting down and abandoning module ActorPickerMode (150)
[2014.08.17-12.03.55:828][495]LogModuleManager: Shutting down and abandoning module GeometryMode (149)
[2014.08.17-12.03.55:828][495]LogModuleManager: Shutting down and abandoning module TextureAlignMode (148)
[2014.08.17-12.03.55:828][495]LogModuleManager: Shutting down and abandoning module BspMode (147)
[2014.08.17-12.03.55:828][495]LogModuleManager: Shutting down and abandoning module PlacementMode (146)
[2014.08.17-12.03.55:828][495]LogModuleManager: Shutting down and abandoning module DesktopPlatform (145)
[2014.08.17-12.03.55:828][495]LogModuleManager: Shutting down and abandoning module AutomationWorker (144)
[2014.08.17-12.03.55:828][495]LogModuleManager: Shutting down and abandoning module EditorLiveStreaming (143)
[2014.08.17-12.03.55:828][495]LogModuleManager: Shutting down and abandoning module BehaviorTreeEditor (142)
[2014.08.17-12.03.55:828][495]LogModuleManager: Shutting down and abandoning module DeviceProfileEditor (141)
[2014.08.17-12.03.55:828][495]LogModuleManager: Shutting down and abandoning module UndoHistory (140)
[2014.08.17-12.03.55:828][495]LogModuleManager: Shutting down and abandoning module GameplayTagsEditor (139)
[2014.08.17-12.03.55:828][495]LogModuleManager: Shutting down and abandoning module UserFeedback (138)
[2014.08.17-12.03.55:828][495]LogModuleManager: Shutting down and abandoning module XmlParser (137)
[2014.08.17-12.03.55:828][495]LogModuleManager: Shutting down and abandoning module Blutility (136)
[2014.08.17-12.03.55:828][495]LogModuleManager: Shutting down and abandoning module IOSPlatformEditor (135)
[2014.08.17-12.03.55:828][495]LogModuleManager: Shutting down and abandoning module IOSRuntimeSettings (134)
[2014.08.17-12.03.55:828][495]LogModuleManager: Shutting down and abandoning module AndroidPlatformEditor (133)
[2014.08.17-12.03.55:828][495]LogModuleManager: Shutting down and abandoning module AndroidRuntimeSettings (132)
[2014.08.17-12.03.55:828][495]LogModuleManager: Shutting down and abandoning module ProjectTargetPlatformEditor (131)
[2014.08.17-12.03.55:828][495]LogModuleManager: Shutting down and abandoning module ProjectSettingsViewer (130)
[2014.08.17-12.03.55:828][495]LogModuleManager: Shutting down and abandoning module InputBindingEditor (129)
[2014.08.17-12.03.55:828][495]LogModuleManager: Shutting down and abandoning module EditorSettingsViewer (128)
[2014.08.17-12.03.55:828][495]LogModuleManager: Shutting down and abandoning module SettingsEditor (127)
[2014.08.17-12.03.55:828][495]LogModuleManager: Shutting down and abandoning module SessionLauncher (126)
[2014.08.17-12.03.55:828][495]LogModuleManager: Shutting down and abandoning module SessionFrontend (125)
[2014.08.17-12.03.55:828][495]LogModuleManager: Shutting down and abandoning module ProfilerClient (124)
[2014.08.17-12.03.55:828][495]LogModuleManager: Shutting down and abandoning module TargetDeviceServices (123)
[2014.08.17-12.03.55:828][495]LogModuleManager: Shutting down and abandoning module DeviceManager (122)
[2014.08.17-12.03.55:829][495]LogModuleManager: Shutting down and abandoning module AutomationController (121)
[2014.08.17-12.03.55:829][495]LogModuleManager: Shutting down and abandoning module AutomationWindow (120)
[2014.08.17-12.03.55:829][495]LogModuleManager: Shutting down and abandoning module Layers (119)
[2014.08.17-12.03.55:829][495]LogModuleManager: Shutting down and abandoning module ComponentVisualizers (118)
[2014.08.17-12.03.55:829][495]LogModuleManager: Shutting down and abandoning module DetailCustomizations (117)
[2014.08.17-12.03.55:829][495]LogModuleManager: Shutting down and abandoning module PackagesDialog (116)
[2014.08.17-12.03.55:829][495]LogModuleManager: Shutting down and abandoning module DirectoryWatcher (115)
[2014.08.17-12.03.55:829][495]LogModuleManager: Shutting down and abandoning module AssetRegistry (114)
[2014.08.17-12.03.55:886][495]LogModuleManager: Shutting down and abandoning module Persona (113)
[2014.08.17-12.03.55:886][495]LogModuleManager: Shutting down and abandoning module GraphEditor (112)
[2014.08.17-12.03.55:886][495]LogModuleManager: Shutting down and abandoning module ClassViewer (111)
[2014.08.17-12.03.55:886][495]LogModuleManager: Shutting down and abandoning module Toolbox (110)
[2014.08.17-12.03.55:886][495]LogModuleManager: Shutting down and abandoning module ModuleUI (109)
[2014.08.17-12.03.55:886][495]LogModuleManager: Shutting down and abandoning module Sequencer (108)
[2014.08.17-12.03.55:886][495]LogModuleManager: Shutting down and abandoning module MovieSceneTools (107)
[2014.08.17-12.03.55:886][495]LogModuleManager: Shutting down and abandoning module OutputLog (106)
[2014.08.17-12.03.55:886][495]LogModuleManager: Shutting down and abandoning module GammaUI (105)
[2014.08.17-12.03.55:886][495]LogModuleManager: Shutting down and abandoning module Documentation (104)
[2014.08.17-12.03.55:886][495]LogModuleManager: Shutting down and abandoning module GameLiveStreaming (103)
[2014.08.17-12.03.55:886][495]LogModuleManager: Shutting down and abandoning module StreamingPauseRendering (102)
[2014.08.17-12.03.55:886][495]LogModuleManager: Shutting down and abandoning module AnalyticsET (101)
[2014.08.17-12.03.55:886][495]LogModuleManager: Shutting down and abandoning module Analytics (100)
[2014.08.17-12.03.55:886][495]LogModuleManager: Shutting down and abandoning module GameplayDebugger (99)
[2014.08.17-12.03.55:886][495]LogModuleManager: Shutting down and abandoning module AIModule (98)
[2014.08.17-12.03.55:886][495]LogModuleManager: Shutting down and abandoning module ProfilerService (97)
[2014.08.17-12.03.56:027][495]LogModuleManager: Shutting down and abandoning module TaskGraph (96)
[2014.08.17-12.03.56:027][495]LogModuleManager: Shutting down and abandoning module SlateRemote (95)
[2014.08.17-12.03.56:027][495]LogModuleManager: Shutting down and abandoning module ScriptEditorPlugin (94)
[2014.08.17-12.03.56:027][495]LogModuleManager: Shutting down and abandoning module CustomMeshComponent (93)
[2014.08.17-12.03.56:027][495]LogModuleManager: Shutting down and abandoning module CableComponent (92)
[2014.08.17-12.03.56:027][495]LogModuleManager: Shutting down and abandoning module OculusRift (91)
[2014.08.17-12.03.56:027][495]LogModuleManager: Shutting down and abandoning module MessagingDebugger (90)
[2014.08.17-12.03.56:027][495]LogModuleManager: Shutting down and abandoning module ViewportSnapping (89)
[2014.08.17-12.03.56:027][495]LogModuleManager: Shutting down and abandoning module SmartSnapping (88)
[2014.08.17-12.03.56:027][495]LogModuleManager: Shutting down and abandoning module PaperTiledImporter (87)
[2014.08.17-12.03.56:027][495]LogModuleManager: Shutting down and abandoning module PaperJsonImporter (86)
[2014.08.17-12.03.56:027][495]LogModuleManager: Shutting down and abandoning module GameProjectGeneration (85)
[2014.08.17-12.03.56:027][495]LogModuleManager: Shutting down and abandoning module Matinee (84)
[2014.08.17-12.03.56:027][495]LogModuleManager: Shutting down and abandoning module Kismet (83)
[2014.08.17-12.03.56:027][495]LogModuleManager: Shutting down and abandoning module SlateReflector (82)
[2014.08.17-12.03.56:027][495]LogModuleManager: Shutting down and abandoning module LevelEditor (81)
[2014.08.17-12.03.56:028][495]LogModuleManager: Shutting down and abandoning module IntroTutorials (80)
[2014.08.17-12.03.56:028][495]LogModuleManager: Shutting down and abandoning module ContentBrowser (79)
[2014.08.17-12.03.56:028][495]LogModuleManager: Shutting down and abandoning module PropertyEditor (78)
[2014.08.17-12.03.56:028][495]LogModuleManager: Shutting down and abandoning module AssetTools (77)
[2014.08.17-12.03.56:028][495]LogModuleManager: Shutting down and abandoning module Paper2DEditor (76)
[2014.08.17-12.03.56:028][495]LogModuleManager: Shutting down and abandoning module SpeedTreeImporter (75)
[2014.08.17-12.03.56:028][495]LogModuleManager: Shutting down and abandoning module PluginsEditor (74)
[2014.08.17-12.03.56:028][495]LogModuleManager: Shutting down and abandoning module MainFrame (73)
[2014.08.17-12.03.56:028][495]LogModuleManager: Shutting down and abandoning module EpicSurvey (72)
[2014.08.17-12.03.56:028][495]LogModuleManager: Shutting down and abandoning module VisualStudioSourceCodeAccess (71)
[2014.08.17-12.03.56:028][495]LogModuleManager: Shutting down and abandoning module UObjectPlugin (70)
[2014.08.17-12.03.56:028][495]LogModuleManager: Shutting down and abandoning module SubversionSourceControl (69)
[2014.08.17-12.03.56:028][495]LogModuleManager: Shutting down and abandoning module SourceControl (68)
[2014.08.17-12.03.56:028][495]LogModuleManager: Shutting down and abandoning module PerforceSourceControl (67)
[2014.08.17-12.03.56:028][495]LogModuleManager: Shutting down and abandoning module BlankPlugin (66)
[2014.08.17-12.03.56:028][495]LogModuleManager: Shutting down and abandoning module ScriptPlugin (65)
[2014.08.17-12.03.56:028][495]LogModuleManager: Shutting down and abandoning module UdpMessaging (64)
[2014.08.17-12.03.56:128][495]LogModuleManager: Shutting down and abandoning module Paper2D (63)
[2014.08.17-12.03.56:128][495]LogModuleManager: Shutting down and abandoning module WindowsMoviePlayer (62)
[2014.08.17-12.03.56:130][495]LogModuleManager: Shutting down and abandoning module ImageWrapper (61)
[2014.08.17-12.03.56:130][495]LogModuleManager: Shutting down and abandoning module OnlineBlueprintSupport (60)
[2014.08.17-12.03.56:130][495]LogModuleManager: Shutting down and abandoning module FunctionalTesting (59)
[2014.08.17-12.03.56:130][495]LogModuleManager: Shutting down and abandoning module CollisionAnalyzer (58)
[2014.08.17-12.03.56:130][495]LogModuleManager: Shutting down and abandoning module WorkspaceMenuStructure (57)
[2014.08.17-12.03.56:130][495]LogModuleManager: Shutting down and abandoning module MessageLog (56)
[2014.08.17-12.03.56:130][495]LogModuleManager: Shutting down and abandoning module UMGEditor (55)
[2014.08.17-12.03.56:130][495]LogModuleManager: Shutting down and abandoning module UMG (54)
[2014.08.17-12.03.56:130][495]LogModuleManager: Shutting down and abandoning module Slate (53)
[2014.08.17-12.03.56:130][495]LogModuleManager: Shutting down and abandoning module EditorStyle (52)
[2014.08.17-12.03.56:131][495]LogModuleManager: Shutting down and abandoning module SessionServices (51)
[2014.08.17-12.03.56:131][495]LogModuleManager: Shutting down and abandoning module SourceCodeAccess (50)
[2014.08.17-12.03.56:131][495]LogModuleManager: Shutting down and abandoning module HeadMountedDisplay (49)
[2014.08.17-12.03.56:131][495]LogModuleManager: Shutting down and abandoning module XAudio2 (48)
[2014.08.17-12.03.56:131][495]LogModuleManager: Shutting down and abandoning module Networking (46)
[2014.08.17-12.03.56:131][495]LogModuleManager: Shutting down and abandoning module Core (45)
[2014.08.17-12.03.56:131][495]LogModuleManager: Shutting down and abandoning module KismetCompiler (44)
[2014.08.17-12.03.56:131][495]LogModuleManager: Shutting down and abandoning module PhysXFormats (43)
[2014.08.17-12.03.56:131][495]LogModuleManager: Shutting down and abandoning module MeshUtilities (42)
[2014.08.17-12.03.56:131][495]LogModuleManager: Shutting down and abandoning module DerivedDataCache (41)
[2014.08.17-12.03.56:232][495]LogDerivedDataCache: Shutdown
[2014.08.17-12.03.56:232][495]LogModuleManager: Shutting down and abandoning module ShaderFormatOpenGL (40)
[2014.08.17-12.03.56:232][495]LogModuleManager: Shutting down and abandoning module ShaderFormatD3D (39)
[2014.08.17-12.03.56:232][495]LogModuleManager: Shutting down and abandoning module MetalShaderFormat (38)
[2014.08.17-12.03.56:232][495]LogModuleManager: Shutting down and abandoning module TextureFormatUncompressed (37)
[2014.08.17-12.03.56:232][495]LogModuleManager: Shutting down and abandoning module TextureFormatPVR (36)
[2014.08.17-12.03.56:232][495]LogModuleManager: Shutting down and abandoning module TextureFormatDXT (35)
[2014.08.17-12.03.56:232][495]LogModuleManager: Shutting down and abandoning module TextureFormatAndroid (34)
[2014.08.17-12.03.56:232][495]LogModuleManager: Shutting down and abandoning module AudioFormatOpus (33)
[2014.08.17-12.03.56:232][495]LogModuleManager: Shutting down and abandoning module AudioFormatOgg (32)
[2014.08.17-12.03.56:232][495]LogModuleManager: Shutting down and abandoning module AudioFormatADPCM (31)
[2014.08.17-12.03.56:232][495]LogModuleManager: Shutting down and abandoning module Messaging (30)
[2014.08.17-12.03.56:232][495]LogModuleManager: Shutting down and abandoning module IOSTargetPlatform (29)
[2014.08.17-12.03.56:232][495]LogModuleManager: Shutting down and abandoning module Android_PVRTCTargetPlatform (28)
[2014.08.17-12.03.56:232][495]LogModuleManager: Shutting down and abandoning module Android_ETC2TargetPlatform (27)
[2014.08.17-12.03.56:232][495]LogModuleManager: Shutting down and abandoning module Android_ETC1TargetPlatform (26)
[2014.08.17-12.03.56:232][495]LogModuleManager: Shutting down and abandoning module Android_DXTTargetPlatform (25)
[2014.08.17-12.03.56:232][495]LogModuleManager: Shutting down and abandoning module Android_ATCTargetPlatform (24)
[2014.08.17-12.03.56:232][495]LogModuleManager: Shutting down and abandoning module AndroidTargetPlatform (23)
[2014.08.17-12.03.56:232][495]LogModuleManager: Shutting down and abandoning module WindowsTargetPlatform (22)
[2014.08.17-12.03.56:232][495]LogModuleManager: Shutting down and abandoning module WindowsServerTargetPlatform (21)
[2014.08.17-12.03.56:232][495]LogModuleManager: Shutting down and abandoning module WindowsNoEditorTargetPlatform (20)
[2014.08.17-12.03.56:232][495]LogModuleManager: Shutting down and abandoning module WindowsClientTargetPlatform (19)
[2014.08.17-12.03.56:232][495]LogModuleManager: Shutting down and abandoning module TargetPlatform (18)
[2014.08.17-12.03.56:232][495]LogModuleManager: Shutting down and abandoning module InputCore (17)
[2014.08.17-12.03.56:232][495]LogModuleManager: Shutting down and abandoning module Settings (16)
[2014.08.17-12.03.56:232][495]LogModuleManager: Shutting down and abandoning module ExampleDeviceProfileSelector (13)
[2014.08.17-12.03.56:232][495]LogModuleManager: Shutting down and abandoning module TextureCompressor (12)
[2014.08.17-12.03.56:232][495]LogModuleManager: Shutting down and abandoning module ShaderCore (11)
[2014.08.17-12.03.56:232][495]LogModuleManager: Shutting down and abandoning module OpenGLDrv (10)
[2014.08.17-12.03.56:232][495]LogModuleManager: Shutting down and abandoning module D3D11RHI (9)
[2014.08.17-12.03.56:232][495]LogModuleManager: Shutting down and abandoning module SlateRHIRenderer (8)
[2014.08.17-12.03.56:232][495]LogModuleManager: Shutting down and abandoning module Renderer (7)
[2014.08.17-12.03.56:232][495]LogModuleManager: Shutting down and abandoning module Engine (6)
[2014.08.17-12.03.56:232][495]LogModuleManager: Shutting down and abandoning module CoreUObject (5)
[2014.08.17-12.03.56:232][495]LogModuleManager: Shutting down and abandoning module NetworkFile (4)
[2014.08.17-12.03.56:232][495]LogModuleManager: Shutting down and abandoning module StreamingFile (3)
[2014.08.17-12.03.56:232][495]LogModuleManager: Shutting down and abandoning module SandboxFile (2)
[2014.08.17-12.03.56:232][495]LogModuleManager: Shutting down and abandoning module PakFile (1)
[2014.08.17-12.03.56:232][495]LogExit: Exiting.
[2014.08.17-12.03.56:234][495]Log file closed, 08/17/14 13:03:56
