Log file open, 08/16/14 22:16:07
LogInit:Display: Running engine for game: WhiteBoard
LogInit: Version: 4.4.0-2255576+++depot+UE4-Releases+4.4
LogInit: API Version: 2255576
LogInit: Compiled (64-bit): Aug 13 2014 22:39:32
LogInit: Build Configuration: Development
LogInit: Branch Name: ++depot+UE4-Releases+4.4
LogInit: Command line:  
LogInit: Base directory: C:/Program Files/Unreal Engine/4.4/Engine/Binaries/Win64/
LogInit: Rocket: 1
[2014.08.16-21.16.07:573][  0]LogTaskGraph: Started task graph with 3 named threads and 4 total threads.
[2014.08.16-21.16.07:598][  0]LogOnline:Warning: No default platform service specified for OnlineSubsystem
[2014.08.16-21.16.07:604][  0]LogInit: Presizing for 0 objects not considered by GC, pre-allocating 0 bytes.
[2014.08.16-21.16.07:609][  0]LogInit: Object subsystem initialized
[2014.08.16-21.16.07:610][  0]LogInit: Selected Device Profile: [Windows]
[2014.08.16-21.16.07:610][  0]LogInit: Applying CVar settings loaded from the selected device profile: [Windows]
[2014.08.16-21.16.07:613][  0]LogInit: Computer: CRAIG-DEV-PC
[2014.08.16-21.16.07:613][  0]LogInit: User: CraigDev
[2014.08.16-21.16.07:613][  0]LogInit: CPU Page size=4096, Cores=4
[2014.08.16-21.16.07:613][  0]LogInit: High frequency timer resolution =3.419960 MHz
[2014.08.16-21.16.07:613][  0]LogMemory: Memory total: Physical=7.9GB (8GB approx) Virtual=8192.0GB
[2014.08.16-21.16.07:614][  0]LogMemory: Platform Memory Stats for Windows
[2014.08.16-21.16.07:614][  0]LogMemory: Process Physical Memory: 60.82 MB used, 60.82 MB peak
[2014.08.16-21.16.07:614][  0]LogMemory: Process Virtual Memory: 36.92 MB used, 36.92 MB peak
[2014.08.16-21.16.07:614][  0]LogMemory: Physical Memory: 3138.73 MB used, 8137.07 MB total
[2014.08.16-21.16.07:614][  0]LogMemory: Virtual Memory: 248.25 MB used, 8388608.00 MB total
[2014.08.16-21.16.07:630][  0]LogD3D11RHI: Found D3D11 adapter 0: AMD Radeon HD 7800 Series (Feature Level 11_0)
[2014.08.16-21.16.07:630][  0]LogD3D11RHI: Adapter has 2030MB of dedicated video memory, 0MB of dedicated system memory, and 3812MB of shared system memory, 1 output[s]
[2014.08.16-21.16.07:630][  0]LogD3D11RHI: Chosen D3D11 Adapter Id = 0
[2014.08.16-21.16.07:633][  0]LogRHI: Texture pool is 1361 MB (70% of 1945 MB)
[2014.08.16-21.16.07:636][  0]LogD3D11RHI: Async texture creation disabled: no driver support
[2014.08.16-21.16.07:718][  0]LogContentStreaming: Texture pool size is 0.000000MB
[2014.08.16-21.16.08:794][  0]LogTargetPlatformManager:Display: Building Assets For Windows
[2014.08.16-21.16.09:060][  0]LogTargetPlatformManager:Display: Building Assets For Windows
[2014.08.16-21.16.09:084][  0]LogDerivedDataCache:Display: Max Cache Size: 512 MB
[2014.08.16-21.16.09:116][  0]LogDerivedDataCache: Loaded boot cache 0.03s 39MB C:/Users/Craig-Dev/AppData/Local/UnrealEngine/4.4/DerivedDataCache/Boot.ddc.
[2014.08.16-21.16.09:116][  0]LogDerivedDataCache:Display: Loaded Boot cache: C:/Users/Craig-Dev/AppData/Local/UnrealEngine/4.4/DerivedDataCache/Boot.ddc
[2014.08.16-21.16.09:116][  0]LogDerivedDataCache: FDerivedDataBackendGraph:  Pak pak cache file ../../../../../../Users/Craig-Dev/Documents/Unreal Projects/WhiteBoard/DerivedDataCache/DDC.ddp not found, will not use a pak cache.
[2014.08.16-21.16.09:116][  0]LogDerivedDataCache: Unable to find inner node Pak for hierarchical cache Hierarchy.
[2014.08.16-21.16.09:130][  0]LogDerivedDataCache:Display: Pak cache opened for reading ../../../Engine/DerivedDataCache/DDC.ddp.
[2014.08.16-21.16.09:140][  0]LogDerivedDataCache: Using Local data cache path C:/Users/Craig-Dev/AppData/Local/UnrealEngine/4.4/DerivedDataCache: Writable
[2014.08.16-21.16.09:248][  0]LogMeshUtilities: No automatic mesh reduction module available
[2014.08.16-21.16.09:248][  0]LogMeshUtilities: No automatic mesh merging module available
[2014.08.16-21.16.09:459][  0]LogInit: WinSock: version 1.1 (2.2), MaxSocks=32767, MaxUdp=65467
[2014.08.16-21.16.09:913][  0]LogStats:Warning: MetaData mismatch. Did you assign a stat to two groups? New //STATGROUP_Threads//FMonitoredProcess///Thread_a88_0///////STATCAT_Advanced//// old //STATGROUP_Threads//FMonitoredProcess///Thread_1b18_0///////STATCAT_Advanced////
[2014.08.16-21.16.09:913][  0]UdpMessaging: Initializing bridge on interface 0.0.0.0:0 to multicast group 230.0.0.1:6666.
[2014.08.16-21.16.09:990][  0]SourceControl: Info Source control is disabled
[2014.08.16-21.16.09:990][  0]SourceControl: Info Source control is disabled
[2014.08.16-21.16.09:993][  0]SourceControl: Info Source control is disabled
[2014.08.16-21.16.10:092][  0]BlueprintLog: New page: Editor Load
[2014.08.16-21.16.10:147][  0]LogObj: 21438 objects as part of root set at end of initial load.
[2014.08.16-21.16.10:147][  0]LogUObjectAllocator: 4218648 out of 0 bytes used by permanent object pool.
[2014.08.16-21.16.10:304][  0]LogEngine: Initializing Engine...
[2014.08.16-21.16.10:377][  0]LogInit: XAudio2 using 'Digital Audio (S/PDIF) (High Definition Audio Device)' : 2 channels at 48 kHz using 16 bits per sample (channel mask 0x3)
[2014.08.16-21.16.10:383][  0]LogInit: FAudioDevice initialized.
[2014.08.16-21.16.10:392][  0]LogAIModule: Creating AISystem for world NewWorld
[2014.08.16-21.16.10:411][  0]LogDerivedDataCache: Saved boot cache 0.02s 39MB C:/Users/Craig-Dev/AppData/Local/UnrealEngine/4.4/DerivedDataCache/Boot.ddc.
[2014.08.16-21.16.10:414][  0]LogInit: Texture streaming: Enabled
[2014.08.16-21.16.10:430][  0]LogInit: Transaction tracking system initialized
[2014.08.16-21.16.10:491][  0]LogAssetRegistry: FAssetRegistry took 0.0101 seconds to start up
[2014.08.16-21.16.10:779][  0]LogTargetPlatformManager:Display: Building Assets For Windows
[2014.08.16-21.16.11:002][  0]LogTargetPlatformManager:Display: Building Assets For Windows
[2014.08.16-21.16.11:069][  0]LogConsoleResponse:Display: 
[2014.08.16-21.16.11:165][  0]LogStats:Warning: MetaData mismatch. Did you assign a stat to two groups? New //STATGROUP_Threads//FMonitoredProcess///Thread_1a0c_0///////STATCAT_Advanced//// old //STATGROUP_Threads//FMonitoredProcess///Thread_1b18_0///////STATCAT_Advanced////
[2014.08.16-21.16.11:165][  0]LogStats:Warning: MetaData mismatch. Did you assign a stat to two groups? New //STATGROUP_Threads//FMonitoredProcess///Thread_5b8_0///////STATCAT_Advanced//// old //STATGROUP_Threads//FMonitoredProcess///Thread_1b18_0///////STATCAT_Advanced////
[2014.08.16-21.16.11:165][  0]SourceControl: Info Source control is disabled
[2014.08.16-21.16.11:165][  0]Cmd: MAP LOAD FILE="../../../../../../Users/Craig-Dev/Documents/Unreal Projects/WhiteBoard/Content/Maps/Example_Map.umap" TEMPLATE=0 SHOWPROGRESS=1
[2014.08.16-21.16.11:165][  0]LightingResults: New page: Lighting Build
[2014.08.16-21.16.11:169][  0]MapCheck: New page: Map Check
[2014.08.16-21.16.11:169][  0]LightingResults: New page: Lighting Build
[2014.08.16-21.16.11:180][  0]LogParticles: Destroying 0 GPU particle simulations for FXSystem 0x00000000106151C0
[2014.08.16-21.16.11:403][  0]LogEditorServer: Finished looking for orphan Actors (0.000 secs)
[2014.08.16-21.16.11:403][  0]LogAIModule: Creating AISystem for world Example_Map
[2014.08.16-21.16.11:403][  0]Cmd: MAP CHECKDEP
[2014.08.16-21.16.11:403][  0]MapCheck: New page: Example_Map - 16 Aug 2014 23:16:11
[2014.08.16-21.16.11:442][  0]MapCheck: Info ========== Map Check: 0 Error(s), 0 Warning(s), [38.803ms] ==========
[2014.08.16-21.16.11:442][  0]LogFileHelpers: Loading map 'Example_Map' took 0.278
[2014.08.16-21.16.11:521][  0]LogCollectionManager: Loaded 0 collections in 0.000656 seconds
[2014.08.16-21.16.11:529][  0]LogContentBrowser:Verbose: The content browser source was changed by the sources view to '/Game'
[2014.08.16-21.16.11:575][  0]LogCrashTracker: Crashtracker disabled due to settings.
[2014.08.16-21.16.11:612][  0]LogLoad: Full Startup: 4.49 seconds (BP compile: 0.08 seconds)
[2014.08.16-21.16.11:713][  0]LogRenderer:Warning: Reallocating scene render targets to support 32x32.
[2014.08.16-21.16.11:757][  0]LogRenderer:Warning: Reallocating scene render targets to support 1128x896.
[2014.08.16-21.16.11:943][  1]LogAssetRegistry: Asset discovery search completed in 1.4625 seconds
[2014.08.16-21.16.18:107][549]LogSavePackage: Save=82.809158ms
[2014.08.16-21.16.18:107][549]LogSavePackage: Moving '../../../../../../Users/Craig-Dev/Documents/Unreal Projects/WhiteBoard/Saved/Example_Map2821749149F631ECC46EA0AB0336BC81.tmp' to '../../../../../../Users/Craig-Dev/Documents/Unreal Projects/WhiteBoard/Content/Maps/Example_Map.umap'
[2014.08.16-21.17.51:195][325]LogContentBrowser:Verbose: The content browser source was changed by the sources view to '/Game/Props'
[2014.08.16-21.17.52:495][447]LogContentBrowser:Verbose: The content browser source was changed by the sources view to '/Game/Props/clock'
[2014.08.16-21.17.58:388][929]LogRenderer:Warning: Reallocating scene render targets to support 1440x896.
[2014.08.16-21.18.15:426][937]LogSlate:Warning: GetFontFace failed to load or process 'Roboto-Regular'
[2014.08.16-21.18.15:426][937]LogSlate:Warning: GetFontFace failed to load or process 'Roboto-Regular'
[2014.08.16-21.18.15:428][937]LogSlate:Warning: GetFontFace failed to load or process 'Roboto-Regular'
[2014.08.16-21.18.15:428][937]LogSlate:Warning: GetFontFace failed to load or process 'Roboto-Regular'
[2014.08.16-21.18.15:428][937]LogSlate:Warning: GetFontFace failed to load or process 'Roboto-Regular'
[2014.08.16-21.18.15:428][937]LogSlate:Warning: GetFontFace failed to load or process 'Roboto-Regular'
[2014.08.16-21.18.15:428][937]LogSlate:Warning: GetFontFace failed to load or process 'Roboto-Regular'
[2014.08.16-21.18.15:428][937]LogSlate:Warning: GetFontFace failed to load or process 'Roboto-Regular'
[2014.08.16-21.18.15:428][937]LogSlate:Warning: GetFontFace failed to load or process 'Roboto-Regular'
[2014.08.16-21.18.15:428][937]LogSlate:Warning: GetFontFace failed to load or process 'Roboto-Regular'
[2014.08.16-21.18.15:428][937]LogSlate:Warning: GetFontFace failed to load or process 'Roboto-Regular'
[2014.08.16-21.18.15:428][937]LogSlate:Warning: GetFontFace failed to load or process 'Roboto-Regular'
[2014.08.16-21.18.15:428][937]LogSlate:Warning: GetFontFace failed to load or process 'Roboto-Regular'
[2014.08.16-21.18.15:428][937]LogSlate:Warning: GetFontFace failed to load or process 'Roboto-Regular'
[2014.08.16-21.18.15:428][937]LogSlate:Warning: GetFontFace failed to load or process 'Roboto-Regular'
[2014.08.16-21.18.15:428][937]LogSlate:Warning: GetFontFace failed to load or process 'Roboto-Regular'
[2014.08.16-21.18.15:428][937]LogSlate:Warning: GetFontFace failed to load or process 'Roboto-Regular'
[2014.08.16-21.18.15:428][937]LogSlate:Warning: GetFontFace failed to load or process 'Roboto-Regular'
[2014.08.16-21.18.46:635][737]BlueprintLog: New page: Compile clock_BP
[2014.08.16-21.18.46:708][737]BlueprintEditorCompileResults: Info [0159.52] Compile of clock_BP successful! [in 0 ms]
[2014.08.16-21.18.47:236][764]Cmd: OBJ SAVEPACKAGE PACKAGE="/Game/Props/clock/clock_BP" FILE="../../../../../../Users/Craig-Dev/Documents/Unreal Projects/WhiteBoard/Content/Props/clock/clock_BP.uasset" SILENT=true
[2014.08.16-21.18.47:583][764]LogSavePackage: Save=335.297211ms
[2014.08.16-21.18.47:583][764]LogSavePackage: Moving '../../../../../../Users/Craig-Dev/Documents/Unreal Projects/WhiteBoard/Saved/clock_BP607184A74A5F16AB7A1F7E80B61E9E7E.tmp' to '../../../../../../Users/Craig-Dev/Documents/Unreal Projects/WhiteBoard/Content/Props/clock/clock_BP.uasset'
[2014.08.16-21.19.07:715][ 38]LogSlate:Warning: GetFontFace failed to load or process 'Roboto-Regular'
[2014.08.16-21.19.07:715][ 38]LogSlate:Warning: GetFontFace failed to load or process 'Roboto-Regular'
[2014.08.16-21.19.07:715][ 38]LogSlate:Warning: GetFontFace failed to load or process 'Roboto-Regular'
[2014.08.16-21.19.07:715][ 38]LogSlate:Warning: GetFontFace failed to load or process 'Roboto-Regular'
[2014.08.16-21.19.15:461][759]LogSlate:Warning: GetFontFace failed to load or process 'Roboto-Regular'
[2014.08.16-21.19.15:461][759]LogSlate:Warning: GetFontFace failed to load or process 'Roboto-Regular'
[2014.08.16-21.19.15:461][759]LogSlate:Warning: GetFontFace failed to load or process 'Roboto-Regular'
[2014.08.16-21.19.15:461][759]LogSlate:Warning: GetFontFace failed to load or process 'Roboto-Regular'
[2014.08.16-21.19.15:461][759]LogSlate:Warning: GetFontFace failed to load or process 'Roboto-Regular'
[2014.08.16-21.19.15:461][759]LogSlate:Warning: GetFontFace failed to load or process 'Roboto-Regular'
[2014.08.16-21.19.15:461][759]LogSlate:Warning: GetFontFace failed to load or process 'Roboto-Regular'
[2014.08.16-21.19.15:461][759]LogSlate:Warning: GetFontFace failed to load or process 'Roboto-Regular'
[2014.08.16-21.19.15:461][759]LogSlate:Warning: GetFontFace failed to load or process 'Roboto-Regular'
[2014.08.16-21.20.28:175][996]BlueprintLog: New page: Compile clock_BP
[2014.08.16-21.20.28:254][996]BlueprintEditorCompileResults: Info [0261.06] Compile of clock_BP successful! [in 1 ms]
[2014.08.16-21.20.43:203][262]LogPlayLevel: PIE:  No blueprints needed recompiling
[2014.08.16-21.20.43:203][262]PIE: New page: SIE session: Example_Map (16 Aug 2014 23:20:43)
[2014.08.16-21.20.43:219][262]LogPlayLevel: PIE: StaticDuplicateObject took: (0.015971s)
[2014.08.16-21.20.43:220][262]LogPlayLevel: PIE: World Init took: (0.001183s)
[2014.08.16-21.20.43:220][262]LogPlayLevel: PIE: Created PIE world by copying editor world from /Game/Maps/Example_Map.Example_Map to /Game/Maps/UEDPIE_0_Example_Map.Example_Map (0.017342s)
[2014.08.16-21.20.43:221][262]LogSelection:Warning: PIE object was selected: "clock_BP_C /Game/Maps/UEDPIE_0_Example_Map.Example_Map:PersistentLevel.clock_BP_15"
[2014.08.16-21.20.43:427][262]BlueprintLog:Warning: Warning Blueprint MyProjectile has been migrated and requires re-saving to avoid import errors
[2014.08.16-21.20.43:427][262]BlueprintLog:Warning: Warning Blueprint MyCharacter has been migrated and requires re-saving to avoid import errors
[2014.08.16-21.20.43:428][262]BlueprintLog:Warning: Warning Blueprint MyGame has been migrated and requires re-saving to avoid import errors
[2014.08.16-21.20.43:429][262]LogWorld: Game class is 'MyGame_C'
[2014.08.16-21.20.43:430][262]LogAIModule: Creating AISystem for world Example_Map
[2014.08.16-21.20.43:432][262]LogWorld: Bringing World /Game/Maps/UEDPIE_0_Example_Map.Example_Map up for play (max tick rate 0) at 2014.08.16-22.20.43
[2014.08.16-21.20.43:433][262]LogWorld: Bringing up level for play took: 0.002471
[2014.08.16-21.20.43:433][262]PIE: Info Play in editor start time for /Game/Maps/UEDPIE_0_Example_Map 1.197
[2014.08.16-21.20.43:439][262]LogSelection:Warning: PIE object was selected: "clock_BP_C /Game/Maps/UEDPIE_0_Example_Map.Example_Map:PersistentLevel.clock_BP_15"
[2014.08.16-21.20.43:530][263]LogRenderer:Warning: Reallocating scene render targets to support 1440x904.
[2014.08.16-21.20.47:572][602]LogParticles: Destroying 0 GPU particle simulations for FXSystem 0x0000000021285BC0
[2014.08.16-21.20.55:265][216]BlueprintLog: New page: Pre-PIE auto-recompile
[2014.08.16-21.20.55:308][216]LogPlayLevel: [PIE] Compiling clock_BP before PIE...
[2014.08.16-21.20.55:424][216]LogPlayLevel: PIE:  Blueprint regeneration took 159 ms (1 blueprints)
[2014.08.16-21.20.55:424][216]PIE: New page: SIE session: Example_Map (16 Aug 2014 23:20:55)
[2014.08.16-21.20.55:439][216]LogPlayLevel: PIE: StaticDuplicateObject took: (0.014400s)
[2014.08.16-21.20.55:440][216]LogPlayLevel: PIE: World Init took: (0.000913s)
[2014.08.16-21.20.55:440][216]LogPlayLevel: PIE: Created PIE world by copying editor world from /Game/Maps/Example_Map.Example_Map to /Game/Maps/UEDPIE_0_Example_Map.Example_Map (0.015491s)
[2014.08.16-21.20.55:440][216]LogSelection:Warning: PIE object was selected: "clock_BP_C /Game/Maps/UEDPIE_0_Example_Map.Example_Map:PersistentLevel.clock_BP_C_2"
[2014.08.16-21.20.55:467][216]LogWorld: Game class is 'MyGame_C'
[2014.08.16-21.20.55:468][216]LogAIModule: Creating AISystem for world Example_Map
[2014.08.16-21.20.55:470][216]LogWorld: Bringing World /Game/Maps/UEDPIE_0_Example_Map.Example_Map up for play (max tick rate 0) at 2014.08.16-22.20.55
[2014.08.16-21.20.55:471][216]LogWorld: Bringing up level for play took: 0.002356
[2014.08.16-21.20.55:471][216]PIE: Info Play in editor start time for /Game/Maps/UEDPIE_0_Example_Map -0.765
[2014.08.16-21.20.55:476][216]LogSelection:Warning: PIE object was selected: "clock_BP_C /Game/Maps/UEDPIE_0_Example_Map.Example_Map:PersistentLevel.clock_BP_C_2"
[2014.08.16-21.21.27:560][ 49]LogParticles: Destroying 0 GPU particle simulations for FXSystem 0x000000001C84D760
[2014.08.16-21.21.44:783][363]BlueprintLog: New page: Compile clock_BP
[2014.08.16-21.21.44:862][363]BlueprintEditorCompileResults: Info [0337.66] Compile of clock_BP successful! [in 0 ms]
[2014.08.16-21.21.45:481][409]Cmd: OBJ SAVEPACKAGE PACKAGE="/Game/Props/clock/clock_BP" FILE="../../../../../../Users/Craig-Dev/Documents/Unreal Projects/WhiteBoard/Content/Props/clock/clock_BP.uasset" SILENT=true
[2014.08.16-21.21.45:858][409]LogSavePackage: Save=342.399048ms
[2014.08.16-21.21.45:858][409]LogSavePackage: Moving '../../../../../../Users/Craig-Dev/Documents/Unreal Projects/WhiteBoard/Saved/clock_BPCB6DF983467579FF4B29C59F139F4A3D.tmp' to '../../../../../../Users/Craig-Dev/Documents/Unreal Projects/WhiteBoard/Content/Props/clock/clock_BP.uasset'
[2014.08.16-21.22.20:195][150]LogUObjectGlobals:Warning: Failed to find object 'Object None.'
[2014.08.16-21.22.20:195][150]LogUObjectGlobals:Warning: Failed to find object 'Object None.'
[2014.08.16-21.22.20:195][150]LogProperty:Warning: ObjectProperty /Script/Engine.EdGraphPin:LinkedTo.LinkedTo: unresolved reference to 'EdGraphPin'"K2Node_CallFunction_13682.EdGraphPin_3753"''
[2014.08.16-21.22.30:193][939]BlueprintLog: New page: Compile clock_BP
[2014.08.16-21.22.30:267][939]BlueprintEditorCompileResults: Info [0383.08] Compile of clock_BP successful! [in 1 ms]
[2014.08.16-21.22.31:469][ 25]LogPlayLevel: PIE:  No blueprints needed recompiling
[2014.08.16-21.22.31:470][ 25]PIE: New page: SIE session: Example_Map (16 Aug 2014 23:22:31)
[2014.08.16-21.22.31:485][ 25]LogPlayLevel: PIE: StaticDuplicateObject took: (0.015524s)
[2014.08.16-21.22.31:486][ 25]LogPlayLevel: PIE: World Init took: (0.001213s)
[2014.08.16-21.22.31:487][ 25]LogPlayLevel: PIE: Created PIE world by copying editor world from /Game/Maps/Example_Map.Example_Map to /Game/Maps/UEDPIE_0_Example_Map.Example_Map (0.016913s)
[2014.08.16-21.22.31:487][ 25]LogSelection:Warning: PIE object was selected: "clock_BP_C /Game/Maps/UEDPIE_0_Example_Map.Example_Map:PersistentLevel.clock_BP_C_3"
[2014.08.16-21.22.31:515][ 25]LogWorld: Game class is 'MyGame_C'
[2014.08.16-21.22.31:516][ 25]LogAIModule: Creating AISystem for world Example_Map
[2014.08.16-21.22.31:518][ 25]LogWorld: Bringing World /Game/Maps/UEDPIE_0_Example_Map.Example_Map up for play (max tick rate 0) at 2014.08.16-22.22.31
[2014.08.16-21.22.31:518][ 25]LogWorld: Bringing up level for play took: 0.002487
[2014.08.16-21.22.31:519][ 25]PIE: Info Play in editor start time for /Game/Maps/UEDPIE_0_Example_Map -0.718
[2014.08.16-21.22.31:524][ 25]LogSelection:Warning: PIE object was selected: "clock_BP_C /Game/Maps/UEDPIE_0_Example_Map.Example_Map:PersistentLevel.clock_BP_C_3"
[2014.08.16-21.23.37:157][161]Cmd: SELECT NONE
[2014.08.16-21.23.38:315][247]LogParticles: Destroying 0 GPU particle simulations for FXSystem 0x00000000241B32E0
[2014.08.16-21.24.09:925][696]LogUObjectGlobals:Warning: Failed to find object 'Object None.'
[2014.08.16-21.24.09:925][696]LogUObjectGlobals:Warning: Failed to find object 'Object None.'
[2014.08.16-21.24.09:925][696]LogProperty:Warning: ObjectProperty /Script/Engine.EdGraphPin:LinkedTo.LinkedTo: unresolved reference to 'EdGraphPin'"K2Node_CallFunction_13682.EdGraphPin_6390"''
[2014.08.16-21.24.16:405][183]BlueprintLog: New page: Compile clock_BP
[2014.08.16-21.24.16:487][183]BlueprintEditorCompileResults: Info [0489.29] Compile of clock_BP successful! [in 1 ms]
[2014.08.16-21.24.17:189][222]Cmd: OBJ SAVEPACKAGE PACKAGE="/Game/Props/clock/clock_BP" FILE="../../../../../../Users/Craig-Dev/Documents/Unreal Projects/WhiteBoard/Content/Props/clock/clock_BP.uasset" SILENT=true
[2014.08.16-21.24.17:539][222]LogSavePackage: Save=343.103149ms
[2014.08.16-21.24.17:539][222]LogSavePackage: Moving '../../../../../../Users/Craig-Dev/Documents/Unreal Projects/WhiteBoard/Saved/clock_BP0936FD694BDF52941143C793DA2E964B.tmp' to '../../../../../../Users/Craig-Dev/Documents/Unreal Projects/WhiteBoard/Content/Props/clock/clock_BP.uasset'
[2014.08.16-21.24.23:786][706]BlueprintLog: New page: Compile clock_BP
[2014.08.16-21.24.23:869][706]BlueprintEditorCompileResults: Info [0496.67] Compile of clock_BP successful! [in 1 ms]
[2014.08.16-21.24.24:592][760]Cmd: OBJ SAVEPACKAGE PACKAGE="/Game/Props/clock/clock_BP" FILE="../../../../../../Users/Craig-Dev/Documents/Unreal Projects/WhiteBoard/Content/Props/clock/clock_BP.uasset" SILENT=true
[2014.08.16-21.24.24:950][760]LogSavePackage: Save=351.668732ms
[2014.08.16-21.24.24:950][760]LogSavePackage: Moving '../../../../../../Users/Craig-Dev/Documents/Unreal Projects/WhiteBoard/Saved/clock_BP338D77824263AC2201C512BF3383A064.tmp' to '../../../../../../Users/Craig-Dev/Documents/Unreal Projects/WhiteBoard/Content/Props/clock/clock_BP.uasset'
[2014.08.16-21.24.52:228][860]Cmd: OBJ SAVEPACKAGE PACKAGE="/Game/Props/clock/clock_BP" FILE="../../../../../../Users/Craig-Dev/Documents/Unreal Projects/WhiteBoard/Content/Props/clock/clock_BP.uasset" SILENT=true
[2014.08.16-21.24.52:247][860]LogSavePackage: Save=12.999275ms
[2014.08.16-21.24.52:247][860]LogSavePackage: Moving '../../../../../../Users/Craig-Dev/Documents/Unreal Projects/WhiteBoard/Saved/clock_BP753B812F47212A498FCD1EBEAD41C759.tmp' to '../../../../../../Users/Craig-Dev/Documents/Unreal Projects/WhiteBoard/Content/Props/clock/clock_BP.uasset'
[2014.08.16-21.24.58:746][357]Cmd: OBJ SAVEPACKAGE PACKAGE="/Game/Props/clock/clock_BP" FILE="../../../../../../Users/Craig-Dev/Documents/Unreal Projects/WhiteBoard/Content/Props/clock/clock_BP.uasset" SILENT=true
[2014.08.16-21.24.58:765][357]LogSavePackage: Save=12.815063ms
[2014.08.16-21.24.58:765][357]LogSavePackage: Moving '../../../../../../Users/Craig-Dev/Documents/Unreal Projects/WhiteBoard/Saved/clock_BPC179E97842813159F142C9A519A26200.tmp' to '../../../../../../Users/Craig-Dev/Documents/Unreal Projects/WhiteBoard/Content/Props/clock/clock_BP.uasset'
[2014.08.16-21.26.05:513][ 36]Cmd: OBJ SAVEPACKAGE PACKAGE="/Game/Props/clock/clock_BP" FILE="../../../../../../Users/Craig-Dev/Documents/Unreal Projects/WhiteBoard/Content/Props/clock/clock_BP.uasset" SILENT=true
[2014.08.16-21.26.05:855][ 36]LogSavePackage: Save=335.746338ms
[2014.08.16-21.26.05:855][ 36]LogSavePackage: Moving '../../../../../../Users/Craig-Dev/Documents/Unreal Projects/WhiteBoard/Saved/clock_BPB06A9E614186155690D3B1A55B2AA5BB.tmp' to '../../../../../../Users/Craig-Dev/Documents/Unreal Projects/WhiteBoard/Content/Props/clock/clock_BP.uasset'
[2014.08.16-21.26.06:212][ 61]BlueprintLog: New page: Compile clock_BP
[2014.08.16-21.26.06:434][ 61]BlueprintEditorCompileResults: Info [0599.09] Compile of clock_BP successful! [in 1 ms]
[2014.08.16-21.27.51:637][771]LogSlate:Warning: GetFontFace failed to load or process 'Roboto-Regular'
[2014.08.16-21.27.51:637][771]LogSlate:Warning: GetFontFace failed to load or process 'Roboto-Regular'
[2014.08.16-21.27.57:838][206]LogSavePackage: Save=66.759552ms
[2014.08.16-21.27.57:838][206]LogSavePackage: Moving '../../../../../../Users/Craig-Dev/Documents/Unreal Projects/WhiteBoard/Saved/Example_Map_Auto1B0CA8ADD4BAA0FF6E206088689575230.tmp' to '../../../../../../Users/Craig-Dev/Documents/Unreal Projects/WhiteBoard/Saved/Autosaves/Game/Maps/Example_Map_Auto1.umap'
[2014.08.16-21.27.57:844][206]LogFileHelpers: Editor autosave (incl. sublevels) for '/Game/Maps/Example_Map' took 0.134
[2014.08.16-21.27.57:844][206]LogFileHelpers: Editor autosave (incl. sublevels) for all levels took 0.134
[2014.08.16-21.27.57:851][206]OBJ SavePackage: Generating thumbnails for [1] asset(s) in package [/Game/Props/clock/clock_BP] ([1] browsable assets)...
[2014.08.16-21.27.57:867][206]OBJ SavePackage:     Rendered thumbnail for [Blueprint /Game/Props/clock/clock_BP.clock_BP]
[2014.08.16-21.27.57:867][206]OBJ SavePackage: Finished generating thumbnails for package [/Game/Props/clock/clock_BP]
[2014.08.16-21.27.58:285][206]LogSavePackage: Save=342.118317ms
[2014.08.16-21.27.58:285][206]LogSavePackage: Moving '../../../../../../Users/Craig-Dev/Documents/Unreal Projects/WhiteBoard/Saved/clock_BP_Auto1C24C3D3041A7AC902B1E239334A9A64A.tmp' to '../../../../../../Users/Craig-Dev/Documents/Unreal Projects/WhiteBoard/Saved/Autosaves/Game/Props/clock/clock_BP_Auto1.uasset'
[2014.08.16-21.27.58:289][206]LogFileHelpers: Auto-saving content packages took 0.444
[2014.08.16-21.28.12:493][343]LogUObjectGlobals:Warning: Failed to find object 'Object None.'
[2014.08.16-21.28.12:494][343]LogUObjectGlobals:Warning: Failed to find object 'Object None.'
[2014.08.16-21.28.12:494][343]LogProperty:Warning: ObjectProperty /Script/Engine.EdGraphPin:LinkedTo.LinkedTo: unresolved reference to 'EdGraphPin'"K2Node_CallFunction_49447.EdGraphPin_6934"''
[2014.08.16-21.28.15:966][625]LogUObjectGlobals:Warning: Failed to find object 'Object None.'
[2014.08.16-21.28.15:966][625]LogUObjectGlobals:Warning: Failed to find object 'Object None.'
[2014.08.16-21.28.15:966][625]LogUObjectGlobals:Warning: Failed to find object 'Object None.'
[2014.08.16-21.28.15:966][625]LogUObjectGlobals:Warning: Failed to find object 'Object None.'
[2014.08.16-21.28.15:966][625]LogProperty:Warning: ObjectProperty /Script/Engine.EdGraphPin:LinkedTo.LinkedTo: unresolved reference to 'EdGraphPin'"K2Node_CallFunction_53716.EdGraphPin_6934"''
[2014.08.16-21.28.15:966][625]LogProperty:Warning: ObjectProperty /Script/Engine.EdGraphPin:LinkedTo.LinkedTo: unresolved reference to 'EdGraphPin'"K2Node_CallFunction_49447.EdGraphPin_6948"''
[2014.08.16-21.28.19:739][936]LogUObjectGlobals:Warning: Failed to find object 'Object None.'
[2014.08.16-21.28.19:739][936]LogUObjectGlobals:Warning: Failed to find object 'Object None.'
[2014.08.16-21.28.19:739][936]LogUObjectGlobals:Warning: Failed to find object 'Object None.'
[2014.08.16-21.28.19:739][936]LogUObjectGlobals:Warning: Failed to find object 'Object None.'
[2014.08.16-21.28.19:739][936]LogUObjectGlobals:Warning: Failed to find object 'Object None.'
[2014.08.16-21.28.19:739][936]LogUObjectGlobals:Warning: Failed to find object 'Object None.'
[2014.08.16-21.28.19:739][936]LogUObjectGlobals:Warning: Failed to find object 'Object None.'
[2014.08.16-21.28.19:739][936]LogUObjectGlobals:Warning: Failed to find object 'Object None.'
[2014.08.16-21.28.19:739][936]LogProperty:Warning: ObjectProperty /Script/Engine.EdGraphPin:LinkedTo.LinkedTo: unresolved reference to 'EdGraphPin'"K2Node_CallFunction_53717.EdGraphPin_6934"''
[2014.08.16-21.28.19:740][936]LogProperty:Warning: ObjectProperty /Script/Engine.EdGraphPin:LinkedTo.LinkedTo: unresolved reference to 'EdGraphPin'"K2Node_CallFunction_53718.EdGraphPin_6948"''
[2014.08.16-21.28.19:740][936]LogProperty:Warning: ObjectProperty /Script/Engine.EdGraphPin:LinkedTo.LinkedTo: unresolved reference to 'EdGraphPin'"K2Node_CallFunction_53716.EdGraphPin_6966"''
[2014.08.16-21.28.19:741][936]LogProperty:Warning: ObjectProperty /Script/Engine.EdGraphPin:LinkedTo.LinkedTo: unresolved reference to 'EdGraphPin'"K2Node_CallFunction_49447.EdGraphPin_6984"''
[2014.08.16-21.28.23:976][264]LogUObjectGlobals:Warning: Failed to find object 'Object None.'
[2014.08.16-21.28.23:976][264]LogUObjectGlobals:Warning: Failed to find object 'Object None.'
[2014.08.16-21.28.23:976][264]LogUObjectGlobals:Warning: Failed to find object 'Object None.'
[2014.08.16-21.28.23:976][264]LogUObjectGlobals:Warning: Failed to find object 'Object None.'
[2014.08.16-21.28.23:976][264]LogUObjectGlobals:Warning: Failed to find object 'Object None.'
[2014.08.16-21.28.23:976][264]LogUObjectGlobals:Warning: Failed to find object 'Object None.'
[2014.08.16-21.28.23:976][264]LogUObjectGlobals:Warning: Failed to find object 'Object None.'
[2014.08.16-21.28.23:976][264]LogUObjectGlobals:Warning: Failed to find object 'Object None.'
[2014.08.16-21.28.23:977][264]LogProperty:Warning: ObjectProperty /Script/Engine.EdGraphPin:LinkedTo.LinkedTo: unresolved reference to 'EdGraphPin'"K2Node_CallFunction_53717.EdGraphPin_7002"''
[2014.08.16-21.28.23:977][264]LogProperty:Warning: ObjectProperty /Script/Engine.EdGraphPin:LinkedTo.LinkedTo: unresolved reference to 'EdGraphPin'"K2Node_CallFunction_53718.EdGraphPin_7020"''
[2014.08.16-21.28.23:977][264]LogProperty:Warning: ObjectProperty /Script/Engine.EdGraphPin:LinkedTo.LinkedTo: unresolved reference to 'EdGraphPin'"K2Node_CallFunction_53716.EdGraphPin_7038"''
[2014.08.16-21.28.23:978][264]LogProperty:Warning: ObjectProperty /Script/Engine.EdGraphPin:LinkedTo.LinkedTo: unresolved reference to 'EdGraphPin'"K2Node_CallFunction_49447.EdGraphPin_7056"''
[2014.08.16-21.28.46:473][954]LogUObjectGlobals:Warning: Failed to find object 'Object None.'
[2014.08.16-21.28.48:649][118]LogUObjectGlobals:Warning: Failed to find object 'Object None.'
[2014.08.16-21.28.48:649][118]LogUObjectGlobals:Warning: Failed to find object 'Object None.'
[2014.08.16-21.28.52:303][394]LogUObjectGlobals:Warning: Failed to find object 'Object None.'
[2014.08.16-21.28.52:303][394]LogUObjectGlobals:Warning: Failed to find object 'Object None.'
[2014.08.16-21.28.52:303][394]LogUObjectGlobals:Warning: Failed to find object 'Object None.'
[2014.08.16-21.28.52:303][394]LogUObjectGlobals:Warning: Failed to find object 'Object None.'
[2014.08.16-21.29.22:256][338]LogUObjectGlobals:Warning: Failed to find object 'Object None.'
[2014.08.16-21.29.22:256][338]LogUObjectGlobals:Warning: Failed to find object 'Object None.'
[2014.08.16-21.29.22:256][338]LogUObjectGlobals:Warning: Failed to find object 'Object None.'
[2014.08.16-21.29.22:256][338]LogUObjectGlobals:Warning: Failed to find object 'Object None.'
[2014.08.16-21.30.54:675][785]LogUObjectGlobals:Warning: Failed to find object 'Object None.'
[2014.08.16-21.30.57:385][952]LogUObjectGlobals:Warning: Failed to find object 'Object None.'
[2014.08.16-21.30.59:116][ 55]LogUObjectGlobals:Warning: Failed to find object 'Object None.'
[2014.08.16-21.31.02:770][273]LogUObjectGlobals:Warning: Failed to find object 'Object None.'
[2014.08.16-21.31.02:770][273]LogUObjectGlobals:Warning: Failed to find object 'Object None.'
[2014.08.16-21.31.02:770][273]LogUObjectGlobals:Warning: Failed to find object 'Object None.'
[2014.08.16-21.31.02:770][273]LogUObjectGlobals:Warning: Failed to find object 'Object None.'
[2014.08.16-21.31.05:348][416]LogUObjectGlobals:Warning: Failed to find object 'Object None.'
[2014.08.16-21.31.05:348][416]LogUObjectGlobals:Warning: Failed to find object 'Object None.'
[2014.08.16-21.31.05:348][416]LogUObjectGlobals:Warning: Failed to find object 'Object None.'
[2014.08.16-21.31.05:348][416]LogUObjectGlobals:Warning: Failed to find object 'Object None.'
[2014.08.16-21.33.28:395][891]BlueprintLog: New page: Compile clock_BP
[2014.08.16-21.33.28:506][891]BlueprintEditorCompileResults: Info [1041.29] Compile of clock_BP successful! [in 4 ms]
[2014.08.16-21.35.46:583][738]BlueprintLog: New page: Compile clock_BP
[2014.08.16-21.35.46:702][738]BlueprintEditorCompileResults: Info [1179.48] Compile of clock_BP successful! [in 4 ms]
[2014.08.16-21.35.47:330][766]Cmd: OBJ SAVEPACKAGE PACKAGE="/Game/Props/clock/clock_BP" FILE="../../../../../../Users/Craig-Dev/Documents/Unreal Projects/WhiteBoard/Content/Props/clock/clock_BP.uasset" SILENT=true
[2014.08.16-21.35.47:733][766]LogSavePackage: Save=393.427704ms
[2014.08.16-21.35.47:733][766]LogSavePackage: Moving '../../../../../../Users/Craig-Dev/Documents/Unreal Projects/WhiteBoard/Saved/clock_BP60942CA24CBDE70B57CC9F9075C757E0.tmp' to '../../../../../../Users/Craig-Dev/Documents/Unreal Projects/WhiteBoard/Content/Props/clock/clock_BP.uasset'
[2014.08.16-21.36.31:966][568]BlueprintLog: New page: Compile clock_BP
[2014.08.16-21.36.32:095][568]BlueprintEditorCompileResults: Info [1224.86] Compile of clock_BP successful! [in 4 ms]
[2014.08.16-21.36.32:848][605]Cmd: OBJ SAVEPACKAGE PACKAGE="/Game/Props/clock/clock_BP" FILE="../../../../../../Users/Craig-Dev/Documents/Unreal Projects/WhiteBoard/Content/Props/clock/clock_BP.uasset" SILENT=true
[2014.08.16-21.36.33:209][605]LogSavePackage: Save=354.540710ms
[2014.08.16-21.36.33:209][605]LogSavePackage: Moving '../../../../../../Users/Craig-Dev/Documents/Unreal Projects/WhiteBoard/Saved/clock_BPFD56F7CD498E9AE4BE307893FC901D81.tmp' to '../../../../../../Users/Craig-Dev/Documents/Unreal Projects/WhiteBoard/Content/Props/clock/clock_BP.uasset'
[2014.08.16-21.37.05:228][ 83]BlueprintLog: New page: Compile clock_BP
[2014.08.16-21.37.05:337][ 83]BlueprintEditorCompileResults: Info [1258.12] Compile of clock_BP successful! [in 4 ms]
[2014.08.16-21.37.05:867][120]Cmd: OBJ SAVEPACKAGE PACKAGE="/Game/Props/clock/clock_BP" FILE="../../../../../../Users/Craig-Dev/Documents/Unreal Projects/WhiteBoard/Content/Props/clock/clock_BP.uasset" SILENT=true
[2014.08.16-21.37.06:233][120]LogSavePackage: Save=359.527313ms
[2014.08.16-21.37.06:233][120]LogSavePackage: Moving '../../../../../../Users/Craig-Dev/Documents/Unreal Projects/WhiteBoard/Saved/clock_BPEC1E7E944275B881D49F02A76B16B335.tmp' to '../../../../../../Users/Craig-Dev/Documents/Unreal Projects/WhiteBoard/Content/Props/clock/clock_BP.uasset'
[2014.08.16-21.37.21:855][585]Cmd: OBJ SAVEPACKAGE PACKAGE="/Game/Props/clock/clock_BP" FILE="../../../../../../Users/Craig-Dev/Documents/Unreal Projects/WhiteBoard/Content/Props/clock/clock_BP.uasset" SILENT=true
[2014.08.16-21.37.21:886][585]LogSavePackage: Save=24.807014ms
[2014.08.16-21.37.21:886][585]LogSavePackage: Moving '../../../../../../Users/Craig-Dev/Documents/Unreal Projects/WhiteBoard/Saved/clock_BPBF7841BA4C077A45AE364C95A5B8C2B2.tmp' to '../../../../../../Users/Craig-Dev/Documents/Unreal Projects/WhiteBoard/Content/Props/clock/clock_BP.uasset'
[2014.08.16-21.37.30:468][398]LogEditorViewport: Clicking on Actor (LMB): BP_Sky_Sphere_C (BP_Sky_Sphere)
[2014.08.16-21.37.33:566][646]LogEditorViewport: Clicking on Actor (LMB): clock_BP_C (clock_BP)
[2014.08.16-21.37.37:489][984]LogEditorViewport: Clicking on Actor (LMB): BP_Sky_Sphere_C (BP_Sky_Sphere)
[2014.08.16-21.37.39:641][155]LogSavePackage: Save=74.942108ms
[2014.08.16-21.37.39:641][155]LogSavePackage: Moving '../../../../../../Users/Craig-Dev/Documents/Unreal Projects/WhiteBoard/Saved/Example_Map3CB0E5FC4217365A4F8ABF84F3D2D23C.tmp' to '../../../../../../Users/Craig-Dev/Documents/Unreal Projects/WhiteBoard/Content/Maps/Example_Map.umap'
[2014.08.16-21.37.43:156][385]Cmd: OBJ SAVEPACKAGE PACKAGE="/Game/Props/clock/clock_BP" FILE="../../../../../../Users/Craig-Dev/Documents/Unreal Projects/WhiteBoard/Content/Props/clock/clock_BP.uasset" SILENT=true
[2014.08.16-21.37.43:187][385]LogSavePackage: Save=24.467831ms
[2014.08.16-21.37.43:187][385]LogSavePackage: Moving '../../../../../../Users/Craig-Dev/Documents/Unreal Projects/WhiteBoard/Saved/clock_BP5716FFC94D76DAF06C631499FA562E6D.tmp' to '../../../../../../Users/Craig-Dev/Documents/Unreal Projects/WhiteBoard/Content/Props/clock/clock_BP.uasset'
[2014.08.16-21.37.50:173][927]BlueprintLog: New page: Compile clock_BP
[2014.08.16-21.37.50:267][927]BlueprintEditorCompileResults: Info [1303.06] Compile of clock_BP successful! [in 4 ms]
[2014.08.16-21.37.50:753][962]Cmd: OBJ SAVEPACKAGE PACKAGE="/Game/Props/clock/clock_BP" FILE="../../../../../../Users/Craig-Dev/Documents/Unreal Projects/WhiteBoard/Content/Props/clock/clock_BP.uasset" SILENT=true
[2014.08.16-21.37.51:111][962]LogSavePackage: Save=351.782471ms
[2014.08.16-21.37.51:111][962]LogSavePackage: Moving '../../../../../../Users/Craig-Dev/Documents/Unreal Projects/WhiteBoard/Saved/clock_BPA340039A428A78701625E89DF065E7B7.tmp' to '../../../../../../Users/Craig-Dev/Documents/Unreal Projects/WhiteBoard/Content/Props/clock/clock_BP.uasset'
[2014.08.16-21.37.54:039][202]LogEditorViewport: Clicking on Actor (LMB): clock_BP_C (clock_BP)
[2014.08.16-21.38.12:658][934]LogEditorViewport: Clicking on Actor (LMB): BP_Sky_Sphere_C (BP_Sky_Sphere)
[2014.08.16-21.38.14:834][107]LogEditorViewport: Clicking on Actor (LMB): clock_BP_C (clock_BP)
[2014.08.16-21.38.19:092][460]LogSavePackage: Save=61.840488ms
[2014.08.16-21.38.19:092][460]LogSavePackage: Moving '../../../../../../Users/Craig-Dev/Documents/Unreal Projects/WhiteBoard/Saved/Example_Map1FDF2F77474C5D6A320FB4AB1D2D9E72.tmp' to '../../../../../../Users/Craig-Dev/Documents/Unreal Projects/WhiteBoard/Content/Maps/Example_Map.umap'
[2014.08.16-21.38.32:590][442]LogUObjectGlobals:Warning: Failed to find object 'Object None.'
[2014.08.16-21.38.32:591][442]LogUObjectGlobals:Warning: Failed to find object 'Object None.'
[2014.08.16-21.38.32:591][442]LogUObjectGlobals:Warning: Failed to find object 'Object None.'
[2014.08.16-21.38.32:591][442]LogUObjectGlobals:Warning: Failed to find object 'Object None.'
[2014.08.16-21.38.32:591][442]LogUObjectGlobals:Warning: Failed to find object 'Object None.'
[2014.08.16-21.38.32:591][442]LogUObjectGlobals:Warning: Failed to find object 'Object None.'
[2014.08.16-21.38.32:591][442]LogUObjectGlobals:Warning: Failed to find object 'Object None.'
[2014.08.16-21.38.32:591][442]LogUObjectGlobals:Warning: Failed to find object 'Object None.'
[2014.08.16-21.38.32:591][442]LogUObjectGlobals:Warning: Failed to find object 'Object None.'
[2014.08.16-21.38.32:591][442]LogUObjectGlobals:Warning: Failed to find object 'Object None.'
[2014.08.16-21.38.32:591][442]LogUObjectGlobals:Warning: Failed to find object 'Object None.'
[2014.08.16-21.38.32:591][442]LogUObjectGlobals:Warning: Failed to find object 'Object None.'
[2014.08.16-21.38.32:592][442]LogUObjectGlobals:Warning: Failed to find object 'Object None.'
[2014.08.16-21.38.32:592][442]LogUObjectGlobals:Warning: Failed to find object 'Object None.'
[2014.08.16-21.38.32:592][442]LogUObjectGlobals:Warning: Failed to find object 'Object None.'
[2014.08.16-21.38.32:592][442]LogUObjectGlobals:Warning: Failed to find object 'Object None.'
[2014.08.16-21.38.32:592][442]LogUObjectGlobals:Warning: Failed to find object 'Object None.'
[2014.08.16-21.38.32:592][442]LogUObjectGlobals:Warning: Failed to find object 'Object None.'
[2014.08.16-21.38.32:592][442]LogUObjectGlobals:Warning: Failed to find object 'Object None.'
[2014.08.16-21.38.32:592][442]LogUObjectGlobals:Warning: Failed to find object 'Object None.'
[2014.08.16-21.38.32:592][442]LogUObjectGlobals:Warning: Failed to find object 'Object None.'
[2014.08.16-21.38.32:592][442]LogUObjectGlobals:Warning: Failed to find object 'Object None.'
[2014.08.16-21.38.32:592][442]LogUObjectGlobals:Warning: Failed to find object 'Object None.'
[2014.08.16-21.38.32:592][442]LogUObjectGlobals:Warning: Failed to find object 'Object None.'
[2014.08.16-21.38.32:593][442]LogUObjectGlobals:Warning: Failed to find object 'Object None.'
[2014.08.16-21.38.32:593][442]LogUObjectGlobals:Warning: Failed to find object 'Object None.'
[2014.08.16-21.38.32:593][442]LogUObjectGlobals:Warning: Failed to find object 'Object None.'
[2014.08.16-21.38.32:593][442]LogUObjectGlobals:Warning: Failed to find object 'Object None.'
[2014.08.16-21.38.32:593][442]LogUObjectGlobals:Warning: Failed to find object 'Object None.'
[2014.08.16-21.38.32:593][442]LogUObjectGlobals:Warning: Failed to find object 'Object None.'
[2014.08.16-21.38.32:593][442]LogUObjectGlobals:Warning: Failed to find object 'Object None.'
[2014.08.16-21.38.32:593][442]LogUObjectGlobals:Warning: Failed to find object 'Object None.'
[2014.08.16-21.38.32:593][442]LogUObjectGlobals:Warning: Failed to find object 'Object None.'
[2014.08.16-21.38.32:593][442]LogUObjectGlobals:Warning: Failed to find object 'Object None.'
[2014.08.16-21.38.32:593][442]LogUObjectGlobals:Warning: Failed to find object 'Object None.'
[2014.08.16-21.38.32:593][442]LogUObjectGlobals:Warning: Failed to find object 'Object None.'
[2014.08.16-21.38.32:593][442]LogUObjectGlobals:Warning: Failed to find object 'Object None.'
[2014.08.16-21.38.32:594][442]LogUObjectGlobals:Warning: Failed to find object 'Object None.'
[2014.08.16-21.38.32:594][442]LogUObjectGlobals:Warning: Failed to find object 'Object None.'
[2014.08.16-21.38.32:594][442]LogUObjectGlobals:Warning: Failed to find object 'Object None.'
[2014.08.16-21.38.32:594][442]LogUObjectGlobals:Warning: Failed to find object 'Object None.'
[2014.08.16-21.38.32:594][442]LogUObjectGlobals:Warning: Failed to find object 'Object None.'
[2014.08.16-21.38.32:594][442]LogUObjectGlobals:Warning: Failed to find object 'Object None.'
[2014.08.16-21.38.32:594][442]LogUObjectGlobals:Warning: Failed to find object 'Object None.'
[2014.08.16-21.38.32:594][442]LogUObjectGlobals:Warning: Failed to find object 'Object None.'
[2014.08.16-21.38.32:594][442]LogUObjectGlobals:Warning: Failed to find object 'Object None.'
[2014.08.16-21.38.32:594][442]LogUObjectGlobals:Warning: Failed to find object 'Object None.'
[2014.08.16-21.38.32:594][442]LogUObjectGlobals:Warning: Failed to find object 'Object None.'
[2014.08.16-21.38.32:595][442]LogUObjectGlobals:Warning: Failed to find object 'Object None.'
[2014.08.16-21.38.32:595][442]LogProperty:Warning: ObjectProperty /Script/Engine.EdGraphPin:LinkedTo.LinkedTo: unresolved reference to 'EdGraphPin'"K2Node_IfThenElse_83.EdGraphPin_7139"''
[2014.08.16-21.38.32:595][442]LogProperty:Warning: ObjectProperty /Script/Engine.EdGraphPin:LinkedTo.LinkedTo: unresolved reference to 'EdGraphPin'"K2Node_CallFunction_54005.EdGraphPin_7273"''
[2014.08.16-21.38.32:595][442]LogProperty:Warning: ObjectProperty /Script/Engine.EdGraphPin:LinkedTo.LinkedTo: unresolved reference to 'EdGraphPin'"K2Node_CallFunction_53719.EdGraphPin_6936"''
[2014.08.16-21.38.32:595][442]LogProperty:Warning: ObjectProperty /Script/Engine.EdGraphPin:LinkedTo.LinkedTo: unresolved reference to 'EdGraphPin'"K2Node_CallFunction_53719.EdGraphPin_6934"''
[2014.08.16-21.38.32:595][442]LogProperty:Warning: ObjectProperty /Script/Engine.EdGraphPin:LinkedTo.LinkedTo: unresolved reference to 'EdGraphPin'"K2Node_CallFunction_53720.EdGraphPin_6948"''
[2014.08.16-21.38.32:596][442]LogProperty:Warning: ObjectProperty /Script/Engine.EdGraphPin:LinkedTo.LinkedTo: unresolved reference to 'EdGraphPin'"K2Node_IfThenElse_83.EdGraphPin_7140"''
[2014.08.16-21.38.32:596][442]LogProperty:Warning: ObjectProperty /Script/Engine.EdGraphPin:LinkedTo.LinkedTo: unresolved reference to 'EdGraphPin'"K2Node_CallFunction_53721.EdGraphPin_6966"''
[2014.08.16-21.38.32:596][442]LogProperty:Warning: ObjectProperty /Script/Engine.EdGraphPin:LinkedTo.LinkedTo: unresolved reference to 'EdGraphPin'"K2Node_IfThenElse_84.EdGraphPin_7152"''
[2014.08.16-21.38.32:596][442]LogProperty:Warning: ObjectProperty /Script/Engine.EdGraphPin:LinkedTo.LinkedTo: unresolved reference to 'EdGraphPin'"K2Node_CallFunction_53722.EdGraphPin_6984"''
[2014.08.16-21.38.32:597][442]LogProperty:Warning: ObjectProperty /Script/Engine.EdGraphPin:LinkedTo.LinkedTo: unresolved reference to 'EdGraphPin'"K2Node_IfThenElse_85.EdGraphPin_7164"''
[2014.08.16-21.38.32:597][442]LogProperty:Warning: ObjectProperty /Script/Engine.EdGraphPin:LinkedTo.LinkedTo: unresolved reference to 'EdGraphPin'"K2Node_CallFunction_53723.EdGraphPin_7002"''
[2014.08.16-21.38.32:597][442]LogProperty:Warning: ObjectProperty /Script/Engine.EdGraphPin:LinkedTo.LinkedTo: unresolved reference to 'EdGraphPin'"K2Node_IfThenElse_86.EdGraphPin_7176"''
[2014.08.16-21.38.32:597][442]LogProperty:Warning: ObjectProperty /Script/Engine.EdGraphPin:LinkedTo.LinkedTo: unresolved reference to 'EdGraphPin'"K2Node_CallFunction_53724.EdGraphPin_7020"''
[2014.08.16-21.38.32:598][442]LogProperty:Warning: ObjectProperty /Script/Engine.EdGraphPin:LinkedTo.LinkedTo: unresolved reference to 'EdGraphPin'"K2Node_IfThenElse_87.EdGraphPin_7188"''
[2014.08.16-21.38.32:598][442]LogProperty:Warning: ObjectProperty /Script/Engine.EdGraphPin:LinkedTo.LinkedTo: unresolved reference to 'EdGraphPin'"K2Node_CallFunction_53725.EdGraphPin_7038"''
[2014.08.16-21.38.32:598][442]LogProperty:Warning: ObjectProperty /Script/Engine.EdGraphPin:LinkedTo.LinkedTo: unresolved reference to 'EdGraphPin'"K2Node_IfThenElse_88.EdGraphPin_7200"''
[2014.08.16-21.38.32:598][442]LogProperty:Warning: ObjectProperty /Script/Engine.EdGraphPin:LinkedTo.LinkedTo: unresolved reference to 'EdGraphPin'"K2Node_CallFunction_53726.EdGraphPin_7056"''
[2014.08.16-21.38.32:599][442]LogProperty:Warning: ObjectProperty /Script/Engine.EdGraphPin:LinkedTo.LinkedTo: unresolved reference to 'EdGraphPin'"K2Node_IfThenElse_89.EdGraphPin_7212"''
[2014.08.16-21.38.32:599][442]LogProperty:Warning: ObjectProperty /Script/Engine.EdGraphPin:LinkedTo.LinkedTo: unresolved reference to 'EdGraphPin'"K2Node_CallFunction_53717.EdGraphPin_7074"''
[2014.08.16-21.38.32:599][442]LogProperty:Warning: ObjectProperty /Script/Engine.EdGraphPin:LinkedTo.LinkedTo: unresolved reference to 'EdGraphPin'"K2Node_IfThenElse_80.EdGraphPin_7224"''
[2014.08.16-21.38.32:599][442]LogProperty:Warning: ObjectProperty /Script/Engine.EdGraphPin:LinkedTo.LinkedTo: unresolved reference to 'EdGraphPin'"K2Node_CallFunction_53718.EdGraphPin_7092"''
[2014.08.16-21.38.32:599][442]LogUObjectHash:Warning: Ambiguous search, could be K2Node_IfThenElse /Game/Props/clock/clock_BP.clock_BP:UserConstructionScript.K2Node_IfThenElse_81 or K2Node_IfThenElse /Engine/EngineSky/BP_Sky_Sphere.BP_Sky_Sphere:UserConstructionScript.K2Node_IfThenElse_81
[2014.08.16-21.38.32:599][442]LogProperty:Warning: ObjectProperty /Script/Engine.EdGraphPin:LinkedTo.LinkedTo: unresolved reference to 'EdGraphPin'"K2Node_IfThenElse_81.EdGraphPin_7236"''
[2014.08.16-21.38.32:600][442]LogProperty:Warning: ObjectProperty /Script/Engine.EdGraphPin:LinkedTo.LinkedTo: unresolved reference to 'EdGraphPin'"K2Node_CallFunction_53716.EdGraphPin_7110"''
[2014.08.16-21.38.32:600][442]LogProperty:Warning: ObjectProperty /Script/Engine.EdGraphPin:LinkedTo.LinkedTo: unresolved reference to 'EdGraphPin'"K2Node_IfThenElse_79.EdGraphPin_7248"''
[2014.08.16-21.38.32:600][442]LogProperty:Warning: ObjectProperty /Script/Engine.EdGraphPin:LinkedTo.LinkedTo: unresolved reference to 'EdGraphPin'"K2Node_CallFunction_49447.EdGraphPin_7128"''
[2014.08.16-21.38.32:600][442]LogProperty:Warning: ObjectProperty /Script/Engine.EdGraphPin:LinkedTo.LinkedTo: unresolved reference to 'EdGraphPin'"K2Node_IfThenElse_75.EdGraphPin_7260"''
[2014.08.16-21.38.32:601][442]LogProperty:Warning: ObjectProperty /Script/Engine.EdGraphPin:LinkedTo.LinkedTo: unresolved reference to 'EdGraphPin'"K2Node_IfThenElse_84.EdGraphPin_7151"''
[2014.08.16-21.38.32:601][442]LogProperty:Warning: ObjectProperty /Script/Engine.EdGraphPin:LinkedTo.LinkedTo: unresolved reference to 'EdGraphPin'"K2Node_CallFunction_54006.EdGraphPin_7278"''
[2014.08.16-21.38.32:601][442]LogProperty:Warning: ObjectProperty /Script/Engine.EdGraphPin:LinkedTo.LinkedTo: unresolved reference to 'EdGraphPin'"K2Node_IfThenElse_85.EdGraphPin_7163"''
[2014.08.16-21.38.32:601][442]LogProperty:Warning: ObjectProperty /Script/Engine.EdGraphPin:LinkedTo.LinkedTo: unresolved reference to 'EdGraphPin'"K2Node_CallFunction_54007.EdGraphPin_7293"''
[2014.08.16-21.38.32:601][442]LogProperty:Warning: ObjectProperty /Script/Engine.EdGraphPin:LinkedTo.LinkedTo: unresolved reference to 'EdGraphPin'"K2Node_IfThenElse_86.EdGraphPin_7175"''
[2014.08.16-21.38.32:601][442]LogProperty:Warning: ObjectProperty /Script/Engine.EdGraphPin:LinkedTo.LinkedTo: unresolved reference to 'EdGraphPin'"K2Node_CallFunction_54008.EdGraphPin_7308"''
[2014.08.16-21.38.32:602][442]LogProperty:Warning: ObjectProperty /Script/Engine.EdGraphPin:LinkedTo.LinkedTo: unresolved reference to 'EdGraphPin'"K2Node_IfThenElse_87.EdGraphPin_7187"''
[2014.08.16-21.38.32:602][442]LogProperty:Warning: ObjectProperty /Script/Engine.EdGraphPin:LinkedTo.LinkedTo: unresolved reference to 'EdGraphPin'"K2Node_CallFunction_54009.EdGraphPin_7323"''
[2014.08.16-21.38.32:602][442]LogProperty:Warning: ObjectProperty /Script/Engine.EdGraphPin:LinkedTo.LinkedTo: unresolved reference to 'EdGraphPin'"K2Node_IfThenElse_88.EdGraphPin_7199"''
[2014.08.16-21.38.32:602][442]LogProperty:Warning: ObjectProperty /Script/Engine.EdGraphPin:LinkedTo.LinkedTo: unresolved reference to 'EdGraphPin'"K2Node_CallFunction_54010.EdGraphPin_7338"''
[2014.08.16-21.38.32:602][442]LogProperty:Warning: ObjectProperty /Script/Engine.EdGraphPin:LinkedTo.LinkedTo: unresolved reference to 'EdGraphPin'"K2Node_IfThenElse_89.EdGraphPin_7211"''
[2014.08.16-21.38.32:602][442]LogProperty:Warning: ObjectProperty /Script/Engine.EdGraphPin:LinkedTo.LinkedTo: unresolved reference to 'EdGraphPin'"K2Node_CallFunction_54011.EdGraphPin_7353"''
[2014.08.16-21.38.32:603][442]LogProperty:Warning: ObjectProperty /Script/Engine.EdGraphPin:LinkedTo.LinkedTo: unresolved reference to 'EdGraphPin'"K2Node_IfThenElse_80.EdGraphPin_7223"''
[2014.08.16-21.38.32:603][442]LogProperty:Warning: ObjectProperty /Script/Engine.EdGraphPin:LinkedTo.LinkedTo: unresolved reference to 'EdGraphPin'"K2Node_CallFunction_54012.EdGraphPin_7368"''
[2014.08.16-21.38.32:603][442]LogUObjectHash:Warning: Ambiguous search, could be K2Node_IfThenElse /Game/Props/clock/clock_BP.clock_BP:UserConstructionScript.K2Node_IfThenElse_81 or K2Node_IfThenElse /Engine/EngineSky/BP_Sky_Sphere.BP_Sky_Sphere:UserConstructionScript.K2Node_IfThenElse_81
[2014.08.16-21.38.32:603][442]LogProperty:Warning: ObjectProperty /Script/Engine.EdGraphPin:LinkedTo.LinkedTo: unresolved reference to 'EdGraphPin'"K2Node_IfThenElse_81.EdGraphPin_7235"''
[2014.08.16-21.38.32:603][442]LogProperty:Warning: ObjectProperty /Script/Engine.EdGraphPin:LinkedTo.LinkedTo: unresolved reference to 'EdGraphPin'"K2Node_CallFunction_54002.EdGraphPin_7383"''
[2014.08.16-21.38.32:603][442]LogProperty:Warning: ObjectProperty /Script/Engine.EdGraphPin:LinkedTo.LinkedTo: unresolved reference to 'EdGraphPin'"K2Node_IfThenElse_79.EdGraphPin_7247"''
[2014.08.16-21.38.32:603][442]LogProperty:Warning: ObjectProperty /Script/Engine.EdGraphPin:LinkedTo.LinkedTo: unresolved reference to 'EdGraphPin'"K2Node_CallFunction_54003.EdGraphPin_7398"''
[2014.08.16-21.38.32:603][442]LogProperty:Warning: ObjectProperty /Script/Engine.EdGraphPin:LinkedTo.LinkedTo: unresolved reference to 'EdGraphPin'"K2Node_IfThenElse_75.EdGraphPin_7259"''
[2014.08.16-21.38.32:604][442]LogProperty:Warning: ObjectProperty /Script/Engine.EdGraphPin:LinkedTo.LinkedTo: unresolved reference to 'EdGraphPin'"K2Node_CallFunction_54004.EdGraphPin_7413"''
[2014.08.16-21.38.32:604][442]LogProperty:Warning: ObjectProperty /Script/Engine.EdGraphPin:LinkedTo.LinkedTo: unresolved reference to 'EdGraphPin'"K2Node_CallFunction_54001.EdGraphPin_7428"''
[2014.08.16-21.38.32:604][442]LogProperty:Warning: ObjectProperty /Script/Engine.EdGraphPin:LinkedTo.LinkedTo: unresolved reference to 'EdGraphPin'"K2Node_CallFunction_54005.EdGraphPin_7275"''
[2014.08.16-21.38.32:604][442]LogProperty:Warning: ObjectProperty /Script/Engine.EdGraphPin:LinkedTo.LinkedTo: unresolved reference to 'EdGraphPin'"K2Node_CallFunction_54006.EdGraphPin_7280"''
[2014.08.16-21.38.32:604][442]LogProperty:Warning: ObjectProperty /Script/Engine.EdGraphPin:LinkedTo.LinkedTo: unresolved reference to 'EdGraphPin'"K2Node_CallFunction_54007.EdGraphPin_7295"''
[2014.08.16-21.38.32:604][442]LogProperty:Warning: ObjectProperty /Script/Engine.EdGraphPin:LinkedTo.LinkedTo: unresolved reference to 'EdGraphPin'"K2Node_CallFunction_54008.EdGraphPin_7310"''
[2014.08.16-21.38.32:604][442]LogProperty:Warning: ObjectProperty /Script/Engine.EdGraphPin:LinkedTo.LinkedTo: unresolved reference to 'EdGraphPin'"K2Node_CallFunction_54009.EdGraphPin_7325"''
[2014.08.16-21.38.32:604][442]LogProperty:Warning: ObjectProperty /Script/Engine.EdGraphPin:LinkedTo.LinkedTo: unresolved reference to 'EdGraphPin'"K2Node_CallFunction_54010.EdGraphPin_7340"''
[2014.08.16-21.38.32:604][442]LogProperty:Warning: ObjectProperty /Script/Engine.EdGraphPin:LinkedTo.LinkedTo: unresolved reference to 'EdGraphPin'"K2Node_CallFunction_54011.EdGraphPin_7355"''
[2014.08.16-21.38.32:604][442]LogProperty:Warning: ObjectProperty /Script/Engine.EdGraphPin:LinkedTo.LinkedTo: unresolved reference to 'EdGraphPin'"K2Node_CallFunction_54012.EdGraphPin_7370"''
[2014.08.16-21.38.32:604][442]LogProperty:Warning: ObjectProperty /Script/Engine.EdGraphPin:LinkedTo.LinkedTo: unresolved reference to 'EdGraphPin'"K2Node_CallFunction_54002.EdGraphPin_7385"''
[2014.08.16-21.38.32:605][442]LogProperty:Warning: ObjectProperty /Script/Engine.EdGraphPin:LinkedTo.LinkedTo: unresolved reference to 'EdGraphPin'"K2Node_CallFunction_54003.EdGraphPin_7400"''
[2014.08.16-21.38.32:605][442]LogProperty:Warning: ObjectProperty /Script/Engine.EdGraphPin:LinkedTo.LinkedTo: unresolved reference to 'EdGraphPin'"K2Node_CallFunction_54004.EdGraphPin_7415"''
[2014.08.16-21.38.32:605][442]LogProperty:Warning: ObjectProperty /Script/Engine.EdGraphPin:LinkedTo.LinkedTo: unresolved reference to 'EdGraphPin'"K2Node_CallFunction_54001.EdGraphPin_7430"''
[2014.08.16-21.40.46:404][983]BlueprintLog: New page: Compile clock_BP
[2014.08.16-21.40.46:529][983]BlueprintEditorCompileResults: Info [1479.31] Compile of clock_BP successful! [in 7 ms]
[2014.08.16-21.40.47:197][  6]Cmd: OBJ SAVEPACKAGE PACKAGE="/Game/Props/clock/clock_BP" FILE="../../../../../../Users/Craig-Dev/Documents/Unreal Projects/WhiteBoard/Content/Props/clock/clock_BP.uasset" SILENT=true
[2014.08.16-21.40.47:577][  6]LogSavePackage: Save=370.248474ms
[2014.08.16-21.40.47:577][  6]LogSavePackage: Moving '../../../../../../Users/Craig-Dev/Documents/Unreal Projects/WhiteBoard/Saved/clock_BP93C4786E410788698F5B72864867A8E8.tmp' to '../../../../../../Users/Craig-Dev/Documents/Unreal Projects/WhiteBoard/Content/Props/clock/clock_BP.uasset'
[2014.08.16-21.41.05:691][587]LogSavePackage: Save=64.408943ms
[2014.08.16-21.41.05:691][587]LogSavePackage: Moving '../../../../../../Users/Craig-Dev/Documents/Unreal Projects/WhiteBoard/Saved/Example_MapDB0408FE433FFC3146892984FE8434D0.tmp' to '../../../../../../Users/Craig-Dev/Documents/Unreal Projects/WhiteBoard/Content/Maps/Example_Map.umap'
[2014.08.16-21.41.39:557][744]LogUObjectGlobals:Warning: Failed to find object 'Object None.'
[2014.08.16-21.41.39:557][744]LogUObjectGlobals:Warning: Failed to find object 'Object None.'
[2014.08.16-21.41.39:557][744]LogUObjectGlobals:Warning: Failed to find object 'Object None.'
[2014.08.16-21.41.39:557][744]LogUObjectGlobals:Warning: Failed to find object 'Object None.'
[2014.08.16-21.41.39:557][744]LogUObjectGlobals:Warning: Failed to find object 'Object None.'
[2014.08.16-21.41.39:557][744]LogUObjectGlobals:Warning: Failed to find object 'Object None.'
[2014.08.16-21.41.39:557][744]LogUObjectGlobals:Warning: Failed to find object 'Object None.'
[2014.08.16-21.41.39:557][744]LogUObjectGlobals:Warning: Failed to find object 'Object None.'
[2014.08.16-21.41.39:557][744]LogUObjectGlobals:Warning: Failed to find object 'Object None.'
[2014.08.16-21.41.39:557][744]LogUObjectGlobals:Warning: Failed to find object 'Object None.'
[2014.08.16-21.41.39:558][744]LogUObjectGlobals:Warning: Failed to find object 'Object None.'
[2014.08.16-21.41.39:558][744]LogUObjectGlobals:Warning: Failed to find object 'Object None.'
[2014.08.16-21.41.39:558][744]LogUObjectGlobals:Warning: Failed to find object 'Object None.'
[2014.08.16-21.41.39:558][744]LogUObjectGlobals:Warning: Failed to find object 'Object None.'
[2014.08.16-21.41.39:558][744]LogUObjectGlobals:Warning: Failed to find object 'Object None.'
[2014.08.16-21.41.39:558][744]LogUObjectGlobals:Warning: Failed to find object 'Object None.'
[2014.08.16-21.41.39:558][744]LogUObjectGlobals:Warning: Failed to find object 'Object None.'
[2014.08.16-21.41.39:558][744]LogUObjectGlobals:Warning: Failed to find object 'Object None.'
[2014.08.16-21.41.39:558][744]LogUObjectGlobals:Warning: Failed to find object 'Object None.'
[2014.08.16-21.41.39:558][744]LogUObjectGlobals:Warning: Failed to find object 'Object None.'
[2014.08.16-21.41.39:558][744]LogUObjectGlobals:Warning: Failed to find object 'Object None.'
[2014.08.16-21.41.39:558][744]LogUObjectGlobals:Warning: Failed to find object 'Object None.'
[2014.08.16-21.41.39:558][744]LogUObjectGlobals:Warning: Failed to find object 'Object None.'
[2014.08.16-21.41.39:559][744]LogUObjectGlobals:Warning: Failed to find object 'Object None.'
[2014.08.16-21.41.39:559][744]LogUObjectGlobals:Warning: Failed to find object 'Object None.'
[2014.08.16-21.41.39:559][744]LogUObjectGlobals:Warning: Failed to find object 'Object None.'
[2014.08.16-21.41.39:559][744]LogUObjectGlobals:Warning: Failed to find object 'Object None.'
[2014.08.16-21.41.39:559][744]LogUObjectGlobals:Warning: Failed to find object 'Object None.'
[2014.08.16-21.41.39:559][744]LogUObjectGlobals:Warning: Failed to find object 'Object None.'
[2014.08.16-21.41.39:559][744]LogUObjectGlobals:Warning: Failed to find object 'Object None.'
[2014.08.16-21.41.39:559][744]LogUObjectGlobals:Warning: Failed to find object 'Object None.'
[2014.08.16-21.41.39:559][744]LogUObjectGlobals:Warning: Failed to find object 'Object None.'
[2014.08.16-21.41.39:559][744]LogUObjectGlobals:Warning: Failed to find object 'Object None.'
[2014.08.16-21.41.39:559][744]LogUObjectGlobals:Warning: Failed to find object 'Object None.'
[2014.08.16-21.41.39:559][744]LogUObjectGlobals:Warning: Failed to find object 'Object None.'
[2014.08.16-21.41.39:559][744]LogUObjectGlobals:Warning: Failed to find object 'Object None.'
[2014.08.16-21.41.39:560][744]LogUObjectGlobals:Warning: Failed to find object 'Object None.'
[2014.08.16-21.41.39:560][744]LogUObjectGlobals:Warning: Failed to find object 'Object None.'
[2014.08.16-21.41.39:560][744]LogUObjectGlobals:Warning: Failed to find object 'Object None.'
[2014.08.16-21.41.39:560][744]LogUObjectGlobals:Warning: Failed to find object 'Object None.'
[2014.08.16-21.41.39:560][744]LogUObjectGlobals:Warning: Failed to find object 'Object None.'
[2014.08.16-21.41.39:560][744]LogUObjectGlobals:Warning: Failed to find object 'Object None.'
[2014.08.16-21.41.39:560][744]LogUObjectGlobals:Warning: Failed to find object 'Object None.'
[2014.08.16-21.41.39:560][744]LogUObjectGlobals:Warning: Failed to find object 'Object None.'
[2014.08.16-21.41.39:560][744]LogUObjectGlobals:Warning: Failed to find object 'Object None.'
[2014.08.16-21.41.39:560][744]LogUObjectGlobals:Warning: Failed to find object 'Object None.'
[2014.08.16-21.41.39:560][744]LogUObjectGlobals:Warning: Failed to find object 'Object None.'
[2014.08.16-21.41.39:560][744]LogUObjectGlobals:Warning: Failed to find object 'Object None.'
[2014.08.16-21.41.39:560][744]LogUObjectGlobals:Warning: Failed to find object 'Object None.'
[2014.08.16-21.41.39:561][744]LogProperty:Warning: ObjectProperty /Script/Engine.EdGraphPin:LinkedTo.LinkedTo: unresolved reference to 'EdGraphPin'"K2Node_IfThenElse_83.EdGraphPin_7879"''
[2014.08.16-21.41.39:561][744]LogProperty:Warning: ObjectProperty /Script/Engine.EdGraphPin:LinkedTo.LinkedTo: unresolved reference to 'EdGraphPin'"K2Node_CallFunction_54005.EdGraphPin_8017"''
[2014.08.16-21.41.39:561][744]LogProperty:Warning: ObjectProperty /Script/Engine.EdGraphPin:LinkedTo.LinkedTo: unresolved reference to 'EdGraphPin'"K2Node_CallFunction_53719.EdGraphPin_7672"''
[2014.08.16-21.41.39:561][744]LogProperty:Warning: ObjectProperty /Script/Engine.EdGraphPin:LinkedTo.LinkedTo: unresolved reference to 'EdGraphPin'"K2Node_CallFunction_53719.EdGraphPin_7670"''
[2014.08.16-21.41.39:561][744]LogProperty:Warning: ObjectProperty /Script/Engine.EdGraphPin:LinkedTo.LinkedTo: unresolved reference to 'EdGraphPin'"K2Node_CallFunction_53720.EdGraphPin_7688"''
[2014.08.16-21.41.39:562][744]LogProperty:Warning: ObjectProperty /Script/Engine.EdGraphPin:LinkedTo.LinkedTo: unresolved reference to 'EdGraphPin'"K2Node_IfThenElse_83.EdGraphPin_7880"''
[2014.08.16-21.41.39:562][744]LogProperty:Warning: ObjectProperty /Script/Engine.EdGraphPin:LinkedTo.LinkedTo: unresolved reference to 'EdGraphPin'"K2Node_CallFunction_53721.EdGraphPin_7706"''
[2014.08.16-21.41.39:562][744]LogProperty:Warning: ObjectProperty /Script/Engine.EdGraphPin:LinkedTo.LinkedTo: unresolved reference to 'EdGraphPin'"K2Node_IfThenElse_84.EdGraphPin_7892"''
[2014.08.16-21.41.39:562][744]LogProperty:Warning: ObjectProperty /Script/Engine.EdGraphPin:LinkedTo.LinkedTo: unresolved reference to 'EdGraphPin'"K2Node_CallFunction_53722.EdGraphPin_7724"''
[2014.08.16-21.41.39:563][744]LogProperty:Warning: ObjectProperty /Script/Engine.EdGraphPin:LinkedTo.LinkedTo: unresolved reference to 'EdGraphPin'"K2Node_IfThenElse_85.EdGraphPin_7904"''
[2014.08.16-21.41.39:563][744]LogProperty:Warning: ObjectProperty /Script/Engine.EdGraphPin:LinkedTo.LinkedTo: unresolved reference to 'EdGraphPin'"K2Node_CallFunction_53723.EdGraphPin_7742"''
[2014.08.16-21.41.39:563][744]LogProperty:Warning: ObjectProperty /Script/Engine.EdGraphPin:LinkedTo.LinkedTo: unresolved reference to 'EdGraphPin'"K2Node_IfThenElse_86.EdGraphPin_7916"''
[2014.08.16-21.41.39:563][744]LogProperty:Warning: ObjectProperty /Script/Engine.EdGraphPin:LinkedTo.LinkedTo: unresolved reference to 'EdGraphPin'"K2Node_CallFunction_53724.EdGraphPin_7760"''
[2014.08.16-21.41.39:563][744]LogProperty:Warning: ObjectProperty /Script/Engine.EdGraphPin:LinkedTo.LinkedTo: unresolved reference to 'EdGraphPin'"K2Node_IfThenElse_87.EdGraphPin_7928"''
[2014.08.16-21.41.39:564][744]LogProperty:Warning: ObjectProperty /Script/Engine.EdGraphPin:LinkedTo.LinkedTo: unresolved reference to 'EdGraphPin'"K2Node_CallFunction_53725.EdGraphPin_7778"''
[2014.08.16-21.41.39:564][744]LogProperty:Warning: ObjectProperty /Script/Engine.EdGraphPin:LinkedTo.LinkedTo: unresolved reference to 'EdGraphPin'"K2Node_IfThenElse_88.EdGraphPin_7940"''
[2014.08.16-21.41.39:564][744]LogProperty:Warning: ObjectProperty /Script/Engine.EdGraphPin:LinkedTo.LinkedTo: unresolved reference to 'EdGraphPin'"K2Node_CallFunction_53726.EdGraphPin_7796"''
[2014.08.16-21.41.39:564][744]LogProperty:Warning: ObjectProperty /Script/Engine.EdGraphPin:LinkedTo.LinkedTo: unresolved reference to 'EdGraphPin'"K2Node_IfThenElse_89.EdGraphPin_7952"''
[2014.08.16-21.41.39:565][744]LogProperty:Warning: ObjectProperty /Script/Engine.EdGraphPin:LinkedTo.LinkedTo: unresolved reference to 'EdGraphPin'"K2Node_CallFunction_53717.EdGraphPin_7814"''
[2014.08.16-21.41.39:565][744]LogProperty:Warning: ObjectProperty /Script/Engine.EdGraphPin:LinkedTo.LinkedTo: unresolved reference to 'EdGraphPin'"K2Node_IfThenElse_80.EdGraphPin_7964"''
[2014.08.16-21.41.39:565][744]LogProperty:Warning: ObjectProperty /Script/Engine.EdGraphPin:LinkedTo.LinkedTo: unresolved reference to 'EdGraphPin'"K2Node_CallFunction_53718.EdGraphPin_7832"''
[2014.08.16-21.41.39:565][744]LogUObjectHash:Warning: Ambiguous search, could be K2Node_IfThenElse /Game/Props/clock/clock_BP.clock_BP:UserConstructionScript.K2Node_IfThenElse_81 or K2Node_IfThenElse /Engine/EngineSky/BP_Sky_Sphere.BP_Sky_Sphere:UserConstructionScript.K2Node_IfThenElse_81
[2014.08.16-21.41.39:565][744]LogProperty:Warning: ObjectProperty /Script/Engine.EdGraphPin:LinkedTo.LinkedTo: unresolved reference to 'EdGraphPin'"K2Node_IfThenElse_81.EdGraphPin_7976"''
[2014.08.16-21.41.39:566][744]LogProperty:Warning: ObjectProperty /Script/Engine.EdGraphPin:LinkedTo.LinkedTo: unresolved reference to 'EdGraphPin'"K2Node_CallFunction_53716.EdGraphPin_7850"''
[2014.08.16-21.41.39:566][744]LogProperty:Warning: ObjectProperty /Script/Engine.EdGraphPin:LinkedTo.LinkedTo: unresolved reference to 'EdGraphPin'"K2Node_IfThenElse_79.EdGraphPin_7988"''
[2014.08.16-21.41.39:566][744]LogProperty:Warning: ObjectProperty /Script/Engine.EdGraphPin:LinkedTo.LinkedTo: unresolved reference to 'EdGraphPin'"K2Node_CallFunction_49447.EdGraphPin_7868"''
[2014.08.16-21.41.39:566][744]LogProperty:Warning: ObjectProperty /Script/Engine.EdGraphPin:LinkedTo.LinkedTo: unresolved reference to 'EdGraphPin'"K2Node_IfThenElse_75.EdGraphPin_8000"''
[2014.08.16-21.41.39:566][744]LogProperty:Warning: ObjectProperty /Script/Engine.EdGraphPin:LinkedTo.LinkedTo: unresolved reference to 'EdGraphPin'"K2Node_IfThenElse_84.EdGraphPin_7891"''
[2014.08.16-21.41.39:567][744]LogProperty:Warning: ObjectProperty /Script/Engine.EdGraphPin:LinkedTo.LinkedTo: unresolved reference to 'EdGraphPin'"K2Node_CallFunction_54006.EdGraphPin_8032"''
[2014.08.16-21.41.39:567][744]LogProperty:Warning: ObjectProperty /Script/Engine.EdGraphPin:LinkedTo.LinkedTo: unresolved reference to 'EdGraphPin'"K2Node_IfThenElse_85.EdGraphPin_7903"''
[2014.08.16-21.41.39:567][744]LogProperty:Warning: ObjectProperty /Script/Engine.EdGraphPin:LinkedTo.LinkedTo: unresolved reference to 'EdGraphPin'"K2Node_CallFunction_54007.EdGraphPin_8047"''
[2014.08.16-21.41.39:567][744]LogProperty:Warning: ObjectProperty /Script/Engine.EdGraphPin:LinkedTo.LinkedTo: unresolved reference to 'EdGraphPin'"K2Node_IfThenElse_86.EdGraphPin_7915"''
[2014.08.16-21.41.39:567][744]LogProperty:Warning: ObjectProperty /Script/Engine.EdGraphPin:LinkedTo.LinkedTo: unresolved reference to 'EdGraphPin'"K2Node_CallFunction_54008.EdGraphPin_8062"''
[2014.08.16-21.41.39:567][744]LogProperty:Warning: ObjectProperty /Script/Engine.EdGraphPin:LinkedTo.LinkedTo: unresolved reference to 'EdGraphPin'"K2Node_IfThenElse_87.EdGraphPin_7927"''
[2014.08.16-21.41.39:568][744]LogProperty:Warning: ObjectProperty /Script/Engine.EdGraphPin:LinkedTo.LinkedTo: unresolved reference to 'EdGraphPin'"K2Node_CallFunction_54009.EdGraphPin_8077"''
[2014.08.16-21.41.39:568][744]LogProperty:Warning: ObjectProperty /Script/Engine.EdGraphPin:LinkedTo.LinkedTo: unresolved reference to 'EdGraphPin'"K2Node_IfThenElse_88.EdGraphPin_7939"''
[2014.08.16-21.41.39:568][744]LogProperty:Warning: ObjectProperty /Script/Engine.EdGraphPin:LinkedTo.LinkedTo: unresolved reference to 'EdGraphPin'"K2Node_CallFunction_54010.EdGraphPin_8092"''
[2014.08.16-21.41.39:568][744]LogProperty:Warning: ObjectProperty /Script/Engine.EdGraphPin:LinkedTo.LinkedTo: unresolved reference to 'EdGraphPin'"K2Node_IfThenElse_89.EdGraphPin_7951"''
[2014.08.16-21.41.39:568][744]LogProperty:Warning: ObjectProperty /Script/Engine.EdGraphPin:LinkedTo.LinkedTo: unresolved reference to 'EdGraphPin'"K2Node_CallFunction_54011.EdGraphPin_8107"''
[2014.08.16-21.41.39:568][744]LogProperty:Warning: ObjectProperty /Script/Engine.EdGraphPin:LinkedTo.LinkedTo: unresolved reference to 'EdGraphPin'"K2Node_IfThenElse_80.EdGraphPin_7963"''
[2014.08.16-21.41.39:568][744]LogProperty:Warning: ObjectProperty /Script/Engine.EdGraphPin:LinkedTo.LinkedTo: unresolved reference to 'EdGraphPin'"K2Node_CallFunction_54012.EdGraphPin_8122"''
[2014.08.16-21.41.39:569][744]LogUObjectHash:Warning: Ambiguous search, could be K2Node_IfThenElse /Game/Props/clock/clock_BP.clock_BP:UserConstructionScript.K2Node_IfThenElse_81 or K2Node_IfThenElse /Engine/EngineSky/BP_Sky_Sphere.BP_Sky_Sphere:UserConstructionScript.K2Node_IfThenElse_81
[2014.08.16-21.41.39:569][744]LogProperty:Warning: ObjectProperty /Script/Engine.EdGraphPin:LinkedTo.LinkedTo: unresolved reference to 'EdGraphPin'"K2Node_IfThenElse_81.EdGraphPin_7975"''
[2014.08.16-21.41.39:569][744]LogProperty:Warning: ObjectProperty /Script/Engine.EdGraphPin:LinkedTo.LinkedTo: unresolved reference to 'EdGraphPin'"K2Node_CallFunction_54002.EdGraphPin_8137"''
[2014.08.16-21.41.39:569][744]LogProperty:Warning: ObjectProperty /Script/Engine.EdGraphPin:LinkedTo.LinkedTo: unresolved reference to 'EdGraphPin'"K2Node_IfThenElse_79.EdGraphPin_7987"''
[2014.08.16-21.41.39:569][744]LogProperty:Warning: ObjectProperty /Script/Engine.EdGraphPin:LinkedTo.LinkedTo: unresolved reference to 'EdGraphPin'"K2Node_CallFunction_54003.EdGraphPin_8152"''
[2014.08.16-21.41.39:569][744]LogProperty:Warning: ObjectProperty /Script/Engine.EdGraphPin:LinkedTo.LinkedTo: unresolved reference to 'EdGraphPin'"K2Node_IfThenElse_75.EdGraphPin_7999"''
[2014.08.16-21.41.39:569][744]LogProperty:Warning: ObjectProperty /Script/Engine.EdGraphPin:LinkedTo.LinkedTo: unresolved reference to 'EdGraphPin'"K2Node_CallFunction_54004.EdGraphPin_8167"''
[2014.08.16-21.41.39:570][744]LogProperty:Warning: ObjectProperty /Script/Engine.EdGraphPin:LinkedTo.LinkedTo: unresolved reference to 'EdGraphPin'"K2Node_CallFunction_54001.EdGraphPin_8182"''
[2014.08.16-21.41.39:570][744]LogProperty:Warning: ObjectProperty /Script/Engine.EdGraphPin:LinkedTo.LinkedTo: unresolved reference to 'EdGraphPin'"K2Node_CallFunction_54005.EdGraphPin_8019"''
[2014.08.16-21.41.39:570][744]LogProperty:Warning: ObjectProperty /Script/Engine.EdGraphPin:LinkedTo.LinkedTo: unresolved reference to 'EdGraphPin'"K2Node_CallFunction_54006.EdGraphPin_8034"''
[2014.08.16-21.41.39:570][744]LogProperty:Warning: ObjectProperty /Script/Engine.EdGraphPin:LinkedTo.LinkedTo: unresolved reference to 'EdGraphPin'"K2Node_CallFunction_54007.EdGraphPin_8049"''
[2014.08.16-21.41.39:570][744]LogProperty:Warning: ObjectProperty /Script/Engine.EdGraphPin:LinkedTo.LinkedTo: unresolved reference to 'EdGraphPin'"K2Node_CallFunction_54008.EdGraphPin_8064"''
[2014.08.16-21.41.39:570][744]LogProperty:Warning: ObjectProperty /Script/Engine.EdGraphPin:LinkedTo.LinkedTo: unresolved reference to 'EdGraphPin'"K2Node_CallFunction_54009.EdGraphPin_8079"''
[2014.08.16-21.41.39:570][744]LogProperty:Warning: ObjectProperty /Script/Engine.EdGraphPin:LinkedTo.LinkedTo: unresolved reference to 'EdGraphPin'"K2Node_CallFunction_54010.EdGraphPin_8094"''
[2014.08.16-21.41.39:570][744]LogProperty:Warning: ObjectProperty /Script/Engine.EdGraphPin:LinkedTo.LinkedTo: unresolved reference to 'EdGraphPin'"K2Node_CallFunction_54011.EdGraphPin_8109"''
[2014.08.16-21.41.39:570][744]LogProperty:Warning: ObjectProperty /Script/Engine.EdGraphPin:LinkedTo.LinkedTo: unresolved reference to 'EdGraphPin'"K2Node_CallFunction_54012.EdGraphPin_8124"''
[2014.08.16-21.41.39:570][744]LogProperty:Warning: ObjectProperty /Script/Engine.EdGraphPin:LinkedTo.LinkedTo: unresolved reference to 'EdGraphPin'"K2Node_CallFunction_54002.EdGraphPin_8139"''
[2014.08.16-21.41.39:570][744]LogProperty:Warning: ObjectProperty /Script/Engine.EdGraphPin:LinkedTo.LinkedTo: unresolved reference to 'EdGraphPin'"K2Node_CallFunction_54003.EdGraphPin_8154"''
[2014.08.16-21.41.39:570][744]LogProperty:Warning: ObjectProperty /Script/Engine.EdGraphPin:LinkedTo.LinkedTo: unresolved reference to 'EdGraphPin'"K2Node_CallFunction_54004.EdGraphPin_8169"''
[2014.08.16-21.41.39:571][744]LogProperty:Warning: ObjectProperty /Script/Engine.EdGraphPin:LinkedTo.LinkedTo: unresolved reference to 'EdGraphPin'"K2Node_CallFunction_54001.EdGraphPin_8184"''
[2014.08.16-21.42.19:419][553]BlueprintLog: New page: Compile clock_BP
[2014.08.16-21.42.19:600][553]BlueprintEditorCompileResults: Info [1572.35] Compile of clock_BP successful! [in 10 ms]
[2014.08.16-21.42.20:468][579]Cmd: OBJ SAVEPACKAGE PACKAGE="/Game/Props/clock/clock_BP" FILE="../../../../../../Users/Craig-Dev/Documents/Unreal Projects/WhiteBoard/Content/Props/clock/clock_BP.uasset" SILENT=true
[2014.08.16-21.42.20:880][579]LogSavePackage: Save=392.100800ms
[2014.08.16-21.42.20:880][579]LogSavePackage: Moving '../../../../../../Users/Craig-Dev/Documents/Unreal Projects/WhiteBoard/Saved/clock_BP2F4E6C72418BFED771D6849038B7D946.tmp' to '../../../../../../Users/Craig-Dev/Documents/Unreal Projects/WhiteBoard/Content/Props/clock/clock_BP.uasset'
[2014.08.16-21.42.39:028][421]BlueprintLog: New page: Compile clock_BP
[2014.08.16-21.42.39:152][421]BlueprintEditorCompileResults: Info [1591.93] Compile of clock_BP successful! [in 7 ms]
[2014.08.16-21.42.39:936][454]Cmd: OBJ SAVEPACKAGE PACKAGE="/Game/Props/clock/clock_BP" FILE="../../../../../../Users/Craig-Dev/Documents/Unreal Projects/WhiteBoard/Content/Props/clock/clock_BP.uasset" SILENT=true
[2014.08.16-21.42.40:314][454]LogSavePackage: Save=369.287354ms
[2014.08.16-21.42.40:314][454]LogSavePackage: Moving '../../../../../../Users/Craig-Dev/Documents/Unreal Projects/WhiteBoard/Saved/clock_BP4A8709034162F65D8DBD9AA96E6F103B.tmp' to '../../../../../../Users/Craig-Dev/Documents/Unreal Projects/WhiteBoard/Content/Props/clock/clock_BP.uasset'
[2014.08.16-21.42.52:989][481]LogEditorViewport: Clicking on Actor (LMB): BP_Sky_Sphere_C (BP_Sky_Sphere)
[2014.08.16-21.42.53:754][546]LogEditorViewport: Clicking on Actor (LMB): clock_BP_C (clock_BP)
[2014.08.16-21.43.36:672][536]BlueprintLog: New page: Compile clock_BP
[2014.08.16-21.43.36:745][536]BlueprintEditorCompileResults: Info [1649.54] Compile of clock_BP successful! [in 1 ms]
[2014.08.16-21.43.37:407][573]Cmd: OBJ SAVEPACKAGE PACKAGE="/Game/Props/clock/clock_BP" FILE="../../../../../../Users/Craig-Dev/Documents/Unreal Projects/WhiteBoard/Content/Props/clock/clock_BP.uasset" SILENT=true
[2014.08.16-21.43.37:761][573]LogSavePackage: Save=347.918396ms
[2014.08.16-21.43.37:761][573]LogSavePackage: Moving '../../../../../../Users/Craig-Dev/Documents/Unreal Projects/WhiteBoard/Saved/clock_BPCF74CBE94D0D6181ED446D9C3FB3FDB2.tmp' to '../../../../../../Users/Craig-Dev/Documents/Unreal Projects/WhiteBoard/Content/Props/clock/clock_BP.uasset'
[2014.08.16-21.44.44:915][341]BlueprintLog: New page: Compile clock_BP
[2014.08.16-21.44.45:000][341]BlueprintEditorCompileResults: Info [1717.78] Compile of clock_BP successful! [in 1 ms]
[2014.08.16-21.44.47:666][520]LogPlayLevel: PIE:  No blueprints needed recompiling
[2014.08.16-21.44.47:667][520]PIE: New page: SIE session: Example_Map (16 Aug 2014 23:44:47)
[2014.08.16-21.44.47:683][520]LogPlayLevel: PIE: StaticDuplicateObject took: (0.016385s)
[2014.08.16-21.44.47:684][520]LogPlayLevel: PIE: World Init took: (0.000835s)
[2014.08.16-21.44.47:684][520]LogPlayLevel: PIE: Created PIE world by copying editor world from /Game/Maps/Example_Map.Example_Map to /Game/Maps/UEDPIE_0_Example_Map.Example_Map (0.017389s)
[2014.08.16-21.44.47:684][520]LogSelection:Warning: PIE object was selected: "clock_BP_C /Game/Maps/UEDPIE_0_Example_Map.Example_Map:PersistentLevel.clock_BP_C_3"
[2014.08.16-21.44.47:712][520]LogWorld: Game class is 'MyGame_C'
[2014.08.16-21.44.47:713][520]LogAIModule: Creating AISystem for world Example_Map
[2014.08.16-21.44.47:715][520]LogWorld: Bringing World /Game/Maps/UEDPIE_0_Example_Map.Example_Map up for play (max tick rate 0) at 2014.08.16-22.44.47
[2014.08.16-21.44.47:716][520]LogWorld: Bringing up level for play took: 0.002539
[2014.08.16-21.44.47:716][520]PIE: Info Play in editor start time for /Game/Maps/UEDPIE_0_Example_Map -0.536
[2014.08.16-21.44.47:722][520]LogSelection:Warning: PIE object was selected: "clock_BP_C /Game/Maps/UEDPIE_0_Example_Map.Example_Map:PersistentLevel.clock_BP_C_3"
[2014.08.16-21.44.56:111][167]LogParticles: Destroying 0 GPU particle simulations for FXSystem 0x00000000284F2480
[2014.08.16-21.45.06:087][875]BlueprintLog: New page: Compile clock_BP
[2014.08.16-21.45.06:157][875]BlueprintEditorCompileResults: Info [1738.95] Compile of clock_BP successful! [in 1 ms]
[2014.08.16-21.45.06:811][906]Cmd: OBJ SAVEPACKAGE PACKAGE="/Game/Props/clock/clock_BP" FILE="../../../../../../Users/Craig-Dev/Documents/Unreal Projects/WhiteBoard/Content/Props/clock/clock_BP.uasset" SILENT=true
[2014.08.16-21.45.07:164][906]LogSavePackage: Save=344.016296ms
[2014.08.16-21.45.07:164][906]LogSavePackage: Moving '../../../../../../Users/Craig-Dev/Documents/Unreal Projects/WhiteBoard/Saved/clock_BPD66854F14B651E7CF48B42942266E01C.tmp' to '../../../../../../Users/Craig-Dev/Documents/Unreal Projects/WhiteBoard/Content/Props/clock/clock_BP.uasset'
[2014.08.16-21.45.30:432][635]BlueprintLog: New page: Compile clock_BP
[2014.08.16-21.45.30:512][635]BlueprintEditorCompileResults: Info [1763.30] Compile of clock_BP successful! [in 1 ms]
[2014.08.16-21.45.44:205][596]BlueprintLog: New page: Compile clock_BP
[2014.08.16-21.45.44:283][596]BlueprintEditorCompileResults: Info [1777.07] Compile of clock_BP successful! [in 1 ms]
[2014.08.16-21.45.44:962][629]Cmd: OBJ SAVEPACKAGE PACKAGE="/Game/Props/clock/clock_BP" FILE="../../../../../../Users/Craig-Dev/Documents/Unreal Projects/WhiteBoard/Content/Props/clock/clock_BP.uasset" SILENT=true
[2014.08.16-21.45.45:311][629]LogSavePackage: Save=342.617737ms
[2014.08.16-21.45.45:311][629]LogSavePackage: Moving '../../../../../../Users/Craig-Dev/Documents/Unreal Projects/WhiteBoard/Saved/clock_BPD6EA0E4B4BA551BF5B16F39E035A0B1D.tmp' to '../../../../../../Users/Craig-Dev/Documents/Unreal Projects/WhiteBoard/Content/Props/clock/clock_BP.uasset'
[2014.08.16-21.49.20:864][601]LogUObjectGlobals:Warning: Failed to find object 'Object None.'
[2014.08.16-21.50.26:884][500]LogUObjectGlobals:Warning: Failed to find object 'Object None.'
[2014.08.16-21.51.14:222][984]LogSavePackage: Save=69.353737ms
[2014.08.16-21.51.14:222][984]LogSavePackage: Moving '../../../../../../Users/Craig-Dev/Documents/Unreal Projects/WhiteBoard/Saved/Example_Map_Auto222B3FE9B4C675CA104B469B160E42B35.tmp' to '../../../../../../Users/Craig-Dev/Documents/Unreal Projects/WhiteBoard/Saved/Autosaves/Game/Maps/Example_Map_Auto2.umap'
[2014.08.16-21.51.14:228][984]LogFileHelpers: Editor autosave (incl. sublevels) for '/Game/Maps/Example_Map' took 0.126
[2014.08.16-21.51.14:228][984]LogFileHelpers: Editor autosave (incl. sublevels) for all levels took 0.126
[2014.08.16-21.51.14:236][984]OBJ SavePackage: Generating thumbnails for [1] asset(s) in package [/Game/Props/clock/clock_BP] ([1] browsable assets)...
[2014.08.16-21.51.14:265][984]OBJ SavePackage:     Rendered thumbnail for [Blueprint /Game/Props/clock/clock_BP.clock_BP]
[2014.08.16-21.51.14:265][984]OBJ SavePackage: Finished generating thumbnails for package [/Game/Props/clock/clock_BP]
[2014.08.16-21.51.14:631][984]LogSavePackage: Save=346.449066ms
[2014.08.16-21.51.14:631][984]LogSavePackage: Moving '../../../../../../Users/Craig-Dev/Documents/Unreal Projects/WhiteBoard/Saved/clock_BP_Auto21F19F6514CD6C06180FAD393DE5A848B.tmp' to '../../../../../../Users/Craig-Dev/Documents/Unreal Projects/WhiteBoard/Saved/Autosaves/Game/Props/clock/clock_BP_Auto2.uasset'
[2014.08.16-21.51.14:636][984]LogFileHelpers: Auto-saving content packages took 0.408
[2014.08.16-21.51.56:356][182]Cmd: OBJ SAVEPACKAGE PACKAGE="/Game/Props/clock/clock_BP" FILE="../../../../../../Users/Craig-Dev/Documents/Unreal Projects/WhiteBoard/Content/Props/clock/clock_BP.uasset" SILENT=true
[2014.08.16-21.51.56:377][182]LogSavePackage: Save=14.593446ms
[2014.08.16-21.51.56:377][182]LogSavePackage: Moving '../../../../../../Users/Craig-Dev/Documents/Unreal Projects/WhiteBoard/Saved/clock_BPAE416CCC42DA2EBEB7F275A08F44FCD4.tmp' to '../../../../../../Users/Craig-Dev/Documents/Unreal Projects/WhiteBoard/Content/Props/clock/clock_BP.uasset'
[2014.08.16-21.51.56:869][219]BlueprintLog: New page: Compile clock_BP
[2014.08.16-21.51.56:947][219]BlueprintEditorCompileResults: Info [2149.73] Compile of clock_BP successful! [in 1 ms]
[2014.08.16-21.52.01:048][538]Cmd: DELETE
[2014.08.16-21.52.01:048][538]Cmd: ACTOR DELETE
[2014.08.16-21.52.01:048][538]LogEditorActor: Deleted Actor: clock_BP_C
[2014.08.16-21.52.01:064][538]LogParticles: Destroying 0 GPU particle simulations for FXSystem 0x000000001D7A56C0
[2014.08.16-21.52.01:066][538]LogEditorActor: Deleted 1 Actors (0.019 secs)
[2014.08.16-21.52.07:427][893]LogMaterial: Missing cached shader map for material PreviewMaterial_0, compiling.
[2014.08.16-21.52.07:445][893]LogActorComponent: UnregisterComponent: (/Engine/Transient.SkeletalMeshComponent_0) Not registered. Aborting.
[2014.08.16-21.52.07:476][893]LogActorComponent: UnregisterComponent: (/Engine/Transient.SkeletalMeshComponent_0) Not registered. Aborting.
[2014.08.16-21.52.07:476][893]LogActorComponent: RegisterComponentWithWorld: (/Engine/Transient.MaterialEditorMeshComponent_0) Already registered. Aborting.
[2014.08.16-21.52.07:476][893]LogActorComponent: UnregisterComponent: (/Engine/Transient.SkeletalMeshComponent_0) Not registered. Aborting.
[2014.08.16-21.52.07:476][893]LogActorComponent: RegisterComponentWithWorld: (/Engine/Transient.MaterialEditorMeshComponent_0) Already registered. Aborting.
[2014.08.16-21.52.07:477][893]LogMaterial: Missing cached shader map for material PreviewMaterial_0, compiling.
[2014.08.16-21.52.07:501][893]LogMaterial: Missing cached shader map for material FMatExpressionPreview MaterialExpressionTextureSample_0, compiling.
[2014.08.16-21.52.08:884][972]MaterialEditorStats: Info Base pass shader with only dynamic lighting: 68 instructions
[2014.08.16-21.52.08:884][972]MaterialEditorStats: Info Vertex shader: 33 instructions
[2014.08.16-21.52.08:884][972]MaterialEditorStats: Info Texture samplers: 4/16
[2014.08.16-21.52.17:602][532]LogParticles: Destroying 0 GPU particle simulations for FXSystem 0x000000001B563E20
[2014.08.16-21.52.18:682][532]LogSavePackage: Save=61.448380ms
[2014.08.16-21.52.18:682][532]LogSavePackage: Moving '../../../../../../Users/Craig-Dev/Documents/Unreal Projects/WhiteBoard/Saved/Example_Map0D4957CC4B5D866B50774399641A3C06.tmp' to '../../../../../../Users/Craig-Dev/Documents/Unreal Projects/WhiteBoard/Content/Maps/Example_Map.umap'
[2014.08.16-21.52.18:694][532]LogFileHelpers: Saving map 'Example_Map' took 0.138
[2014.08.16-21.52.19:113][533]Cmd: QUIT_EDITOR
[2014.08.16-21.52.19:206][533]LogWindowsTextInputMethodSystem:Error: Terminating failed while unadvising the language notification sink from the TSF source.
[2014.08.16-21.52.19:207][533]LogExit: Preparing to exit.
[2014.08.16-21.52.20:079][533]LogExit: Editor shut down
[2014.08.16-21.52.20:080][533]LogExit: Transaction tracking system shut down
[2014.08.16-21.52.20:080][533]LogParticles: Destroying 0 GPU particle simulations for FXSystem 0x000000001D7DBCE0
[2014.08.16-21.52.20:080][533]LogParticles: Destroying 0 GPU particle simulations for FXSystem 0x000000001D7DBD80
[2014.08.16-21.52.20:080][533]LogParticles: Destroying 0 GPU particle simulations for FXSystem 0x00000000118D80E0
[2014.08.16-21.52.20:081][533]LogParticles: Destroying 0 GPU particle simulations for FXSystem 0x000000000C07BBA0
[2014.08.16-21.52.20:097][533]LogExit: Object subsystem successfully closed.
[2014.08.16-21.52.20:121][533]LogModuleManager: Shutting down and abandoning module MaterialEditor (162)
[2014.08.16-21.52.20:121][533]LogModuleManager: Shutting down and abandoning module AndroidDeviceDetection (161)
[2014.08.16-21.52.20:537][533]LogModuleManager: Shutting down and abandoning module HTTP (160)
[2014.08.16-21.52.20:537][533]LogModuleManager: Shutting down and abandoning module CrashTracker (159)
[2014.08.16-21.52.20:537][533]LogModuleManager: Shutting down and abandoning module SuperSearch (158)
[2014.08.16-21.52.20:537][533]LogModuleManager: Shutting down and abandoning module SceneOutliner (157)
[2014.08.16-21.52.20:537][533]LogModuleManager: Shutting down and abandoning module EditorWidgets (156)
[2014.08.16-21.52.20:537][533]LogModuleManager: Shutting down and abandoning module CollectionManager (155)
[2014.08.16-21.52.20:537][533]LogModuleManager: Shutting down and abandoning module StatsViewer (154)
[2014.08.16-21.52.20:537][533]LogModuleManager: Shutting down and abandoning module FoliageEdit (153)
[2014.08.16-21.52.20:537][533]LogModuleManager: Shutting down and abandoning module LandscapeEditor (152)
[2014.08.16-21.52.20:537][533]LogModuleManager: Shutting down and abandoning module MeshPaint (151)
[2014.08.16-21.52.20:537][533]LogModuleManager: Shutting down and abandoning module ActorPickerMode (150)
[2014.08.16-21.52.20:537][533]LogModuleManager: Shutting down and abandoning module GeometryMode (149)
[2014.08.16-21.52.20:537][533]LogModuleManager: Shutting down and abandoning module TextureAlignMode (148)
[2014.08.16-21.52.20:537][533]LogModuleManager: Shutting down and abandoning module BspMode (147)
[2014.08.16-21.52.20:537][533]LogModuleManager: Shutting down and abandoning module PlacementMode (146)
[2014.08.16-21.52.20:537][533]LogModuleManager: Shutting down and abandoning module DesktopPlatform (145)
[2014.08.16-21.52.20:537][533]LogModuleManager: Shutting down and abandoning module AutomationWorker (144)
[2014.08.16-21.52.20:537][533]LogModuleManager: Shutting down and abandoning module EditorLiveStreaming (143)
[2014.08.16-21.52.20:537][533]LogModuleManager: Shutting down and abandoning module BehaviorTreeEditor (142)
[2014.08.16-21.52.20:537][533]LogModuleManager: Shutting down and abandoning module DeviceProfileEditor (141)
[2014.08.16-21.52.20:537][533]LogModuleManager: Shutting down and abandoning module UndoHistory (140)
[2014.08.16-21.52.20:537][533]LogModuleManager: Shutting down and abandoning module GameplayTagsEditor (139)
[2014.08.16-21.52.20:537][533]LogModuleManager: Shutting down and abandoning module UserFeedback (138)
[2014.08.16-21.52.20:537][533]LogModuleManager: Shutting down and abandoning module XmlParser (137)
[2014.08.16-21.52.20:537][533]LogModuleManager: Shutting down and abandoning module Blutility (136)
[2014.08.16-21.52.20:537][533]LogModuleManager: Shutting down and abandoning module IOSPlatformEditor (135)
[2014.08.16-21.52.20:537][533]LogModuleManager: Shutting down and abandoning module IOSRuntimeSettings (134)
[2014.08.16-21.52.20:537][533]LogModuleManager: Shutting down and abandoning module AndroidPlatformEditor (133)
[2014.08.16-21.52.20:537][533]LogModuleManager: Shutting down and abandoning module AndroidRuntimeSettings (132)
[2014.08.16-21.52.20:537][533]LogModuleManager: Shutting down and abandoning module ProjectTargetPlatformEditor (131)
[2014.08.16-21.52.20:537][533]LogModuleManager: Shutting down and abandoning module ProjectSettingsViewer (130)
[2014.08.16-21.52.20:537][533]LogModuleManager: Shutting down and abandoning module InputBindingEditor (129)
[2014.08.16-21.52.20:538][533]LogModuleManager: Shutting down and abandoning module EditorSettingsViewer (128)
[2014.08.16-21.52.20:538][533]LogModuleManager: Shutting down and abandoning module SettingsEditor (127)
[2014.08.16-21.52.20:538][533]LogModuleManager: Shutting down and abandoning module SessionLauncher (126)
[2014.08.16-21.52.20:538][533]LogModuleManager: Shutting down and abandoning module SessionFrontend (125)
[2014.08.16-21.52.20:538][533]LogModuleManager: Shutting down and abandoning module ProfilerClient (124)
[2014.08.16-21.52.20:538][533]LogModuleManager: Shutting down and abandoning module TargetDeviceServices (123)
[2014.08.16-21.52.20:538][533]LogModuleManager: Shutting down and abandoning module DeviceManager (122)
[2014.08.16-21.52.20:538][533]LogModuleManager: Shutting down and abandoning module AutomationController (121)
[2014.08.16-21.52.20:538][533]LogModuleManager: Shutting down and abandoning module AutomationWindow (120)
[2014.08.16-21.52.20:538][533]LogModuleManager: Shutting down and abandoning module Layers (119)
[2014.08.16-21.52.20:538][533]LogModuleManager: Shutting down and abandoning module ComponentVisualizers (118)
[2014.08.16-21.52.20:538][533]LogModuleManager: Shutting down and abandoning module DetailCustomizations (117)
[2014.08.16-21.52.20:538][533]LogModuleManager: Shutting down and abandoning module PackagesDialog (116)
[2014.08.16-21.52.20:538][533]LogModuleManager: Shutting down and abandoning module DirectoryWatcher (115)
[2014.08.16-21.52.20:538][533]LogModuleManager: Shutting down and abandoning module AssetRegistry (114)
[2014.08.16-21.52.20:589][533]LogModuleManager: Shutting down and abandoning module Persona (113)
[2014.08.16-21.52.20:589][533]LogModuleManager: Shutting down and abandoning module GraphEditor (112)
[2014.08.16-21.52.20:589][533]LogModuleManager: Shutting down and abandoning module ClassViewer (111)
[2014.08.16-21.52.20:589][533]LogModuleManager: Shutting down and abandoning module Toolbox (110)
[2014.08.16-21.52.20:589][533]LogModuleManager: Shutting down and abandoning module ModuleUI (109)
[2014.08.16-21.52.20:589][533]LogModuleManager: Shutting down and abandoning module Sequencer (108)
[2014.08.16-21.52.20:589][533]LogModuleManager: Shutting down and abandoning module MovieSceneTools (107)
[2014.08.16-21.52.20:589][533]LogModuleManager: Shutting down and abandoning module OutputLog (106)
[2014.08.16-21.52.20:589][533]LogModuleManager: Shutting down and abandoning module GammaUI (105)
[2014.08.16-21.52.20:589][533]LogModuleManager: Shutting down and abandoning module Documentation (104)
[2014.08.16-21.52.20:589][533]LogModuleManager: Shutting down and abandoning module GameLiveStreaming (103)
[2014.08.16-21.52.20:589][533]LogModuleManager: Shutting down and abandoning module StreamingPauseRendering (102)
[2014.08.16-21.52.20:589][533]LogModuleManager: Shutting down and abandoning module AnalyticsET (101)
[2014.08.16-21.52.20:589][533]LogModuleManager: Shutting down and abandoning module Analytics (100)
[2014.08.16-21.52.20:589][533]LogModuleManager: Shutting down and abandoning module GameplayDebugger (99)
[2014.08.16-21.52.20:589][533]LogModuleManager: Shutting down and abandoning module AIModule (98)
[2014.08.16-21.52.20:589][533]LogModuleManager: Shutting down and abandoning module ProfilerService (97)
[2014.08.16-21.52.20:833][533]LogModuleManager: Shutting down and abandoning module TaskGraph (96)
[2014.08.16-21.52.20:833][533]LogModuleManager: Shutting down and abandoning module SlateRemote (95)
[2014.08.16-21.52.20:833][533]LogModuleManager: Shutting down and abandoning module ScriptEditorPlugin (94)
[2014.08.16-21.52.20:833][533]LogModuleManager: Shutting down and abandoning module CustomMeshComponent (93)
[2014.08.16-21.52.20:833][533]LogModuleManager: Shutting down and abandoning module CableComponent (92)
[2014.08.16-21.52.20:833][533]LogModuleManager: Shutting down and abandoning module OculusRift (91)
[2014.08.16-21.52.20:833][533]LogModuleManager: Shutting down and abandoning module MessagingDebugger (90)
[2014.08.16-21.52.20:833][533]LogModuleManager: Shutting down and abandoning module ViewportSnapping (89)
[2014.08.16-21.52.20:833][533]LogModuleManager: Shutting down and abandoning module SmartSnapping (88)
[2014.08.16-21.52.20:833][533]LogModuleManager: Shutting down and abandoning module PaperTiledImporter (87)
[2014.08.16-21.52.20:833][533]LogModuleManager: Shutting down and abandoning module PaperJsonImporter (86)
[2014.08.16-21.52.20:833][533]LogModuleManager: Shutting down and abandoning module GameProjectGeneration (85)
[2014.08.16-21.52.20:833][533]LogModuleManager: Shutting down and abandoning module Matinee (84)
[2014.08.16-21.52.20:833][533]LogModuleManager: Shutting down and abandoning module Kismet (83)
[2014.08.16-21.52.20:833][533]LogModuleManager: Shutting down and abandoning module SlateReflector (82)
[2014.08.16-21.52.20:833][533]LogModuleManager: Shutting down and abandoning module LevelEditor (81)
[2014.08.16-21.52.20:834][533]LogModuleManager: Shutting down and abandoning module IntroTutorials (80)
[2014.08.16-21.52.20:834][533]LogModuleManager: Shutting down and abandoning module ContentBrowser (79)
[2014.08.16-21.52.20:834][533]LogModuleManager: Shutting down and abandoning module PropertyEditor (78)
[2014.08.16-21.52.20:834][533]LogModuleManager: Shutting down and abandoning module AssetTools (77)
[2014.08.16-21.52.20:834][533]LogModuleManager: Shutting down and abandoning module Paper2DEditor (76)
[2014.08.16-21.52.20:834][533]LogModuleManager: Shutting down and abandoning module SpeedTreeImporter (75)
[2014.08.16-21.52.20:834][533]LogModuleManager: Shutting down and abandoning module PluginsEditor (74)
[2014.08.16-21.52.20:834][533]LogModuleManager: Shutting down and abandoning module MainFrame (73)
[2014.08.16-21.52.20:834][533]LogModuleManager: Shutting down and abandoning module EpicSurvey (72)
[2014.08.16-21.52.20:834][533]LogModuleManager: Shutting down and abandoning module VisualStudioSourceCodeAccess (71)
[2014.08.16-21.52.20:834][533]LogModuleManager: Shutting down and abandoning module UObjectPlugin (70)
[2014.08.16-21.52.20:834][533]LogModuleManager: Shutting down and abandoning module SubversionSourceControl (69)
[2014.08.16-21.52.20:834][533]LogModuleManager: Shutting down and abandoning module SourceControl (68)
[2014.08.16-21.52.20:834][533]LogModuleManager: Shutting down and abandoning module PerforceSourceControl (67)
[2014.08.16-21.52.20:834][533]LogModuleManager: Shutting down and abandoning module BlankPlugin (66)
[2014.08.16-21.52.20:834][533]LogModuleManager: Shutting down and abandoning module ScriptPlugin (65)
[2014.08.16-21.52.20:834][533]LogModuleManager: Shutting down and abandoning module UdpMessaging (64)
[2014.08.16-21.52.20:934][533]LogModuleManager: Shutting down and abandoning module Paper2D (63)
[2014.08.16-21.52.20:934][533]LogModuleManager: Shutting down and abandoning module WindowsMoviePlayer (62)
[2014.08.16-21.52.20:936][533]LogModuleManager: Shutting down and abandoning module ImageWrapper (61)
[2014.08.16-21.52.20:936][533]LogModuleManager: Shutting down and abandoning module OnlineBlueprintSupport (60)
[2014.08.16-21.52.20:936][533]LogModuleManager: Shutting down and abandoning module FunctionalTesting (59)
[2014.08.16-21.52.20:936][533]LogModuleManager: Shutting down and abandoning module CollisionAnalyzer (58)
[2014.08.16-21.52.20:936][533]LogModuleManager: Shutting down and abandoning module WorkspaceMenuStructure (57)
[2014.08.16-21.52.20:937][533]LogModuleManager: Shutting down and abandoning module MessageLog (56)
[2014.08.16-21.52.20:937][533]LogModuleManager: Shutting down and abandoning module UMGEditor (55)
[2014.08.16-21.52.20:937][533]LogModuleManager: Shutting down and abandoning module UMG (54)
[2014.08.16-21.52.20:937][533]LogModuleManager: Shutting down and abandoning module Slate (53)
[2014.08.16-21.52.20:937][533]LogModuleManager: Shutting down and abandoning module EditorStyle (52)
[2014.08.16-21.52.20:938][533]LogModuleManager: Shutting down and abandoning module SessionServices (51)
[2014.08.16-21.52.20:938][533]LogModuleManager: Shutting down and abandoning module SourceCodeAccess (50)
[2014.08.16-21.52.20:938][533]LogModuleManager: Shutting down and abandoning module HeadMountedDisplay (49)
[2014.08.16-21.52.20:938][533]LogModuleManager: Shutting down and abandoning module XAudio2 (48)
[2014.08.16-21.52.20:938][533]LogModuleManager: Shutting down and abandoning module Networking (46)
[2014.08.16-21.52.20:938][533]LogModuleManager: Shutting down and abandoning module Core (45)
[2014.08.16-21.52.20:938][533]LogModuleManager: Shutting down and abandoning module KismetCompiler (44)
[2014.08.16-21.52.20:938][533]LogModuleManager: Shutting down and abandoning module PhysXFormats (43)
[2014.08.16-21.52.20:938][533]LogModuleManager: Shutting down and abandoning module MeshUtilities (42)
[2014.08.16-21.52.20:938][533]LogModuleManager: Shutting down and abandoning module DerivedDataCache (41)
[2014.08.16-21.52.20:968][533]LogDerivedDataCache: Shutdown
[2014.08.16-21.52.20:968][533]LogModuleManager: Shutting down and abandoning module ShaderFormatOpenGL (40)
[2014.08.16-21.52.20:968][533]LogModuleManager: Shutting down and abandoning module ShaderFormatD3D (39)
[2014.08.16-21.52.20:968][533]LogModuleManager: Shutting down and abandoning module MetalShaderFormat (38)
[2014.08.16-21.52.20:968][533]LogModuleManager: Shutting down and abandoning module TextureFormatUncompressed (37)
[2014.08.16-21.52.20:968][533]LogModuleManager: Shutting down and abandoning module TextureFormatPVR (36)
[2014.08.16-21.52.20:968][533]LogModuleManager: Shutting down and abandoning module TextureFormatDXT (35)
[2014.08.16-21.52.20:968][533]LogModuleManager: Shutting down and abandoning module TextureFormatAndroid (34)
[2014.08.16-21.52.20:968][533]LogModuleManager: Shutting down and abandoning module AudioFormatOpus (33)
[2014.08.16-21.52.20:968][533]LogModuleManager: Shutting down and abandoning module AudioFormatOgg (32)
[2014.08.16-21.52.20:968][533]LogModuleManager: Shutting down and abandoning module AudioFormatADPCM (31)
[2014.08.16-21.52.20:968][533]LogModuleManager: Shutting down and abandoning module Messaging (30)
[2014.08.16-21.52.20:968][533]LogModuleManager: Shutting down and abandoning module IOSTargetPlatform (29)
[2014.08.16-21.52.20:968][533]LogModuleManager: Shutting down and abandoning module Android_PVRTCTargetPlatform (28)
[2014.08.16-21.52.20:968][533]LogModuleManager: Shutting down and abandoning module Android_ETC2TargetPlatform (27)
[2014.08.16-21.52.20:968][533]LogModuleManager: Shutting down and abandoning module Android_ETC1TargetPlatform (26)
[2014.08.16-21.52.20:968][533]LogModuleManager: Shutting down and abandoning module Android_DXTTargetPlatform (25)
[2014.08.16-21.52.20:968][533]LogModuleManager: Shutting down and abandoning module Android_ATCTargetPlatform (24)
[2014.08.16-21.52.20:968][533]LogModuleManager: Shutting down and abandoning module AndroidTargetPlatform (23)
[2014.08.16-21.52.20:968][533]LogModuleManager: Shutting down and abandoning module WindowsTargetPlatform (22)
[2014.08.16-21.52.20:968][533]LogModuleManager: Shutting down and abandoning module WindowsServerTargetPlatform (21)
[2014.08.16-21.52.20:968][533]LogModuleManager: Shutting down and abandoning module WindowsNoEditorTargetPlatform (20)
[2014.08.16-21.52.20:968][533]LogModuleManager: Shutting down and abandoning module WindowsClientTargetPlatform (19)
[2014.08.16-21.52.20:968][533]LogModuleManager: Shutting down and abandoning module TargetPlatform (18)
[2014.08.16-21.52.20:968][533]LogModuleManager: Shutting down and abandoning module InputCore (17)
[2014.08.16-21.52.20:968][533]LogModuleManager: Shutting down and abandoning module Settings (16)
[2014.08.16-21.52.20:968][533]LogModuleManager: Shutting down and abandoning module ExampleDeviceProfileSelector (13)
[2014.08.16-21.52.20:968][533]LogModuleManager: Shutting down and abandoning module TextureCompressor (12)
[2014.08.16-21.52.20:968][533]LogModuleManager: Shutting down and abandoning module ShaderCore (11)
[2014.08.16-21.52.20:968][533]LogModuleManager: Shutting down and abandoning module OpenGLDrv (10)
[2014.08.16-21.52.20:968][533]LogModuleManager: Shutting down and abandoning module D3D11RHI (9)
[2014.08.16-21.52.20:968][533]LogModuleManager: Shutting down and abandoning module SlateRHIRenderer (8)
[2014.08.16-21.52.20:968][533]LogModuleManager: Shutting down and abandoning module Renderer (7)
[2014.08.16-21.52.20:968][533]LogModuleManager: Shutting down and abandoning module Engine (6)
[2014.08.16-21.52.20:968][533]LogModuleManager: Shutting down and abandoning module CoreUObject (5)
[2014.08.16-21.52.20:968][533]LogModuleManager: Shutting down and abandoning module NetworkFile (4)
[2014.08.16-21.52.20:968][533]LogModuleManager: Shutting down and abandoning module StreamingFile (3)
[2014.08.16-21.52.20:968][533]LogModuleManager: Shutting down and abandoning module SandboxFile (2)
[2014.08.16-21.52.20:968][533]LogModuleManager: Shutting down and abandoning module PakFile (1)
[2014.08.16-21.52.20:969][533]LogExit: Exiting.
[2014.08.16-21.52.20:970][533]Log file closed, 08/16/14 22:52:20
