Log file open, 08/16/14 03:17:33
LogInit:Display: Running engine for game: WhiteBoard
LogInit: Version: 4.4.0-2255576+++depot+UE4-Releases+4.4
LogInit: API Version: 2255576
LogInit: Compiled (64-bit): Aug 13 2014 22:39:32
LogInit: Build Configuration: Development
LogInit: Branch Name: ++depot+UE4-Releases+4.4
LogInit: Command line:  
LogInit: Base directory: C:/Program Files/Unreal Engine/4.4/Engine/Binaries/Win64/
LogInit: Rocket: 1
[2014.08.16-02.17.33:209][  0]LogTaskGraph: Started task graph with 3 named threads and 4 total threads.
[2014.08.16-02.17.33:233][  0]LogOnline:Warning: No default platform service specified for OnlineSubsystem
[2014.08.16-02.17.33:238][  0]LogInit: Presizing for 0 objects not considered by GC, pre-allocating 0 bytes.
[2014.08.16-02.17.33:243][  0]LogInit: Object subsystem initialized
[2014.08.16-02.17.33:245][  0]LogInit: Selected Device Profile: [Windows]
[2014.08.16-02.17.33:245][  0]LogInit: Applying CVar settings loaded from the selected device profile: [Windows]
[2014.08.16-02.17.33:247][  0]LogInit: Computer: CRAIG-DEV-PC
[2014.08.16-02.17.33:247][  0]LogInit: User: CraigDev
[2014.08.16-02.17.33:248][  0]LogInit: CPU Page size=4096, Cores=4
[2014.08.16-02.17.33:248][  0]LogInit: High frequency timer resolution =3.419980 MHz
[2014.08.16-02.17.33:248][  0]LogMemory: Memory total: Physical=7.9GB (8GB approx) Virtual=8192.0GB
[2014.08.16-02.17.33:248][  0]LogMemory: Platform Memory Stats for Windows
[2014.08.16-02.17.33:248][  0]LogMemory: Process Physical Memory: 60.79 MB used, 60.79 MB peak
[2014.08.16-02.17.33:248][  0]LogMemory: Process Virtual Memory: 36.92 MB used, 36.92 MB peak
[2014.08.16-02.17.33:248][  0]LogMemory: Physical Memory: 5450.57 MB used, 8137.07 MB total
[2014.08.16-02.17.33:248][  0]LogMemory: Virtual Memory: 248.25 MB used, 8388608.00 MB total
[2014.08.16-02.17.33:263][  0]LogD3D11RHI: Found D3D11 adapter 0: AMD Radeon HD 7800 Series (Feature Level 11_0)
[2014.08.16-02.17.33:263][  0]LogD3D11RHI: Adapter has 2030MB of dedicated video memory, 0MB of dedicated system memory, and 3812MB of shared system memory, 1 output[s]
[2014.08.16-02.17.33:263][  0]LogD3D11RHI: Chosen D3D11 Adapter Id = 0
[2014.08.16-02.17.33:266][  0]LogRHI: Texture pool is 1361 MB (70% of 1945 MB)
[2014.08.16-02.17.33:270][  0]LogD3D11RHI: Async texture creation disabled: no driver support
[2014.08.16-02.17.33:353][  0]LogContentStreaming: Texture pool size is 0.000000MB
[2014.08.16-02.17.34:603][  0]LogTargetPlatformManager:Display: Building Assets For Windows
[2014.08.16-02.17.34:872][  0]LogTargetPlatformManager:Display: Building Assets For Windows
[2014.08.16-02.17.34:897][  0]LogDerivedDataCache:Display: Max Cache Size: 512 MB
[2014.08.16-02.17.34:932][  0]LogDerivedDataCache: Loaded boot cache 0.04s 39MB C:/Users/Craig-Dev/AppData/Local/UnrealEngine/4.4/DerivedDataCache/Boot.ddc.
[2014.08.16-02.17.34:932][  0]LogDerivedDataCache:Display: Loaded Boot cache: C:/Users/Craig-Dev/AppData/Local/UnrealEngine/4.4/DerivedDataCache/Boot.ddc
[2014.08.16-02.17.34:932][  0]LogDerivedDataCache: FDerivedDataBackendGraph:  Pak pak cache file ../../../../../../Users/Craig-Dev/Documents/Unreal Projects/WhiteBoard/DerivedDataCache/DDC.ddp not found, will not use a pak cache.
[2014.08.16-02.17.34:932][  0]LogDerivedDataCache: Unable to find inner node Pak for hierarchical cache Hierarchy.
[2014.08.16-02.17.34:945][  0]LogDerivedDataCache:Display: Pak cache opened for reading ../../../Engine/DerivedDataCache/DDC.ddp.
[2014.08.16-02.17.34:956][  0]LogDerivedDataCache: Using Local data cache path C:/Users/Craig-Dev/AppData/Local/UnrealEngine/4.4/DerivedDataCache: Writable
[2014.08.16-02.17.35:068][  0]LogMeshUtilities: No automatic mesh reduction module available
[2014.08.16-02.17.35:068][  0]LogMeshUtilities: No automatic mesh merging module available
[2014.08.16-02.17.35:301][  0]LogInit: WinSock: version 1.1 (2.2), MaxSocks=32767, MaxUdp=65467
[2014.08.16-02.17.51:936][  0]LogStats:Warning: MetaData mismatch. Did you assign a stat to two groups? New //STATGROUP_Threads//FMonitoredProcess///Thread_21c8_0///////STATCAT_Advanced//// old //STATGROUP_Threads//FMonitoredProcess///Thread_1c84_0///////STATCAT_Advanced////
[2014.08.16-02.17.51:936][  0]UdpMessaging: Initializing bridge on interface 0.0.0.0:0 to multicast group 230.0.0.1:6666.
[2014.08.16-02.17.52:015][  0]SourceControl: Info Source control is disabled
[2014.08.16-02.17.52:016][  0]SourceControl: Info Source control is disabled
[2014.08.16-02.17.52:019][  0]SourceControl: Info Source control is disabled
[2014.08.16-02.17.52:240][  0]BlueprintLog: New page: Editor Load
[2014.08.16-02.17.52:323][  0]LogObj: 21438 objects as part of root set at end of initial load.
[2014.08.16-02.17.52:323][  0]LogUObjectAllocator: 4218648 out of 0 bytes used by permanent object pool.
[2014.08.16-02.17.52:515][  0]LogEngine: Initializing Engine...
[2014.08.16-02.17.52:591][  0]LogInit: XAudio2 using 'DFX Speakers (DFX Audio Enhancer 11.1)' : 2 channels at 48 kHz using 24 bits per sample (channel mask 0x3)
[2014.08.16-02.17.52:594][  0]LogInit: FAudioDevice initialized.
[2014.08.16-02.17.52:604][  0]LogAIModule: Creating AISystem for world NewWorld
[2014.08.16-02.17.52:622][  0]LogDerivedDataCache: Saved boot cache 0.02s 39MB C:/Users/Craig-Dev/AppData/Local/UnrealEngine/4.4/DerivedDataCache/Boot.ddc.
[2014.08.16-02.17.52:625][  0]LogInit: Texture streaming: Enabled
[2014.08.16-02.17.52:642][  0]LogInit: Transaction tracking system initialized
[2014.08.16-02.17.52:707][  0]LogAssetRegistry: FAssetRegistry took 0.0094 seconds to start up
[2014.08.16-02.17.53:015][  0]LogTargetPlatformManager:Display: Building Assets For Windows
[2014.08.16-02.17.53:228][  0]LogTargetPlatformManager:Display: Building Assets For Windows
[2014.08.16-02.17.53:296][  0]LogConsoleResponse:Display: 
[2014.08.16-02.17.53:613][  0]LogStats:Warning: MetaData mismatch. Did you assign a stat to two groups? New //STATGROUP_Threads//FMonitoredProcess///Thread_1cc4_0///////STATCAT_Advanced//// old //STATGROUP_Threads//FMonitoredProcess///Thread_1c84_0///////STATCAT_Advanced////
[2014.08.16-02.17.53:613][  0]LogStats:Warning: MetaData mismatch. Did you assign a stat to two groups? New //STATGROUP_Threads//FMonitoredProcess///Thread_1d50_0///////STATCAT_Advanced//// old //STATGROUP_Threads//FMonitoredProcess///Thread_1c84_0///////STATCAT_Advanced////
[2014.08.16-02.17.53:613][  0]SourceControl: Info Source control is disabled
[2014.08.16-02.17.53:613][  0]Cmd: MAP LOAD FILE="../../../../../../Users/Craig-Dev/Documents/Unreal Projects/WhiteBoard/Content/Maps/Example_Map.umap" TEMPLATE=0 SHOWPROGRESS=1
[2014.08.16-02.17.53:613][  0]LightingResults: New page: Lighting Build
[2014.08.16-02.17.53:617][  0]MapCheck: New page: Map Check
[2014.08.16-02.17.53:617][  0]LightingResults: New page: Lighting Build
[2014.08.16-02.17.53:628][  0]LogParticles: Destroying 0 GPU particle simulations for FXSystem 0x0000000011B4D1C0
[2014.08.16-02.17.54:003][  0]LogEditorServer: Finished looking for orphan Actors (0.000 secs)
[2014.08.16-02.17.54:003][  0]LogAIModule: Creating AISystem for world Example_Map
[2014.08.16-02.17.54:003][  0]Cmd: MAP CHECKDEP
[2014.08.16-02.17.54:003][  0]MapCheck: New page: Example_Map - 16 Aug 2014 04:17:54
[2014.08.16-02.17.54:038][  0]MapCheck: Info ========== Map Check: 0 Error(s), 0 Warning(s), [34.93ms] ==========
[2014.08.16-02.17.54:039][  0]LogFileHelpers: Loading map 'Example_Map' took 0.426
[2014.08.16-02.17.54:148][  0]LogCollectionManager: Loaded 0 collections in 0.000711 seconds
[2014.08.16-02.17.54:244][  0]LogCrashTracker: Crashtracker disabled due to settings.
[2014.08.16-02.17.54:283][  0]LogLoad: Full Startup: 21.54 seconds (BP compile: 0.06 seconds)
[2014.08.16-02.17.54:298][  0]LogContentBrowser:Verbose: The content browser source was changed by the sources view to '/Game/WhiteBoard'
[2014.08.16-02.17.54:566][  0]LogRenderer:Warning: Reallocating scene render targets to support 32x32.
[2014.08.16-02.17.54:608][  0]LogRenderer:Warning: Reallocating scene render targets to support 1136x896.
[2014.08.16-02.17.54:851][  1]LogAssetRegistry: Asset discovery search completed in 2.1540 seconds
[2014.08.16-02.18.03:430][463]LogFactory: FactoryCreateBinary: StaticMesh with FbxFactory (0 0 ../../../../../../Users/Craig-Dev/Desktop/whiteboard.FBX)
[2014.08.16-02.18.03:433][463]LogFbx: ItemName: GlobalSettings, ItemCount : 1
[2014.08.16-02.18.03:433][463]LogFbx: ItemName: AnimationStack, ItemCount : 1
[2014.08.16-02.18.03:433][463]LogFbx: ItemName: AnimationLayer, ItemCount : 1
[2014.08.16-02.18.03:433][463]LogFbx: ItemName: Model, ItemCount : 1
[2014.08.16-02.18.03:433][463]LogFbx: ItemName: Geometry, ItemCount : 1
[2014.08.16-02.18.03:433][463]LogFbx: ItemName: Material, ItemCount : 1
[2014.08.16-02.18.04:682][463]LogFbx: Loading FBX Scene from ../../../../../../Users/Craig-Dev/Desktop/whiteboard.FBX
[2014.08.16-02.18.04:688][463]LogFbx: FBX Scene Loaded Succesfully
[2014.08.16-02.18.04:691][463]LogFbx:Warning: Triangulating static mesh Box002
[2014.08.16-02.18.04:722][463]LogFbx: == Initial material list:
[2014.08.16-02.18.04:722][463]LogFbx: 0: None
[2014.08.16-02.18.04:722][463]LogFbx: == After sorting:
[2014.08.16-02.18.04:722][463]LogFbx: 0: None
[2014.08.16-02.18.04:722][463]LogFbx: == Mapping table:
[2014.08.16-02.18.04:722][463]LogFbx:   sort 0 -> 0
[2014.08.16-02.18.04:724][463]LogStaticMesh: Building static mesh whiteboard...
[2014.08.16-02.18.04:724][463]LogStaticMesh: Built static mesh [1.630126ms] /Game/WhiteBoard/whiteboard.whiteboard
[2014.08.16-02.18.04:728][463]LogContentBrowser:Verbose: The content browser source was changed by the sources view to 'None'
[2014.08.16-02.18.04:729][463]LogContentBrowser:Verbose: The content browser source was changed by the sources view to '/Game/WhiteBoard'
[2014.08.16-02.18.19:634][ 77]LogFactory: FactoryCreateBinary: Texture with TextureFactory (0 0 ../../../../../../Users/Craig-Dev/Desktop/WhiteBoard_NRM.tga)
[2014.08.16-02.18.19:654][ 77]0.000028 seconds to analyze Texture2D /Game/WhiteBoard/WhiteBoard_NRM.WhiteBoard_NRM

[2014.08.16-02.18.19:661][ 77]LogTexture:Display: Building textures: WhiteBoard_NRM (AutoDXT)
[2014.08.16-02.18.21:598][ 77]LogFactory: FactoryCreateBinary: Texture with TextureFactory (0 0 ../../../../../../Users/Craig-Dev/Desktop/WhiteBoarddiffuse.tga)
[2014.08.16-02.18.21:620][ 77]0.000032 seconds to analyze Texture2D /Game/WhiteBoard/WhiteBoarddiffuse.WhiteBoarddiffuse

[2014.08.16-02.18.21:626][ 77]LogTexture:Display: Building textures: WhiteBoarddiffuse (AutoDXT)
[2014.08.16-02.18.24:145][ 77]LogFactory: FactoryCreateBinary: Texture with TextureFactory (0 0 ../../../../../../Users/Craig-Dev/Desktop/WhiteBoardGloss.tga)
[2014.08.16-02.18.24:167][ 77]0.000032 seconds to analyze Texture2D /Game/WhiteBoard/WhiteBoardGloss.WhiteBoardGloss

[2014.08.16-02.18.24:173][ 77]LogTexture:Display: Building textures: WhiteBoardGloss (AutoDXT)
[2014.08.16-02.18.26:713][ 77]LogFactory: FactoryCreateBinary: Texture with TextureFactory (0 0 ../../../../../../Users/Craig-Dev/Desktop/WhiteBoardSpec.tga)
[2014.08.16-02.18.26:735][ 77]0.000035 seconds to analyze Texture2D /Game/WhiteBoard/WhiteBoardSpec.WhiteBoardSpec

[2014.08.16-02.18.26:741][ 77]LogTexture:Display: Building textures: WhiteBoardSpec (AutoDXT)
[2014.08.16-02.18.29:300][ 77]LogContentBrowser:Verbose: The content browser source was changed by the sources view to 'None'
[2014.08.16-02.18.29:300][ 77]LogContentBrowser:Verbose: The content browser source was changed by the sources view to '/Game/WhiteBoard'
[2014.08.16-02.18.29:300][ 77]LogContentBrowser:Verbose: The content browser source was changed by the sources view to '/Game/WhiteBoard'
[2014.08.16-02.18.29:300][ 77]LogContentBrowser:Verbose: The content browser source was changed by the sources view to '/Game/WhiteBoard'
[2014.08.16-02.18.29:300][ 77]LogContentBrowser:Verbose: The content browser source was changed by the sources view to '/Game/WhiteBoard'
[2014.08.16-02.18.32:087][339]LogContentBrowser:Verbose: The content browser source was changed by the sources view to '/Game/WhiteBoard'
[2014.08.16-02.18.36:544][727]LogMaterial: Missing cached shader map for material PreviewMaterial_0, compiling.
[2014.08.16-02.18.36:563][727]LogActorComponent: UnregisterComponent: (/Engine/Transient.SkeletalMeshComponent_0) Not registered. Aborting.
[2014.08.16-02.18.36:585][727]LogActorComponent: UnregisterComponent: (/Engine/Transient.SkeletalMeshComponent_0) Not registered. Aborting.
[2014.08.16-02.18.36:585][727]LogActorComponent: RegisterComponentWithWorld: (/Engine/Transient.MaterialEditorMeshComponent_0) Already registered. Aborting.
[2014.08.16-02.18.36:586][727]LogActorComponent: UnregisterComponent: (/Engine/Transient.SkeletalMeshComponent_0) Not registered. Aborting.
[2014.08.16-02.18.36:586][727]LogActorComponent: RegisterComponentWithWorld: (/Engine/Transient.MaterialEditorMeshComponent_0) Already registered. Aborting.
[2014.08.16-02.18.36:587][727]LogMaterial: Missing cached shader map for material PreviewMaterial_0, compiling.
[2014.08.16-02.18.37:982][811]MaterialEditorStats: Info Base pass shader with only dynamic lighting: 64 instructions
[2014.08.16-02.18.37:982][811]MaterialEditorStats: Info Vertex shader: 31 instructions
[2014.08.16-02.18.37:982][811]MaterialEditorStats: Info Texture samplers: 3/16
[2014.08.16-02.18.40:302][963]LogMaterial: Missing cached shader map for material PreviewMaterial_0, compiling.
[2014.08.16-02.18.40:305][963]LogMaterial: Missing cached shader map for material FMatExpressionPreview MaterialExpressionTextureSample_0, compiling.
[2014.08.16-02.18.40:332][963]LogMaterial: Missing cached shader map for material FMatExpressionPreview MaterialExpressionTextureSample_0, compiling.
[2014.08.16-02.18.41:105][ 10]MaterialEditorStats: Info Base pass shader with only dynamic lighting: 64 instructions
[2014.08.16-02.18.41:105][ 10]MaterialEditorStats: Info Vertex shader: 31 instructions
[2014.08.16-02.18.41:105][ 10]MaterialEditorStats: Info Texture samplers: 3/16
[2014.08.16-02.18.41:535][ 53]LogMaterial: Missing cached shader map for material PreviewMaterial_0, compiling.
[2014.08.16-02.18.41:537][ 53]LogMaterial: Missing cached shader map for material FMatExpressionPreview MaterialExpressionTextureSample_1, compiling.
[2014.08.16-02.18.41:564][ 53]LogMaterial: Missing cached shader map for material FMatExpressionPreview MaterialExpressionTextureSample_0, compiling.
[2014.08.16-02.18.41:565][ 53]LogMaterial: Missing cached shader map for material FMatExpressionPreview MaterialExpressionTextureSample_1, compiling.
[2014.08.16-02.18.42:337][ 97]MaterialEditorStats: Info Base pass shader with only dynamic lighting: 64 instructions
[2014.08.16-02.18.42:337][ 97]MaterialEditorStats: Info Vertex shader: 31 instructions
[2014.08.16-02.18.42:337][ 97]MaterialEditorStats: Info Texture samplers: 3/16
[2014.08.16-02.18.42:755][143]LogMaterial: Missing cached shader map for material PreviewMaterial_0, compiling.
[2014.08.16-02.18.42:757][143]LogMaterial: Missing cached shader map for material FMatExpressionPreview MaterialExpressionTextureSample_2, compiling.
[2014.08.16-02.18.42:827][143]LogMaterial: Missing cached shader map for material FMatExpressionPreview MaterialExpressionTextureSample_0, compiling.
[2014.08.16-02.18.42:828][143]LogMaterial: Missing cached shader map for material FMatExpressionPreview MaterialExpressionTextureSample_1, compiling.
[2014.08.16-02.18.42:829][143]LogMaterial: Missing cached shader map for material FMatExpressionPreview MaterialExpressionTextureSample_2, compiling.
[2014.08.16-02.18.43:549][203]MaterialEditorStats: Info Base pass shader with only dynamic lighting: 64 instructions
[2014.08.16-02.18.43:549][203]MaterialEditorStats: Info Vertex shader: 31 instructions
[2014.08.16-02.18.43:549][203]MaterialEditorStats: Info Texture samplers: 3/16
[2014.08.16-02.18.45:970][347]LogMaterial: Missing cached shader map for material PreviewMaterial_0, compiling.
[2014.08.16-02.18.45:972][347]LogMaterial: Missing cached shader map for material FMatExpressionPreview MaterialExpressionTextureSample_3, compiling.
[2014.08.16-02.18.46:048][347]LogMaterial: Missing cached shader map for material FMatExpressionPreview MaterialExpressionTextureSample_0, compiling.
[2014.08.16-02.18.46:049][347]LogMaterial: Missing cached shader map for material FMatExpressionPreview MaterialExpressionTextureSample_1, compiling.
[2014.08.16-02.18.46:051][347]LogMaterial: Missing cached shader map for material FMatExpressionPreview MaterialExpressionTextureSample_2, compiling.
[2014.08.16-02.18.46:052][347]LogMaterial: Missing cached shader map for material FMatExpressionPreview MaterialExpressionTextureSample_3, compiling.
[2014.08.16-02.18.46:794][387]MaterialEditorStats: Info Base pass shader with only dynamic lighting: 64 instructions
[2014.08.16-02.18.46:794][387]MaterialEditorStats: Info Vertex shader: 31 instructions
[2014.08.16-02.18.46:794][387]MaterialEditorStats: Info Texture samplers: 3/16
[2014.08.16-02.18.49:154][587]LogMaterial: Missing cached shader map for material PreviewMaterial_0, compiling.
[2014.08.16-02.18.49:179][587]LogMaterial: Missing cached shader map for material FMatExpressionPreview MaterialExpressionTextureSample_0, compiling.
[2014.08.16-02.18.50:029][644]MaterialEditorStats: Info Base pass shader with only dynamic lighting: 68 instructions
[2014.08.16-02.18.50:029][644]MaterialEditorStats: Info Vertex shader: 33 instructions
[2014.08.16-02.18.50:029][644]MaterialEditorStats: Info Texture samplers: 4/16
[2014.08.16-02.18.52:917][879]LogMaterial: Missing cached shader map for material PreviewMaterial_0, compiling.
[2014.08.16-02.18.52:946][879]LogMaterial: Missing cached shader map for material FMatExpressionPreview MaterialExpressionTextureSample_3, compiling.
[2014.08.16-02.18.53:838][937]MaterialEditorStats: Info Base pass shader with only dynamic lighting: 69 instructions
[2014.08.16-02.18.53:838][937]MaterialEditorStats: Info Vertex shader: 33 instructions
[2014.08.16-02.18.53:838][937]MaterialEditorStats: Info Texture samplers: 5/16
[2014.08.16-02.18.59:731][424]LogMaterial: Missing cached shader map for material PreviewMaterial_0, compiling.
[2014.08.16-02.18.59:759][424]LogMaterial: Missing cached shader map for material FMatExpressionPreview MaterialExpressionTextureSample_1, compiling.
[2014.08.16-02.19.00:640][485]MaterialEditorStats: Info Base pass shader with only dynamic lighting: 70 instructions
[2014.08.16-02.19.00:640][485]MaterialEditorStats: Info Vertex shader: 33 instructions
[2014.08.16-02.19.00:640][485]MaterialEditorStats: Info Texture samplers: 6/16
[2014.08.16-02.19.01:873][569]LogActorComponent: UnregisterComponent: (/Engine/Transient.SkeletalMeshComponent_0) Not registered. Aborting.
[2014.08.16-02.19.01:873][569]LogActorComponent: RegisterComponentWithWorld: (/Engine/Transient.MaterialEditorMeshComponent_0) Already registered. Aborting.
[2014.08.16-02.19.09:839][147]LogMaterial: Missing cached shader map for material PreviewMaterial_0, compiling.
[2014.08.16-02.19.09:868][147]LogMaterial: Missing cached shader map for material FMatExpressionPreview MaterialExpressionTextureSample_2, compiling.
[2014.08.16-02.19.10:825][211]MaterialEditorStats: Info Base pass shader with only dynamic lighting: 73 instructions
[2014.08.16-02.19.10:825][211]MaterialEditorStats: Info Vertex shader: 33 instructions
[2014.08.16-02.19.10:825][211]MaterialEditorStats: Info Texture samplers: 7/16
[2014.08.16-02.19.19:208][777]LogMaterialEditor: Saving and Compiling material WhiteBoardMat
[2014.08.16-02.19.19:471][777]LogMaterial: Missing cached shader map for material PreviewMaterial_0, compiling.
[2014.08.16-02.19.19:541][777]LogMaterial: Missing cached shader map for material WhiteBoardMat, compiling.
[2014.08.16-02.19.19:547][777]LogMaterial: Missing cached shader map for material WhiteBoardMat, compiling.
[2014.08.16-02.19.19:551][777]LogMaterial: 0.001626 seconds spent updating 1 materials, 1 interfaces, 0 instances, 0 with static permutations.
[2014.08.16-02.19.20:801][777]Cmd: OBJ SAVEPACKAGE PACKAGE="/Game/WhiteBoard/WhiteBoardMat" FILE="../../../../../../Users/Craig-Dev/Documents/Unreal Projects/WhiteBoard/Content/WhiteBoard/WhiteBoardMat.uasset" SILENT=true
[2014.08.16-02.19.21:180][777]LogSavePackage: Save=376.732605ms
[2014.08.16-02.19.21:180][777]LogSavePackage: Moving '../../../../../../Users/Craig-Dev/Documents/Unreal Projects/WhiteBoard/Saved/WhiteBoardMat66E45CD94B8E74F5D7AFE5BBAAC0E800.tmp' to '../../../../../../Users/Craig-Dev/Documents/Unreal Projects/WhiteBoard/Content/WhiteBoard/WhiteBoardMat.uasset'
[2014.08.16-02.19.27:142][138]LogRenderer:Warning: Reallocating scene render targets to support 1424x896.
[2014.08.16-02.19.40:979][789]LogFactory: FactoryCreateBinary: StaticMesh with FbxFactory (0 0 ../../../../../../Users/Craig-Dev/Desktop/whiteboard.FBX)
[2014.08.16-02.19.40:981][789]LogFbx: ItemName: GlobalSettings, ItemCount : 1
[2014.08.16-02.19.40:981][789]LogFbx: ItemName: AnimationStack, ItemCount : 1
[2014.08.16-02.19.40:981][789]LogFbx: ItemName: AnimationLayer, ItemCount : 1
[2014.08.16-02.19.40:981][789]LogFbx: ItemName: Model, ItemCount : 1
[2014.08.16-02.19.40:981][789]LogFbx: ItemName: Geometry, ItemCount : 1
[2014.08.16-02.19.40:981][789]LogFbx: ItemName: Material, ItemCount : 1
[2014.08.16-02.19.43:459][789]LogFbx: Loading FBX Scene from ../../../../../../Users/Craig-Dev/Desktop/whiteboard.FBX
[2014.08.16-02.19.43:465][789]LogFbx: FBX Scene Loaded Succesfully
[2014.08.16-02.19.43:467][789]LogFbx:Warning: Triangulating static mesh Box002
[2014.08.16-02.19.43:473][789]LogFbx: == Initial material list:
[2014.08.16-02.19.43:473][789]LogFbx: 0: None
[2014.08.16-02.19.43:473][789]LogFbx: == After sorting:
[2014.08.16-02.19.43:473][789]LogFbx: 0: None
[2014.08.16-02.19.43:473][789]LogFbx: == Mapping table:
[2014.08.16-02.19.43:473][789]LogFbx:   sort 0 -> 0
[2014.08.16-02.19.43:474][789]LogStaticMesh: Building static mesh whiteboard...
[2014.08.16-02.19.43:475][789]LogStaticMesh: Built static mesh [1.566676ms] /Game/WhiteBoard/whiteboard.whiteboard
[2014.08.16-02.19.43:480][789]LogContentBrowser:Verbose: The content browser source was changed by the sources view to 'None'
[2014.08.16-02.19.43:480][789]LogContentBrowser:Verbose: The content browser source was changed by the sources view to '/Game/WhiteBoard'
[2014.08.16-02.19.58:390][633]Cmd: OBJ SAVEPACKAGE PACKAGE="/Game/WhiteBoard/whiteboard" FILE="../../../../../../Users/Craig-Dev/Documents/Unreal Projects/WhiteBoard/Content/WhiteBoard/whiteboard.uasset" SILENT=true
[2014.08.16-02.19.58:702][633]LogSavePackage: Save=308.984558ms
[2014.08.16-02.19.58:702][633]LogSavePackage: Moving '../../../../../../Users/Craig-Dev/Documents/Unreal Projects/WhiteBoard/Saved/whiteboardB630E50F470741EBE42B67BE581A4256.tmp' to '../../../../../../Users/Craig-Dev/Documents/Unreal Projects/WhiteBoard/Content/WhiteBoard/whiteboard.uasset'
[2014.08.16-02.20.01:559][858]LogEditorViewport: Clicking on Actor (LMB): BP_WhiteBoard_C (BP_WhiteBoard)
[2014.08.16-02.20.05:221][ 37]LogRenderer:Warning: Reallocating scene render targets to support 1440x896.
[2014.08.16-02.20.57:783][391]BlueprintLog: New page: Compile BP_WhiteBoard
[2014.08.16-02.20.57:904][391]LogParticles: Destroying 0 GPU particle simulations for FXSystem 0x000000000C560860
[2014.08.16-02.20.57:904][391]LogParticles: Destroying 0 GPU particle simulations for FXSystem 0x00000000297F3F60
[2014.08.16-02.20.57:922][391]BlueprintEditorCompileResults: Info [0205.05] Compile of BP_WhiteBoard successful! [in 3 ms]
[2014.08.16-02.20.58:426][411]Cmd: OBJ SAVEPACKAGE PACKAGE="/Game/WhiteBoard/BP_WhiteBoard" FILE="../../../../../../Users/Craig-Dev/Documents/Unreal Projects/WhiteBoard/Content/WhiteBoard/BP_WhiteBoard.uasset" SILENT=true
[2014.08.16-02.20.58:775][411]LogSavePackage: Save=344.774811ms
[2014.08.16-02.20.58:776][411]LogSavePackage: Moving '../../../../../../Users/Craig-Dev/Documents/Unreal Projects/WhiteBoard/Saved/BP_WhiteBoardE2AB84A0406DD68152091790765812AC.tmp' to '../../../../../../Users/Craig-Dev/Documents/Unreal Projects/WhiteBoard/Content/WhiteBoard/BP_WhiteBoard.uasset'
[2014.08.16-02.21.14:801][ 84]LogPlayLevel: PIE:  No blueprints needed recompiling
[2014.08.16-02.21.14:801][ 84]PIE: New page: PIE session: Example_Map (16 Aug 2014 04:21:14)
[2014.08.16-02.21.14:821][ 84]LogPlayLevel: PIE: StaticDuplicateObject took: (0.020414s)
[2014.08.16-02.21.14:823][ 84]LogPlayLevel: PIE: World Init took: (0.001334s)
[2014.08.16-02.21.14:823][ 84]LogPlayLevel: PIE: Created PIE world by copying editor world from /Game/Maps/Example_Map.Example_Map to /Game/Maps/UEDPIE_0_Example_Map.Example_Map (0.021928s)
[2014.08.16-02.21.15:076][ 84]BlueprintLog:Warning: Warning Blueprint MyProjectile has been migrated and requires re-saving to avoid import errors
[2014.08.16-02.21.15:094][ 84]BlueprintLog:Warning: Warning Blueprint MyCharacter has been migrated and requires re-saving to avoid import errors
[2014.08.16-02.21.15:094][ 84]BlueprintLog:Warning: Warning Blueprint MyHUD has been migrated and requires re-saving to avoid import errors
[2014.08.16-02.21.15:094][ 84]BlueprintLog:Warning: Warning Blueprint MyGame has been migrated and requires re-saving to avoid import errors
[2014.08.16-02.21.15:096][ 84]LogWorld: Game class is 'MyGame_C'
[2014.08.16-02.21.15:097][ 84]LogAIModule: Creating AISystem for world Example_Map
[2014.08.16-02.21.15:099][ 84]LogWorld: Bringing World /Game/Maps/UEDPIE_0_Example_Map.Example_Map up for play (max tick rate 0) at 2014.08.16-03.21.15
[2014.08.16-02.21.15:099][ 84]LogWorld: Bringing up level for play took: 0.002169
[2014.08.16-02.21.15:101][ 84]PIE: Info Play in editor start time for /Game/Maps/UEDPIE_0_Example_Map -0.593
[2014.08.16-02.21.15:160][ 85]LogRenderer:Warning: Reallocating scene render targets to support 1440x904.
[2014.08.16-02.21.23:097][964]LogParticles: Destroying 0 GPU particle simulations for FXSystem 0x000000000486B7E0
[2014.08.16-02.21.27:046][110]LogMaterial: Missing cached shader map for material PreviewMaterial_1, compiling.
[2014.08.16-02.21.27:051][110]LogActorComponent: UnregisterComponent: (/Engine/Transient.SkeletalMeshComponent_1) Not registered. Aborting.
[2014.08.16-02.21.27:219][110]LogActorComponent: UnregisterComponent: (/Engine/Transient.SkeletalMeshComponent_1) Not registered. Aborting.
[2014.08.16-02.21.27:219][110]LogActorComponent: RegisterComponentWithWorld: (/Engine/Transient.MaterialEditorMeshComponent_1) Already registered. Aborting.
[2014.08.16-02.21.27:219][110]LogActorComponent: UnregisterComponent: (/Engine/Transient.SkeletalMeshComponent_1) Not registered. Aborting.
[2014.08.16-02.21.27:219][110]LogActorComponent: RegisterComponentWithWorld: (/Engine/Transient.MaterialEditorMeshComponent_1) Already registered. Aborting.
[2014.08.16-02.21.27:220][110]LogMaterial: Missing cached shader map for material PreviewMaterial_1, compiling.
[2014.08.16-02.21.27:252][110]LogMaterial: Missing cached shader map for material FMatExpressionPreview MaterialExpressionTextureSample_0, compiling.
[2014.08.16-02.21.27:253][110]LogMaterial: Missing cached shader map for material FMatExpressionPreview MaterialExpressionTextureSample_2, compiling.
[2014.08.16-02.21.27:254][110]LogMaterial: Missing cached shader map for material FMatExpressionPreview MaterialExpressionTextureSample_1, compiling.
[2014.08.16-02.21.27:255][110]LogMaterial: Missing cached shader map for material FMatExpressionPreview MaterialExpressionTextureSample_3, compiling.
[2014.08.16-02.21.28:613][168]MaterialEditorStats: Info Base pass shader with only dynamic lighting: 73 instructions
[2014.08.16-02.21.28:613][168]MaterialEditorStats: Info Vertex shader: 33 instructions
[2014.08.16-02.21.28:613][168]MaterialEditorStats: Info Texture samplers: 7/16
[2014.08.16-02.21.32:118][288]LogMaterial: Missing cached shader map for material PreviewMaterial_1, compiling.
[2014.08.16-02.21.32:930][319]MaterialEditorStats: Info Base pass shader with only dynamic lighting: 72 instructions
[2014.08.16-02.21.32:930][319]MaterialEditorStats: Info Vertex shader: 33 instructions
[2014.08.16-02.21.32:930][319]MaterialEditorStats: Info Texture samplers: 6/16
[2014.08.16-02.21.33:590][344]LogActorComponent: UnregisterComponent: (/Engine/Transient.SkeletalMeshComponent_1) Not registered. Aborting.
[2014.08.16-02.21.33:590][344]LogActorComponent: RegisterComponentWithWorld: (/Engine/Transient.MaterialEditorMeshComponent_1) Already registered. Aborting.
[2014.08.16-02.21.38:602][531]LogMaterial: Missing cached shader map for material PreviewMaterial_1, compiling.
[2014.08.16-02.21.39:409][558]MaterialEditorStats: Info Base pass shader with only dynamic lighting: 69 instructions
[2014.08.16-02.21.39:409][558]MaterialEditorStats: Info Vertex shader: 33 instructions
[2014.08.16-02.21.39:409][558]MaterialEditorStats: Info Texture samplers: 5/16
[2014.08.16-02.21.40:667][665]LogMaterial: Missing cached shader map for material PreviewMaterial_1, compiling.
[2014.08.16-02.21.40:718][665]LogMaterial: Missing cached shader map for material FMatExpressionPreview MaterialExpressionTextureSample_1, compiling.
[2014.08.16-02.21.41:397][686]MaterialEditorStats: Info Base pass shader with only dynamic lighting: 69 instructions
[2014.08.16-02.21.41:397][686]MaterialEditorStats: Info Vertex shader: 33 instructions
[2014.08.16-02.21.41:397][686]MaterialEditorStats: Info Texture samplers: 6/16
[2014.08.16-02.21.41:578][691]LogMaterial: Missing cached shader map for material PreviewMaterial_1, compiling.
[2014.08.16-02.21.42:315][717]MaterialEditorStats: Info Base pass shader with only dynamic lighting: 69 instructions
[2014.08.16-02.21.42:315][717]MaterialEditorStats: Info Vertex shader: 33 instructions
[2014.08.16-02.21.42:315][717]MaterialEditorStats: Info Texture samplers: 5/16
[2014.08.16-02.21.43:336][777]LogMaterial: Missing cached shader map for material PreviewMaterial_1, compiling.
[2014.08.16-02.21.43:364][777]LogMaterial: Missing cached shader map for material FMatExpressionPreview MaterialExpressionTextureSample_1, compiling.
[2014.08.16-02.21.44:115][800]MaterialEditorStats: Info Base pass shader with only dynamic lighting: 72 instructions
[2014.08.16-02.21.44:115][800]MaterialEditorStats: Info Vertex shader: 33 instructions
[2014.08.16-02.21.44:115][800]MaterialEditorStats: Info Texture samplers: 6/16
[2014.08.16-02.21.46:079][871]LogMaterialEditor: Saving and Compiling material WhiteBoardMat
[2014.08.16-02.21.46:341][871]LogMaterial: Missing cached shader map for material PreviewMaterial_1, compiling.
[2014.08.16-02.21.46:368][871]LogMaterial: Missing cached shader map for material WhiteBoardMat, compiling.
[2014.08.16-02.21.46:374][871]LogMaterial: Missing cached shader map for material WhiteBoardMat, compiling.
[2014.08.16-02.21.46:385][871]LogMaterial: 0.008537 seconds spent updating 1 materials, 1 interfaces, 0 instances, 0 with static permutations.
[2014.08.16-02.21.47:776][871]Cmd: OBJ SAVEPACKAGE PACKAGE="/Game/WhiteBoard/WhiteBoardMat" FILE="../../../../../../Users/Craig-Dev/Documents/Unreal Projects/WhiteBoard/Content/WhiteBoard/WhiteBoardMat.uasset" SILENT=true
[2014.08.16-02.21.48:153][871]LogSavePackage: Save=373.214172ms
[2014.08.16-02.21.48:153][871]LogSavePackage: Moving '../../../../../../Users/Craig-Dev/Documents/Unreal Projects/WhiteBoard/Saved/WhiteBoardMatE895D8274EC53D52C8A3098AFC6B0E04.tmp' to '../../../../../../Users/Craig-Dev/Documents/Unreal Projects/WhiteBoard/Content/WhiteBoard/WhiteBoardMat.uasset'
[2014.08.16-02.22.16:535][905]LogMaterial: Missing cached shader map for material PreviewMaterial_1, compiling.
[2014.08.16-02.22.17:813][951]MaterialEditorStats: Info Base pass shader with only dynamic lighting: 72 instructions
[2014.08.16-02.22.17:814][951]MaterialEditorStats: Info Vertex shader: 33 instructions
[2014.08.16-02.22.17:814][951]MaterialEditorStats: Info Texture samplers: 6/16
[2014.08.16-02.22.21:180][210]LogMaterial: Missing cached shader map for material PreviewMaterial_1, compiling.
[2014.08.16-02.22.22:003][237]MaterialEditorStats: Info Base pass shader with only dynamic lighting: 72 instructions
[2014.08.16-02.22.22:003][237]MaterialEditorStats: Info Vertex shader: 33 instructions
[2014.08.16-02.22.22:003][237]MaterialEditorStats: Info Texture samplers: 6/16
[2014.08.16-02.22.25:621][551]LogMaterial: Missing cached shader map for material PreviewMaterial_1, compiling.
[2014.08.16-02.22.25:692][551]LogMaterial: Missing cached shader map for material FMatExpressionPreview MaterialExpressionTextureSample_1, compiling.
[2014.08.16-02.22.26:468][575]MaterialEditorStats: Info Base pass shader with only dynamic lighting: 72 instructions
[2014.08.16-02.22.26:468][575]MaterialEditorStats: Info Vertex shader: 33 instructions
[2014.08.16-02.22.26:468][575]MaterialEditorStats: Info Texture samplers: 6/16
[2014.08.16-02.22.31:229][749]LogMaterialEditor: Saving and Compiling material WhiteBoardMat
[2014.08.16-02.22.31:491][749]LogMaterial: Missing cached shader map for material PreviewMaterial_1, compiling.
[2014.08.16-02.22.31:521][749]LogMaterial: Missing cached shader map for material WhiteBoardMat, compiling.
[2014.08.16-02.22.31:527][749]LogMaterial: Missing cached shader map for material WhiteBoardMat, compiling.
[2014.08.16-02.22.31:537][749]LogMaterial: 0.007571 seconds spent updating 1 materials, 1 interfaces, 0 instances, 0 with static permutations.
[2014.08.16-02.22.32:850][749]Cmd: OBJ SAVEPACKAGE PACKAGE="/Game/WhiteBoard/WhiteBoardMat" FILE="../../../../../../Users/Craig-Dev/Documents/Unreal Projects/WhiteBoard/Content/WhiteBoard/WhiteBoardMat.uasset" SILENT=true
[2014.08.16-02.22.33:223][749]LogSavePackage: Save=369.800110ms
[2014.08.16-02.22.33:223][749]LogSavePackage: Moving '../../../../../../Users/Craig-Dev/Documents/Unreal Projects/WhiteBoard/Saved/WhiteBoardMat810064144F76B7E9FD9289ADA4C54CAA.tmp' to '../../../../../../Users/Craig-Dev/Documents/Unreal Projects/WhiteBoard/Content/WhiteBoard/WhiteBoardMat.uasset'
[2014.08.16-02.23.02:017][691]Cmd: OBJ SAVEPACKAGE PACKAGE="/Game/WhiteBoard/BP_WhiteBoard" FILE="../../../../../../Users/Craig-Dev/Documents/Unreal Projects/WhiteBoard/Content/WhiteBoard/BP_WhiteBoard.uasset" SILENT=true
[2014.08.16-02.23.02:354][691]LogSavePackage: Save=333.895508ms
[2014.08.16-02.23.02:354][691]LogSavePackage: Moving '../../../../../../Users/Craig-Dev/Documents/Unreal Projects/WhiteBoard/Saved/BP_WhiteBoardEE10AAFA462E347A372D4BB1081E6266.tmp' to '../../../../../../Users/Craig-Dev/Documents/Unreal Projects/WhiteBoard/Content/WhiteBoard/BP_WhiteBoard.uasset'
[2014.08.16-02.23.02:387][691]Cmd: OBJ SAVEPACKAGE PACKAGE="/Game/WhiteBoard/WhiteBoard_NRM" FILE="../../../../../../Users/Craig-Dev/Documents/Unreal Projects/WhiteBoard/Content/WhiteBoard/WhiteBoard_NRM.uasset" SILENT=true
[2014.08.16-02.23.08:318][691]LogSavePackage: Save=5929.453613ms
[2014.08.16-02.23.08:318][691]LogSavePackage: Moving '../../../../../../Users/Craig-Dev/Documents/Unreal Projects/WhiteBoard/Saved/WhiteBoard_NRM6E83BB6D415558C6161F4EA75EAB64D5.tmp' to '../../../../../../Users/Craig-Dev/Documents/Unreal Projects/WhiteBoard/Content/WhiteBoard/WhiteBoard_NRM.uasset'
[2014.08.16-02.23.08:330][691]Cmd: OBJ SAVEPACKAGE PACKAGE="/Game/WhiteBoard/WhiteBoarddiffuse" FILE="../../../../../../Users/Craig-Dev/Documents/Unreal Projects/WhiteBoard/Content/WhiteBoard/WhiteBoarddiffuse.uasset" SILENT=true
[2014.08.16-02.23.22:601][691]LogSavePackage: Save=14269.174805ms
[2014.08.16-02.23.22:601][691]LogSavePackage: Moving '../../../../../../Users/Craig-Dev/Documents/Unreal Projects/WhiteBoard/Saved/WhiteBoarddiffuse97CE9CB147F2810374FCBE8D93BA10B6.tmp' to '../../../../../../Users/Craig-Dev/Documents/Unreal Projects/WhiteBoard/Content/WhiteBoard/WhiteBoarddiffuse.uasset'
[2014.08.16-02.23.22:613][691]Cmd: OBJ SAVEPACKAGE PACKAGE="/Game/WhiteBoard/WhiteBoardGloss" FILE="../../../../../../Users/Craig-Dev/Documents/Unreal Projects/WhiteBoard/Content/WhiteBoard/WhiteBoardGloss.uasset" SILENT=true
[2014.08.16-02.23.29:782][691]LogSavePackage: Save=7168.563477ms
[2014.08.16-02.23.29:782][691]LogSavePackage: Moving '../../../../../../Users/Craig-Dev/Documents/Unreal Projects/WhiteBoard/Saved/WhiteBoardGloss3710CB6842CB39B90DA7D99638EDC2A6.tmp' to '../../../../../../Users/Craig-Dev/Documents/Unreal Projects/WhiteBoard/Content/WhiteBoard/WhiteBoardGloss.uasset'
[2014.08.16-02.23.29:794][691]Cmd: OBJ SAVEPACKAGE PACKAGE="/Game/WhiteBoard/WhiteBoardSpec" FILE="../../../../../../Users/Craig-Dev/Documents/Unreal Projects/WhiteBoard/Content/WhiteBoard/WhiteBoardSpec.uasset" SILENT=true
[2014.08.16-02.23.40:327][691]LogSavePackage: Save=10530.953125ms
[2014.08.16-02.23.40:327][691]LogSavePackage: Moving '../../../../../../Users/Craig-Dev/Documents/Unreal Projects/WhiteBoard/Saved/WhiteBoardSpec89BF5A9448533DB9F905DB96B9209DFF.tmp' to '../../../../../../Users/Craig-Dev/Documents/Unreal Projects/WhiteBoard/Content/WhiteBoard/WhiteBoardSpec.uasset'
[2014.08.16-02.23.42:398][770]BlueprintLog: New page: Pre-PIE auto-recompile
[2014.08.16-02.23.42:410][770]LogPlayLevel: [PIE] Compiling BP_WhiteBoard before PIE...
[2014.08.16-02.23.42:528][770]LogPlayLevel: PIE:  Blueprint regeneration took 129 ms (1 blueprints)
[2014.08.16-02.23.42:528][770]PIE: New page: PIE session: Example_Map (16 Aug 2014 04:23:42)
[2014.08.16-02.23.42:545][770]LogPlayLevel: PIE: StaticDuplicateObject took: (0.016989s)
[2014.08.16-02.23.42:546][770]LogPlayLevel: PIE: World Init took: (0.000939s)
[2014.08.16-02.23.42:546][770]LogPlayLevel: PIE: Created PIE world by copying editor world from /Game/Maps/Example_Map.Example_Map to /Game/Maps/UEDPIE_0_Example_Map.Example_Map (0.018090s)
[2014.08.16-02.23.42:595][770]LogWorld: Game class is 'MyGame_C'
[2014.08.16-02.23.42:596][770]LogAIModule: Creating AISystem for world Example_Map
[2014.08.16-02.23.42:598][770]LogWorld: Bringing World /Game/Maps/UEDPIE_0_Example_Map.Example_Map up for play (max tick rate 0) at 2014.08.16-03.23.42
[2014.08.16-02.23.42:598][770]LogWorld: Bringing up level for play took: 0.002264
[2014.08.16-02.23.42:599][770]PIE: Info Play in editor start time for /Game/Maps/UEDPIE_0_Example_Map 0.903
[2014.08.16-02.24.02:207][946]LogParticles: Destroying 0 GPU particle simulations for FXSystem 0x0000000020E22B60
[2014.08.16-02.24.35:098][552]Cmd: DELETE
[2014.08.16-02.24.35:098][552]Cmd: ACTOR DELETE
[2014.08.16-02.24.35:098][552]LogEditorActor: Deleted Actor: PointLight
[2014.08.16-02.24.35:136][552]LogEditorActor: Deleted 1 Actors (0.038 secs)
[2014.08.16-02.24.58:009][850]LogSlate:Warning: GetFontFace failed to load or process 'Roboto-Regular'
[2014.08.16-02.24.58:009][850]LogSlate:Warning: GetFontFace failed to load or process 'Roboto-Regular'
[2014.08.16-02.24.58:009][850]LogSlate:Warning: GetFontFace failed to load or process 'Roboto-Regular'
[2014.08.16-02.24.58:009][850]LogSlate:Warning: GetFontFace failed to load or process 'Roboto-Regular'
[2014.08.16-02.24.58:009][850]LogSlate:Warning: GetFontFace failed to load or process 'Roboto-Regular'
[2014.08.16-02.24.58:009][850]LogSlate:Warning: GetFontFace failed to load or process 'Roboto-Regular'
[2014.08.16-02.24.58:009][850]LogSlate:Warning: GetFontFace failed to load or process 'Roboto-Regular'
[2014.08.16-02.24.58:009][850]LogSlate:Warning: GetFontFace failed to load or process 'Roboto-Regular'
[2014.08.16-02.24.58:009][850]LogSlate:Warning: GetFontFace failed to load or process 'Roboto-Regular'
[2014.08.16-02.24.58:009][850]LogSlate:Warning: GetFontFace failed to load or process 'Roboto-Regular'
[2014.08.16-02.24.58:009][850]LogSlate:Warning: GetFontFace failed to load or process 'Roboto-Regular'
[2014.08.16-02.24.58:009][850]LogSlate:Warning: GetFontFace failed to load or process 'Roboto-Regular'
[2014.08.16-02.24.58:009][850]LogSlate:Warning: GetFontFace failed to load or process 'Roboto-Regular'
[2014.08.16-02.24.58:009][850]LogSlate:Warning: GetFontFace failed to load or process 'Roboto-Regular'
[2014.08.16-02.24.58:009][850]LogSlate:Warning: GetFontFace failed to load or process 'Roboto-Regular'
[2014.08.16-02.24.58:009][850]LogSlate:Warning: GetFontFace failed to load or process 'Roboto-Regular'
[2014.08.16-02.25.03:209][195]BlueprintLog: New page: Compile BP_WhiteBoard
[2014.08.16-02.25.03:291][195]BlueprintEditorCompileResults: Info [0450.47] Compile of BP_WhiteBoard successful! [in 3 ms]
[2014.08.16-02.25.05:411][324]LogPlayLevel: PIE:  No blueprints needed recompiling
[2014.08.16-02.25.05:411][324]PIE: New page: PIE session: Example_Map (16 Aug 2014 04:25:05)
[2014.08.16-02.25.05:428][324]LogPlayLevel: PIE: StaticDuplicateObject took: (0.017253s)
[2014.08.16-02.25.05:429][324]LogPlayLevel: PIE: World Init took: (0.000951s)
[2014.08.16-02.25.05:429][324]LogPlayLevel: PIE: Created PIE world by copying editor world from /Game/Maps/Example_Map.Example_Map to /Game/Maps/UEDPIE_0_Example_Map.Example_Map (0.018363s)
[2014.08.16-02.25.05:455][324]LogWorld: Game class is 'MyGame_C'
[2014.08.16-02.25.05:457][324]LogAIModule: Creating AISystem for world Example_Map
[2014.08.16-02.25.05:460][324]LogWorld: Bringing World /Game/Maps/UEDPIE_0_Example_Map.Example_Map up for play (max tick rate 0) at 2014.08.16-03.25.05
[2014.08.16-02.25.05:460][324]LogWorld: Bringing up level for play took: 0.003284
[2014.08.16-02.25.05:462][324]PIE: Info Play in editor start time for /Game/Maps/UEDPIE_0_Example_Map -0.236
[2014.08.16-02.25.29:167][902]LogParticles: Destroying 0 GPU particle simulations for FXSystem 0x0000000020E218A0
[2014.08.16-02.25.42:066][664]BlueprintLog: New page: Pre-PIE auto-recompile
[2014.08.16-02.25.42:071][664]LogPlayLevel: [PIE] Compiling BP_WhiteBoard before PIE...
[2014.08.16-02.25.42:143][664]LogPlayLevel: PIE:  Blueprint regeneration took 76 ms (1 blueprints)
[2014.08.16-02.25.42:143][664]PIE: New page: PIE session: Example_Map (16 Aug 2014 04:25:42)
[2014.08.16-02.25.42:160][664]LogPlayLevel: PIE: StaticDuplicateObject took: (0.017091s)
[2014.08.16-02.25.42:161][664]LogPlayLevel: PIE: World Init took: (0.000554s)
[2014.08.16-02.25.42:161][664]LogPlayLevel: PIE: Created PIE world by copying editor world from /Game/Maps/Example_Map.Example_Map to /Game/Maps/UEDPIE_0_Example_Map.Example_Map (0.017858s)
[2014.08.16-02.25.42:190][664]LogWorld: Game class is 'MyGame_C'
[2014.08.16-02.25.42:191][664]LogAIModule: Creating AISystem for world Example_Map
[2014.08.16-02.25.42:193][664]LogWorld: Bringing World /Game/Maps/UEDPIE_0_Example_Map.Example_Map up for play (max tick rate 0) at 2014.08.16-03.25.42
[2014.08.16-02.25.42:193][664]LogWorld: Bringing up level for play took: 0.002151
[2014.08.16-02.25.42:194][664]PIE: Info Play in editor start time for /Game/Maps/UEDPIE_0_Example_Map 0.496
[2014.08.16-02.25.47:441][235]LogParticles: Destroying 0 GPU particle simulations for FXSystem 0x0000000019B24B80
[2014.08.16-02.25.54:902][668]BlueprintLog: New page: Pre-PIE auto-recompile
[2014.08.16-02.25.54:908][668]LogPlayLevel: [PIE] Compiling BP_WhiteBoard before PIE...
[2014.08.16-02.25.54:987][668]LogPlayLevel: PIE:  Blueprint regeneration took 84 ms (1 blueprints)
[2014.08.16-02.25.54:987][668]PIE: New page: PIE session: Example_Map (16 Aug 2014 04:25:54)
[2014.08.16-02.25.55:005][668]LogPlayLevel: PIE: StaticDuplicateObject took: (0.017537s)
[2014.08.16-02.25.55:005][668]LogPlayLevel: PIE: World Init took: (0.000499s)
[2014.08.16-02.25.55:005][668]LogPlayLevel: PIE: Created PIE world by copying editor world from /Game/Maps/Example_Map.Example_Map to /Game/Maps/UEDPIE_0_Example_Map.Example_Map (0.018189s)
[2014.08.16-02.25.55:031][668]LogWorld: Game class is 'MyGame_C'
[2014.08.16-02.25.55:032][668]LogAIModule: Creating AISystem for world Example_Map
[2014.08.16-02.25.55:034][668]LogWorld: Bringing World /Game/Maps/UEDPIE_0_Example_Map.Example_Map up for play (max tick rate 0) at 2014.08.16-03.25.55
[2014.08.16-02.25.55:034][668]LogWorld: Bringing up level for play took: 0.002086
[2014.08.16-02.25.55:035][668]PIE: Info Play in editor start time for /Game/Maps/UEDPIE_0_Example_Map -0.663
[2014.08.16-02.25.57:995][982]LogParticles: Destroying 0 GPU particle simulations for FXSystem 0x00000000309AE7A0
[2014.08.16-02.26.09:719][622]BlueprintLog: New page: Pre-PIE auto-recompile
[2014.08.16-02.26.09:724][622]LogPlayLevel: [PIE] Compiling BP_WhiteBoard before PIE...
[2014.08.16-02.26.09:818][622]LogPlayLevel: PIE:  Blueprint regeneration took 98 ms (1 blueprints)
[2014.08.16-02.26.09:818][622]PIE: New page: PIE session: Example_Map (16 Aug 2014 04:26:09)
[2014.08.16-02.26.09:835][622]LogPlayLevel: PIE: StaticDuplicateObject took: (0.017081s)
[2014.08.16-02.26.09:836][622]LogPlayLevel: PIE: World Init took: (0.000523s)
[2014.08.16-02.26.09:836][622]LogPlayLevel: PIE: Created PIE world by copying editor world from /Game/Maps/Example_Map.Example_Map to /Game/Maps/UEDPIE_0_Example_Map.Example_Map (0.017796s)
[2014.08.16-02.26.09:860][622]LogWorld: Game class is 'MyGame_C'
[2014.08.16-02.26.09:861][622]LogAIModule: Creating AISystem for world Example_Map
[2014.08.16-02.26.09:863][622]LogWorld: Bringing World /Game/Maps/UEDPIE_0_Example_Map.Example_Map up for play (max tick rate 0) at 2014.08.16-03.26.09
[2014.08.16-02.26.09:863][622]LogWorld: Bringing up level for play took: 0.002151
[2014.08.16-02.26.09:864][622]PIE: Info Play in editor start time for /Game/Maps/UEDPIE_0_Example_Map 0.165
[2014.08.16-02.26.20:284][759]LogParticles: Destroying 0 GPU particle simulations for FXSystem 0x0000000022F91120
[2014.08.16-02.26.27:385][179]BlueprintLog: New page: Pre-PIE auto-recompile
[2014.08.16-02.26.27:390][179]LogPlayLevel: [PIE] Compiling BP_WhiteBoard before PIE...
[2014.08.16-02.26.27:471][179]LogPlayLevel: PIE:  Blueprint regeneration took 86 ms (1 blueprints)
[2014.08.16-02.26.27:472][179]PIE: New page: PIE session: Example_Map (16 Aug 2014 04:26:27)
[2014.08.16-02.26.27:490][179]LogPlayLevel: PIE: StaticDuplicateObject took: (0.018028s)
[2014.08.16-02.26.27:490][179]LogPlayLevel: PIE: World Init took: (0.000551s)
[2014.08.16-02.26.27:490][179]LogPlayLevel: PIE: Created PIE world by copying editor world from /Game/Maps/Example_Map.Example_Map to /Game/Maps/UEDPIE_0_Example_Map.Example_Map (0.018730s)
[2014.08.16-02.26.27:516][179]LogWorld: Game class is 'MyGame_C'
[2014.08.16-02.26.27:517][179]LogAIModule: Creating AISystem for world Example_Map
[2014.08.16-02.26.27:519][179]LogWorld: Bringing World /Game/Maps/UEDPIE_0_Example_Map.Example_Map up for play (max tick rate 0) at 2014.08.16-03.26.27
[2014.08.16-02.26.27:519][179]LogWorld: Bringing up level for play took: 0.002272
[2014.08.16-02.26.27:520][179]PIE: Info Play in editor start time for /Game/Maps/UEDPIE_0_Example_Map -0.179
[2014.08.16-02.26.32:027][668]LogParticles: Destroying 0 GPU particle simulations for FXSystem 0x000000002174D760
[2014.08.16-02.26.42:115][259]BlueprintLog: New page: Pre-PIE auto-recompile
[2014.08.16-02.26.42:121][259]LogPlayLevel: [PIE] Compiling BP_WhiteBoard before PIE...
[2014.08.16-02.26.42:200][259]LogPlayLevel: PIE:  Blueprint regeneration took 84 ms (1 blueprints)
[2014.08.16-02.26.42:200][259]PIE: New page: PIE session: Example_Map (16 Aug 2014 04:26:42)
[2014.08.16-02.26.42:217][259]LogPlayLevel: PIE: StaticDuplicateObject took: (0.017157s)
[2014.08.16-02.26.42:218][259]LogPlayLevel: PIE: World Init took: (0.000544s)
[2014.08.16-02.26.42:218][259]LogPlayLevel: PIE: Created PIE world by copying editor world from /Game/Maps/Example_Map.Example_Map to /Game/Maps/UEDPIE_0_Example_Map.Example_Map (0.017856s)
[2014.08.16-02.26.42:247][259]LogWorld: Game class is 'MyGame_C'
[2014.08.16-02.26.42:248][259]LogAIModule: Creating AISystem for world Example_Map
[2014.08.16-02.26.42:250][259]LogWorld: Bringing World /Game/Maps/UEDPIE_0_Example_Map.Example_Map up for play (max tick rate 0) at 2014.08.16-03.26.42
[2014.08.16-02.26.42:250][259]LogWorld: Bringing up level for play took: 0.002310
[2014.08.16-02.26.42:252][259]PIE: Info Play in editor start time for /Game/Maps/UEDPIE_0_Example_Map 0.552
[2014.08.16-02.27.00:033][216]LogParticles: Destroying 0 GPU particle simulations for FXSystem 0x0000000025B1CE00
[2014.08.16-02.27.05:832][560]Cmd: OBJ SAVEPACKAGE PACKAGE="/Game/WhiteBoard/BP_WhiteBoard" FILE="../../../../../../Users/Craig-Dev/Documents/Unreal Projects/WhiteBoard/Content/WhiteBoard/BP_WhiteBoard.uasset" SILENT=true
[2014.08.16-02.27.06:172][560]LogSavePackage: Save=335.395813ms
[2014.08.16-02.27.06:172][560]LogSavePackage: Moving '../../../../../../Users/Craig-Dev/Documents/Unreal Projects/WhiteBoard/Saved/BP_WhiteBoard3613895648605D53DF38C6B115ECAE08.tmp' to '../../../../../../Users/Craig-Dev/Documents/Unreal Projects/WhiteBoard/Content/WhiteBoard/BP_WhiteBoard.uasset'
[2014.08.16-02.27.18:669][330]BlueprintLog: New page: Compile BP_WhiteBoard
[2014.08.16-02.27.18:751][330]BlueprintEditorCompileResults: Info [0585.93] Compile of BP_WhiteBoard successful! [in 3 ms]
[2014.08.16-02.27.19:451][359]Cmd: OBJ SAVEPACKAGE PACKAGE="/Game/WhiteBoard/BP_WhiteBoard" FILE="../../../../../../Users/Craig-Dev/Documents/Unreal Projects/WhiteBoard/Content/WhiteBoard/BP_WhiteBoard.uasset" SILENT=true
[2014.08.16-02.27.19:792][359]LogSavePackage: Save=337.894379ms
[2014.08.16-02.27.19:792][359]LogSavePackage: Moving '../../../../../../Users/Craig-Dev/Documents/Unreal Projects/WhiteBoard/Saved/BP_WhiteBoardAF147DFE4CD83F55B0EE5C89C805812A.tmp' to '../../../../../../Users/Craig-Dev/Documents/Unreal Projects/WhiteBoard/Content/WhiteBoard/BP_WhiteBoard.uasset'
[2014.08.16-02.27.21:920][496]LogPlayLevel: PIE:  No blueprints needed recompiling
[2014.08.16-02.27.21:920][496]PIE: New page: PIE session: Example_Map (16 Aug 2014 04:27:21)
[2014.08.16-02.27.21:937][496]LogPlayLevel: PIE: StaticDuplicateObject took: (0.017127s)
[2014.08.16-02.27.21:938][496]LogPlayLevel: PIE: World Init took: (0.000573s)
[2014.08.16-02.27.21:938][496]LogPlayLevel: PIE: Created PIE world by copying editor world from /Game/Maps/Example_Map.Example_Map to /Game/Maps/UEDPIE_0_Example_Map.Example_Map (0.017868s)
[2014.08.16-02.27.21:963][496]LogWorld: Game class is 'MyGame_C'
[2014.08.16-02.27.21:964][496]LogAIModule: Creating AISystem for world Example_Map
[2014.08.16-02.27.21:966][496]LogWorld: Bringing World /Game/Maps/UEDPIE_0_Example_Map.Example_Map up for play (max tick rate 0) at 2014.08.16-03.27.21
[2014.08.16-02.27.21:966][496]LogWorld: Bringing up level for play took: 0.002237
[2014.08.16-02.27.21:967][496]PIE: Info Play in editor start time for /Game/Maps/UEDPIE_0_Example_Map 0.268
[2014.08.16-02.27.58:707][468]LogParticles: Destroying 0 GPU particle simulations for FXSystem 0x0000000035586A20
[2014.08.16-02.28.05:868][921]LogSlate:Warning: GetFontFace failed to load or process 'Roboto-Regular'
[2014.08.16-02.28.05:868][921]LogSlate:Warning: GetFontFace failed to load or process 'Roboto-Regular'
[2014.08.16-02.28.05:868][921]LogSlate:Warning: GetFontFace failed to load or process 'Roboto-Regular'
[2014.08.16-02.28.05:869][921]LogSlate:Warning: GetFontFace failed to load or process 'Roboto-Regular'
[2014.08.16-02.28.05:869][921]LogSlate:Warning: GetFontFace failed to load or process 'Roboto-Regular'
[2014.08.16-02.28.05:869][921]LogSlate:Warning: GetFontFace failed to load or process 'Roboto-Regular'
[2014.08.16-02.28.11:523][340]LogSlate:Warning: GetFontFace failed to load or process 'Roboto-Regular'
[2014.08.16-02.28.36:293][152]LogSlate:Warning: GetFontFace failed to load or process 'Roboto-Regular'
[2014.08.16-02.28.36:293][152]LogSlate:Warning: GetFontFace failed to load or process 'Roboto-Regular'
[2014.08.16-02.28.36:293][152]LogSlate:Warning: GetFontFace failed to load or process 'Roboto-Regular'
[2014.08.16-02.28.36:293][152]LogSlate:Warning: GetFontFace failed to load or process 'Roboto-Regular'
[2014.08.16-02.28.40:481][465]LogUObjectGlobals:Warning: Failed to find object 'Object None.'
[2014.08.16-02.29.56:498][191]BlueprintLog: New page: Compile BP_WhiteBoard
[2014.08.16-02.29.56:598][191]BlueprintEditorCompileResults: Info [0743.76] Compile of BP_WhiteBoard successful! [in 3 ms]
[2014.08.16-02.29.57:241][218]Cmd: OBJ SAVEPACKAGE PACKAGE="/Game/WhiteBoard/BP_WhiteBoard" FILE="../../../../../../Users/Craig-Dev/Documents/Unreal Projects/WhiteBoard/Content/WhiteBoard/BP_WhiteBoard.uasset" SILENT=true
[2014.08.16-02.29.57:587][218]LogSavePackage: Save=340.468964ms
[2014.08.16-02.29.57:587][218]LogSavePackage: Moving '../../../../../../Users/Craig-Dev/Documents/Unreal Projects/WhiteBoard/Saved/BP_WhiteBoard6AB374F1478018EAD3A4F790CBA5A319.tmp' to '../../../../../../Users/Craig-Dev/Documents/Unreal Projects/WhiteBoard/Content/WhiteBoard/BP_WhiteBoard.uasset'
[2014.08.16-02.29.59:795][372]LogParticles: Destroying 0 GPU particle simulations for FXSystem 0x0000000021DEB7E0
[2014.08.16-02.29.59:796][372]LogParticles: Destroying 0 GPU particle simulations for FXSystem 0x0000000029802200
[2014.08.16-02.30.02:077][434]LogSavePackage: Save=97.718697ms
[2014.08.16-02.30.02:077][434]LogSavePackage: Moving '../../../../../../Users/Craig-Dev/Documents/Unreal Projects/WhiteBoard/Saved/Example_Map0EE60E8F41BE4313F7C2CF84F1908260.tmp' to '../../../../../../Users/Craig-Dev/Documents/Unreal Projects/WhiteBoard/Content/Maps/Example_Map.umap'
[2014.08.16-02.30.02:089][434]LogFileHelpers: Saving map 'Example_Map' took 0.194
[2014.08.16-02.30.02:456][435]Cmd: QUIT_EDITOR
[2014.08.16-02.30.02:571][435]LogWindowsTextInputMethodSystem:Error: Terminating failed while unadvising the language notification sink from the TSF source.
[2014.08.16-02.30.02:572][435]LogExit: Preparing to exit.
[2014.08.16-02.30.03:043][435]LogExit: Editor shut down
[2014.08.16-02.30.03:043][435]LogExit: Transaction tracking system shut down
[2014.08.16-02.30.03:044][435]LogParticles: Destroying 0 GPU particle simulations for FXSystem 0x00000000151E4D60
[2014.08.16-02.30.03:044][435]LogParticles: Destroying 0 GPU particle simulations for FXSystem 0x0000000017FF9260
[2014.08.16-02.30.03:044][435]LogParticles: Destroying 0 GPU particle simulations for FXSystem 0x0000000017847EC0
[2014.08.16-02.30.03:044][435]LogParticles: Destroying 0 GPU particle simulations for FXSystem 0x0000000017847D80
[2014.08.16-02.30.03:062][435]LogExit: Object subsystem successfully closed.
[2014.08.16-02.30.03:084][435]LogModuleManager: Shutting down and abandoning module StaticMeshEditor (163)
[2014.08.16-02.30.03:084][435]LogModuleManager: Shutting down and abandoning module MaterialEditor (162)
[2014.08.16-02.30.03:084][435]LogModuleManager: Shutting down and abandoning module AndroidDeviceDetection (161)
[2014.08.16-02.30.03:414][435]LogModuleManager: Shutting down and abandoning module HTTP (160)
[2014.08.16-02.30.03:414][435]LogModuleManager: Shutting down and abandoning module CrashTracker (159)
[2014.08.16-02.30.03:414][435]LogModuleManager: Shutting down and abandoning module SuperSearch (158)
[2014.08.16-02.30.03:414][435]LogModuleManager: Shutting down and abandoning module SceneOutliner (157)
[2014.08.16-02.30.03:414][435]LogModuleManager: Shutting down and abandoning module EditorWidgets (156)
[2014.08.16-02.30.03:414][435]LogModuleManager: Shutting down and abandoning module CollectionManager (155)
[2014.08.16-02.30.03:414][435]LogModuleManager: Shutting down and abandoning module StatsViewer (154)
[2014.08.16-02.30.03:414][435]LogModuleManager: Shutting down and abandoning module FoliageEdit (153)
[2014.08.16-02.30.03:414][435]LogModuleManager: Shutting down and abandoning module LandscapeEditor (152)
[2014.08.16-02.30.03:414][435]LogModuleManager: Shutting down and abandoning module MeshPaint (151)
[2014.08.16-02.30.03:414][435]LogModuleManager: Shutting down and abandoning module ActorPickerMode (150)
[2014.08.16-02.30.03:414][435]LogModuleManager: Shutting down and abandoning module GeometryMode (149)
[2014.08.16-02.30.03:414][435]LogModuleManager: Shutting down and abandoning module TextureAlignMode (148)
[2014.08.16-02.30.03:414][435]LogModuleManager: Shutting down and abandoning module BspMode (147)
[2014.08.16-02.30.03:414][435]LogModuleManager: Shutting down and abandoning module PlacementMode (146)
[2014.08.16-02.30.03:414][435]LogModuleManager: Shutting down and abandoning module DesktopPlatform (145)
[2014.08.16-02.30.03:414][435]LogModuleManager: Shutting down and abandoning module AutomationWorker (144)
[2014.08.16-02.30.03:414][435]LogModuleManager: Shutting down and abandoning module EditorLiveStreaming (143)
[2014.08.16-02.30.03:414][435]LogModuleManager: Shutting down and abandoning module BehaviorTreeEditor (142)
[2014.08.16-02.30.03:414][435]LogModuleManager: Shutting down and abandoning module DeviceProfileEditor (141)
[2014.08.16-02.30.03:414][435]LogModuleManager: Shutting down and abandoning module UndoHistory (140)
[2014.08.16-02.30.03:414][435]LogModuleManager: Shutting down and abandoning module GameplayTagsEditor (139)
[2014.08.16-02.30.03:414][435]LogModuleManager: Shutting down and abandoning module UserFeedback (138)
[2014.08.16-02.30.03:414][435]LogModuleManager: Shutting down and abandoning module XmlParser (137)
[2014.08.16-02.30.03:414][435]LogModuleManager: Shutting down and abandoning module Blutility (136)
[2014.08.16-02.30.03:414][435]LogModuleManager: Shutting down and abandoning module IOSPlatformEditor (135)
[2014.08.16-02.30.03:414][435]LogModuleManager: Shutting down and abandoning module IOSRuntimeSettings (134)
[2014.08.16-02.30.03:414][435]LogModuleManager: Shutting down and abandoning module AndroidPlatformEditor (133)
[2014.08.16-02.30.03:414][435]LogModuleManager: Shutting down and abandoning module AndroidRuntimeSettings (132)
[2014.08.16-02.30.03:414][435]LogModuleManager: Shutting down and abandoning module ProjectTargetPlatformEditor (131)
[2014.08.16-02.30.03:414][435]LogModuleManager: Shutting down and abandoning module ProjectSettingsViewer (130)
[2014.08.16-02.30.03:414][435]LogModuleManager: Shutting down and abandoning module InputBindingEditor (129)
[2014.08.16-02.30.03:414][435]LogModuleManager: Shutting down and abandoning module EditorSettingsViewer (128)
[2014.08.16-02.30.03:414][435]LogModuleManager: Shutting down and abandoning module SettingsEditor (127)
[2014.08.16-02.30.03:414][435]LogModuleManager: Shutting down and abandoning module SessionLauncher (126)
[2014.08.16-02.30.03:414][435]LogModuleManager: Shutting down and abandoning module SessionFrontend (125)
[2014.08.16-02.30.03:414][435]LogModuleManager: Shutting down and abandoning module ProfilerClient (124)
[2014.08.16-02.30.03:414][435]LogModuleManager: Shutting down and abandoning module TargetDeviceServices (123)
[2014.08.16-02.30.03:414][435]LogModuleManager: Shutting down and abandoning module DeviceManager (122)
[2014.08.16-02.30.03:415][435]LogModuleManager: Shutting down and abandoning module AutomationController (121)
[2014.08.16-02.30.03:415][435]LogModuleManager: Shutting down and abandoning module AutomationWindow (120)
[2014.08.16-02.30.03:415][435]LogModuleManager: Shutting down and abandoning module Layers (119)
[2014.08.16-02.30.03:415][435]LogModuleManager: Shutting down and abandoning module ComponentVisualizers (118)
[2014.08.16-02.30.03:415][435]LogModuleManager: Shutting down and abandoning module DetailCustomizations (117)
[2014.08.16-02.30.03:415][435]LogModuleManager: Shutting down and abandoning module PackagesDialog (116)
[2014.08.16-02.30.03:415][435]LogModuleManager: Shutting down and abandoning module DirectoryWatcher (115)
[2014.08.16-02.30.03:415][435]LogModuleManager: Shutting down and abandoning module AssetRegistry (114)
[2014.08.16-02.30.03:425][435]LogModuleManager: Shutting down and abandoning module Persona (113)
[2014.08.16-02.30.03:425][435]LogModuleManager: Shutting down and abandoning module GraphEditor (112)
[2014.08.16-02.30.03:425][435]LogModuleManager: Shutting down and abandoning module ClassViewer (111)
[2014.08.16-02.30.03:425][435]LogModuleManager: Shutting down and abandoning module Toolbox (110)
[2014.08.16-02.30.03:425][435]LogModuleManager: Shutting down and abandoning module ModuleUI (109)
[2014.08.16-02.30.03:425][435]LogModuleManager: Shutting down and abandoning module Sequencer (108)
[2014.08.16-02.30.03:425][435]LogModuleManager: Shutting down and abandoning module MovieSceneTools (107)
[2014.08.16-02.30.03:425][435]LogModuleManager: Shutting down and abandoning module OutputLog (106)
[2014.08.16-02.30.03:425][435]LogModuleManager: Shutting down and abandoning module GammaUI (105)
[2014.08.16-02.30.03:425][435]LogModuleManager: Shutting down and abandoning module Documentation (104)
[2014.08.16-02.30.03:425][435]LogModuleManager: Shutting down and abandoning module GameLiveStreaming (103)
[2014.08.16-02.30.03:425][435]LogModuleManager: Shutting down and abandoning module StreamingPauseRendering (102)
[2014.08.16-02.30.03:425][435]LogModuleManager: Shutting down and abandoning module AnalyticsET (101)
[2014.08.16-02.30.03:425][435]LogModuleManager: Shutting down and abandoning module Analytics (100)
[2014.08.16-02.30.03:425][435]LogModuleManager: Shutting down and abandoning module GameplayDebugger (99)
[2014.08.16-02.30.03:425][435]LogModuleManager: Shutting down and abandoning module AIModule (98)
[2014.08.16-02.30.03:425][435]LogModuleManager: Shutting down and abandoning module ProfilerService (97)
[2014.08.16-02.30.03:522][435]LogModuleManager: Shutting down and abandoning module TaskGraph (96)
[2014.08.16-02.30.03:522][435]LogModuleManager: Shutting down and abandoning module SlateRemote (95)
[2014.08.16-02.30.03:522][435]LogModuleManager: Shutting down and abandoning module ScriptEditorPlugin (94)
[2014.08.16-02.30.03:522][435]LogModuleManager: Shutting down and abandoning module CustomMeshComponent (93)
[2014.08.16-02.30.03:522][435]LogModuleManager: Shutting down and abandoning module CableComponent (92)
[2014.08.16-02.30.03:522][435]LogModuleManager: Shutting down and abandoning module OculusRift (91)
[2014.08.16-02.30.03:522][435]LogModuleManager: Shutting down and abandoning module MessagingDebugger (90)
[2014.08.16-02.30.03:522][435]LogModuleManager: Shutting down and abandoning module ViewportSnapping (89)
[2014.08.16-02.30.03:522][435]LogModuleManager: Shutting down and abandoning module SmartSnapping (88)
[2014.08.16-02.30.03:522][435]LogModuleManager: Shutting down and abandoning module PaperTiledImporter (87)
[2014.08.16-02.30.03:522][435]LogModuleManager: Shutting down and abandoning module PaperJsonImporter (86)
[2014.08.16-02.30.03:522][435]LogModuleManager: Shutting down and abandoning module GameProjectGeneration (85)
[2014.08.16-02.30.03:522][435]LogModuleManager: Shutting down and abandoning module Matinee (84)
[2014.08.16-02.30.03:522][435]LogModuleManager: Shutting down and abandoning module Kismet (83)
[2014.08.16-02.30.03:522][435]LogModuleManager: Shutting down and abandoning module SlateReflector (82)
[2014.08.16-02.30.03:522][435]LogModuleManager: Shutting down and abandoning module LevelEditor (81)
[2014.08.16-02.30.03:523][435]LogModuleManager: Shutting down and abandoning module IntroTutorials (80)
[2014.08.16-02.30.03:523][435]LogModuleManager: Shutting down and abandoning module ContentBrowser (79)
[2014.08.16-02.30.03:523][435]LogModuleManager: Shutting down and abandoning module PropertyEditor (78)
[2014.08.16-02.30.03:523][435]LogModuleManager: Shutting down and abandoning module AssetTools (77)
[2014.08.16-02.30.03:523][435]LogModuleManager: Shutting down and abandoning module Paper2DEditor (76)
[2014.08.16-02.30.03:523][435]LogModuleManager: Shutting down and abandoning module SpeedTreeImporter (75)
[2014.08.16-02.30.03:523][435]LogModuleManager: Shutting down and abandoning module PluginsEditor (74)
[2014.08.16-02.30.03:523][435]LogModuleManager: Shutting down and abandoning module MainFrame (73)
[2014.08.16-02.30.03:523][435]LogModuleManager: Shutting down and abandoning module EpicSurvey (72)
[2014.08.16-02.30.03:523][435]LogModuleManager: Shutting down and abandoning module VisualStudioSourceCodeAccess (71)
[2014.08.16-02.30.03:523][435]LogModuleManager: Shutting down and abandoning module UObjectPlugin (70)
[2014.08.16-02.30.03:523][435]LogModuleManager: Shutting down and abandoning module SubversionSourceControl (69)
[2014.08.16-02.30.03:523][435]LogModuleManager: Shutting down and abandoning module SourceControl (68)
[2014.08.16-02.30.03:523][435]LogModuleManager: Shutting down and abandoning module PerforceSourceControl (67)
[2014.08.16-02.30.03:523][435]LogModuleManager: Shutting down and abandoning module BlankPlugin (66)
[2014.08.16-02.30.03:523][435]LogModuleManager: Shutting down and abandoning module ScriptPlugin (65)
[2014.08.16-02.30.03:523][435]LogModuleManager: Shutting down and abandoning module UdpMessaging (64)
[2014.08.16-02.30.03:623][435]LogModuleManager: Shutting down and abandoning module Paper2D (63)
[2014.08.16-02.30.03:623][435]LogModuleManager: Shutting down and abandoning module WindowsMoviePlayer (62)
[2014.08.16-02.30.03:625][435]LogModuleManager: Shutting down and abandoning module ImageWrapper (61)
[2014.08.16-02.30.03:625][435]LogModuleManager: Shutting down and abandoning module OnlineBlueprintSupport (60)
[2014.08.16-02.30.03:625][435]LogModuleManager: Shutting down and abandoning module FunctionalTesting (59)
[2014.08.16-02.30.03:625][435]LogModuleManager: Shutting down and abandoning module CollisionAnalyzer (58)
[2014.08.16-02.30.03:625][435]LogModuleManager: Shutting down and abandoning module WorkspaceMenuStructure (57)
[2014.08.16-02.30.03:625][435]LogModuleManager: Shutting down and abandoning module MessageLog (56)
[2014.08.16-02.30.03:625][435]LogModuleManager: Shutting down and abandoning module UMGEditor (55)
[2014.08.16-02.30.03:625][435]LogModuleManager: Shutting down and abandoning module UMG (54)
[2014.08.16-02.30.03:625][435]LogModuleManager: Shutting down and abandoning module Slate (53)
[2014.08.16-02.30.03:625][435]LogModuleManager: Shutting down and abandoning module EditorStyle (52)
[2014.08.16-02.30.03:627][435]LogModuleManager: Shutting down and abandoning module SessionServices (51)
[2014.08.16-02.30.03:627][435]LogModuleManager: Shutting down and abandoning module SourceCodeAccess (50)
[2014.08.16-02.30.03:627][435]LogModuleManager: Shutting down and abandoning module HeadMountedDisplay (49)
[2014.08.16-02.30.03:627][435]LogModuleManager: Shutting down and abandoning module XAudio2 (48)
[2014.08.16-02.30.03:627][435]LogModuleManager: Shutting down and abandoning module Networking (46)
[2014.08.16-02.30.03:627][435]LogModuleManager: Shutting down and abandoning module Core (45)
[2014.08.16-02.30.03:627][435]LogModuleManager: Shutting down and abandoning module KismetCompiler (44)
[2014.08.16-02.30.03:627][435]LogModuleManager: Shutting down and abandoning module PhysXFormats (43)
[2014.08.16-02.30.03:627][435]LogModuleManager: Shutting down and abandoning module MeshUtilities (42)
[2014.08.16-02.30.03:627][435]LogModuleManager: Shutting down and abandoning module DerivedDataCache (41)
[2014.08.16-02.30.03:693][435]LogDerivedDataCache: Shutdown
[2014.08.16-02.30.03:693][435]LogModuleManager: Shutting down and abandoning module ShaderFormatOpenGL (40)
[2014.08.16-02.30.03:693][435]LogModuleManager: Shutting down and abandoning module ShaderFormatD3D (39)
[2014.08.16-02.30.03:693][435]LogModuleManager: Shutting down and abandoning module MetalShaderFormat (38)
[2014.08.16-02.30.03:693][435]LogModuleManager: Shutting down and abandoning module TextureFormatUncompressed (37)
[2014.08.16-02.30.03:693][435]LogModuleManager: Shutting down and abandoning module TextureFormatPVR (36)
[2014.08.16-02.30.03:693][435]LogModuleManager: Shutting down and abandoning module TextureFormatDXT (35)
[2014.08.16-02.30.03:693][435]LogModuleManager: Shutting down and abandoning module TextureFormatAndroid (34)
[2014.08.16-02.30.03:693][435]LogModuleManager: Shutting down and abandoning module AudioFormatOpus (33)
[2014.08.16-02.30.03:693][435]LogModuleManager: Shutting down and abandoning module AudioFormatOgg (32)
[2014.08.16-02.30.03:693][435]LogModuleManager: Shutting down and abandoning module AudioFormatADPCM (31)
[2014.08.16-02.30.03:693][435]LogModuleManager: Shutting down and abandoning module Messaging (30)
[2014.08.16-02.30.03:693][435]LogModuleManager: Shutting down and abandoning module IOSTargetPlatform (29)
[2014.08.16-02.30.03:693][435]LogModuleManager: Shutting down and abandoning module Android_PVRTCTargetPlatform (28)
[2014.08.16-02.30.03:693][435]LogModuleManager: Shutting down and abandoning module Android_ETC2TargetPlatform (27)
[2014.08.16-02.30.03:693][435]LogModuleManager: Shutting down and abandoning module Android_ETC1TargetPlatform (26)
[2014.08.16-02.30.03:693][435]LogModuleManager: Shutting down and abandoning module Android_DXTTargetPlatform (25)
[2014.08.16-02.30.03:693][435]LogModuleManager: Shutting down and abandoning module Android_ATCTargetPlatform (24)
[2014.08.16-02.30.03:693][435]LogModuleManager: Shutting down and abandoning module AndroidTargetPlatform (23)
[2014.08.16-02.30.03:693][435]LogModuleManager: Shutting down and abandoning module WindowsTargetPlatform (22)
[2014.08.16-02.30.03:693][435]LogModuleManager: Shutting down and abandoning module WindowsServerTargetPlatform (21)
[2014.08.16-02.30.03:693][435]LogModuleManager: Shutting down and abandoning module WindowsNoEditorTargetPlatform (20)
[2014.08.16-02.30.03:693][435]LogModuleManager: Shutting down and abandoning module WindowsClientTargetPlatform (19)
[2014.08.16-02.30.03:693][435]LogModuleManager: Shutting down and abandoning module TargetPlatform (18)
[2014.08.16-02.30.03:693][435]LogModuleManager: Shutting down and abandoning module InputCore (17)
[2014.08.16-02.30.03:693][435]LogModuleManager: Shutting down and abandoning module Settings (16)
[2014.08.16-02.30.03:693][435]LogModuleManager: Shutting down and abandoning module ExampleDeviceProfileSelector (13)
[2014.08.16-02.30.03:693][435]LogModuleManager: Shutting down and abandoning module TextureCompressor (12)
[2014.08.16-02.30.03:693][435]LogModuleManager: Shutting down and abandoning module ShaderCore (11)
[2014.08.16-02.30.03:693][435]LogModuleManager: Shutting down and abandoning module OpenGLDrv (10)
[2014.08.16-02.30.03:693][435]LogModuleManager: Shutting down and abandoning module D3D11RHI (9)
[2014.08.16-02.30.03:693][435]LogModuleManager: Shutting down and abandoning module SlateRHIRenderer (8)
[2014.08.16-02.30.03:693][435]LogModuleManager: Shutting down and abandoning module Renderer (7)
[2014.08.16-02.30.03:693][435]LogModuleManager: Shutting down and abandoning module Engine (6)
[2014.08.16-02.30.03:693][435]LogModuleManager: Shutting down and abandoning module CoreUObject (5)
[2014.08.16-02.30.03:693][435]LogModuleManager: Shutting down and abandoning module NetworkFile (4)
[2014.08.16-02.30.03:693][435]LogModuleManager: Shutting down and abandoning module StreamingFile (3)
[2014.08.16-02.30.03:693][435]LogModuleManager: Shutting down and abandoning module SandboxFile (2)
[2014.08.16-02.30.03:693][435]LogModuleManager: Shutting down and abandoning module PakFile (1)
[2014.08.16-02.30.03:694][435]LogExit: Exiting.
[2014.08.16-02.30.03:699][435]Log file closed, 08/16/14 03:30:03
