Log file open, 08/16/14 21:18:43
LogInit:Display: Running engine for game: WhiteBoard
LogInit: Version: 4.4.0-2255576+++depot+UE4-Releases+4.4
LogInit: API Version: 2255576
LogInit: Compiled (64-bit): Aug 13 2014 22:39:32
LogInit: Build Configuration: Development
LogInit: Branch Name: ++depot+UE4-Releases+4.4
LogInit: Command line:  /Temp/Autosaves/Game/Maps/UEDPCExample_Map -game -PIEVIACONSOLE -ResX=1280 -ResY=720  -Multiprocess 
LogInit: Base directory: C:/Program Files/Unreal Engine/4.4/Engine/Binaries/Win64/
LogInit: Rocket: 1
[2014.08.16-20.18.43:597][  0]LogTaskGraph: Started task graph with 3 named threads and 4 total threads.
[2014.08.16-20.18.43:621][  0]LogOnline:Warning: No default platform service specified for OnlineSubsystem
[2014.08.16-20.18.43:626][  0]LogInit: Presizing for 0 objects not considered by GC, pre-allocating 0 bytes.
[2014.08.16-20.18.43:631][  0]LogInit: Object subsystem initialized
[2014.08.16-20.18.43:633][  0]LogInit: Selected Device Profile: [Windows]
[2014.08.16-20.18.43:633][  0]LogInit: Applying CVar settings loaded from the selected device profile: [Windows]
[2014.08.16-20.18.43:635][  0]LogInit: Computer: CRAIG-DEV-PC
[2014.08.16-20.18.43:635][  0]LogInit: User: CraigDev
[2014.08.16-20.18.43:635][  0]LogInit: CPU Page size=4096, Cores=4
[2014.08.16-20.18.43:635][  0]LogInit: High frequency timer resolution =3.419960 MHz
[2014.08.16-20.18.43:636][  0]LogMemory: Memory total: Physical=7.9GB (8GB approx) Virtual=8192.0GB
[2014.08.16-20.18.43:636][  0]LogMemory: Platform Memory Stats for Windows
[2014.08.16-20.18.43:636][  0]LogMemory: Process Physical Memory: 60.83 MB used, 60.83 MB peak
[2014.08.16-20.18.43:636][  0]LogMemory: Process Virtual Memory: 36.89 MB used, 36.89 MB peak
[2014.08.16-20.18.43:636][  0]LogMemory: Physical Memory: 3842.11 MB used, 8137.07 MB total
[2014.08.16-20.18.43:636][  0]LogMemory: Virtual Memory: 248.25 MB used, 8388608.00 MB total
[2014.08.16-20.18.43:683][  0]LogD3D11RHI: Found D3D11 adapter 0: AMD Radeon HD 7800 Series (Feature Level 11_0)
[2014.08.16-20.18.43:683][  0]LogD3D11RHI: Adapter has 2030MB of dedicated video memory, 0MB of dedicated system memory, and 3812MB of shared system memory, 1 output[s]
[2014.08.16-20.18.43:683][  0]LogD3D11RHI: Chosen D3D11 Adapter Id = 0
[2014.08.16-20.18.43:687][  0]LogRHI: Texture pool is 1361 MB (70% of 1945 MB)
[2014.08.16-20.18.43:690][  0]LogD3D11RHI: Async texture creation disabled: no driver support
[2014.08.16-20.18.43:771][  0]LogContentStreaming: Texture pool size is 1000.000000MB
[2014.08.16-20.18.44:844][  0]LogTargetPlatformManager:Display: Building Assets For Windows
[2014.08.16-20.18.45:124][  0]LogTargetPlatformManager:Display: Building Assets For Windows
[2014.08.16-20.18.45:149][  0]LogDerivedDataCache:Display: Max Cache Size: 512 MB
[2014.08.16-20.18.45:182][  0]LogDerivedDataCache: Loaded boot cache 0.03s 39MB C:/Users/Craig-Dev/AppData/Local/UnrealEngine/4.4/DerivedDataCache/Boot.ddc.
[2014.08.16-20.18.45:182][  0]LogDerivedDataCache:Display: Loaded Boot cache: C:/Users/Craig-Dev/AppData/Local/UnrealEngine/4.4/DerivedDataCache/Boot.ddc
[2014.08.16-20.18.45:182][  0]LogDerivedDataCache: FDerivedDataBackendGraph:  Pak pak cache file ../../../../../../Users/Craig-Dev/Documents/Unreal Projects/WhiteBoard/DerivedDataCache/DDC.ddp not found, will not use a pak cache.
[2014.08.16-20.18.45:182][  0]LogDerivedDataCache: Unable to find inner node Pak for hierarchical cache Hierarchy.
[2014.08.16-20.18.45:196][  0]LogDerivedDataCache:Display: Pak cache opened for reading ../../../Engine/DerivedDataCache/DDC.ddp.
[2014.08.16-20.18.45:207][  0]LogDerivedDataCache: Using Local data cache path C:/Users/Craig-Dev/AppData/Local/UnrealEngine/4.4/DerivedDataCache: Writable
[2014.08.16-20.18.45:319][  0]LogMeshUtilities: No automatic mesh reduction module available
[2014.08.16-20.18.45:319][  0]LogMeshUtilities: No automatic mesh merging module available
[2014.08.16-20.18.45:529][  0]LogInit: WinSock: version 1.1 (2.2), MaxSocks=32767, MaxUdp=65467
[2014.08.16-20.18.46:033][  0]LogWindowsMoviePlayer: Unable to load movie: ../../../../../../Users/Craig-Dev/Documents/Unreal Projects/WhiteBoard/Content/Movies/Default_Startup.mp4
[2014.08.16-20.18.46:105][  0]LogStats:Warning: MetaData mismatch. Did you assign a stat to two groups? New //STATGROUP_Threads//FMonitoredProcess///Thread_1ba0_0///////STATCAT_Advanced//// old //STATGROUP_Threads//FMonitoredProcess///Thread_1ab8_0///////STATCAT_Advanced////
[2014.08.16-20.18.46:105][  0]SourceControl: Info Source control is disabled
[2014.08.16-20.18.46:105][  0]SourceControl: Info Source control is disabled
[2014.08.16-20.18.46:108][  0]SourceControl: Info Source control is disabled
[2014.08.16-20.18.46:137][  0]LogObj: 20996 objects as part of root set at end of initial load.
[2014.08.16-20.18.46:137][  0]LogUObjectAllocator: 3965968 out of 0 bytes used by permanent object pool.
[2014.08.16-20.18.46:303][  0]LogAutomationTest:Warning: ERR: Transient text cannot be serialized "Testing Transient serialization detection".
[2014.08.16-20.18.46:303][  0]LogEngine: Initializing Engine...
[2014.08.16-20.18.46:312][  0]LogHMD:Warning: No Oculus HMD detected!
[2014.08.16-20.18.46:314][  0]OCULUS: OVR::DeviceManager - shutting down.
[2014.08.16-20.18.46:314][  0]OCULUS: OVR::DeviceManagerThread - exiting (ThreadId=0xC).
[2014.08.16-20.18.46:314][  0]LogHMD: Oculus shutdown.
[2014.08.16-20.18.46:388][  0]LogInit: XAudio2 using 'Digital Audio (S/PDIF) (High Definition Audio Device)' : 2 channels at 48 kHz using 16 bits per sample (channel mask 0x3)
[2014.08.16-20.18.46:394][  0]LogInit: FAudioDevice initialized.
[2014.08.16-20.18.46:396][  0]LogInit: Texture streaming: Enabled
[2014.08.16-20.18.46:434][  0]LogConsoleResponse:Display: 
[2014.08.16-20.18.46:434][  0]LogNet: Browse: /Temp/Autosaves/Game/Maps/UEDPCExample_Map?Name=Player
[2014.08.16-20.18.46:434][  0]LogLoad: LoadMap: /Temp/Autosaves/Game/Maps/UEDPCExample_Map?Name=Player
[2014.08.16-20.18.46:447][  0]LogMemory: Platform Memory Stats for Windows
[2014.08.16-20.18.46:447][  0]LogMemory: Process Physical Memory: 285.21 MB used, 287.98 MB peak
[2014.08.16-20.18.46:447][  0]LogMemory: Process Virtual Memory: 248.18 MB used, 250.99 MB peak
[2014.08.16-20.18.46:447][  0]LogMemory: Physical Memory: 4048.85 MB used, 8137.07 MB total
[2014.08.16-20.18.46:447][  0]LogMemory: Virtual Memory: 633.85 MB used, 8388608.00 MB total
[2014.08.16-20.18.46:447][  0]LogMemory: 
[2014.08.16-20.18.46:447][  0]Allocator Stats for TBB: (not implemented)
[2014.08.16-20.18.46:786][  0]BlueprintLog:Warning: Warning Blueprint MyGame has been migrated and requires re-saving to avoid import errors
[2014.08.16-20.18.46:786][  0]BlueprintLog:Warning: Warning Blueprint MyCharacter has been migrated and requires re-saving to avoid import errors
[2014.08.16-20.18.46:787][  0]BlueprintLog:Warning: Warning Blueprint MyProjectile has been migrated and requires re-saving to avoid import errors
[2014.08.16-20.18.46:824][  0]BlueprintLog:Warning: Warning Blueprint MyHUD has been migrated and requires re-saving to avoid import errors
[2014.08.16-20.18.46:827][  0]LogWorld: Game class is 'MyGame_C'
[2014.08.16-20.18.46:837][  0]LogAIModule: Creating AISystem for world Example_Map
[2014.08.16-20.18.46:840][  0]LogWorld: Bringing World /Temp/Autosaves/Game/Maps/UEDPCExample_Map.Example_Map up for play (max tick rate 0) at 2014.08.16-21.18.46
[2014.08.16-20.18.46:840][  0]LogWorld: Bringing up level for play took: 0.002935
[2014.08.16-20.18.46:841][  0]LogInit:Display: Game Engine Initialized.
[2014.08.16-20.18.47:047][  0]LogLoad: Full Startup: 3.87 seconds (BP compile: 0.17 seconds)
[2014.08.16-20.18.47:103][  1]LogRenderer:Warning: Reallocating scene render targets to support 1280x720.
[2014.08.16-20.18.47:979][ 44]Set new viewmode: Wireframe
[2014.08.16-20.18.48:898][101]Set new viewmode: Unlit
[2014.08.16-20.18.49:334][128]Set new viewmode: Lit
[2014.08.16-20.18.51:312][249]LogEngine: All Windows Closed
[2014.08.16-20.18.51:312][249]LogWindows: FPlatformMisc::RequestExit(0)
[2014.08.16-20.18.51:316][250]LogWindowsTextInputMethodSystem:Error: Terminating failed while unadvising the language notification sink from the TSF source.
[2014.08.16-20.18.51:327][250]LogExit: Preparing to exit.
[2014.08.16-20.18.51:441][250]LogExit: Game engine shut down
[2014.08.16-20.18.51:441][250]LogParticles: Destroying 0 GPU particle simulations for FXSystem 0x0000000011D76200
[2014.08.16-20.18.51:460][250]LogExit: Object subsystem successfully closed.
[2014.08.16-20.18.51:472][250]LogModuleManager: Shutting down and abandoning module HTTP (86)
[2014.08.16-20.18.51:472][250]LogModuleManager: Shutting down and abandoning module AndroidDeviceDetection (85)
[2014.08.16-20.18.52:105][250]LogModuleManager: Shutting down and abandoning module AutomationWorker (84)
[2014.08.16-20.18.52:105][250]LogModuleManager: Shutting down and abandoning module GameplayDebugger (83)
[2014.08.16-20.18.52:105][250]LogModuleManager: Shutting down and abandoning module AIModule (82)
[2014.08.16-20.18.52:105][250]LogModuleManager: Shutting down and abandoning module GameLiveStreaming (81)
[2014.08.16-20.18.52:105][250]LogModuleManager: Shutting down and abandoning module StreamingPauseRendering (80)
[2014.08.16-20.18.52:105][250]LogModuleManager: Shutting down and abandoning module AnalyticsET (79)
[2014.08.16-20.18.52:105][250]LogModuleManager: Shutting down and abandoning module Analytics (78)
[2014.08.16-20.18.52:105][250]LogModuleManager: Shutting down and abandoning module ProfilerService (77)
[2014.08.16-20.18.52:147][250]LogModuleManager: Shutting down and abandoning module TaskGraph (76)
[2014.08.16-20.18.52:147][250]LogModuleManager: Shutting down and abandoning module SlateRemote (75)
[2014.08.16-20.18.52:147][250]LogModuleManager: Shutting down and abandoning module CustomMeshComponent (74)
[2014.08.16-20.18.52:147][250]LogModuleManager: Shutting down and abandoning module CableComponent (73)
[2014.08.16-20.18.52:147][250]LogModuleManager: Shutting down and abandoning module OculusRift (72)
[2014.08.16-20.18.52:147][250]LogModuleManager: Shutting down and abandoning module VisualStudioSourceCodeAccess (71)
[2014.08.16-20.18.52:147][250]LogModuleManager: Shutting down and abandoning module UObjectPlugin (70)
[2014.08.16-20.18.52:147][250]LogModuleManager: Shutting down and abandoning module SubversionSourceControl (69)
[2014.08.16-20.18.52:147][250]LogModuleManager: Shutting down and abandoning module SourceControl (68)
[2014.08.16-20.18.52:147][250]LogModuleManager: Shutting down and abandoning module PerforceSourceControl (67)
[2014.08.16-20.18.52:147][250]LogModuleManager: Shutting down and abandoning module BlankPlugin (66)
[2014.08.16-20.18.52:147][250]LogModuleManager: Shutting down and abandoning module ScriptPlugin (65)
[2014.08.16-20.18.52:147][250]LogModuleManager: Shutting down and abandoning module UdpMessaging (64)
[2014.08.16-20.18.52:147][250]LogModuleManager: Shutting down and abandoning module Paper2D (63)
[2014.08.16-20.18.52:147][250]LogModuleManager: Shutting down and abandoning module WindowsMoviePlayer (62)
[2014.08.16-20.18.52:147][250]LogModuleManager: Shutting down and abandoning module ImageWrapper (61)
[2014.08.16-20.18.52:147][250]LogModuleManager: Shutting down and abandoning module OnlineBlueprintSupport (60)
[2014.08.16-20.18.52:147][250]LogModuleManager: Shutting down and abandoning module FunctionalTesting (59)
[2014.08.16-20.18.52:147][250]LogModuleManager: Shutting down and abandoning module CollisionAnalyzer (58)
[2014.08.16-20.18.52:147][250]LogModuleManager: Shutting down and abandoning module WorkspaceMenuStructure (57)
[2014.08.16-20.18.52:147][250]LogModuleManager: Shutting down and abandoning module MessageLog (56)
[2014.08.16-20.18.52:147][250]LogModuleManager: Shutting down and abandoning module UMGEditor (55)
[2014.08.16-20.18.52:147][250]LogModuleManager: Shutting down and abandoning module UMG (54)
[2014.08.16-20.18.52:147][250]LogModuleManager: Shutting down and abandoning module Slate (53)
[2014.08.16-20.18.52:147][250]LogModuleManager: Shutting down and abandoning module EditorStyle (52)
[2014.08.16-20.18.52:148][250]LogModuleManager: Shutting down and abandoning module SessionServices (51)
[2014.08.16-20.18.52:148][250]LogModuleManager: Shutting down and abandoning module SourceCodeAccess (50)
[2014.08.16-20.18.52:148][250]LogModuleManager: Shutting down and abandoning module HeadMountedDisplay (49)
[2014.08.16-20.18.52:148][250]LogModuleManager: Shutting down and abandoning module XAudio2 (48)
[2014.08.16-20.18.52:148][250]LogModuleManager: Shutting down and abandoning module Networking (46)
[2014.08.16-20.18.52:148][250]LogModuleManager: Shutting down and abandoning module Core (45)
[2014.08.16-20.18.52:148][250]LogModuleManager: Shutting down and abandoning module KismetCompiler (44)
[2014.08.16-20.18.52:148][250]LogModuleManager: Shutting down and abandoning module PhysXFormats (43)
[2014.08.16-20.18.52:148][250]LogModuleManager: Shutting down and abandoning module MeshUtilities (42)
[2014.08.16-20.18.52:148][250]LogModuleManager: Shutting down and abandoning module DerivedDataCache (41)
[2014.08.16-20.18.52:197][250]LogDerivedDataCache: Shutdown
[2014.08.16-20.18.52:197][250]LogModuleManager: Shutting down and abandoning module ShaderFormatOpenGL (40)
[2014.08.16-20.18.52:197][250]LogModuleManager: Shutting down and abandoning module ShaderFormatD3D (39)
[2014.08.16-20.18.52:197][250]LogModuleManager: Shutting down and abandoning module MetalShaderFormat (38)
[2014.08.16-20.18.52:197][250]LogModuleManager: Shutting down and abandoning module TextureFormatUncompressed (37)
[2014.08.16-20.18.52:197][250]LogModuleManager: Shutting down and abandoning module TextureFormatPVR (36)
[2014.08.16-20.18.52:197][250]LogModuleManager: Shutting down and abandoning module TextureFormatDXT (35)
[2014.08.16-20.18.52:197][250]LogModuleManager: Shutting down and abandoning module TextureFormatAndroid (34)
[2014.08.16-20.18.52:197][250]LogModuleManager: Shutting down and abandoning module AudioFormatOpus (33)
[2014.08.16-20.18.52:197][250]LogModuleManager: Shutting down and abandoning module AudioFormatOgg (32)
[2014.08.16-20.18.52:197][250]LogModuleManager: Shutting down and abandoning module AudioFormatADPCM (31)
[2014.08.16-20.18.52:197][250]LogModuleManager: Shutting down and abandoning module Messaging (30)
[2014.08.16-20.18.52:197][250]LogModuleManager: Shutting down and abandoning module IOSTargetPlatform (29)
[2014.08.16-20.18.52:197][250]LogModuleManager: Shutting down and abandoning module Android_PVRTCTargetPlatform (28)
[2014.08.16-20.18.52:197][250]LogModuleManager: Shutting down and abandoning module Android_ETC2TargetPlatform (27)
[2014.08.16-20.18.52:197][250]LogModuleManager: Shutting down and abandoning module Android_ETC1TargetPlatform (26)
[2014.08.16-20.18.52:197][250]LogModuleManager: Shutting down and abandoning module Android_DXTTargetPlatform (25)
[2014.08.16-20.18.52:197][250]LogModuleManager: Shutting down and abandoning module Android_ATCTargetPlatform (24)
[2014.08.16-20.18.52:197][250]LogModuleManager: Shutting down and abandoning module AndroidTargetPlatform (23)
[2014.08.16-20.18.52:197][250]LogModuleManager: Shutting down and abandoning module WindowsTargetPlatform (22)
[2014.08.16-20.18.52:197][250]LogModuleManager: Shutting down and abandoning module WindowsServerTargetPlatform (21)
[2014.08.16-20.18.52:197][250]LogModuleManager: Shutting down and abandoning module WindowsNoEditorTargetPlatform (20)
[2014.08.16-20.18.52:197][250]LogModuleManager: Shutting down and abandoning module WindowsClientTargetPlatform (19)
[2014.08.16-20.18.52:197][250]LogModuleManager: Shutting down and abandoning module TargetPlatform (18)
[2014.08.16-20.18.52:197][250]LogModuleManager: Shutting down and abandoning module InputCore (17)
[2014.08.16-20.18.52:197][250]LogModuleManager: Shutting down and abandoning module Settings (16)
[2014.08.16-20.18.52:197][250]LogModuleManager: Shutting down and abandoning module ExampleDeviceProfileSelector (13)
[2014.08.16-20.18.52:197][250]LogModuleManager: Shutting down and abandoning module TextureCompressor (12)
[2014.08.16-20.18.52:197][250]LogModuleManager: Shutting down and abandoning module ShaderCore (11)
[2014.08.16-20.18.52:197][250]LogModuleManager: Shutting down and abandoning module OpenGLDrv (10)
[2014.08.16-20.18.52:197][250]LogModuleManager: Shutting down and abandoning module D3D11RHI (9)
[2014.08.16-20.18.52:197][250]LogModuleManager: Shutting down and abandoning module SlateRHIRenderer (8)
[2014.08.16-20.18.52:197][250]LogModuleManager: Shutting down and abandoning module Renderer (7)
[2014.08.16-20.18.52:197][250]LogModuleManager: Shutting down and abandoning module Engine (6)
[2014.08.16-20.18.52:197][250]LogModuleManager: Shutting down and abandoning module CoreUObject (5)
[2014.08.16-20.18.52:197][250]LogModuleManager: Shutting down and abandoning module NetworkFile (4)
[2014.08.16-20.18.52:197][250]LogModuleManager: Shutting down and abandoning module StreamingFile (3)
[2014.08.16-20.18.52:197][250]LogModuleManager: Shutting down and abandoning module SandboxFile (2)
[2014.08.16-20.18.52:197][250]LogModuleManager: Shutting down and abandoning module PakFile (1)
[2014.08.16-20.18.52:197][250]LogExit: Exiting.
[2014.08.16-20.18.52:198][250]Log file closed, 08/16/14 21:18:52
